

Microchip MPLAB XC8 Assembler V2.36 build 20220127204148 
                                                                                               Wed Aug 02 17:01:56 2023

Microchip MPLAB XC8 C Compiler v2.36 (Free license) build 20220127204148 Og1 
     1                           	processor	16F887
     2                           	pagewidth 120
     3                           	opt	flic
     4                           	psect	cinit,global,class=CODE,merge=1,delta=2
     5                           	psect	bssCOMMON,global,class=COMMON,space=1,delta=1,noexec
     6                           	psect	cstackCOMMON,global,class=COMMON,space=1,delta=1,noexec
     7                           	psect	cstackBANK0,global,class=BANK0,space=1,delta=1,noexec
     8                           	psect	maintext,global,class=CODE,split=1,delta=2
     9                           	psect	text1,local,class=CODE,merge=1,delta=2
    10                           	psect	text2,local,class=CODE,merge=1,delta=2
    11                           	psect	text3,local,class=CODE,merge=1,delta=2
    12                           	psect	text4,local,class=CODE,merge=1,delta=2
    13                           	psect	text5,local,class=CODE,merge=1,delta=2
    14                           	psect	intentry,global,class=CODE,delta=2
    15                           	psect	text6,local,class=CODE,merge=1,delta=2
    16                           	psect	text7,local,class=CODE,merge=1,delta=2
    17                           	psect	text8,local,class=CODE,merge=1,delta=2
    18                           	psect	text9,local,class=CODE,merge=1,delta=2
    19                           	psect	idloc,global,abs,ovrld,class=IDLOC,space=5,delta=2,noexec
    20                           	psect	config,global,abs,ovrld,class=CONFIG,space=4,delta=2,noexec
    21                           	dabs	1,0x7E,2
    22  0000                     
    23                           ; Version 2.40
    24                           ; Generated 17/11/2021 GMT
    25                           ; 
    26                           ; Copyright © 2021, Microchip Technology Inc. and its subsidiaries ("Microchip")
    27                           ; All rights reserved.
    28                           ; 
    29                           ; This software is developed by Microchip Technology Inc. and its subsidiaries ("Microch
      +                          ip").
    30                           ; 
    31                           ; Redistribution and use in source and binary forms, with or without modification, are
    32                           ; permitted provided that the following conditions are met:
    33                           ; 
    34                           ;     1. Redistributions of source code must retain the above copyright notice, this lis
      +                          t of
    35                           ;        conditions and the following disclaimer.
    36                           ; 
    37                           ;     2. Redistributions in binary form must reproduce the above copyright notice, this 
      +                          list
    38                           ;        of conditions and the following disclaimer in the documentation and/or other
    39                           ;        materials provided with the distribution. Publication is not required when
    40                           ;        this file is used in an embedded application.
    41                           ; 
    42                           ;     3. Microchip's name may not be used to endorse or promote products derived from th
      +                          is
    43                           ;        software without specific prior written permission.
    44                           ; 
    45                           ; THIS SOFTWARE IS PROVIDED BY MICROCHIP "AS IS" AND ANY EXPRESS OR IMPLIED WARRANTIES,
    46                           ; INCLUDING, BUT NOT LIMITED TO, THE IMPLIED WARRANTIES OF MERCHANTABILITY AND FITNESS F
      +                          OR
    47                           ; PURPOSE ARE DISCLAIMED.  IN NO EVENT SHALL MICROCHIP BE LIABLE FOR ANY DIRECT, INDIREC
      +                          T,
    48                           ; INCIDENTAL, SPECIAL, EXEMPLARY, OR CONSEQUENTIAL DAMAGES (INCLUDING BUT NOT LIMITED TO
    49                           ; PROCUREMENT OF SUBSTITUTE GOODS OR SERVICES; LOSS OF USE, DATA OR PROFITS; OR BUSINESS
    50                           ; INTERRUPTION) HOWSOEVER CAUSED AND ON ANY THEORY OF LIABILITY, WHETHER IN CONTRACT, ST
      +                          RICT
    51                           ; LIABILITY, OR TORT (INCLUDING NEGLIGENCE OR OTHERWISE) ARISING IN ANY WAY OUT OF THE U
      +                          SE OF
    52                           ; THIS SOFTWARE, EVEN IF ADVISED OF THE POSSIBILITY OF SUCH DAMAGE.
    53                           ; 
    54                           ; 
    55                           ; Code-generator required, PIC16F887 Definitions
    56                           ; 
    57                           ; SFR Addresses
    58  0000                     	;# 
    59  0001                     	;# 
    60  0002                     	;# 
    61  0003                     	;# 
    62  0004                     	;# 
    63  0005                     	;# 
    64  0006                     	;# 
    65  0007                     	;# 
    66  0008                     	;# 
    67  0009                     	;# 
    68  000A                     	;# 
    69  000B                     	;# 
    70  000C                     	;# 
    71  000D                     	;# 
    72  000E                     	;# 
    73  000E                     	;# 
    74  000F                     	;# 
    75  0010                     	;# 
    76  0011                     	;# 
    77  0012                     	;# 
    78  0013                     	;# 
    79  0014                     	;# 
    80  0015                     	;# 
    81  0015                     	;# 
    82  0016                     	;# 
    83  0017                     	;# 
    84  0018                     	;# 
    85  0019                     	;# 
    86  001A                     	;# 
    87  001B                     	;# 
    88  001B                     	;# 
    89  001C                     	;# 
    90  001D                     	;# 
    91  001E                     	;# 
    92  001F                     	;# 
    93  0081                     	;# 
    94  0085                     	;# 
    95  0086                     	;# 
    96  0087                     	;# 
    97  0088                     	;# 
    98  0089                     	;# 
    99  008C                     	;# 
   100  008D                     	;# 
   101  008E                     	;# 
   102  008F                     	;# 
   103  0090                     	;# 
   104  0091                     	;# 
   105  0092                     	;# 
   106  0093                     	;# 
   107  0093                     	;# 
   108  0093                     	;# 
   109  0094                     	;# 
   110  0095                     	;# 
   111  0096                     	;# 
   112  0097                     	;# 
   113  0098                     	;# 
   114  0099                     	;# 
   115  009A                     	;# 
   116  009B                     	;# 
   117  009C                     	;# 
   118  009D                     	;# 
   119  009E                     	;# 
   120  009F                     	;# 
   121  0105                     	;# 
   122  0107                     	;# 
   123  0108                     	;# 
   124  0109                     	;# 
   125  010C                     	;# 
   126  010C                     	;# 
   127  010D                     	;# 
   128  010E                     	;# 
   129  010F                     	;# 
   130  0185                     	;# 
   131  0187                     	;# 
   132  0188                     	;# 
   133  0189                     	;# 
   134  018C                     	;# 
   135  018D                     	;# 
   136  0000                     	;# 
   137  0001                     	;# 
   138  0002                     	;# 
   139  0003                     	;# 
   140  0004                     	;# 
   141  0005                     	;# 
   142  0006                     	;# 
   143  0007                     	;# 
   144  0008                     	;# 
   145  0009                     	;# 
   146  000A                     	;# 
   147  000B                     	;# 
   148  000C                     	;# 
   149  000D                     	;# 
   150  000E                     	;# 
   151  000E                     	;# 
   152  000F                     	;# 
   153  0010                     	;# 
   154  0011                     	;# 
   155  0012                     	;# 
   156  0013                     	;# 
   157  0014                     	;# 
   158  0015                     	;# 
   159  0015                     	;# 
   160  0016                     	;# 
   161  0017                     	;# 
   162  0018                     	;# 
   163  0019                     	;# 
   164  001A                     	;# 
   165  001B                     	;# 
   166  001B                     	;# 
   167  001C                     	;# 
   168  001D                     	;# 
   169  001E                     	;# 
   170  001F                     	;# 
   171  0081                     	;# 
   172  0085                     	;# 
   173  0086                     	;# 
   174  0087                     	;# 
   175  0088                     	;# 
   176  0089                     	;# 
   177  008C                     	;# 
   178  008D                     	;# 
   179  008E                     	;# 
   180  008F                     	;# 
   181  0090                     	;# 
   182  0091                     	;# 
   183  0092                     	;# 
   184  0093                     	;# 
   185  0093                     	;# 
   186  0093                     	;# 
   187  0094                     	;# 
   188  0095                     	;# 
   189  0096                     	;# 
   190  0097                     	;# 
   191  0098                     	;# 
   192  0099                     	;# 
   193  009A                     	;# 
   194  009B                     	;# 
   195  009C                     	;# 
   196  009D                     	;# 
   197  009E                     	;# 
   198  009F                     	;# 
   199  0105                     	;# 
   200  0107                     	;# 
   201  0108                     	;# 
   202  0109                     	;# 
   203  010C                     	;# 
   204  010C                     	;# 
   205  010D                     	;# 
   206  010E                     	;# 
   207  010F                     	;# 
   208  0185                     	;# 
   209  0187                     	;# 
   210  0188                     	;# 
   211  0189                     	;# 
   212  018C                     	;# 
   213  018D                     	;# 
   214  0000                     	;# 
   215  0001                     	;# 
   216  0002                     	;# 
   217  0003                     	;# 
   218  0004                     	;# 
   219  0005                     	;# 
   220  0006                     	;# 
   221  0007                     	;# 
   222  0008                     	;# 
   223  0009                     	;# 
   224  000A                     	;# 
   225  000B                     	;# 
   226  000C                     	;# 
   227  000D                     	;# 
   228  000E                     	;# 
   229  000E                     	;# 
   230  000F                     	;# 
   231  0010                     	;# 
   232  0011                     	;# 
   233  0012                     	;# 
   234  0013                     	;# 
   235  0014                     	;# 
   236  0015                     	;# 
   237  0015                     	;# 
   238  0016                     	;# 
   239  0017                     	;# 
   240  0018                     	;# 
   241  0019                     	;# 
   242  001A                     	;# 
   243  001B                     	;# 
   244  001B                     	;# 
   245  001C                     	;# 
   246  001D                     	;# 
   247  001E                     	;# 
   248  001F                     	;# 
   249  0081                     	;# 
   250  0085                     	;# 
   251  0086                     	;# 
   252  0087                     	;# 
   253  0088                     	;# 
   254  0089                     	;# 
   255  008C                     	;# 
   256  008D                     	;# 
   257  008E                     	;# 
   258  008F                     	;# 
   259  0090                     	;# 
   260  0091                     	;# 
   261  0092                     	;# 
   262  0093                     	;# 
   263  0093                     	;# 
   264  0093                     	;# 
   265  0094                     	;# 
   266  0095                     	;# 
   267  0096                     	;# 
   268  0097                     	;# 
   269  0098                     	;# 
   270  0099                     	;# 
   271  009A                     	;# 
   272  009B                     	;# 
   273  009C                     	;# 
   274  009D                     	;# 
   275  009E                     	;# 
   276  009F                     	;# 
   277  0105                     	;# 
   278  0107                     	;# 
   279  0108                     	;# 
   280  0109                     	;# 
   281  010C                     	;# 
   282  010C                     	;# 
   283  010D                     	;# 
   284  010E                     	;# 
   285  010F                     	;# 
   286  0185                     	;# 
   287  0187                     	;# 
   288  0188                     	;# 
   289  0189                     	;# 
   290  018C                     	;# 
   291  018D                     	;# 
   292  0000                     	;# 
   293  0001                     	;# 
   294  0002                     	;# 
   295  0003                     	;# 
   296  0004                     	;# 
   297  0005                     	;# 
   298  0006                     	;# 
   299  0007                     	;# 
   300  0008                     	;# 
   301  0009                     	;# 
   302  000A                     	;# 
   303  000B                     	;# 
   304  000C                     	;# 
   305  000D                     	;# 
   306  000E                     	;# 
   307  000E                     	;# 
   308  000F                     	;# 
   309  0010                     	;# 
   310  0011                     	;# 
   311  0012                     	;# 
   312  0013                     	;# 
   313  0014                     	;# 
   314  0015                     	;# 
   315  0015                     	;# 
   316  0016                     	;# 
   317  0017                     	;# 
   318  0018                     	;# 
   319  0019                     	;# 
   320  001A                     	;# 
   321  001B                     	;# 
   322  001B                     	;# 
   323  001C                     	;# 
   324  001D                     	;# 
   325  001E                     	;# 
   326  001F                     	;# 
   327  0081                     	;# 
   328  0085                     	;# 
   329  0086                     	;# 
   330  0087                     	;# 
   331  0088                     	;# 
   332  0089                     	;# 
   333  008C                     	;# 
   334  008D                     	;# 
   335  008E                     	;# 
   336  008F                     	;# 
   337  0090                     	;# 
   338  0091                     	;# 
   339  0092                     	;# 
   340  0093                     	;# 
   341  0093                     	;# 
   342  0093                     	;# 
   343  0094                     	;# 
   344  0095                     	;# 
   345  0096                     	;# 
   346  0097                     	;# 
   347  0098                     	;# 
   348  0099                     	;# 
   349  009A                     	;# 
   350  009B                     	;# 
   351  009C                     	;# 
   352  009D                     	;# 
   353  009E                     	;# 
   354  009F                     	;# 
   355  0105                     	;# 
   356  0107                     	;# 
   357  0108                     	;# 
   358  0109                     	;# 
   359  010C                     	;# 
   360  010C                     	;# 
   361  010D                     	;# 
   362  010E                     	;# 
   363  010F                     	;# 
   364  0185                     	;# 
   365  0187                     	;# 
   366  0188                     	;# 
   367  0189                     	;# 
   368  018C                     	;# 
   369  018D                     	;# 
   370  0000                     	;# 
   371  0001                     	;# 
   372  0002                     	;# 
   373  0003                     	;# 
   374  0004                     	;# 
   375  0005                     	;# 
   376  0006                     	;# 
   377  0007                     	;# 
   378  0008                     	;# 
   379  0009                     	;# 
   380  000A                     	;# 
   381  000B                     	;# 
   382  000C                     	;# 
   383  000D                     	;# 
   384  000E                     	;# 
   385  000E                     	;# 
   386  000F                     	;# 
   387  0010                     	;# 
   388  0011                     	;# 
   389  0012                     	;# 
   390  0013                     	;# 
   391  0014                     	;# 
   392  0015                     	;# 
   393  0015                     	;# 
   394  0016                     	;# 
   395  0017                     	;# 
   396  0018                     	;# 
   397  0019                     	;# 
   398  001A                     	;# 
   399  001B                     	;# 
   400  001B                     	;# 
   401  001C                     	;# 
   402  001D                     	;# 
   403  001E                     	;# 
   404  001F                     	;# 
   405  0081                     	;# 
   406  0085                     	;# 
   407  0086                     	;# 
   408  0087                     	;# 
   409  0088                     	;# 
   410  0089                     	;# 
   411  008C                     	;# 
   412  008D                     	;# 
   413  008E                     	;# 
   414  008F                     	;# 
   415  0090                     	;# 
   416  0091                     	;# 
   417  0092                     	;# 
   418  0093                     	;# 
   419  0093                     	;# 
   420  0093                     	;# 
   421  0094                     	;# 
   422  0095                     	;# 
   423  0096                     	;# 
   424  0097                     	;# 
   425  0098                     	;# 
   426  0099                     	;# 
   427  009A                     	;# 
   428  009B                     	;# 
   429  009C                     	;# 
   430  009D                     	;# 
   431  009E                     	;# 
   432  009F                     	;# 
   433  0105                     	;# 
   434  0107                     	;# 
   435  0108                     	;# 
   436  0109                     	;# 
   437  010C                     	;# 
   438  010C                     	;# 
   439  010D                     	;# 
   440  010E                     	;# 
   441  010F                     	;# 
   442  0185                     	;# 
   443  0187                     	;# 
   444  0188                     	;# 
   445  0189                     	;# 
   446  018C                     	;# 
   447  018D                     	;# 
   448  0007                     _PORTC	set	7
   449  0006                     _PORTB	set	6
   450  0005                     _PORTA	set	5
   451  0008                     _PORTDbits	set	8
   452  0008                     _PORTD	set	8
   453  000C                     _PIR1bits	set	12
   454  0013                     _SSPBUF	set	19
   455  0014                     _SSPCON	set	20
   456  001E                     _ADRESH	set	30
   457  000B                     _INTCONbits	set	11
   458  001F                     _ADCON0bits	set	31
   459  0066                     _ADIF	set	102
   460  0063                     _SSPIF	set	99
   461  0085                     _TRISAbits	set	133
   462  0087                     _TRISCbits	set	135
   463  0088                     _TRISD	set	136
   464  0086                     _TRISB	set	134
   465  0085                     _TRISA	set	133
   466  0094                     _SSPSTATbits	set	148
   467  0094                     _SSPSTAT	set	148
   468  008C                     _PIE1bits	set	140
   469  009F                     _ADCON1bits	set	159
   470  008F                     _OSCCONbits	set	143
   471  043B                     _TRISC3	set	1083
   472  043D                     _TRISC5	set	1085
   473  0188                     _ANSELbits	set	392
   474  0189                     _ANSELH	set	393
   475                           
   476                           	psect	cinit
   477  000F                     start_initialization:	
   478                           ; #config settings
   479                           
   480  000F                     __initialization:
   481                           
   482                           ; Clear objects allocated to COMMON
   483  000F  01F6               	clrf	__pbssCOMMON& (0+127)
   484  0010  01F7               	clrf	(__pbssCOMMON+1)& (0+127)
   485  0011  01F8               	clrf	(__pbssCOMMON+2)& (0+127)
   486  0012                     end_of_initialization:	
   487                           ;End of C runtime variable initialization code
   488                           
   489  0012                     __end_of__initialization:
   490  0012  0183               	clrf	3
   491  0013  120A  118A  2950   	ljmp	_main	;jump to C main() function
   492                           
   493                           	psect	bssCOMMON
   494  0076                     __pbssCOMMON:
   495  0076                     _dummydata:
   496  0076                     	ds	1
   497  0077                     _adcValue:
   498  0077                     	ds	1
   499  0078                     _temporal:
   500  0078                     	ds	1
   501                           
   502                           	psect	cstackCOMMON
   503  0070                     __pcstackCOMMON:
   504  0070                     ?_setup:
   505  0070                     ?_adcConfig:	
   506                           ; 1 bytes @ 0x0
   507                           
   508  0070                     ?_adcChannel:	
   509                           ; 1 bytes @ 0x0
   510                           
   511  0070                     ??_adcChannel:	
   512                           ; 1 bytes @ 0x0
   513                           
   514  0070                     ?_spiReceiveWait:	
   515                           ; 1 bytes @ 0x0
   516                           
   517  0070                     ??_spiReceiveWait:	
   518                           ; 1 bytes @ 0x0
   519                           
   520  0070                     ?_spiWrite:	
   521                           ; 1 bytes @ 0x0
   522                           
   523  0070                     ??_spiWrite:	
   524                           ; 1 bytes @ 0x0
   525                           
   526  0070                     ?_spiRead:	
   527                           ; 1 bytes @ 0x0
   528                           
   529  0070                     ??_spiRead:	
   530                           ; 1 bytes @ 0x0
   531                           
   532  0070                     ?_isr:	
   533                           ; 1 bytes @ 0x0
   534                           
   535  0070                     ?_main:	
   536                           ; 1 bytes @ 0x0
   537                           
   538  0070                     spiWrite@dat:	
   539                           ; 1 bytes @ 0x0
   540                           
   541                           
   542                           ; 1 bytes @ 0x0
   543  0070                     	ds	1
   544  0071                     adcChannel@channel:
   545                           
   546                           ; 1 bytes @ 0x1
   547  0071                     	ds	1
   548  0072                     ??_isr:
   549                           
   550                           ; 1 bytes @ 0x2
   551  0072                     	ds	3
   552  0075                     ??_configOsc:
   553  0075                     ??_adcConfig:	
   554                           ; 1 bytes @ 0x5
   555                           
   556  0075                     ??_spiInit:	
   557                           ; 1 bytes @ 0x5
   558                           
   559  0075                     spiInit@sType:	
   560                           ; 1 bytes @ 0x5
   561                           
   562                           
   563                           ; 1 bytes @ 0x5
   564  0075                     	ds	1
   565  0076                     ??_main:
   566                           
   567                           	psect	cstackBANK0
   568  0020                     __pcstackBANK0:	
   569                           ; 1 bytes @ 0x6
   570                           
   571  0020                     ?_configOsc:
   572  0020                     ?_spiInit:	
   573                           ; 1 bytes @ 0x0
   574                           
   575  0020                     spiInit@sDataSample:	
   576                           ; 1 bytes @ 0x0
   577                           
   578  0020                     configOsc@frec:	
   579                           ; 1 bytes @ 0x0
   580                           
   581                           
   582                           ; 2 bytes @ 0x0
   583  0020                     	ds	1
   584  0021                     spiInit@sClockIdle:
   585                           
   586                           ; 1 bytes @ 0x1
   587  0021                     	ds	1
   588  0022                     spiInit@sTransmitEdge:
   589                           
   590                           ; 1 bytes @ 0x2
   591  0022                     	ds	1
   592  0023                     ??_setup:
   593                           
   594                           ; 1 bytes @ 0x3
   595  0023                     	ds	1
   596                           
   597                           	psect	maintext
   598  0150                     __pmaintext:	
   599 ;;
   600 ;;Main: autosize = 0, tempsize = 0, incstack = 0, save=0
   601 ;;
   602 ;; *************** function _main *****************
   603 ;; Defined at:
   604 ;;		line 84 in file "E:/Universidad/Semestre2_2023/Digital-2/Lab3/Lab3_Slave1.X/Lab3Slave1.c"
   605 ;; Parameters:    Size  Location     Type
   606 ;;		None
   607 ;; Auto vars:     Size  Location     Type
   608 ;;		None
   609 ;; Return value:  Size  Location     Type
   610 ;;                  1    wreg      void 
   611 ;; Registers used:
   612 ;;		wreg, status,2, status,0, pclath, cstack
   613 ;; Tracked objects:
   614 ;;		On entry : B00/0
   615 ;;		On exit  : 0/0
   616 ;;		Unchanged: 0/0
   617 ;; Data sizes:     COMMON   BANK0   BANK1   BANK3   BANK2
   618 ;;      Params:         0       0       0       0       0
   619 ;;      Locals:         0       0       0       0       0
   620 ;;      Temps:          0       0       0       0       0
   621 ;;      Totals:         0       0       0       0       0
   622 ;;Total ram usage:        0 bytes
   623 ;; Hardware stack levels required when called: 5
   624 ;; This function calls:
   625 ;;		_setup
   626 ;; This function is called by:
   627 ;;		Startup code after reset
   628 ;; This function uses a non-reentrant model
   629 ;;
   630                           
   631  0150                     _main:	
   632                           ;psect for function _main
   633                           
   634  0150                     l1020:	
   635                           ;incstack = 0
   636                           ; Regs used in _main: [wreg+status,2+status,0+pclath+cstack]
   637                           
   638                           
   639                           ;E:/Universidad/Semestre2_2023/Digital-2/Lab3/Lab3_Slave1.X/Lab3Slave1.c: 85:     setup(
      +                          );
   640  0150  120A  118A  20D4  120A  118A  	fcall	_setup
   641  0155                     l1022:
   642                           
   643                           ;E:/Universidad/Semestre2_2023/Digital-2/Lab3/Lab3_Slave1.X/Lab3Slave1.c: 90:         PO
      +                          RTDbits.RD0 = 1;
   644  0155  1283               	bcf	3,5	;RP0=0, select bank0
   645  0156  1303               	bcf	3,6	;RP1=0, select bank0
   646  0157  1408               	bsf	8,0	;volatile
   647  0158                     l1024:
   648                           
   649                           ;E:/Universidad/Semestre2_2023/Digital-2/Lab3/Lab3_Slave1.X/Lab3Slave1.c: 91:         PO
      +                          RTDbits.RD1 = 0;
   650  0158  1088               	bcf	8,1	;volatile
   651  0159  2955               	goto	l1022
   652  015A  120A  118A  280C   	ljmp	start
   653  015D                     __end_of_main:
   654                           
   655                           	psect	text1
   656  00D4                     __ptext1:	
   657 ;; *************** function _setup *****************
   658 ;; Defined at:
   659 ;;		line 97 in file "E:/Universidad/Semestre2_2023/Digital-2/Lab3/Lab3_Slave1.X/Lab3Slave1.c"
   660 ;; Parameters:    Size  Location     Type
   661 ;;		None
   662 ;; Auto vars:     Size  Location     Type
   663 ;;		None
   664 ;; Return value:  Size  Location     Type
   665 ;;                  1    wreg      void 
   666 ;; Registers used:
   667 ;;		wreg, status,2, status,0, pclath, cstack
   668 ;; Tracked objects:
   669 ;;		On entry : 0/0
   670 ;;		On exit  : 0/0
   671 ;;		Unchanged: 0/0
   672 ;; Data sizes:     COMMON   BANK0   BANK1   BANK3   BANK2
   673 ;;      Params:         0       0       0       0       0
   674 ;;      Locals:         0       0       0       0       0
   675 ;;      Temps:          0       1       0       0       0
   676 ;;      Totals:         0       1       0       0       0
   677 ;;Total ram usage:        1 bytes
   678 ;; Hardware stack levels used: 1
   679 ;; Hardware stack levels required when called: 4
   680 ;; This function calls:
   681 ;;		_adcConfig
   682 ;;		_configOsc
   683 ;;		_spiInit
   684 ;; This function is called by:
   685 ;;		_main
   686 ;; This function uses a non-reentrant model
   687 ;;
   688                           
   689  00D4                     _setup:	
   690                           ;psect for function _setup
   691                           
   692  00D4                     l982:	
   693                           ;incstack = 0
   694                           ; Regs used in _setup: [wreg+status,2+status,0+pclath+cstack]
   695                           
   696                           
   697                           ;E:/Universidad/Semestre2_2023/Digital-2/Lab3/Lab3_Slave1.X/Lab3Slave1.c: 98:     config
      +                          Osc(8);
   698  00D4  3008               	movlw	8
   699  00D5  1283               	bcf	3,5	;RP0=0, select bank0
   700  00D6  1303               	bcf	3,6	;RP1=0, select bank0
   701  00D7  00A0               	movwf	configOsc@frec
   702  00D8  3000               	movlw	0
   703  00D9  00A1               	movwf	configOsc@frec+1
   704  00DA  120A  118A  2016  120A  118A  	fcall	_configOsc
   705  00DF                     l984:
   706                           
   707                           ;E:/Universidad/Semestre2_2023/Digital-2/Lab3/Lab3_Slave1.X/Lab3Slave1.c: 100:     ANSEL
      +                          H = 0;
   708  00DF  1683               	bsf	3,5	;RP0=1, select bank3
   709  00E0  1703               	bsf	3,6	;RP1=1, select bank3
   710  00E1  0189               	clrf	9	;volatile
   711  00E2                     l986:
   712                           
   713                           ;E:/Universidad/Semestre2_2023/Digital-2/Lab3/Lab3_Slave1.X/Lab3Slave1.c: 101:     ANSEL
      +                          bits.ANS0 = 1;
   714  00E2  1408               	bsf	8,0	;volatile
   715  00E3                     l988:
   716                           
   717                           ;E:/Universidad/Semestre2_2023/Digital-2/Lab3/Lab3_Slave1.X/Lab3Slave1.c: 103:     TRISA
      +                           = 35;
   718  00E3  3023               	movlw	35
   719  00E4  1683               	bsf	3,5	;RP0=1, select bank1
   720  00E5  1303               	bcf	3,6	;RP1=0, select bank1
   721  00E6  0085               	movwf	5	;volatile
   722  00E7                     l990:
   723                           
   724                           ;E:/Universidad/Semestre2_2023/Digital-2/Lab3/Lab3_Slave1.X/Lab3Slave1.c: 104:     TRISB
      +                           = 0;
   725  00E7  0186               	clrf	6	;volatile
   726  00E8                     l992:
   727                           
   728                           ;E:/Universidad/Semestre2_2023/Digital-2/Lab3/Lab3_Slave1.X/Lab3Slave1.c: 105:     TRISD
      +                           = 0;
   729  00E8  0188               	clrf	8	;volatile
   730  00E9                     l994:
   731                           
   732                           ;E:/Universidad/Semestre2_2023/Digital-2/Lab3/Lab3_Slave1.X/Lab3Slave1.c: 106:     TRISC
      +                          bits.TRISC2 = 0;
   733  00E9  1107               	bcf	7,2	;volatile
   734  00EA                     l996:
   735                           
   736                           ;E:/Universidad/Semestre2_2023/Digital-2/Lab3/Lab3_Slave1.X/Lab3Slave1.c: 108:     PORTA
      +                           = 0;
   737  00EA  1283               	bcf	3,5	;RP0=0, select bank0
   738  00EB  1303               	bcf	3,6	;RP1=0, select bank0
   739  00EC  0185               	clrf	5	;volatile
   740  00ED                     l998:
   741                           
   742                           ;E:/Universidad/Semestre2_2023/Digital-2/Lab3/Lab3_Slave1.X/Lab3Slave1.c: 109:     PORTB
      +                           = 0;
   743  00ED  0186               	clrf	6	;volatile
   744  00EE                     l1000:
   745                           
   746                           ;E:/Universidad/Semestre2_2023/Digital-2/Lab3/Lab3_Slave1.X/Lab3Slave1.c: 110:     PORTD
      +                           = 0;
   747  00EE  0188               	clrf	8	;volatile
   748  00EF                     l1002:
   749                           
   750                           ;E:/Universidad/Semestre2_2023/Digital-2/Lab3/Lab3_Slave1.X/Lab3Slave1.c: 111:     PORTC
      +                           = 0;
   751  00EF  0187               	clrf	7	;volatile
   752  00F0                     l1004:
   753                           
   754                           ;E:/Universidad/Semestre2_2023/Digital-2/Lab3/Lab3_Slave1.X/Lab3Slave1.c: 113:     INTCO
      +                          Nbits.GIE = 1;
   755  00F0  178B               	bsf	11,7	;volatile
   756  00F1                     l1006:
   757                           
   758                           ;E:/Universidad/Semestre2_2023/Digital-2/Lab3/Lab3_Slave1.X/Lab3Slave1.c: 114:     INTCO
      +                          Nbits.PEIE = 1;
   759  00F1  170B               	bsf	11,6	;volatile
   760  00F2                     l1008:
   761                           
   762                           ;E:/Universidad/Semestre2_2023/Digital-2/Lab3/Lab3_Slave1.X/Lab3Slave1.c: 115:     PIR1b
      +                          its.SSPIF = 0;
   763  00F2  118C               	bcf	12,3	;volatile
   764  00F3                     l1010:
   765                           
   766                           ;E:/Universidad/Semestre2_2023/Digital-2/Lab3/Lab3_Slave1.X/Lab3Slave1.c: 116:     PIE1b
      +                          its.SSPIE = 1;
   767  00F3  1683               	bsf	3,5	;RP0=1, select bank1
   768  00F4  1303               	bcf	3,6	;RP1=0, select bank1
   769  00F5  158C               	bsf	12,3	;volatile
   770  00F6                     l1012:
   771                           
   772                           ;E:/Universidad/Semestre2_2023/Digital-2/Lab3/Lab3_Slave1.X/Lab3Slave1.c: 117:     TRISA
      +                          bits.TRISA5 = 1;
   773  00F6  1685               	bsf	5,5	;volatile
   774  00F7                     l1014:
   775                           
   776                           ;E:/Universidad/Semestre2_2023/Digital-2/Lab3/Lab3_Slave1.X/Lab3Slave1.c: 118:     adcCo
      +                          nfig();
   777  00F7  120A  118A  212D  120A  118A  	fcall	_adcConfig
   778  00FC                     l1016:
   779                           
   780                           ;E:/Universidad/Semestre2_2023/Digital-2/Lab3/Lab3_Slave1.X/Lab3Slave1.c: 119:     _dela
      +                          y((unsigned long)((20)*(8000000/4000000.0)));
   781  00FC  300C               	movlw	12
   782  00FD  1283               	bcf	3,5	;RP0=0, select bank0
   783  00FE  1303               	bcf	3,6	;RP1=0, select bank0
   784  00FF  00A3               	movwf	??_setup
   785  0100                     u307:
   786  0100  0BA3               	decfsz	??_setup,f
   787  0101  2900               	goto	u307
   788  0102  0000               	nop
   789  0103                     l1018:
   790                           
   791                           ;E:/Universidad/Semestre2_2023/Digital-2/Lab3/Lab3_Slave1.X/Lab3Slave1.c: 120:     spiIn
      +                          it(SPI_SLAVE_SS_EN, SPI_DATA_SAMPLE_MIDDLE, SPI_CLOCK_IDLE_LOW, SPI_IDLE_2_ACTIVE);
   792  0103  1283               	bcf	3,5	;RP0=0, select bank0
   793  0104  1303               	bcf	3,6	;RP1=0, select bank0
   794  0105  01A0               	clrf	spiInit@sDataSample
   795  0106  01A1               	clrf	spiInit@sClockIdle
   796  0107  01A2               	clrf	spiInit@sTransmitEdge
   797  0108  3024               	movlw	36
   798  0109  120A  118A  210F  120A  118A  	fcall	_spiInit
   799  010E                     l142:
   800  010E  0008               	return
   801  010F                     __end_of_setup:
   802                           
   803                           	psect	text2
   804  010F                     __ptext2:	
   805 ;; *************** function _spiInit *****************
   806 ;; Defined at:
   807 ;;		line 12 in file "SPI.c"
   808 ;; Parameters:    Size  Location     Type
   809 ;;  sType           1    wreg     enum E1292
   810 ;;  sDataSample     1    0[BANK0 ] enum E1300
   811 ;;  sClockIdle      1    1[BANK0 ] enum E1304
   812 ;;  sTransmitEdg    1    2[BANK0 ] enum E1308
   813 ;; Auto vars:     Size  Location     Type
   814 ;;  sType           1    5[COMMON] enum E1292
   815 ;; Return value:  Size  Location     Type
   816 ;;                  1    wreg      void 
   817 ;; Registers used:
   818 ;;		wreg, status,2, status,0
   819 ;; Tracked objects:
   820 ;;		On entry : 0/0
   821 ;;		On exit  : 0/0
   822 ;;		Unchanged: 0/0
   823 ;; Data sizes:     COMMON   BANK0   BANK1   BANK3   BANK2
   824 ;;      Params:         0       3       0       0       0
   825 ;;      Locals:         1       0       0       0       0
   826 ;;      Temps:          0       0       0       0       0
   827 ;;      Totals:         1       3       0       0       0
   828 ;;Total ram usage:        4 bytes
   829 ;; Hardware stack levels used: 1
   830 ;; Hardware stack levels required when called: 3
   831 ;; This function calls:
   832 ;;		Nothing
   833 ;; This function is called by:
   834 ;;		_setup
   835 ;; This function uses a non-reentrant model
   836 ;;
   837                           
   838  010F                     _spiInit:	
   839                           ;psect for function _spiInit
   840                           
   841                           
   842                           ;incstack = 0
   843                           ; Regs used in _spiInit: [wreg+status,2+status,0]
   844                           ;spiInit@sType stored from wreg
   845  010F  00F5               	movwf	spiInit@sType
   846  0110                     l972:
   847                           
   848                           ;SPI.c: 12: void spiInit(Spi_Type sType, Spi_Data_Sample sDataSample, Spi_Clock_Idle sCl
      +                          ockIdle, Spi_Transmit_Edge sTransmitEdge);SPI.c: 13: {;SPI.c: 14:     TRISC5 = 0;
   849  0110  1683               	bsf	3,5	;RP0=1, select bank1
   850  0111  1303               	bcf	3,6	;RP1=0, select bank1
   851  0112  1287               	bcf	7,5	;volatile
   852                           
   853                           ;SPI.c: 15:     if(sType & 0b00000100)
   854  0113  1D75               	btfss	spiInit@sType,2
   855  0114  2916               	goto	u291
   856  0115  2917               	goto	u290
   857  0116                     u291:
   858  0116  291F               	goto	l978
   859  0117                     u290:
   860  0117                     l974:
   861                           
   862                           ;SPI.c: 16:     {;SPI.c: 17:         SSPSTAT = sTransmitEdge;
   863  0117  1283               	bcf	3,5	;RP0=0, select bank0
   864  0118  1303               	bcf	3,6	;RP1=0, select bank0
   865  0119  0822               	movf	spiInit@sTransmitEdge,w
   866  011A  1683               	bsf	3,5	;RP0=1, select bank1
   867  011B  1303               	bcf	3,6	;RP1=0, select bank1
   868  011C  0094               	movwf	20	;volatile
   869  011D                     l976:
   870                           
   871                           ;SPI.c: 18:         TRISC3 = 1;
   872  011D  1587               	bsf	7,3	;volatile
   873                           
   874                           ;SPI.c: 19:     }
   875  011E  2927               	goto	l44
   876  011F                     l978:
   877                           
   878                           ;SPI.c: 21:     {;SPI.c: 22:         SSPSTAT = sDataSample | sTransmitEdge;
   879  011F  1283               	bcf	3,5	;RP0=0, select bank0
   880  0120  1303               	bcf	3,6	;RP1=0, select bank0
   881  0121  0820               	movf	spiInit@sDataSample,w
   882  0122  0422               	iorwf	spiInit@sTransmitEdge,w
   883  0123  1683               	bsf	3,5	;RP0=1, select bank1
   884  0124  1303               	bcf	3,6	;RP1=0, select bank1
   885  0125  0094               	movwf	20	;volatile
   886  0126                     l980:
   887                           
   888                           ;SPI.c: 23:         TRISC3 = 0;
   889  0126  1187               	bcf	7,3	;volatile
   890  0127                     l44:	
   891                           ;SPI.c: 24:     }
   892                           
   893                           
   894                           ;SPI.c: 26:     SSPCON = sType | sClockIdle;
   895  0127  0875               	movf	spiInit@sType,w
   896  0128  1283               	bcf	3,5	;RP0=0, select bank0
   897  0129  1303               	bcf	3,6	;RP1=0, select bank0
   898  012A  0421               	iorwf	spiInit@sClockIdle,w
   899  012B  0094               	movwf	20	;volatile
   900  012C                     l45:
   901  012C  0008               	return
   902  012D                     __end_of_spiInit:
   903                           
   904                           	psect	text3
   905  0016                     __ptext3:	
   906 ;; *************** function _configOsc *****************
   907 ;; Defined at:
   908 ;;		line 4 in file "oscilador.c"
   909 ;; Parameters:    Size  Location     Type
   910 ;;  frec            2    0[BANK0 ] unsigned int 
   911 ;; Auto vars:     Size  Location     Type
   912 ;;		None
   913 ;; Return value:  Size  Location     Type
   914 ;;                  1    wreg      void 
   915 ;; Registers used:
   916 ;;		wreg, status,2, status,0
   917 ;; Tracked objects:
   918 ;;		On entry : 0/0
   919 ;;		On exit  : 0/0
   920 ;;		Unchanged: 0/0
   921 ;; Data sizes:     COMMON   BANK0   BANK1   BANK3   BANK2
   922 ;;      Params:         0       2       0       0       0
   923 ;;      Locals:         0       0       0       0       0
   924 ;;      Temps:          0       0       0       0       0
   925 ;;      Totals:         0       2       0       0       0
   926 ;;Total ram usage:        2 bytes
   927 ;; Hardware stack levels used: 1
   928 ;; Hardware stack levels required when called: 3
   929 ;; This function calls:
   930 ;;		Nothing
   931 ;; This function is called by:
   932 ;;		_setup
   933 ;; This function uses a non-reentrant model
   934 ;;
   935                           
   936  0016                     _configOsc:	
   937                           ;psect for function _configOsc
   938                           
   939  0016                     l954:	
   940                           ;incstack = 0
   941                           ; Regs used in _configOsc: [wreg+status,2+status,0]
   942                           
   943                           
   944                           ;oscilador.c: 5:         if (frec == 8) OSCCONbits.IRCF = 0b111;
   945  0016  3008               	movlw	8
   946  0017  1283               	bcf	3,5	;RP0=0, select bank0
   947  0018  1303               	bcf	3,6	;RP1=0, select bank0
   948  0019  0620               	xorwf	configOsc@frec,w
   949  001A  0421               	iorwf	configOsc@frec+1,w
   950  001B  1D03               	btfss	3,2
   951  001C  281E               	goto	u221
   952  001D  281F               	goto	u220
   953  001E                     u221:
   954  001E  2823               	goto	l5
   955  001F                     u220:
   956  001F                     l956:
   957  001F  3070               	movlw	112
   958  0020  1683               	bsf	3,5	;RP0=1, select bank1
   959  0021  1303               	bcf	3,6	;RP1=0, select bank1
   960  0022  048F               	iorwf	15,f	;volatile
   961  0023                     l5:
   962                           
   963                           ;oscilador.c: 6:         if (frec == 4) OSCCONbits.IRCF = 0b110;
   964  0023  3004               	movlw	4
   965  0024  1283               	bcf	3,5	;RP0=0, select bank0
   966  0025  0620               	xorwf	configOsc@frec,w
   967  0026  0421               	iorwf	configOsc@frec+1,w
   968  0027  1D03               	btfss	3,2
   969  0028  282A               	goto	u231
   970  0029  282B               	goto	u230
   971  002A                     u231:
   972  002A  2831               	goto	l6
   973  002B                     u230:
   974  002B                     l958:
   975  002B  1683               	bsf	3,5	;RP0=1, select bank1
   976  002C  1303               	bcf	3,6	;RP1=0, select bank1
   977  002D  080F               	movf	15,w	;volatile
   978  002E  398F               	andlw	-113
   979  002F  3860               	iorlw	96
   980  0030  008F               	movwf	15	;volatile
   981  0031                     l6:
   982                           
   983                           ;oscilador.c: 7:         if (frec == 1) OSCCONbits.IRCF = 0b100;
   984  0031  1283               	bcf	3,5	;RP0=0, select bank0
   985  0032  0320               	decf	configOsc@frec,w
   986  0033  0421               	iorwf	configOsc@frec+1,w
   987  0034  1D03               	btfss	3,2
   988  0035  2837               	goto	u241
   989  0036  2838               	goto	u240
   990  0037                     u241:
   991  0037  283E               	goto	l7
   992  0038                     u240:
   993  0038                     l960:
   994  0038  1683               	bsf	3,5	;RP0=1, select bank1
   995  0039  1303               	bcf	3,6	;RP1=0, select bank1
   996  003A  080F               	movf	15,w	;volatile
   997  003B  398F               	andlw	-113
   998  003C  3840               	iorlw	64
   999  003D  008F               	movwf	15	;volatile
  1000  003E                     l7:
  1001                           
  1002                           ;oscilador.c: 8:         if (frec == 500) OSCCONbits.IRCF = 0b011;
  1003  003E  30F4               	movlw	244
  1004  003F  1283               	bcf	3,5	;RP0=0, select bank0
  1005  0040  0620               	xorwf	configOsc@frec,w
  1006  0041  1D03               	skipz
  1007  0042  2847               	goto	u251
  1008  0043  0321               	decf	configOsc@frec+1,w
  1009  0044  1D03               	btfss	3,2
  1010  0045  2847               	goto	u251
  1011  0046  2848               	goto	u250
  1012  0047                     u251:
  1013  0047  284E               	goto	l8
  1014  0048                     u250:
  1015  0048                     l962:
  1016  0048  1683               	bsf	3,5	;RP0=1, select bank1
  1017  0049  1303               	bcf	3,6	;RP1=0, select bank1
  1018  004A  080F               	movf	15,w	;volatile
  1019  004B  398F               	andlw	-113
  1020  004C  3830               	iorlw	48
  1021  004D  008F               	movwf	15	;volatile
  1022  004E                     l8:
  1023                           
  1024                           ;oscilador.c: 9:         if (frec == 250) OSCCONbits.IRCF = 0b101;
  1025  004E  30FA               	movlw	250
  1026  004F  1283               	bcf	3,5	;RP0=0, select bank0
  1027  0050  0620               	xorwf	configOsc@frec,w
  1028  0051  0421               	iorwf	configOsc@frec+1,w
  1029  0052  1D03               	btfss	3,2
  1030  0053  2855               	goto	u261
  1031  0054  2856               	goto	u260
  1032  0055                     u261:
  1033  0055  285C               	goto	l9
  1034  0056                     u260:
  1035  0056                     l964:
  1036  0056  1683               	bsf	3,5	;RP0=1, select bank1
  1037  0057  1303               	bcf	3,6	;RP1=0, select bank1
  1038  0058  080F               	movf	15,w	;volatile
  1039  0059  398F               	andlw	-113
  1040  005A  3850               	iorlw	80
  1041  005B  008F               	movwf	15	;volatile
  1042  005C                     l9:
  1043                           
  1044                           ;oscilador.c: 10:         if (frec == 125) OSCCONbits.IRCF = 0b001;
  1045  005C  307D               	movlw	125
  1046  005D  1283               	bcf	3,5	;RP0=0, select bank0
  1047  005E  0620               	xorwf	configOsc@frec,w
  1048  005F  0421               	iorwf	configOsc@frec+1,w
  1049  0060  1D03               	btfss	3,2
  1050  0061  2863               	goto	u271
  1051  0062  2864               	goto	u270
  1052  0063                     u271:
  1053  0063  286A               	goto	l10
  1054  0064                     u270:
  1055  0064                     l966:
  1056  0064  1683               	bsf	3,5	;RP0=1, select bank1
  1057  0065  1303               	bcf	3,6	;RP1=0, select bank1
  1058  0066  080F               	movf	15,w	;volatile
  1059  0067  398F               	andlw	-113
  1060  0068  3810               	iorlw	16
  1061  0069  008F               	movwf	15	;volatile
  1062  006A                     l10:
  1063                           
  1064                           ;oscilador.c: 11:         if (frec == 31) OSCCONbits.IRCF = 0b000;
  1065  006A  301F               	movlw	31
  1066  006B  1283               	bcf	3,5	;RP0=0, select bank0
  1067  006C  0620               	xorwf	configOsc@frec,w
  1068  006D  0421               	iorwf	configOsc@frec+1,w
  1069  006E  1D03               	btfss	3,2
  1070  006F  2871               	goto	u281
  1071  0070  2872               	goto	u280
  1072  0071                     u281:
  1073  0071  2876               	goto	l970
  1074  0072                     u280:
  1075  0072                     l968:
  1076  0072  308F               	movlw	-113
  1077  0073  1683               	bsf	3,5	;RP0=1, select bank1
  1078  0074  1303               	bcf	3,6	;RP1=0, select bank1
  1079  0075  058F               	andwf	15,f	;volatile
  1080  0076                     l970:
  1081                           
  1082                           ;oscilador.c: 12:         OSCCONbits.SCS = 1;
  1083  0076  1683               	bsf	3,5	;RP0=1, select bank1
  1084  0077  1303               	bcf	3,6	;RP1=0, select bank1
  1085  0078  140F               	bsf	15,0	;volatile
  1086  0079                     l12:
  1087  0079  0008               	return
  1088  007A                     __end_of_configOsc:
  1089                           
  1090                           	psect	text4
  1091  012D                     __ptext4:	
  1092 ;; *************** function _adcConfig *****************
  1093 ;; Defined at:
  1094 ;;		line 11 in file "adc_c.c"
  1095 ;; Parameters:    Size  Location     Type
  1096 ;;		None
  1097 ;; Auto vars:     Size  Location     Type
  1098 ;;		None
  1099 ;; Return value:  Size  Location     Type
  1100 ;;                  1    wreg      void 
  1101 ;; Registers used:
  1102 ;;		wreg, status,2, status,0
  1103 ;; Tracked objects:
  1104 ;;		On entry : 0/0
  1105 ;;		On exit  : 0/0
  1106 ;;		Unchanged: 0/0
  1107 ;; Data sizes:     COMMON   BANK0   BANK1   BANK3   BANK2
  1108 ;;      Params:         0       0       0       0       0
  1109 ;;      Locals:         0       0       0       0       0
  1110 ;;      Temps:          0       0       0       0       0
  1111 ;;      Totals:         0       0       0       0       0
  1112 ;;Total ram usage:        0 bytes
  1113 ;; Hardware stack levels used: 1
  1114 ;; Hardware stack levels required when called: 3
  1115 ;; This function calls:
  1116 ;;		Nothing
  1117 ;; This function is called by:
  1118 ;;		_setup
  1119 ;; This function uses a non-reentrant model
  1120 ;;
  1121                           
  1122  012D                     _adcConfig:	
  1123                           ;psect for function _adcConfig
  1124                           
  1125  012D                     l752:	
  1126                           ;incstack = 0
  1127                           ; Regs used in _adcConfig: [wreg+status,2+status,0]
  1128                           
  1129                           
  1130                           ;adc_c.c: 12:     ADCON0bits.ADCS = 0;
  1131  012D  303F               	movlw	-193
  1132  012E  1283               	bcf	3,5	;RP0=0, select bank0
  1133  012F  1303               	bcf	3,6	;RP1=0, select bank0
  1134  0130  059F               	andwf	31,f	;volatile
  1135  0131                     l754:
  1136                           
  1137                           ;adc_c.c: 13:     ADCON0bits.CHS0 = 0;
  1138  0131  111F               	bcf	31,2	;volatile
  1139  0132                     l756:
  1140                           
  1141                           ;adc_c.c: 14:     ADCON0bits.ADON = 1;
  1142  0132  141F               	bsf	31,0	;volatile
  1143  0133                     l758:
  1144                           
  1145                           ;adc_c.c: 15:     ADCON1bits.VCFG1 = 0;
  1146  0133  1683               	bsf	3,5	;RP0=1, select bank1
  1147  0134  1303               	bcf	3,6	;RP1=0, select bank1
  1148  0135  129F               	bcf	31,5	;volatile
  1149  0136                     l760:
  1150                           
  1151                           ;adc_c.c: 16:     ADCON1bits.VCFG0 = 0;
  1152  0136  121F               	bcf	31,4	;volatile
  1153  0137                     l762:
  1154                           
  1155                           ;adc_c.c: 17:     ADCON1bits.ADFM = 0;
  1156  0137  139F               	bcf	31,7	;volatile
  1157  0138                     l764:
  1158                           
  1159                           ;adc_c.c: 19:     PIE1bits.ADIE = 1;
  1160  0138  170C               	bsf	12,6	;volatile
  1161  0139                     l766:
  1162                           
  1163                           ;adc_c.c: 20:     INTCONbits.GIE = 1;
  1164  0139  178B               	bsf	11,7	;volatile
  1165  013A                     l768:
  1166                           
  1167                           ;adc_c.c: 21:     INTCONbits.RBIE = 1;
  1168  013A  158B               	bsf	11,3	;volatile
  1169  013B                     l770:
  1170                           
  1171                           ;adc_c.c: 22:     INTCONbits.PEIE = 1;
  1172  013B  170B               	bsf	11,6	;volatile
  1173  013C                     l772:
  1174                           
  1175                           ;adc_c.c: 23:     ADCON0bits.GO = 1;
  1176  013C  1283               	bcf	3,5	;RP0=0, select bank0
  1177  013D  1303               	bcf	3,6	;RP1=0, select bank0
  1178  013E  149F               	bsf	31,1	;volatile
  1179                           
  1180                           ;adc_c.c: 24:     ADCON0bits.CHS = 0;
  1181  013F  30C3               	movlw	-61
  1182  0140  059F               	andwf	31,f	;volatile
  1183  0141                     l25:
  1184  0141  0008               	return
  1185  0142                     __end_of_adcConfig:
  1186                           
  1187                           	psect	text5
  1188  007A                     __ptext5:	
  1189 ;; *************** function _isr *****************
  1190 ;; Defined at:
  1191 ;;		line 54 in file "E:/Universidad/Semestre2_2023/Digital-2/Lab3/Lab3_Slave1.X/Lab3Slave1.c"
  1192 ;; Parameters:    Size  Location     Type
  1193 ;;		None
  1194 ;; Auto vars:     Size  Location     Type
  1195 ;;		None
  1196 ;; Return value:  Size  Location     Type
  1197 ;;                  1    wreg      void 
  1198 ;; Registers used:
  1199 ;;		wreg, status,2, status,0, pclath, cstack
  1200 ;; Tracked objects:
  1201 ;;		On entry : 0/0
  1202 ;;		On exit  : 0/0
  1203 ;;		Unchanged: 0/0
  1204 ;; Data sizes:     COMMON   BANK0   BANK1   BANK3   BANK2
  1205 ;;      Params:         0       0       0       0       0
  1206 ;;      Locals:         0       0       0       0       0
  1207 ;;      Temps:          3       0       0       0       0
  1208 ;;      Totals:         3       0       0       0       0
  1209 ;;Total ram usage:        3 bytes
  1210 ;; Hardware stack levels used: 1
  1211 ;; Hardware stack levels required when called: 2
  1212 ;; This function calls:
  1213 ;;		_adcChannel
  1214 ;;		_spiRead
  1215 ;;		_spiWrite
  1216 ;; This function is called by:
  1217 ;;		Interrupt level 1
  1218 ;; This function uses a non-reentrant model
  1219 ;;
  1220                           
  1221  007A                     _isr:	
  1222                           ;psect for function _isr
  1223                           
  1224  007A                     i1l844:
  1225                           
  1226                           ;E:/Universidad/Semestre2_2023/Digital-2/Lab3/Lab3_Slave1.X/Lab3Slave1.c: 55:    if(SSPI
      +                          F == 1){
  1227  007A  1283               	bcf	3,5	;RP0=0, select bank0
  1228  007B  1303               	bcf	3,6	;RP1=0, select bank0
  1229  007C  1D8C               	btfss	12,3	;volatile
  1230  007D  287F               	goto	u10_21
  1231  007E  2880               	goto	u10_20
  1232  007F                     u10_21:
  1233  007F  289D               	goto	i1l856
  1234  0080                     u10_20:
  1235  0080                     i1l846:
  1236                           
  1237                           ;E:/Universidad/Semestre2_2023/Digital-2/Lab3/Lab3_Slave1.X/Lab3Slave1.c: 56:         du
      +                          mmydata = spiRead();
  1238  0080  120A  118A  215D  120A  118A  	fcall	_spiRead
  1239  0085  00F2               	movwf	??_isr
  1240  0086  0872               	movf	??_isr,w
  1241  0087  00F6               	movwf	_dummydata
  1242  0088                     i1l848:
  1243                           
  1244                           ;E:/Universidad/Semestre2_2023/Digital-2/Lab3/Lab3_Slave1.X/Lab3Slave1.c: 57:         if
      +                           (dummydata == 0){
  1245  0088  0876               	movf	_dummydata,w
  1246  0089  1D03               	btfss	3,2
  1247  008A  288C               	goto	u11_21
  1248  008B  288D               	goto	u11_20
  1249  008C                     u11_21:
  1250  008C  2894               	goto	i1l852
  1251  008D                     u11_20:
  1252  008D                     i1l850:
  1253                           
  1254                           ;E:/Universidad/Semestre2_2023/Digital-2/Lab3/Lab3_Slave1.X/Lab3Slave1.c: 58:           
      +                            spiWrite(adcValue);}
  1255  008D  0877               	movf	_adcValue,w
  1256  008E  120A  118A  216D  120A  118A  	fcall	_spiWrite
  1257  0093  289A               	goto	i1l854
  1258  0094                     i1l852:
  1259                           
  1260                           ;E:/Universidad/Semestre2_2023/Digital-2/Lab3/Lab3_Slave1.X/Lab3Slave1.c: 60:           
      +                            spiWrite(adcValue);
  1261  0094  0877               	movf	_adcValue,w
  1262  0095  120A  118A  216D  120A  118A  	fcall	_spiWrite
  1263  009A                     i1l854:
  1264                           
  1265                           ;E:/Universidad/Semestre2_2023/Digital-2/Lab3/Lab3_Slave1.X/Lab3Slave1.c: 62:         SS
      +                          PIF = 0;
  1266  009A  1283               	bcf	3,5	;RP0=0, select bank0
  1267  009B  1303               	bcf	3,6	;RP1=0, select bank0
  1268  009C  118C               	bcf	12,3	;volatile
  1269  009D                     i1l856:
  1270                           
  1271                           ;E:/Universidad/Semestre2_2023/Digital-2/Lab3/Lab3_Slave1.X/Lab3Slave1.c: 65:    if (ADI
      +                          F == 1){
  1272  009D  1F0C               	btfss	12,6	;volatile
  1273  009E  28A0               	goto	u12_21
  1274  009F  28A1               	goto	u12_20
  1275  00A0                     u12_21:
  1276  00A0  28CD               	goto	i1l131
  1277  00A1                     u12_20:
  1278  00A1                     i1l858:
  1279                           
  1280                           ;E:/Universidad/Semestre2_2023/Digital-2/Lab3/Lab3_Slave1.X/Lab3Slave1.c: 66:        if 
      +                          (ADCON0bits.CHS == 1){
  1281  00A1  0C1F               	rrf	31,w	;volatile
  1282  00A2  00F2               	movwf	??_isr
  1283  00A3  0C72               	rrf	??_isr,w
  1284  00A4  390F               	andlw	15
  1285  00A5  3A01               	xorlw	1
  1286  00A6  1D03               	skipz
  1287  00A7  28A9               	goto	u13_21
  1288  00A8  28AA               	goto	u13_20
  1289  00A9                     u13_21:
  1290  00A9  28BC               	goto	i1l868
  1291  00AA                     u13_20:
  1292  00AA                     i1l860:
  1293                           
  1294                           ;E:/Universidad/Semestre2_2023/Digital-2/Lab3/Lab3_Slave1.X/Lab3Slave1.c: 67:        adc
      +                          Value = adcChannel(0);
  1295  00AA  3000               	movlw	0
  1296  00AB  120A  118A  2142  120A  118A  	fcall	_adcChannel
  1297  00B0  00F2               	movwf	??_isr
  1298  00B1  0872               	movf	??_isr,w
  1299  00B2  00F7               	movwf	_adcValue
  1300  00B3                     i1l862:
  1301                           
  1302                           ;E:/Universidad/Semestre2_2023/Digital-2/Lab3/Lab3_Slave1.X/Lab3Slave1.c: 68:         _d
      +                          elay((unsigned long)((20)*(8000000/4000000.0)));
  1303  00B3  300D               	movlw	13
  1304  00B4  00F2               	movwf	??_isr
  1305  00B5                     u31_27:
  1306  00B5  0BF2               	decfsz	??_isr,f
  1307  00B6  28B5               	goto	u31_27
  1308  00B7                     i1l864:
  1309                           
  1310                           ;E:/Universidad/Semestre2_2023/Digital-2/Lab3/Lab3_Slave1.X/Lab3Slave1.c: 69:         PI
      +                          R1bits.ADIF = 0;
  1311  00B7  1283               	bcf	3,5	;RP0=0, select bank0
  1312  00B8  1303               	bcf	3,6	;RP1=0, select bank0
  1313  00B9  130C               	bcf	12,6	;volatile
  1314  00BA                     i1l866:
  1315                           
  1316                           ;E:/Universidad/Semestre2_2023/Digital-2/Lab3/Lab3_Slave1.X/Lab3Slave1.c: 70:         AD
      +                          CON0bits.GO = 1;
  1317  00BA  149F               	bsf	31,1	;volatile
  1318                           
  1319                           ;E:/Universidad/Semestre2_2023/Digital-2/Lab3/Lab3_Slave1.X/Lab3Slave1.c: 71:         }
  1320  00BB  28CD               	goto	i1l131
  1321  00BC                     i1l868:
  1322                           
  1323                           ;E:/Universidad/Semestre2_2023/Digital-2/Lab3/Lab3_Slave1.X/Lab3Slave1.c: 73:         PO
      +                          RTD = adcChannel(1);
  1324  00BC  3001               	movlw	1
  1325  00BD  120A  118A  2142  120A  118A  	fcall	_adcChannel
  1326  00C2  1283               	bcf	3,5	;RP0=0, select bank0
  1327  00C3  1303               	bcf	3,6	;RP1=0, select bank0
  1328  00C4  0088               	movwf	8	;volatile
  1329  00C5                     i1l870:
  1330                           
  1331                           ;E:/Universidad/Semestre2_2023/Digital-2/Lab3/Lab3_Slave1.X/Lab3Slave1.c: 74:         _d
      +                          elay((unsigned long)((20)*(8000000/4000000.0)));
  1332  00C5  300D               	movlw	13
  1333  00C6  00F2               	movwf	??_isr
  1334  00C7                     u32_27:
  1335  00C7  0BF2               	decfsz	??_isr,f
  1336  00C8  28C7               	goto	u32_27
  1337  00C9                     i1l872:
  1338                           
  1339                           ;E:/Universidad/Semestre2_2023/Digital-2/Lab3/Lab3_Slave1.X/Lab3Slave1.c: 75:         PI
      +                          R1bits.ADIF = 0;
  1340  00C9  1283               	bcf	3,5	;RP0=0, select bank0
  1341  00CA  1303               	bcf	3,6	;RP1=0, select bank0
  1342  00CB  130C               	bcf	12,6	;volatile
  1343  00CC                     i1l874:
  1344                           
  1345                           ;E:/Universidad/Semestre2_2023/Digital-2/Lab3/Lab3_Slave1.X/Lab3Slave1.c: 76:         AD
      +                          CON0bits.GO = 1;
  1346  00CC  149F               	bsf	31,1	;volatile
  1347  00CD                     i1l131:
  1348  00CD  0874               	movf	??_isr+2,w
  1349  00CE  008A               	movwf	10
  1350  00CF  0E73               	swapf	??_isr+1,w
  1351  00D0  0083               	movwf	3
  1352  00D1  0EFE               	swapf	btemp,f
  1353  00D2  0E7E               	swapf	btemp,w
  1354  00D3  0009               	retfie
  1355  00D4                     __end_of_isr:
  1356                           
  1357                           	psect	intentry
  1358  0004                     __pintentry:	
  1359                           ;incstack = 0
  1360                           ; Regs used in _isr: [wreg+status,2+status,0+pclath+cstack]
  1361                           
  1362  0004                     interrupt_function:
  1363  007E                     saved_w	set	btemp
  1364  0004  00FE               	movwf	btemp
  1365  0005  0E03               	swapf	3,w
  1366  0006  00F3               	movwf	??_isr+1
  1367  0007  080A               	movf	10,w
  1368  0008  00F4               	movwf	??_isr+2
  1369  0009  120A  118A  287A   	ljmp	_isr
  1370                           
  1371                           	psect	text6
  1372  016D                     __ptext6:	
  1373 ;; *************** function _spiWrite *****************
  1374 ;; Defined at:
  1375 ;;		line 34 in file "SPI.c"
  1376 ;; Parameters:    Size  Location     Type
  1377 ;;  dat             1    wreg     unsigned char 
  1378 ;; Auto vars:     Size  Location     Type
  1379 ;;  dat             1    0[COMMON] unsigned char 
  1380 ;; Return value:  Size  Location     Type
  1381 ;;                  1    wreg      void 
  1382 ;; Registers used:
  1383 ;;		wreg
  1384 ;; Tracked objects:
  1385 ;;		On entry : 0/0
  1386 ;;		On exit  : 0/0
  1387 ;;		Unchanged: 0/0
  1388 ;; Data sizes:     COMMON   BANK0   BANK1   BANK3   BANK2
  1389 ;;      Params:         0       0       0       0       0
  1390 ;;      Locals:         1       0       0       0       0
  1391 ;;      Temps:          0       0       0       0       0
  1392 ;;      Totals:         1       0       0       0       0
  1393 ;;Total ram usage:        1 bytes
  1394 ;; Hardware stack levels used: 1
  1395 ;; This function calls:
  1396 ;;		Nothing
  1397 ;; This function is called by:
  1398 ;;		_isr
  1399 ;; This function uses a non-reentrant model
  1400 ;;
  1401                           
  1402  016D                     _spiWrite:	
  1403                           ;psect for function _spiWrite
  1404                           
  1405                           
  1406                           ;incstack = 0
  1407                           ; Regs used in _spiWrite: [wreg]
  1408                           ;spiWrite@dat stored from wreg
  1409  016D  00F0               	movwf	spiWrite@dat
  1410  016E                     i1l792:
  1411                           
  1412                           ;SPI.c: 34: void spiWrite(char dat);SPI.c: 35: {;SPI.c: 36:     SSPBUF = dat;
  1413  016E  0870               	movf	spiWrite@dat,w
  1414  016F  1283               	bcf	3,5	;RP0=0, select bank0
  1415  0170  1303               	bcf	3,6	;RP1=0, select bank0
  1416  0171  0093               	movwf	19	;volatile
  1417  0172                     i1l54:
  1418  0172  0008               	return
  1419  0173                     __end_of_spiWrite:
  1420                           
  1421                           	psect	text7
  1422  015D                     __ptext7:	
  1423 ;; *************** function _spiRead *****************
  1424 ;; Defined at:
  1425 ;;		line 47 in file "SPI.c"
  1426 ;; Parameters:    Size  Location     Type
  1427 ;;		None
  1428 ;; Auto vars:     Size  Location     Type
  1429 ;;		None
  1430 ;; Return value:  Size  Location     Type
  1431 ;;                  1    wreg      unsigned char 
  1432 ;; Registers used:
  1433 ;;		wreg, status,2, status,0, pclath, cstack
  1434 ;; Tracked objects:
  1435 ;;		On entry : 0/0
  1436 ;;		On exit  : 0/0
  1437 ;;		Unchanged: 0/0
  1438 ;; Data sizes:     COMMON   BANK0   BANK1   BANK3   BANK2
  1439 ;;      Params:         0       0       0       0       0
  1440 ;;      Locals:         0       0       0       0       0
  1441 ;;      Temps:          0       0       0       0       0
  1442 ;;      Totals:         0       0       0       0       0
  1443 ;;Total ram usage:        0 bytes
  1444 ;; Hardware stack levels used: 1
  1445 ;; Hardware stack levels required when called: 1
  1446 ;; This function calls:
  1447 ;;		_spiReceiveWait
  1448 ;; This function is called by:
  1449 ;;		_isr
  1450 ;; This function uses a non-reentrant model
  1451 ;;
  1452                           
  1453  015D                     _spiRead:	
  1454                           ;psect for function _spiRead
  1455                           
  1456  015D                     i1l794:	
  1457                           ;incstack = 0
  1458                           ; Regs used in _spiRead: [wreg+status,2+status,0+pclath+cstack]
  1459                           
  1460                           
  1461                           ;SPI.c: 49:     spiReceiveWait();
  1462  015D  120A  118A  2166  120A  118A  	fcall	_spiReceiveWait
  1463  0162                     i1l796:
  1464                           
  1465                           ;SPI.c: 50:     return(SSPBUF);
  1466  0162  1283               	bcf	3,5	;RP0=0, select bank0
  1467  0163  1303               	bcf	3,6	;RP1=0, select bank0
  1468  0164  0813               	movf	19,w	;volatile
  1469  0165                     i1l62:
  1470  0165  0008               	return
  1471  0166                     __end_of_spiRead:
  1472                           
  1473                           	psect	text8
  1474  0166                     __ptext8:	
  1475 ;; *************** function _spiReceiveWait *****************
  1476 ;; Defined at:
  1477 ;;		line 29 in file "SPI.c"
  1478 ;; Parameters:    Size  Location     Type
  1479 ;;		None
  1480 ;; Auto vars:     Size  Location     Type
  1481 ;;		None
  1482 ;; Return value:  Size  Location     Type
  1483 ;;                  1    wreg      void 
  1484 ;; Registers used:
  1485 ;;		None
  1486 ;; Tracked objects:
  1487 ;;		On entry : 0/0
  1488 ;;		On exit  : 0/0
  1489 ;;		Unchanged: 0/0
  1490 ;; Data sizes:     COMMON   BANK0   BANK1   BANK3   BANK2
  1491 ;;      Params:         0       0       0       0       0
  1492 ;;      Locals:         0       0       0       0       0
  1493 ;;      Temps:          0       0       0       0       0
  1494 ;;      Totals:         0       0       0       0       0
  1495 ;;Total ram usage:        0 bytes
  1496 ;; Hardware stack levels used: 1
  1497 ;; This function calls:
  1498 ;;		Nothing
  1499 ;; This function is called by:
  1500 ;;		_spiRead
  1501 ;; This function uses a non-reentrant model
  1502 ;;
  1503                           
  1504  0166                     _spiReceiveWait:	
  1505                           ;psect for function _spiReceiveWait
  1506                           
  1507  0166                     i1l784:	
  1508                           ;incstack = 0
  1509                           ; Regs used in _spiReceiveWait: []
  1510                           
  1511  0166                     i1l48:	
  1512                           ;SPI.c: 31:     while ( !SSPSTATbits.BF );
  1513                           
  1514  0166  1683               	bsf	3,5	;RP0=1, select bank1
  1515  0167  1303               	bcf	3,6	;RP1=0, select bank1
  1516  0168  1C14               	btfss	20,0	;volatile
  1517  0169  296B               	goto	u9_21
  1518  016A  296C               	goto	u9_20
  1519  016B                     u9_21:
  1520  016B  2966               	goto	i1l48
  1521  016C                     u9_20:
  1522  016C                     i1l51:
  1523  016C  0008               	return
  1524  016D                     __end_of_spiReceiveWait:
  1525                           
  1526                           	psect	text9
  1527  0142                     __ptext9:	
  1528 ;; *************** function _adcChannel *****************
  1529 ;; Defined at:
  1530 ;;		line 27 in file "adc_c.c"
  1531 ;; Parameters:    Size  Location     Type
  1532 ;;  channel         1    wreg     unsigned char 
  1533 ;; Auto vars:     Size  Location     Type
  1534 ;;  channel         1    1[COMMON] unsigned char 
  1535 ;; Return value:  Size  Location     Type
  1536 ;;                  1    wreg      unsigned char 
  1537 ;; Registers used:
  1538 ;;		wreg, status,2, status,0
  1539 ;; Tracked objects:
  1540 ;;		On entry : 0/0
  1541 ;;		On exit  : 0/0
  1542 ;;		Unchanged: 0/0
  1543 ;; Data sizes:     COMMON   BANK0   BANK1   BANK3   BANK2
  1544 ;;      Params:         0       0       0       0       0
  1545 ;;      Locals:         1       0       0       0       0
  1546 ;;      Temps:          1       0       0       0       0
  1547 ;;      Totals:         2       0       0       0       0
  1548 ;;Total ram usage:        2 bytes
  1549 ;; Hardware stack levels used: 1
  1550 ;; This function calls:
  1551 ;;		Nothing
  1552 ;; This function is called by:
  1553 ;;		_isr
  1554 ;; This function uses a non-reentrant model
  1555 ;;
  1556                           
  1557  0142                     _adcChannel:	
  1558                           ;psect for function _adcChannel
  1559                           
  1560                           
  1561                           ;incstack = 0
  1562                           ; Regs used in _adcChannel: [wreg+status,2+status,0]
  1563                           ;adcChannel@channel stored from wreg
  1564  0142  00F1               	movwf	adcChannel@channel
  1565  0143                     i1l786:
  1566                           
  1567                           ;adc_c.c: 28:     ADCON0bits.CHS = channel;
  1568  0143  0871               	movf	adcChannel@channel,w
  1569  0144  00F0               	movwf	??_adcChannel
  1570  0145  0DF0               	rlf	??_adcChannel,f
  1571  0146  0DF0               	rlf	??_adcChannel,f
  1572  0147  1283               	bcf	3,5	;RP0=0, select bank0
  1573  0148  1303               	bcf	3,6	;RP1=0, select bank0
  1574  0149  081F               	movf	31,w	;volatile
  1575  014A  0670               	xorwf	??_adcChannel,w
  1576  014B  39C3               	andlw	-61
  1577  014C  0670               	xorwf	??_adcChannel,w
  1578  014D  009F               	movwf	31	;volatile
  1579  014E                     i1l788:
  1580                           
  1581                           ;adc_c.c: 29:     return ADRESH;
  1582  014E  081E               	movf	30,w	;volatile
  1583  014F                     i1l28:
  1584  014F  0008               	return
  1585  0150                     __end_of_adcChannel:
  1586  007E                     btemp	set	126	;btemp
  1587  007E                     wtemp0	set	126
  1588                           
  1589                           	psect	idloc
  1590                           
  1591                           ;Config register IDLOC0 @ 0x2000
  1592                           ;	unspecified, using default values
  1593  2000                     	org	8192
  1594  2000  3FFF               	dw	16383
  1595                           
  1596                           ;Config register IDLOC1 @ 0x2001
  1597                           ;	unspecified, using default values
  1598  2001                     	org	8193
  1599  2001  3FFF               	dw	16383
  1600                           
  1601                           ;Config register IDLOC2 @ 0x2002
  1602                           ;	unspecified, using default values
  1603  2002                     	org	8194
  1604  2002  3FFF               	dw	16383
  1605                           
  1606                           ;Config register IDLOC3 @ 0x2003
  1607                           ;	unspecified, using default values
  1608  2003                     	org	8195
  1609  2003  3FFF               	dw	16383
  1610                           
  1611                           	psect	config
  1612                           
  1613                           ;Config register CONFIG1 @ 0x2007
  1614                           ;	Oscillator Selection bits
  1615                           ;	FOSC = INTRC_NOCLKOUT, INTOSCIO oscillator: I/O function on RA6/OSC2/CLKOUT pin, I/O f
      +                          unction on RA7/OSC1/CLKIN
  1616                           ;	Watchdog Timer Enable bit
  1617                           ;	WDTE = OFF, WDT disabled and can be enabled by SWDTEN bit of the WDTCON register
  1618                           ;	Power-up Timer Enable bit
  1619                           ;	PWRTE = OFF, PWRT disabled
  1620                           ;	RE3/MCLR pin function select bit
  1621                           ;	MCLRE = OFF, RE3/MCLR pin function is digital input, MCLR internally tied to VDD
  1622                           ;	Code Protection bit
  1623                           ;	CP = OFF, Program memory code protection is disabled
  1624                           ;	Data Code Protection bit
  1625                           ;	CPD = OFF, Data memory code protection is disabled
  1626                           ;	Brown Out Reset Selection bits
  1627                           ;	BOREN = OFF, BOR disabled
  1628                           ;	Internal External Switchover bit
  1629                           ;	IESO = OFF, Internal/External Switchover mode is disabled
  1630                           ;	Fail-Safe Clock Monitor Enabled bit
  1631                           ;	FCMEN = OFF, Fail-Safe Clock Monitor is disabled
  1632                           ;	Low Voltage Programming Enable bit
  1633                           ;	LVP = OFF, RB3 pin has digital I/O, HV on MCLR must be used for programming
  1634                           ;	In-Circuit Debugger Mode bit
  1635                           ;	DEBUG = 0x1, unprogrammed default
  1636  2007                     	org	8199
  1637  2007  20D4               	dw	8404
  1638                           
  1639                           ;Config register CONFIG2 @ 0x2008
  1640                           ;	Brown-out Reset Selection bit
  1641                           ;	BOR4V = BOR40V, Brown-out Reset set to 4.0V
  1642                           ;	Flash Program Memory Self Write Enable bits
  1643                           ;	WRT = OFF, Write protection off
  1644  2008                     	org	8200
  1645  2008  3FFF               	dw	16383

Data Sizes:
    Strings     0
    Constant    0
    Data        0
    BSS         3
    Persistent  0
    Stack       0

Auto Spaces:
    Space          Size  Autos    Used
    COMMON           14      6       9
    BANK0            80      4       4
    BANK1            80      0       0
    BANK3            96      0       0
    BANK2            96      0       0

Pointer List with Targets:

    None.

Critical Paths under _main in COMMON

    _setup->_spiInit

Critical Paths under _isr in COMMON

    _isr->_adcChannel

Critical Paths under _main in BANK0

    _main->_setup
    _setup->_spiInit

Critical Paths under _isr in BANK0

    None.

Critical Paths under _main in BANK1

    None.

Critical Paths under _isr in BANK1

    None.

Critical Paths under _main in BANK3

    None.

Critical Paths under _isr in BANK3

    None.

Critical Paths under _main in BANK2

    None.

Critical Paths under _isr in BANK2

    None.

Call Graph Tables:

 ---------------------------------------------------------------------------------
 (Depth) Function   	        Calls       Base Space   Used Autos Params    Refs
 ---------------------------------------------------------------------------------
 (0) _main                                                 0     0      0     763
                              _setup
 ---------------------------------------------------------------------------------
 (1) _setup                                                1     1      0     763
                                              3 BANK0      1     1      0
                          _adcConfig
                          _configOsc
                            _spiInit
 ---------------------------------------------------------------------------------
 (2) _spiInit                                              4     1      3     456
                                              5 COMMON     1     1      0
                                              0 BANK0      3     0      3
 ---------------------------------------------------------------------------------
 (2) _configOsc                                            2     0      2     307
                                              0 BANK0      2     0      2
 ---------------------------------------------------------------------------------
 (2) _adcConfig                                            0     0      0       0
 ---------------------------------------------------------------------------------
 Estimated maximum stack depth 2
 ---------------------------------------------------------------------------------
 (Depth) Function   	        Calls       Base Space   Used Autos Params    Refs
 ---------------------------------------------------------------------------------
 (3) _isr                                                  3     3      0      30
                                              2 COMMON     3     3      0
                         _adcChannel
                            _spiRead
                           _spiWrite
 ---------------------------------------------------------------------------------
 (4) _spiWrite                                             1     1      0      15
                                              0 COMMON     1     1      0
 ---------------------------------------------------------------------------------
 (4) _spiRead                                              0     0      0       0
                     _spiReceiveWait
 ---------------------------------------------------------------------------------
 (5) _spiReceiveWait                                       0     0      0       0
 ---------------------------------------------------------------------------------
 (4) _adcChannel                                           2     2      0      15
                                              0 COMMON     2     2      0
 ---------------------------------------------------------------------------------
 Estimated maximum stack depth 5
 ---------------------------------------------------------------------------------

 Call Graph Graphs:

 _main (ROOT)
   _setup
     _adcConfig
     _configOsc
     _spiInit

 _isr (ROOT)
   _adcChannel
   _spiRead
     _spiReceiveWait
   _spiWrite

 Address spaces:
Name               Size   Autos  Total    Cost      Usage
BITCOMMON            E      0       0       0        0.0%
EEDATA             100      0       0       0        0.0%
NULL                 0      0       0       0        0.0%
CODE                 0      0       0       0        0.0%
COMMON               E      6       9       1       64.3%
BITSFR0              0      0       0       1        0.0%
SFR0                 0      0       0       1        0.0%
BITSFR1              0      0       0       2        0.0%
SFR1                 0      0       0       2        0.0%
STACK                0      0       0       2        0.0%
ABS                  0      0       D       3        0.0%
BITBANK0            50      0       0       4        0.0%
BITSFR3              0      0       0       4        0.0%
SFR3                 0      0       0       4        0.0%
BANK0               50      4       4       5        5.0%
BITSFR2              0      0       0       5        0.0%
SFR2                 0      0       0       5        0.0%
BITBANK1            50      0       0       6        0.0%
BANK1               50      0       0       7        0.0%
BITBANK3            60      0       0       8        0.0%
BANK3               60      0       0       9        0.0%
BITBANK2            60      0       0      10        0.0%
BANK2               60      0       0      11        0.0%
DATA                 0      0       D      12        0.0%


Microchip Technology PIC Macro Assembler V2.36 build 20220127204148 
Symbol Table                                                                                   Wed Aug 02 17:01:56 2023

                      l5 0023                        l6 0031                        l7 003E  
                      l8 004E                        l9 005C              _SSPSTATbits 0094  
                     l10 006A                       l12 0079                       l25 0141  
                     l44 0127                       l45 012C                      l142 010E  
                    l760 0136                      l752 012D                      l770 013B  
                    l762 0137                      l754 0131                      l772 013C  
                    l764 0138                      l756 0132                      l766 0139  
                    l758 0133                      l768 013A                      l960 0038  
                    l970 0076                      l962 0048                      l954 0016  
                    l964 0056                      l956 001F                      l980 0126  
                    l972 0110                      l966 0064                      l958 002B  
                    l974 0117                      l990 00E7                      l982 00D4  
                    l968 0072                      l976 011D                      l992 00E8  
                    l984 00DF                      l978 011F                      l994 00E9  
                    l986 00E2                      l996 00EA                      l988 00E3  
                    l998 00ED                      u220 001F                      u221 001E  
                    u230 002B                      u231 002A                      u240 0038  
                    u241 0037                      u250 0048                      u251 0047  
                    u307 0100                      u260 0056                      u261 0055  
                    u270 0064                      u271 0063                      u280 0072  
                    u281 0071                      u290 0117                      u291 0116  
                    _isr 007A                     l1000 00EE                     l1010 00F3  
                   l1002 00EF                     l1012 00F6                     l1004 00F0  
                   l1020 0150                     l1014 00F7                     l1006 00F1  
                   l1022 0155                     l1016 00FC                     l1008 00F2  
                   l1024 0158                     l1018 0103                     _ADIF 0066  
                   ?_isr 0070                     i1l51 016C                     i1l28 014F  
                   i1l62 0165                     i1l54 0172                     i1l48 0166  
                   u9_20 016C                     u9_21 016B                     _main 0150  
                   btemp 007E                     start 000C                    ??_isr 0072  
          configOsc@frec 0020                    ?_main 0070                    i1l131 00CD  
                  i1l850 008D                    i1l860 00AA                    i1l852 0094  
                  i1l844 007A                    i1l870 00C5                    i1l862 00B3  
                  i1l854 009A                    i1l846 0080                    i1l784 0166  
                  i1l792 016E                    i1l872 00C9                    i1l864 00B7  
                  i1l848 0088                    i1l856 009D                    i1l786 0143  
                  i1l794 015D                    i1l874 00CC                    i1l866 00BA  
                  i1l858 00A1                    i1l788 014E                    i1l796 0162  
                  i1l868 00BC                    u10_20 0080                    u10_21 007F  
                  u11_20 008D                    u11_21 008C                    u12_20 00A1  
                  u12_21 00A0                    u13_20 00AA                    u13_21 00A9  
                  u31_27 00B5                    u32_27 00C7                    _PORTA 0005  
                  _PORTB 0006                    _PORTC 0007                    _PORTD 0008  
                  _TRISA 0085                    _TRISB 0086                    _TRISD 0088  
                  _SSPIF 0063                    _setup 00D4                    pclath 000A  
        __end_of_spiInit 012D          __end_of_spiRead 0166                    status 0003  
                  wtemp0 007E          __initialization 000F             __end_of_main 015D  
                 ??_main 0076                   _ADRESH 001E                   ?_setup 0070  
                 _ANSELH 0189        adcChannel@channel 0071                   _TRISC3 043B  
                 _TRISC5 043D                   _SSPCON 0014                   _SSPBUF 0013  
                 saved_w 007E         __end_of_spiWrite 0173                ??_spiInit 0075  
              ??_spiRead 0070               _adcChannel 0142  __end_of__initialization 0012  
         __pcstackCOMMON 0070            __end_of_setup 010F                  ??_setup 0023  
             __pmaintext 0150               __pintentry 0004        __end_of_adcConfig 0142  
            ?_adcChannel 0070                  _SSPSTAT 0094        __end_of_configOsc 007A  
              ?_spiWrite 0070                _ANSELbits 0188                  __ptext1 00D4  
                __ptext2 010F                  __ptext3 0016                  __ptext4 012D  
                __ptext5 007A                  __ptext6 016D                  __ptext7 015D  
                __ptext8 0166                  __ptext9 0142                  _spiInit 010F  
                _spiRead 015D     end_of_initialization 0012               ??_spiWrite 0070  
              _PORTDbits 0008                _TRISAbits 0085                _TRISCbits 0087  
            spiWrite@dat 0070           _spiReceiveWait 0166      start_initialization 000F  
            __end_of_isr 00D4   __end_of_spiReceiveWait 016D                _adcConfig 012D  
            __pbssCOMMON 0076                ___latbits 0002            __pcstackBANK0 0020  
           ??_adcChannel 0070          ?_spiReceiveWait 0070                _configOsc 0016  
     __end_of_adcChannel 0150               ?_adcConfig 0070                 ?_spiInit 0020  
               ?_spiRead 0070                _dummydata 0076     spiInit@sTransmitEdge 0022  
      interrupt_function 0004                 _PIE1bits 008C       spiInit@sDataSample 0020  
               _PIR1bits 000C               ?_configOsc 0020               _ADCON0bits 001F  
             _ADCON1bits 009F                 _adcValue 0077              ??_adcConfig 0075  
               _temporal 0078                 _spiWrite 016D             spiInit@sType 0075  
            ??_configOsc 0075        spiInit@sClockIdle 0021               _INTCONbits 000B  
               intlevel1 0000         ??_spiReceiveWait 0070               _OSCCONbits 008F  
