

Microchip MPLAB XC8 Assembler V2.41 build 20230208172133 
                                                                                               Wed Aug 02 19:22:51 2023

Microchip MPLAB XC8 C Compiler v2.41 (Free license) build 20230208172133 Og1 
     1                           	processor	16F887
     2                           	pagewidth 120
     3                           	opt	flic
     4                           	psect	idataCOMMON,global,class=CODE,delta=2,noexec
     5                           	psect	cinit,global,class=CODE,merge=1,delta=2
     6                           	psect	bssCOMMON,global,class=COMMON,space=1,delta=1,noexec
     7                           	psect	dataCOMMON,global,class=COMMON,space=1,delta=1,noexec
     8                           	psect	cstackCOMMON,global,class=COMMON,space=1,delta=1,noexec
     9                           	psect	cstackBANK0,global,class=BANK0,space=1,delta=1,noexec
    10                           	psect	maintext,global,class=CODE,split=1,delta=2
    11                           	psect	text1,local,class=CODE,merge=1,delta=2
    12                           	psect	text2,local,class=CODE,merge=1,delta=2
    13                           	psect	text3,local,class=CODE,merge=1,delta=2
    14                           	psect	text4,local,class=CODE,merge=1,delta=2
    15                           	psect	text5,local,class=CODE,merge=1,delta=2
    16                           	psect	text6,local,class=CODE,merge=1,delta=2
    17                           	psect	intentry,global,class=CODE,delta=2
    18                           	psect	text7,local,class=CODE,merge=1,delta=2
    19                           	psect	text8,local,class=CODE,merge=1,delta=2
    20                           	psect	text9,local,class=CODE,merge=1,delta=2
    21                           	psect	text10,local,class=CODE,merge=1,delta=2
    22                           	psect	idloc,global,abs,ovrld,class=IDLOC,space=5,delta=2,noexec
    23                           	psect	config,global,abs,ovrld,class=CONFIG,space=4,delta=2,noexec
    24                           	dabs	1,0x7E,2
    25     0000                     
    26                           ; Version 2.40
    27                           ; Generated 17/11/2021 GMT
    28                           ; 
    29                           ; Copyright © 2021, Microchip Technology Inc. and its subsidiaries ("Microchip")
    30                           ; All rights reserved.
    31                           ; 
    32                           ; This software is developed by Microchip Technology Inc. and its subsidiaries ("Microch
      +                          ip").
    33                           ; 
    34                           ; Redistribution and use in source and binary forms, with or without modification, are
    35                           ; permitted provided that the following conditions are met:
    36                           ; 
    37                           ;     1. Redistributions of source code must retain the above copyright notice, this lis
      +                          t of
    38                           ;        conditions and the following disclaimer.
    39                           ; 
    40                           ;     2. Redistributions in binary form must reproduce the above copyright notice, this 
      +                          list
    41                           ;        of conditions and the following disclaimer in the documentation and/or other
    42                           ;        materials provided with the distribution. Publication is not required when
    43                           ;        this file is used in an embedded application.
    44                           ; 
    45                           ;     3. Microchip's name may not be used to endorse or promote products derived from th
      +                          is
    46                           ;        software without specific prior written permission.
    47                           ; 
    48                           ; THIS SOFTWARE IS PROVIDED BY MICROCHIP "AS IS" AND ANY EXPRESS OR IMPLIED WARRANTIES,
    49                           ; INCLUDING, BUT NOT LIMITED TO, THE IMPLIED WARRANTIES OF MERCHANTABILITY AND FITNESS F
      +                          OR
    50                           ; PURPOSE ARE DISCLAIMED.  IN NO EVENT SHALL MICROCHIP BE LIABLE FOR ANY DIRECT, INDIREC
      +                          T,
    51                           ; INCIDENTAL, SPECIAL, EXEMPLARY, OR CONSEQUENTIAL DAMAGES (INCLUDING BUT NOT LIMITED TO
    52                           ; PROCUREMENT OF SUBSTITUTE GOODS OR SERVICES; LOSS OF USE, DATA OR PROFITS; OR BUSINESS
    53                           ; INTERRUPTION) HOWSOEVER CAUSED AND ON ANY THEORY OF LIABILITY, WHETHER IN CONTRACT, ST
      +                          RICT
    54                           ; LIABILITY, OR TORT (INCLUDING NEGLIGENCE OR OTHERWISE) ARISING IN ANY WAY OUT OF THE U
      +                          SE OF
    55                           ; THIS SOFTWARE, EVEN IF ADVISED OF THE POSSIBILITY OF SUCH DAMAGE.
    56                           ; 
    57                           ; 
    58                           ; Code-generator required, PIC16F887 Definitions
    59                           ; 
    60                           ; SFR Addresses
    61     0000                     	;# 
    62     0001                     	;# 
    63     0002                     	;# 
    64     0003                     	;# 
    65     0004                     	;# 
    66     0005                     	;# 
    67     0006                     	;# 
    68     0007                     	;# 
    69     0008                     	;# 
    70     0009                     	;# 
    71     000A                     	;# 
    72     000B                     	;# 
    73     000C                     	;# 
    74     000D                     	;# 
    75     000E                     	;# 
    76     000E                     	;# 
    77     000F                     	;# 
    78     0010                     	;# 
    79     0011                     	;# 
    80     0012                     	;# 
    81     0013                     	;# 
    82     0014                     	;# 
    83     0015                     	;# 
    84     0015                     	;# 
    85     0016                     	;# 
    86     0017                     	;# 
    87     0018                     	;# 
    88     0019                     	;# 
    89     001A                     	;# 
    90     001B                     	;# 
    91     001B                     	;# 
    92     001C                     	;# 
    93     001D                     	;# 
    94     001E                     	;# 
    95     001F                     	;# 
    96     0081                     	;# 
    97     0085                     	;# 
    98     0086                     	;# 
    99     0087                     	;# 
   100     0088                     	;# 
   101     0089                     	;# 
   102     008C                     	;# 
   103     008D                     	;# 
   104     008E                     	;# 
   105     008F                     	;# 
   106     0090                     	;# 
   107     0091                     	;# 
   108     0092                     	;# 
   109     0093                     	;# 
   110     0093                     	;# 
   111     0093                     	;# 
   112     0094                     	;# 
   113     0095                     	;# 
   114     0096                     	;# 
   115     0097                     	;# 
   116     0098                     	;# 
   117     0099                     	;# 
   118     009A                     	;# 
   119     009B                     	;# 
   120     009C                     	;# 
   121     009D                     	;# 
   122     009E                     	;# 
   123     009F                     	;# 
   124     0105                     	;# 
   125     0107                     	;# 
   126     0108                     	;# 
   127     0109                     	;# 
   128     010C                     	;# 
   129     010C                     	;# 
   130     010D                     	;# 
   131     010E                     	;# 
   132     010F                     	;# 
   133     0185                     	;# 
   134     0187                     	;# 
   135     0188                     	;# 
   136     0189                     	;# 
   137     018C                     	;# 
   138     018D                     	;# 
   139     0000                     	;# 
   140     0001                     	;# 
   141     0002                     	;# 
   142     0003                     	;# 
   143     0004                     	;# 
   144     0005                     	;# 
   145     0006                     	;# 
   146     0007                     	;# 
   147     0008                     	;# 
   148     0009                     	;# 
   149     000A                     	;# 
   150     000B                     	;# 
   151     000C                     	;# 
   152     000D                     	;# 
   153     000E                     	;# 
   154     000E                     	;# 
   155     000F                     	;# 
   156     0010                     	;# 
   157     0011                     	;# 
   158     0012                     	;# 
   159     0013                     	;# 
   160     0014                     	;# 
   161     0015                     	;# 
   162     0015                     	;# 
   163     0016                     	;# 
   164     0017                     	;# 
   165     0018                     	;# 
   166     0019                     	;# 
   167     001A                     	;# 
   168     001B                     	;# 
   169     001B                     	;# 
   170     001C                     	;# 
   171     001D                     	;# 
   172     001E                     	;# 
   173     001F                     	;# 
   174     0081                     	;# 
   175     0085                     	;# 
   176     0086                     	;# 
   177     0087                     	;# 
   178     0088                     	;# 
   179     0089                     	;# 
   180     008C                     	;# 
   181     008D                     	;# 
   182     008E                     	;# 
   183     008F                     	;# 
   184     0090                     	;# 
   185     0091                     	;# 
   186     0092                     	;# 
   187     0093                     	;# 
   188     0093                     	;# 
   189     0093                     	;# 
   190     0094                     	;# 
   191     0095                     	;# 
   192     0096                     	;# 
   193     0097                     	;# 
   194     0098                     	;# 
   195     0099                     	;# 
   196     009A                     	;# 
   197     009B                     	;# 
   198     009C                     	;# 
   199     009D                     	;# 
   200     009E                     	;# 
   201     009F                     	;# 
   202     0105                     	;# 
   203     0107                     	;# 
   204     0108                     	;# 
   205     0109                     	;# 
   206     010C                     	;# 
   207     010C                     	;# 
   208     010D                     	;# 
   209     010E                     	;# 
   210     010F                     	;# 
   211     0185                     	;# 
   212     0187                     	;# 
   213     0188                     	;# 
   214     0189                     	;# 
   215     018C                     	;# 
   216     018D                     	;# 
   217     0000                     	;# 
   218     0001                     	;# 
   219     0002                     	;# 
   220     0003                     	;# 
   221     0004                     	;# 
   222     0005                     	;# 
   223     0006                     	;# 
   224     0007                     	;# 
   225     0008                     	;# 
   226     0009                     	;# 
   227     000A                     	;# 
   228     000B                     	;# 
   229     000C                     	;# 
   230     000D                     	;# 
   231     000E                     	;# 
   232     000E                     	;# 
   233     000F                     	;# 
   234     0010                     	;# 
   235     0011                     	;# 
   236     0012                     	;# 
   237     0013                     	;# 
   238     0014                     	;# 
   239     0015                     	;# 
   240     0015                     	;# 
   241     0016                     	;# 
   242     0017                     	;# 
   243     0018                     	;# 
   244     0019                     	;# 
   245     001A                     	;# 
   246     001B                     	;# 
   247     001B                     	;# 
   248     001C                     	;# 
   249     001D                     	;# 
   250     001E                     	;# 
   251     001F                     	;# 
   252     0081                     	;# 
   253     0085                     	;# 
   254     0086                     	;# 
   255     0087                     	;# 
   256     0088                     	;# 
   257     0089                     	;# 
   258     008C                     	;# 
   259     008D                     	;# 
   260     008E                     	;# 
   261     008F                     	;# 
   262     0090                     	;# 
   263     0091                     	;# 
   264     0092                     	;# 
   265     0093                     	;# 
   266     0093                     	;# 
   267     0093                     	;# 
   268     0094                     	;# 
   269     0095                     	;# 
   270     0096                     	;# 
   271     0097                     	;# 
   272     0098                     	;# 
   273     0099                     	;# 
   274     009A                     	;# 
   275     009B                     	;# 
   276     009C                     	;# 
   277     009D                     	;# 
   278     009E                     	;# 
   279     009F                     	;# 
   280     0105                     	;# 
   281     0107                     	;# 
   282     0108                     	;# 
   283     0109                     	;# 
   284     010C                     	;# 
   285     010C                     	;# 
   286     010D                     	;# 
   287     010E                     	;# 
   288     010F                     	;# 
   289     0185                     	;# 
   290     0187                     	;# 
   291     0188                     	;# 
   292     0189                     	;# 
   293     018C                     	;# 
   294     018D                     	;# 
   295     0000                     	;# 
   296     0001                     	;# 
   297     0002                     	;# 
   298     0003                     	;# 
   299     0004                     	;# 
   300     0005                     	;# 
   301     0006                     	;# 
   302     0007                     	;# 
   303     0008                     	;# 
   304     0009                     	;# 
   305     000A                     	;# 
   306     000B                     	;# 
   307     000C                     	;# 
   308     000D                     	;# 
   309     000E                     	;# 
   310     000E                     	;# 
   311     000F                     	;# 
   312     0010                     	;# 
   313     0011                     	;# 
   314     0012                     	;# 
   315     0013                     	;# 
   316     0014                     	;# 
   317     0015                     	;# 
   318     0015                     	;# 
   319     0016                     	;# 
   320     0017                     	;# 
   321     0018                     	;# 
   322     0019                     	;# 
   323     001A                     	;# 
   324     001B                     	;# 
   325     001B                     	;# 
   326     001C                     	;# 
   327     001D                     	;# 
   328     001E                     	;# 
   329     001F                     	;# 
   330     0081                     	;# 
   331     0085                     	;# 
   332     0086                     	;# 
   333     0087                     	;# 
   334     0088                     	;# 
   335     0089                     	;# 
   336     008C                     	;# 
   337     008D                     	;# 
   338     008E                     	;# 
   339     008F                     	;# 
   340     0090                     	;# 
   341     0091                     	;# 
   342     0092                     	;# 
   343     0093                     	;# 
   344     0093                     	;# 
   345     0093                     	;# 
   346     0094                     	;# 
   347     0095                     	;# 
   348     0096                     	;# 
   349     0097                     	;# 
   350     0098                     	;# 
   351     0099                     	;# 
   352     009A                     	;# 
   353     009B                     	;# 
   354     009C                     	;# 
   355     009D                     	;# 
   356     009E                     	;# 
   357     009F                     	;# 
   358     0105                     	;# 
   359     0107                     	;# 
   360     0108                     	;# 
   361     0109                     	;# 
   362     010C                     	;# 
   363     010C                     	;# 
   364     010D                     	;# 
   365     010E                     	;# 
   366     010F                     	;# 
   367     0185                     	;# 
   368     0187                     	;# 
   369     0188                     	;# 
   370     0189                     	;# 
   371     018C                     	;# 
   372     018D                     	;# 
   373     0000                     	;# 
   374     0001                     	;# 
   375     0002                     	;# 
   376     0003                     	;# 
   377     0004                     	;# 
   378     0005                     	;# 
   379     0006                     	;# 
   380     0007                     	;# 
   381     0008                     	;# 
   382     0009                     	;# 
   383     000A                     	;# 
   384     000B                     	;# 
   385     000C                     	;# 
   386     000D                     	;# 
   387     000E                     	;# 
   388     000E                     	;# 
   389     000F                     	;# 
   390     0010                     	;# 
   391     0011                     	;# 
   392     0012                     	;# 
   393     0013                     	;# 
   394     0014                     	;# 
   395     0015                     	;# 
   396     0015                     	;# 
   397     0016                     	;# 
   398     0017                     	;# 
   399     0018                     	;# 
   400     0019                     	;# 
   401     001A                     	;# 
   402     001B                     	;# 
   403     001B                     	;# 
   404     001C                     	;# 
   405     001D                     	;# 
   406     001E                     	;# 
   407     001F                     	;# 
   408     0081                     	;# 
   409     0085                     	;# 
   410     0086                     	;# 
   411     0087                     	;# 
   412     0088                     	;# 
   413     0089                     	;# 
   414     008C                     	;# 
   415     008D                     	;# 
   416     008E                     	;# 
   417     008F                     	;# 
   418     0090                     	;# 
   419     0091                     	;# 
   420     0092                     	;# 
   421     0093                     	;# 
   422     0093                     	;# 
   423     0093                     	;# 
   424     0094                     	;# 
   425     0095                     	;# 
   426     0096                     	;# 
   427     0097                     	;# 
   428     0098                     	;# 
   429     0099                     	;# 
   430     009A                     	;# 
   431     009B                     	;# 
   432     009C                     	;# 
   433     009D                     	;# 
   434     009E                     	;# 
   435     009F                     	;# 
   436     0105                     	;# 
   437     0107                     	;# 
   438     0108                     	;# 
   439     0109                     	;# 
   440     010C                     	;# 
   441     010C                     	;# 
   442     010D                     	;# 
   443     010E                     	;# 
   444     010F                     	;# 
   445     0185                     	;# 
   446     0187                     	;# 
   447     0188                     	;# 
   448     0189                     	;# 
   449     018C                     	;# 
   450     018D                     	;# 
   451                           
   452                           	psect	idataCOMMON
   453     0166                     __pidataCOMMON:
   454                           
   455                           ;initializer for _adcValue
   456     0166  3403               	retlw	3
   457     0005                     _PORTA	set	5
   458     000C                     _PIR1bits	set	12
   459     0006                     _PORTB	set	6
   460     001E                     _ADRESH	set	30
   461     000B                     _INTCONbits	set	11
   462     001F                     _ADCON0bits	set	31
   463     0013                     _SSPBUF	set	19
   464     0014                     _SSPCON	set	20
   465     0066                     _ADIF	set	102
   466     0063                     _SSPIF	set	99
   467     0085                     _TRISAbits	set	133
   468     0086                     _TRISB	set	134
   469     0085                     _TRISA	set	133
   470     008C                     _PIE1bits	set	140
   471     009F                     _ADCON1bits	set	159
   472     0094                     _SSPSTATbits	set	148
   473     0094                     _SSPSTAT	set	148
   474     008F                     _OSCCONbits	set	143
   475     043B                     _TRISC3	set	1083
   476     043D                     _TRISC5	set	1085
   477     0188                     _ANSELbits	set	392
   478     0189                     _ANSELH	set	393
   479                           
   480                           	psect	cinit
   481     000F                     start_initialization:	
   482                           ; #config settings
   483                           
   484     000F                     __initialization:
   485                           
   486                           ; Initialize objects allocated to COMMON
   487     000F  120A  118A  2166  120A  118A  	fcall	__pidataCOMMON	;fetch initializer
   488     0014  00F9               	movwf	__pdataCOMMON& (0+127)
   489                           
   490                           ; Clear objects allocated to COMMON
   491     0015  01F7               	clrf	__pbssCOMMON& (0+127)
   492     0016  01F8               	clrf	(__pbssCOMMON+1)& (0+127)
   493     0017                     end_of_initialization:	
   494                           ;End of C runtime variable initialization code
   495                           
   496     0017                     __end_of__initialization:
   497     0017  0183               	clrf	3
   498     0018  120A  118A  28E3   	ljmp	_main	;jump to C main() function
   499                           
   500                           	psect	bssCOMMON
   501     0077                     __pbssCOMMON:
   502     0077                     _slaveSelect:
   503     0077                     	ds	1
   504     0078                     _temporal:
   505     0078                     	ds	1
   506                           
   507                           	psect	dataCOMMON
   508     0079                     __pdataCOMMON:
   509     0079                     _adcValue:
   510     0079                     	ds	1
   511                           
   512                           	psect	cstackCOMMON
   513     0070                     __pcstackCOMMON:
   514     0070                     ?_adcChannel:
   515     0070                     ?_setup:	
   516                           ; 1 bytes @ 0x0
   517                           
   518     0070                     ?_spiReceiveWait:	
   519                           ; 1 bytes @ 0x0
   520                           
   521     0070                     ??_spiReceiveWait:	
   522                           ; 1 bytes @ 0x0
   523                           
   524     0070                     ?_spiWrite:	
   525                           ; 1 bytes @ 0x0
   526                           
   527     0070                     ??_spiWrite:	
   528                           ; 1 bytes @ 0x0
   529                           
   530     0070                     ?_spiRead:	
   531                           ; 1 bytes @ 0x0
   532                           
   533     0070                     ??_spiRead:	
   534                           ; 1 bytes @ 0x0
   535                           
   536     0070                     ?_adcConfig:	
   537                           ; 1 bytes @ 0x0
   538                           
   539     0070                     ?_adcRead:	
   540                           ; 1 bytes @ 0x0
   541                           
   542     0070                     ??_adcRead:	
   543                           ; 1 bytes @ 0x0
   544                           
   545     0070                     ?_isr:	
   546                           ; 1 bytes @ 0x0
   547                           
   548     0070                     ?_main:	
   549                           ; 1 bytes @ 0x0
   550                           
   551     0070                     spiWrite@dat:	
   552                           ; 1 bytes @ 0x0
   553                           
   554                           
   555                           ; 1 bytes @ 0x0
   556     0070                     	ds	1
   557     0071                     ??_isr:
   558                           
   559                           ; 1 bytes @ 0x1
   560     0071                     	ds	3
   561     0074                     ??_adcChannel:
   562     0074                     ?_configOsc:	
   563                           ; 1 bytes @ 0x4
   564                           
   565     0074                     ?_spiInit:	
   566                           ; 1 bytes @ 0x4
   567                           
   568     0074                     spiInit@sDataSample:	
   569                           ; 1 bytes @ 0x4
   570                           
   571     0074                     configOsc@frec:	
   572                           ; 1 bytes @ 0x4
   573                           
   574                           
   575                           ; 2 bytes @ 0x4
   576     0074                     	ds	1
   577     0075                     spiInit@sClockIdle:
   578     0075                     adcChannel@channel:	
   579                           ; 1 bytes @ 0x5
   580                           
   581                           
   582                           ; 1 bytes @ 0x5
   583     0075                     	ds	1
   584     0076                     ??_configOsc:
   585     0076                     ??_adcConfig:	
   586                           ; 1 bytes @ 0x6
   587                           
   588     0076                     spiInit@sTransmitEdge:	
   589                           ; 1 bytes @ 0x6
   590                           
   591                           
   592                           ; 1 bytes @ 0x6
   593     0076                     	ds	1
   594     0077                     ??_spiInit:
   595                           
   596                           	psect	cstackBANK0
   597     0020                     __pcstackBANK0:	
   598                           ; 1 bytes @ 0x7
   599                           
   600     0020                     spiInit@sType:
   601                           
   602                           ; 1 bytes @ 0x0
   603     0020                     	ds	1
   604     0021                     ??_setup:
   605                           
   606                           ; 1 bytes @ 0x1
   607     0021                     	ds	1
   608     0022                     ??_main:
   609                           
   610                           ; 1 bytes @ 0x2
   611     0022                     	ds	1
   612                           
   613                           	psect	maintext
   614     00E3                     __pmaintext:	
   615 ;;
   616 ;;Main: autosize = 0, tempsize = 1, incstack = 0, save=0
   617 ;;
   618 ;; *************** function _main *****************
   619 ;; Defined at:
   620 ;;		line 75 in file "E:/Universidad/Semestre2_2023/Digital-2/Lab3/Lab3_Slave_1.X/Lab3Slave1.c"
   621 ;; Parameters:    Size  Location     Type
   622 ;;		None
   623 ;; Auto vars:     Size  Location     Type
   624 ;;		None
   625 ;; Return value:  Size  Location     Type
   626 ;;                  1    wreg      void 
   627 ;; Registers used:
   628 ;;		wreg, status,2, status,0, pclath, cstack
   629 ;; Tracked objects:
   630 ;;		On entry : B00/0
   631 ;;		On exit  : 0/0
   632 ;;		Unchanged: 0/0
   633 ;; Data sizes:     COMMON   BANK0   BANK1   BANK3   BANK2
   634 ;;      Params:         0       0       0       0       0
   635 ;;      Locals:         0       0       0       0       0
   636 ;;      Temps:          0       1       0       0       0
   637 ;;      Totals:         0       1       0       0       0
   638 ;;Total ram usage:        1 bytes
   639 ;; Hardware stack levels required when called: 6
   640 ;; This function calls:
   641 ;;		_adcChannel
   642 ;;		_setup
   643 ;; This function is called by:
   644 ;;		Startup code after reset
   645 ;; This function uses a non-reentrant model
   646 ;;
   647                           
   648     00E3                     _main:	
   649                           ;psect for function _main
   650                           
   651     00E3                     l954:	
   652                           ;incstack = 0
   653                           ; Regs used in _main: [wreg+status,2+status,0+pclath+cstack]
   654                           
   655                           
   656                           ;E:/Universidad/Semestre2_2023/Digital-2/Lab3/Lab3_Slave_1.X/Lab3Slave1.c: 76:     setup
      +                          ();
   657     00E3  120A  118A  20B0  120A  118A  	fcall	_setup
   658     00E8                     l956:
   659                           
   660                           ;E:/Universidad/Semestre2_2023/Digital-2/Lab3/Lab3_Slave_1.X/Lab3Slave1.c: 81:        if
      +                           (ADCON0bits.CHS == 0){
   661     00E8  1283               	bcf	3,5	;RP0=0, select bank0
   662     00E9  1303               	bcf	3,6	;RP1=0, select bank0
   663     00EA  0C1F               	rrf	31,w	;volatile
   664     00EB  00A2               	movwf	??_main
   665     00EC  0C22               	rrf	??_main,w
   666     00ED  390F               	andlw	15
   667     00EE  3A00               	xorlw	0
   668     00EF  1D03               	skipz
   669     00F0  28F2               	goto	u251
   670     00F1  28F3               	goto	u250
   671     00F2                     u251:
   672     00F2  2903               	goto	l964
   673     00F3                     u250:
   674     00F3                     l958:
   675                           
   676                           ;E:/Universidad/Semestre2_2023/Digital-2/Lab3/Lab3_Slave_1.X/Lab3Slave1.c: 82:        ad
      +                          cChannel(0);
   677     00F3  3000               	movlw	0
   678     00F4  120A  118A  213F  120A  118A  	fcall	_adcChannel
   679     00F9                     l960:
   680                           
   681                           ;E:/Universidad/Semestre2_2023/Digital-2/Lab3/Lab3_Slave_1.X/Lab3Slave1.c: 84:         _
      +                          delay((unsigned long)((20)*(8000000/4000000.0)));
   682     00F9  300C               	movlw	12
   683     00FA  1283               	bcf	3,5	;RP0=0, select bank0
   684     00FB  1303               	bcf	3,6	;RP1=0, select bank0
   685     00FC  00A2               	movwf	??_main
   686     00FD                     u267:
   687     00FD  0BA2               	decfsz	??_main,f
   688     00FE  28FD               	goto	u267
   689     00FF  0000               	nop
   690     0100                     l962:
   691                           
   692                           ;E:/Universidad/Semestre2_2023/Digital-2/Lab3/Lab3_Slave_1.X/Lab3Slave1.c: 86:         A
      +                          DCON0bits.GO = 1;
   693     0100  1283               	bcf	3,5	;RP0=0, select bank0
   694     0101  1303               	bcf	3,6	;RP1=0, select bank0
   695     0102  149F               	bsf	31,1	;volatile
   696     0103                     l964:
   697                           
   698                           ;E:/Universidad/Semestre2_2023/Digital-2/Lab3/Lab3_Slave_1.X/Lab3Slave1.c: 88:         P
      +                          ORTB = adcValue;
   699     0103  0879               	movf	_adcValue,w
   700     0104  0086               	movwf	6	;volatile
   701     0105  28E8               	goto	l956
   702     0106  120A  118A  280C   	ljmp	start
   703     0109                     __end_of_main:
   704                           
   705                           	psect	text1
   706     00B0                     __ptext1:	
   707 ;; *************** function _setup *****************
   708 ;; Defined at:
   709 ;;		line 95 in file "E:/Universidad/Semestre2_2023/Digital-2/Lab3/Lab3_Slave_1.X/Lab3Slave1.c"
   710 ;; Parameters:    Size  Location     Type
   711 ;;		None
   712 ;; Auto vars:     Size  Location     Type
   713 ;;		None
   714 ;; Return value:  Size  Location     Type
   715 ;;                  1    wreg      void 
   716 ;; Registers used:
   717 ;;		wreg, status,2, status,0, pclath, cstack
   718 ;; Tracked objects:
   719 ;;		On entry : 0/0
   720 ;;		On exit  : 0/0
   721 ;;		Unchanged: 0/0
   722 ;; Data sizes:     COMMON   BANK0   BANK1   BANK3   BANK2
   723 ;;      Params:         0       0       0       0       0
   724 ;;      Locals:         0       0       0       0       0
   725 ;;      Temps:          0       1       0       0       0
   726 ;;      Totals:         0       1       0       0       0
   727 ;;Total ram usage:        1 bytes
   728 ;; Hardware stack levels used: 1
   729 ;; Hardware stack levels required when called: 5
   730 ;; This function calls:
   731 ;;		_adcConfig
   732 ;;		_configOsc
   733 ;;		_spiInit
   734 ;; This function is called by:
   735 ;;		_main
   736 ;; This function uses a non-reentrant model
   737 ;;
   738                           
   739     00B0                     _setup:	
   740                           ;psect for function _setup
   741                           
   742     00B0                     l930:	
   743                           ;incstack = 0
   744                           ; Regs used in _setup: [wreg+status,2+status,0+pclath+cstack]
   745                           
   746                           
   747                           ;E:/Universidad/Semestre2_2023/Digital-2/Lab3/Lab3_Slave_1.X/Lab3Slave1.c: 96:     confi
      +                          gOsc(8);
   748     00B0  3008               	movlw	8
   749     00B1  00F4               	movwf	configOsc@frec
   750     00B2  3000               	movlw	0
   751     00B3  00F5               	movwf	configOsc@frec+1
   752     00B4  120A  118A  201B  120A  118A  	fcall	_configOsc
   753     00B9                     l932:
   754                           
   755                           ;E:/Universidad/Semestre2_2023/Digital-2/Lab3/Lab3_Slave_1.X/Lab3Slave1.c: 98:     ANSEL
      +                          H = 0;
   756     00B9  1683               	bsf	3,5	;RP0=1, select bank3
   757     00BA  1703               	bsf	3,6	;RP1=1, select bank3
   758     00BB  0189               	clrf	9	;volatile
   759     00BC                     l934:
   760                           
   761                           ;E:/Universidad/Semestre2_2023/Digital-2/Lab3/Lab3_Slave_1.X/Lab3Slave1.c: 99:     ANSEL
      +                          bits.ANS0 = 1;
   762     00BC  1408               	bsf	8,0	;volatile
   763     00BD                     l936:
   764                           
   765                           ;E:/Universidad/Semestre2_2023/Digital-2/Lab3/Lab3_Slave_1.X/Lab3Slave1.c: 101:     TRIS
      +                          A = 1;
   766     00BD  3001               	movlw	1
   767     00BE  1683               	bsf	3,5	;RP0=1, select bank1
   768     00BF  1303               	bcf	3,6	;RP1=0, select bank1
   769     00C0  0085               	movwf	5	;volatile
   770     00C1                     l938:
   771                           
   772                           ;E:/Universidad/Semestre2_2023/Digital-2/Lab3/Lab3_Slave_1.X/Lab3Slave1.c: 102:     TRIS
      +                          B = 0;
   773     00C1  0186               	clrf	6	;volatile
   774     00C2                     l940:
   775                           
   776                           ;E:/Universidad/Semestre2_2023/Digital-2/Lab3/Lab3_Slave_1.X/Lab3Slave1.c: 104:     PORT
      +                          A = 0;
   777     00C2  1283               	bcf	3,5	;RP0=0, select bank0
   778     00C3  1303               	bcf	3,6	;RP1=0, select bank0
   779     00C4  0185               	clrf	5	;volatile
   780     00C5                     l942:
   781                           
   782                           ;E:/Universidad/Semestre2_2023/Digital-2/Lab3/Lab3_Slave_1.X/Lab3Slave1.c: 105:     PORT
      +                          B = 0;
   783     00C5  0186               	clrf	6	;volatile
   784     00C6                     l944:
   785                           
   786                           ;E:/Universidad/Semestre2_2023/Digital-2/Lab3/Lab3_Slave_1.X/Lab3Slave1.c: 107:     adcC
      +                          onfig();
   787     00C6  120A  118A  2127  120A  118A  	fcall	_adcConfig
   788                           
   789                           ;E:/Universidad/Semestre2_2023/Digital-2/Lab3/Lab3_Slave_1.X/Lab3Slave1.c: 108:     _del
      +                          ay((unsigned long)((40)*(8000000/4000000.0)));
   790     00CB  3019               	movlw	25
   791     00CC  1283               	bcf	3,5	;RP0=0, select bank0
   792     00CD  1303               	bcf	3,6	;RP1=0, select bank0
   793     00CE  00A1               	movwf	??_setup
   794     00CF                     u277:
   795     00CF  0BA1               	decfsz	??_setup,f
   796     00D0  28CF               	goto	u277
   797     00D1  28D2               	nop2
   798     00D2                     l946:
   799                           
   800                           ;E:/Universidad/Semestre2_2023/Digital-2/Lab3/Lab3_Slave_1.X/Lab3Slave1.c: 109:     PIR1
      +                          bits.SSPIF = 0;
   801     00D2  1283               	bcf	3,5	;RP0=0, select bank0
   802     00D3  1303               	bcf	3,6	;RP1=0, select bank0
   803     00D4  118C               	bcf	12,3	;volatile
   804     00D5                     l948:
   805                           
   806                           ;E:/Universidad/Semestre2_2023/Digital-2/Lab3/Lab3_Slave_1.X/Lab3Slave1.c: 110:     PIE1
      +                          bits.SSPIE = 1;
   807     00D5  1683               	bsf	3,5	;RP0=1, select bank1
   808     00D6  1303               	bcf	3,6	;RP1=0, select bank1
   809     00D7  158C               	bsf	12,3	;volatile
   810     00D8                     l950:
   811                           
   812                           ;E:/Universidad/Semestre2_2023/Digital-2/Lab3/Lab3_Slave_1.X/Lab3Slave1.c: 111:     TRIS
      +                          Abits.TRISA5 = 1;
   813     00D8  1685               	bsf	5,5	;volatile
   814     00D9                     l952:
   815                           
   816                           ;E:/Universidad/Semestre2_2023/Digital-2/Lab3/Lab3_Slave_1.X/Lab3Slave1.c: 112:     spiI
      +                          nit(SPI_SLAVE_SS_EN, SPI_DATA_SAMPLE_MIDDLE, SPI_CLOCK_IDLE_LOW, SPI_IDLE_2_ACTIVE);
   817     00D9  01F4               	clrf	spiInit@sDataSample
   818     00DA  01F5               	clrf	spiInit@sClockIdle
   819     00DB  01F6               	clrf	spiInit@sTransmitEdge
   820     00DC  3024               	movlw	36
   821     00DD  120A  118A  2109  120A  118A  	fcall	_spiInit
   822     00E2                     l136:
   823     00E2  0008               	return
   824     00E3                     __end_of_setup:
   825                           
   826                           	psect	text2
   827     0109                     __ptext2:	
   828 ;; *************** function _spiInit *****************
   829 ;; Defined at:
   830 ;;		line 12 in file "SPI.c"
   831 ;; Parameters:    Size  Location     Type
   832 ;;  sType           1    wreg     enum E1292
   833 ;;  sDataSample     1    4[COMMON] enum E1300
   834 ;;  sClockIdle      1    5[COMMON] enum E1304
   835 ;;  sTransmitEdg    1    6[COMMON] enum E1308
   836 ;; Auto vars:     Size  Location     Type
   837 ;;  sType           1    0[BANK0 ] enum E1292
   838 ;; Return value:  Size  Location     Type
   839 ;;                  1    wreg      void 
   840 ;; Registers used:
   841 ;;		wreg, status,2, status,0
   842 ;; Tracked objects:
   843 ;;		On entry : 0/0
   844 ;;		On exit  : 0/0
   845 ;;		Unchanged: 0/0
   846 ;; Data sizes:     COMMON   BANK0   BANK1   BANK3   BANK2
   847 ;;      Params:         3       0       0       0       0
   848 ;;      Locals:         0       1       0       0       0
   849 ;;      Temps:          0       0       0       0       0
   850 ;;      Totals:         3       1       0       0       0
   851 ;;Total ram usage:        4 bytes
   852 ;; Hardware stack levels used: 1
   853 ;; Hardware stack levels required when called: 3
   854 ;; This function calls:
   855 ;;		Nothing
   856 ;; This function is called by:
   857 ;;		_setup
   858 ;; This function uses a non-reentrant model
   859 ;;
   860                           
   861     0109                     _spiInit:	
   862                           ;psect for function _spiInit
   863                           
   864                           
   865                           ;incstack = 0
   866                           ; Regs used in _spiInit: [wreg+status,2+status,0]
   867                           ;spiInit@sType stored from wreg
   868     0109  1283               	bcf	3,5	;RP0=0, select bank0
   869     010A  1303               	bcf	3,6	;RP1=0, select bank0
   870     010B  00A0               	movwf	spiInit@sType
   871     010C                     l920:
   872                           
   873                           ;SPI.c: 12: void spiInit(Spi_Type sType, Spi_Data_Sample sDataSample, Spi_Clock_Idle sCl
      +                          ockIdle, Spi_Transmit_Edge sTransmitEdge);SPI.c: 13: {;SPI.c: 14:     TRISC5 = 0;
   874     010C  1683               	bsf	3,5	;RP0=1, select bank1
   875     010D  1303               	bcf	3,6	;RP1=0, select bank1
   876     010E  1287               	bcf	7,5	;volatile
   877                           
   878                           ;SPI.c: 15:     if(sType & 0b00000100)
   879     010F  1283               	bcf	3,5	;RP0=0, select bank0
   880     0110  1303               	bcf	3,6	;RP1=0, select bank0
   881     0111  1D20               	btfss	spiInit@sType,2
   882     0112  2914               	goto	u241
   883     0113  2915               	goto	u240
   884     0114                     u241:
   885     0114  291B               	goto	l926
   886     0115                     u240:
   887     0115                     l922:
   888                           
   889                           ;SPI.c: 16:     {;SPI.c: 17:         SSPSTAT = sTransmitEdge;
   890     0115  0876               	movf	spiInit@sTransmitEdge,w
   891     0116  1683               	bsf	3,5	;RP0=1, select bank1
   892     0117  1303               	bcf	3,6	;RP1=0, select bank1
   893     0118  0094               	movwf	20	;volatile
   894     0119                     l924:
   895                           
   896                           ;SPI.c: 18:         TRISC3 = 1;
   897     0119  1587               	bsf	7,3	;volatile
   898                           
   899                           ;SPI.c: 19:     }
   900     011A  2921               	goto	l28
   901     011B                     l926:
   902                           
   903                           ;SPI.c: 21:     {;SPI.c: 22:         SSPSTAT = sDataSample | sTransmitEdge;
   904     011B  0874               	movf	spiInit@sDataSample,w
   905     011C  0476               	iorwf	spiInit@sTransmitEdge,w
   906     011D  1683               	bsf	3,5	;RP0=1, select bank1
   907     011E  1303               	bcf	3,6	;RP1=0, select bank1
   908     011F  0094               	movwf	20	;volatile
   909     0120                     l928:
   910                           
   911                           ;SPI.c: 23:         TRISC3 = 0;
   912     0120  1187               	bcf	7,3	;volatile
   913     0121                     l28:	
   914                           ;SPI.c: 24:     }
   915                           
   916                           
   917                           ;SPI.c: 26:     SSPCON = sType | sClockIdle;
   918     0121  1283               	bcf	3,5	;RP0=0, select bank0
   919     0122  1303               	bcf	3,6	;RP1=0, select bank0
   920     0123  0820               	movf	spiInit@sType,w
   921     0124  0475               	iorwf	spiInit@sClockIdle,w
   922     0125  0094               	movwf	20	;volatile
   923     0126                     l29:
   924     0126  0008               	return
   925     0127                     __end_of_spiInit:
   926                           
   927                           	psect	text3
   928     001B                     __ptext3:	
   929 ;; *************** function _configOsc *****************
   930 ;; Defined at:
   931 ;;		line 4 in file "oscilador.c"
   932 ;; Parameters:    Size  Location     Type
   933 ;;  frec            2    4[COMMON] unsigned int 
   934 ;; Auto vars:     Size  Location     Type
   935 ;;		None
   936 ;; Return value:  Size  Location     Type
   937 ;;                  1    wreg      void 
   938 ;; Registers used:
   939 ;;		wreg, status,2, status,0
   940 ;; Tracked objects:
   941 ;;		On entry : 0/0
   942 ;;		On exit  : 0/0
   943 ;;		Unchanged: 0/0
   944 ;; Data sizes:     COMMON   BANK0   BANK1   BANK3   BANK2
   945 ;;      Params:         2       0       0       0       0
   946 ;;      Locals:         0       0       0       0       0
   947 ;;      Temps:          0       0       0       0       0
   948 ;;      Totals:         2       0       0       0       0
   949 ;;Total ram usage:        2 bytes
   950 ;; Hardware stack levels used: 1
   951 ;; Hardware stack levels required when called: 3
   952 ;; This function calls:
   953 ;;		Nothing
   954 ;; This function is called by:
   955 ;;		_setup
   956 ;; This function uses a non-reentrant model
   957 ;;
   958                           
   959     001B                     _configOsc:	
   960                           ;psect for function _configOsc
   961                           
   962     001B                     l856:	
   963                           ;incstack = 0
   964                           ; Regs used in _configOsc: [wreg+status,2+status,0]
   965                           
   966                           
   967                           ;oscilador.c: 5:         if (frec == 8) OSCCONbits.IRCF = 0b111;
   968     001B  3008               	movlw	8
   969     001C  0674               	xorwf	configOsc@frec,w
   970     001D  0475               	iorwf	configOsc@frec+1,w
   971     001E  1D03               	btfss	3,2
   972     001F  2821               	goto	u151
   973     0020  2822               	goto	u150
   974     0021                     u151:
   975     0021  2826               	goto	l5
   976     0022                     u150:
   977     0022                     l858:
   978     0022  3070               	movlw	112
   979     0023  1683               	bsf	3,5	;RP0=1, select bank1
   980     0024  1303               	bcf	3,6	;RP1=0, select bank1
   981     0025  048F               	iorwf	15,f	;volatile
   982     0026                     l5:
   983                           
   984                           ;oscilador.c: 6:         if (frec == 4) OSCCONbits.IRCF = 0b110;
   985     0026  3004               	movlw	4
   986     0027  0674               	xorwf	configOsc@frec,w
   987     0028  0475               	iorwf	configOsc@frec+1,w
   988     0029  1D03               	btfss	3,2
   989     002A  282C               	goto	u161
   990     002B  282D               	goto	u160
   991     002C                     u161:
   992     002C  2833               	goto	l6
   993     002D                     u160:
   994     002D                     l860:
   995     002D  1683               	bsf	3,5	;RP0=1, select bank1
   996     002E  1303               	bcf	3,6	;RP1=0, select bank1
   997     002F  080F               	movf	15,w	;volatile
   998     0030  398F               	andlw	-113
   999     0031  3860               	iorlw	96
  1000     0032  008F               	movwf	15	;volatile
  1001     0033                     l6:
  1002                           
  1003                           ;oscilador.c: 7:         if (frec == 1) OSCCONbits.IRCF = 0b100;
  1004     0033  0374               	decf	configOsc@frec,w
  1005     0034  0475               	iorwf	configOsc@frec+1,w
  1006     0035  1D03               	btfss	3,2
  1007     0036  2838               	goto	u171
  1008     0037  2839               	goto	u170
  1009     0038                     u171:
  1010     0038  283F               	goto	l7
  1011     0039                     u170:
  1012     0039                     l862:
  1013     0039  1683               	bsf	3,5	;RP0=1, select bank1
  1014     003A  1303               	bcf	3,6	;RP1=0, select bank1
  1015     003B  080F               	movf	15,w	;volatile
  1016     003C  398F               	andlw	-113
  1017     003D  3840               	iorlw	64
  1018     003E  008F               	movwf	15	;volatile
  1019     003F                     l7:
  1020                           
  1021                           ;oscilador.c: 8:         if (frec == 500) OSCCONbits.IRCF = 0b011;
  1022     003F  30F4               	movlw	244
  1023     0040  0674               	xorwf	configOsc@frec,w
  1024     0041  1D03               	skipz
  1025     0042  2847               	goto	u181
  1026     0043  0375               	decf	configOsc@frec+1,w
  1027     0044  1D03               	btfss	3,2
  1028     0045  2847               	goto	u181
  1029     0046  2848               	goto	u180
  1030     0047                     u181:
  1031     0047  284E               	goto	l8
  1032     0048                     u180:
  1033     0048                     l864:
  1034     0048  1683               	bsf	3,5	;RP0=1, select bank1
  1035     0049  1303               	bcf	3,6	;RP1=0, select bank1
  1036     004A  080F               	movf	15,w	;volatile
  1037     004B  398F               	andlw	-113
  1038     004C  3830               	iorlw	48
  1039     004D  008F               	movwf	15	;volatile
  1040     004E                     l8:
  1041                           
  1042                           ;oscilador.c: 9:         if (frec == 250) OSCCONbits.IRCF = 0b101;
  1043     004E  30FA               	movlw	250
  1044     004F  0674               	xorwf	configOsc@frec,w
  1045     0050  0475               	iorwf	configOsc@frec+1,w
  1046     0051  1D03               	btfss	3,2
  1047     0052  2854               	goto	u191
  1048     0053  2855               	goto	u190
  1049     0054                     u191:
  1050     0054  285B               	goto	l9
  1051     0055                     u190:
  1052     0055                     l866:
  1053     0055  1683               	bsf	3,5	;RP0=1, select bank1
  1054     0056  1303               	bcf	3,6	;RP1=0, select bank1
  1055     0057  080F               	movf	15,w	;volatile
  1056     0058  398F               	andlw	-113
  1057     0059  3850               	iorlw	80
  1058     005A  008F               	movwf	15	;volatile
  1059     005B                     l9:
  1060                           
  1061                           ;oscilador.c: 10:         if (frec == 125) OSCCONbits.IRCF = 0b001;
  1062     005B  307D               	movlw	125
  1063     005C  0674               	xorwf	configOsc@frec,w
  1064     005D  0475               	iorwf	configOsc@frec+1,w
  1065     005E  1D03               	btfss	3,2
  1066     005F  2861               	goto	u201
  1067     0060  2862               	goto	u200
  1068     0061                     u201:
  1069     0061  2868               	goto	l10
  1070     0062                     u200:
  1071     0062                     l868:
  1072     0062  1683               	bsf	3,5	;RP0=1, select bank1
  1073     0063  1303               	bcf	3,6	;RP1=0, select bank1
  1074     0064  080F               	movf	15,w	;volatile
  1075     0065  398F               	andlw	-113
  1076     0066  3810               	iorlw	16
  1077     0067  008F               	movwf	15	;volatile
  1078     0068                     l10:
  1079                           
  1080                           ;oscilador.c: 11:         if (frec == 31) OSCCONbits.IRCF = 0b000;
  1081     0068  301F               	movlw	31
  1082     0069  0674               	xorwf	configOsc@frec,w
  1083     006A  0475               	iorwf	configOsc@frec+1,w
  1084     006B  1D03               	btfss	3,2
  1085     006C  286E               	goto	u211
  1086     006D  286F               	goto	u210
  1087     006E                     u211:
  1088     006E  2873               	goto	l872
  1089     006F                     u210:
  1090     006F                     l870:
  1091     006F  308F               	movlw	-113
  1092     0070  1683               	bsf	3,5	;RP0=1, select bank1
  1093     0071  1303               	bcf	3,6	;RP1=0, select bank1
  1094     0072  058F               	andwf	15,f	;volatile
  1095     0073                     l872:
  1096                           
  1097                           ;oscilador.c: 12:         OSCCONbits.SCS = 1;
  1098     0073  1683               	bsf	3,5	;RP0=1, select bank1
  1099     0074  1303               	bcf	3,6	;RP1=0, select bank1
  1100     0075  140F               	bsf	15,0	;volatile
  1101     0076                     l12:
  1102     0076  0008               	return
  1103     0077                     __end_of_configOsc:
  1104                           
  1105                           	psect	text4
  1106     0127                     __ptext4:	
  1107 ;; *************** function _adcConfig *****************
  1108 ;; Defined at:
  1109 ;;		line 11 in file "adc_c.c"
  1110 ;; Parameters:    Size  Location     Type
  1111 ;;		None
  1112 ;; Auto vars:     Size  Location     Type
  1113 ;;		None
  1114 ;; Return value:  Size  Location     Type
  1115 ;;                  1    wreg      void 
  1116 ;; Registers used:
  1117 ;;		wreg, status,2, status,0, pclath, cstack
  1118 ;; Tracked objects:
  1119 ;;		On entry : 0/0
  1120 ;;		On exit  : 0/0
  1121 ;;		Unchanged: 0/0
  1122 ;; Data sizes:     COMMON   BANK0   BANK1   BANK3   BANK2
  1123 ;;      Params:         0       0       0       0       0
  1124 ;;      Locals:         0       0       0       0       0
  1125 ;;      Temps:          0       0       0       0       0
  1126 ;;      Totals:         0       0       0       0       0
  1127 ;;Total ram usage:        0 bytes
  1128 ;; Hardware stack levels used: 1
  1129 ;; Hardware stack levels required when called: 4
  1130 ;; This function calls:
  1131 ;;		_adcChannel
  1132 ;; This function is called by:
  1133 ;;		_setup
  1134 ;; This function uses a non-reentrant model
  1135 ;;
  1136                           
  1137     0127                     _adcConfig:	
  1138                           ;psect for function _adcConfig
  1139                           
  1140     0127                     l762:	
  1141                           ;incstack = 0
  1142                           ; Regs used in _adcConfig: [wreg+status,2+status,0+pclath+cstack]
  1143                           
  1144                           
  1145                           ;adc_c.c: 12:     ADCON0bits.ADCS = 0;
  1146     0127  303F               	movlw	-193
  1147     0128  1283               	bcf	3,5	;RP0=0, select bank0
  1148     0129  1303               	bcf	3,6	;RP1=0, select bank0
  1149     012A  059F               	andwf	31,f	;volatile
  1150     012B                     l764:
  1151                           
  1152                           ;adc_c.c: 13:     ADCON0bits.CHS0 = 0;
  1153     012B  111F               	bcf	31,2	;volatile
  1154     012C                     l766:
  1155                           
  1156                           ;adc_c.c: 14:     ADCON0bits.ADON = 1;
  1157     012C  141F               	bsf	31,0	;volatile
  1158     012D                     l768:
  1159                           
  1160                           ;adc_c.c: 15:     ADCON1bits.VCFG1 = 0;
  1161     012D  1683               	bsf	3,5	;RP0=1, select bank1
  1162     012E  1303               	bcf	3,6	;RP1=0, select bank1
  1163     012F  129F               	bcf	31,5	;volatile
  1164     0130                     l770:
  1165                           
  1166                           ;adc_c.c: 16:     ADCON1bits.VCFG0 = 0;
  1167     0130  121F               	bcf	31,4	;volatile
  1168     0131                     l772:
  1169                           
  1170                           ;adc_c.c: 17:     ADCON1bits.ADFM = 0;
  1171     0131  139F               	bcf	31,7	;volatile
  1172     0132                     l774:
  1173                           
  1174                           ;adc_c.c: 19:     INTCONbits.GIE = 1;
  1175     0132  178B               	bsf	11,7	;volatile
  1176     0133                     l776:
  1177                           
  1178                           ;adc_c.c: 20:     INTCONbits.PEIE = 1;
  1179     0133  170B               	bsf	11,6	;volatile
  1180     0134                     l778:
  1181                           
  1182                           ;adc_c.c: 21:     PIE1bits.ADIE = 1;
  1183     0134  170C               	bsf	12,6	;volatile
  1184     0135                     l780:
  1185                           
  1186                           ;adc_c.c: 22:     ADCON0bits.GO = 1;
  1187     0135  1283               	bcf	3,5	;RP0=0, select bank0
  1188     0136  1303               	bcf	3,6	;RP1=0, select bank0
  1189     0137  149F               	bsf	31,1	;volatile
  1190     0138                     l782:
  1191                           
  1192                           ;adc_c.c: 23:     adcChannel(0);
  1193     0138  3000               	movlw	0
  1194     0139  120A  118A  213F  120A  118A  	fcall	_adcChannel
  1195     013E                     l61:
  1196     013E  0008               	return
  1197     013F                     __end_of_adcConfig:
  1198                           
  1199                           	psect	text5
  1200     013F                     __ptext5:	
  1201 ;; *************** function _adcChannel *****************
  1202 ;; Defined at:
  1203 ;;		line 27 in file "adc_c.c"
  1204 ;; Parameters:    Size  Location     Type
  1205 ;;  channel         1    wreg     unsigned char 
  1206 ;; Auto vars:     Size  Location     Type
  1207 ;;  channel         1    5[COMMON] unsigned char 
  1208 ;; Return value:  Size  Location     Type
  1209 ;;                  1    wreg      void 
  1210 ;; Registers used:
  1211 ;;		wreg, status,2, status,0
  1212 ;; Tracked objects:
  1213 ;;		On entry : 0/0
  1214 ;;		On exit  : 0/0
  1215 ;;		Unchanged: 0/0
  1216 ;; Data sizes:     COMMON   BANK0   BANK1   BANK3   BANK2
  1217 ;;      Params:         0       0       0       0       0
  1218 ;;      Locals:         1       0       0       0       0
  1219 ;;      Temps:          1       0       0       0       0
  1220 ;;      Totals:         2       0       0       0       0
  1221 ;;Total ram usage:        2 bytes
  1222 ;; Hardware stack levels used: 1
  1223 ;; Hardware stack levels required when called: 3
  1224 ;; This function calls:
  1225 ;;		Nothing
  1226 ;; This function is called by:
  1227 ;;		_adcConfig
  1228 ;;		_main
  1229 ;; This function uses a non-reentrant model
  1230 ;;
  1231                           
  1232     013F                     _adcChannel:	
  1233                           ;psect for function _adcChannel
  1234                           
  1235                           
  1236                           ;incstack = 0
  1237                           ; Regs used in _adcChannel: [wreg+status,2+status,0]
  1238                           ;adcChannel@channel stored from wreg
  1239     013F  00F5               	movwf	adcChannel@channel
  1240     0140                     l728:
  1241                           
  1242                           ;adc_c.c: 28:     ADCON0bits.CHS = channel;
  1243     0140  0875               	movf	adcChannel@channel,w
  1244     0141  00F4               	movwf	??_adcChannel
  1245     0142  0DF4               	rlf	??_adcChannel,f
  1246     0143  0DF4               	rlf	??_adcChannel,f
  1247     0144  1283               	bcf	3,5	;RP0=0, select bank0
  1248     0145  1303               	bcf	3,6	;RP1=0, select bank0
  1249     0146  081F               	movf	31,w	;volatile
  1250     0147  0674               	xorwf	??_adcChannel,w
  1251     0148  39C3               	andlw	-61
  1252     0149  0674               	xorwf	??_adcChannel,w
  1253     014A  009F               	movwf	31	;volatile
  1254     014B                     l64:
  1255     014B  0008               	return
  1256     014C                     __end_of_adcChannel:
  1257                           
  1258                           	psect	text6
  1259     0077                     __ptext6:	
  1260 ;; *************** function _isr *****************
  1261 ;; Defined at:
  1262 ;;		line 54 in file "E:/Universidad/Semestre2_2023/Digital-2/Lab3/Lab3_Slave_1.X/Lab3Slave1.c"
  1263 ;; Parameters:    Size  Location     Type
  1264 ;;		None
  1265 ;; Auto vars:     Size  Location     Type
  1266 ;;		None
  1267 ;; Return value:  Size  Location     Type
  1268 ;;                  1    wreg      void 
  1269 ;; Registers used:
  1270 ;;		wreg, status,2, status,0, pclath, cstack
  1271 ;; Tracked objects:
  1272 ;;		On entry : 0/0
  1273 ;;		On exit  : 0/0
  1274 ;;		Unchanged: 0/0
  1275 ;; Data sizes:     COMMON   BANK0   BANK1   BANK3   BANK2
  1276 ;;      Params:         0       0       0       0       0
  1277 ;;      Locals:         0       0       0       0       0
  1278 ;;      Temps:          3       0       0       0       0
  1279 ;;      Totals:         3       0       0       0       0
  1280 ;;Total ram usage:        3 bytes
  1281 ;; Hardware stack levels used: 1
  1282 ;; Hardware stack levels required when called: 2
  1283 ;; This function calls:
  1284 ;;		_adcRead
  1285 ;;		_spiRead
  1286 ;;		_spiWrite
  1287 ;; This function is called by:
  1288 ;;		Interrupt level 1
  1289 ;; This function uses a non-reentrant model
  1290 ;;
  1291                           
  1292     0077                     _isr:	
  1293                           ;psect for function _isr
  1294                           
  1295     0077                     i1l826:
  1296                           
  1297                           ;E:/Universidad/Semestre2_2023/Digital-2/Lab3/Lab3_Slave_1.X/Lab3Slave1.c: 55:     if (S
      +                          SPIF == 1) {
  1298     0077  1283               	bcf	3,5	;RP0=0, select bank0
  1299     0078  1303               	bcf	3,6	;RP1=0, select bank0
  1300     0079  1D8C               	btfss	12,3	;volatile
  1301     007A  287C               	goto	u10_21
  1302     007B  287D               	goto	u10_20
  1303     007C                     u10_21:
  1304     007C  2893               	goto	i1l836
  1305     007D                     u10_20:
  1306     007D                     i1l828:
  1307                           
  1308                           ;E:/Universidad/Semestre2_2023/Digital-2/Lab3/Lab3_Slave_1.X/Lab3Slave1.c: 56:         s
      +                          laveSelect = spiRead();
  1309     007D  120A  118A  214C  120A  118A  	fcall	_spiRead
  1310     0082  00F7               	movwf	_slaveSelect
  1311     0083                     i1l830:
  1312                           
  1313                           ;E:/Universidad/Semestre2_2023/Digital-2/Lab3/Lab3_Slave_1.X/Lab3Slave1.c: 57:         i
      +                          f (slaveSelect == 0)
  1314     0083  0877               	movf	_slaveSelect,w
  1315     0084  1D03               	btfss	3,2
  1316     0085  2887               	goto	u11_21
  1317     0086  2888               	goto	u11_20
  1318     0087                     u11_21:
  1319     0087  2890               	goto	i1l834
  1320     0088                     u11_20:
  1321     0088                     i1l832:
  1322                           
  1323                           ;E:/Universidad/Semestre2_2023/Digital-2/Lab3/Lab3_Slave_1.X/Lab3Slave1.c: 58:          
      +                             spiWrite(PORTB);
  1324     0088  1283               	bcf	3,5	;RP0=0, select bank0
  1325     0089  1303               	bcf	3,6	;RP1=0, select bank0
  1326     008A  0806               	movf	6,w	;volatile
  1327     008B  120A  118A  215C  120A  118A  	fcall	_spiWrite
  1328     0090                     i1l834:
  1329                           
  1330                           ;E:/Universidad/Semestre2_2023/Digital-2/Lab3/Lab3_Slave_1.X/Lab3Slave1.c: 60:         S
      +                          SPIF = 0;
  1331     0090  1283               	bcf	3,5	;RP0=0, select bank0
  1332     0091  1303               	bcf	3,6	;RP1=0, select bank0
  1333     0092  118C               	bcf	12,3	;volatile
  1334     0093                     i1l836:
  1335                           
  1336                           ;E:/Universidad/Semestre2_2023/Digital-2/Lab3/Lab3_Slave_1.X/Lab3Slave1.c: 63:     if (A
      +                          DIF == 1) {
  1337     0093  1F0C               	btfss	12,6	;volatile
  1338     0094  2896               	goto	u12_21
  1339     0095  2897               	goto	u12_20
  1340     0096                     u12_21:
  1341     0096  28A9               	goto	i1l124
  1342     0097                     u12_20:
  1343     0097                     i1l838:
  1344                           
  1345                           ;E:/Universidad/Semestre2_2023/Digital-2/Lab3/Lab3_Slave_1.X/Lab3Slave1.c: 64:         i
      +                          f (ADCON0bits.CHS == 0) {
  1346     0097  0C1F               	rrf	31,w	;volatile
  1347     0098  00F1               	movwf	??_isr
  1348     0099  0C71               	rrf	??_isr,w
  1349     009A  390F               	andlw	15
  1350     009B  3A00               	xorlw	0
  1351     009C  1D03               	skipz
  1352     009D  289F               	goto	u13_21
  1353     009E  28A0               	goto	u13_20
  1354     009F                     u13_21:
  1355     009F  28A9               	goto	i1l124
  1356     00A0                     u13_20:
  1357     00A0                     i1l840:
  1358                           
  1359                           ;E:/Universidad/Semestre2_2023/Digital-2/Lab3/Lab3_Slave_1.X/Lab3Slave1.c: 65:          
      +                             adcValue = adcRead();
  1360     00A0  120A  118A  2162  120A  118A  	fcall	_adcRead
  1361     00A5  00F9               	movwf	_adcValue
  1362     00A6                     i1l842:
  1363                           
  1364                           ;E:/Universidad/Semestre2_2023/Digital-2/Lab3/Lab3_Slave_1.X/Lab3Slave1.c: 66:          
      +                             PIR1bits.ADIF = 0;
  1365     00A6  1283               	bcf	3,5	;RP0=0, select bank0
  1366     00A7  1303               	bcf	3,6	;RP1=0, select bank0
  1367     00A8  130C               	bcf	12,6	;volatile
  1368     00A9                     i1l124:
  1369     00A9  0873               	movf	??_isr+2,w
  1370     00AA  008A               	movwf	10
  1371     00AB  0E72               	swapf	??_isr+1,w
  1372     00AC  0083               	movwf	3
  1373     00AD  0EFE               	swapf	btemp,f
  1374     00AE  0E7E               	swapf	btemp,w
  1375     00AF  0009               	retfie
  1376     00B0                     __end_of_isr:
  1377                           
  1378                           	psect	intentry
  1379     0004                     __pintentry:	
  1380                           ;incstack = 0
  1381                           ; Regs used in _isr: [wreg+status,2+status,0+pclath+cstack]
  1382                           
  1383     0004                     interrupt_function:
  1384     007E                     saved_w	set	btemp
  1385     0004  00FE               	movwf	btemp
  1386     0005  0E03               	swapf	3,w
  1387     0006  00F2               	movwf	??_isr+1
  1388     0007  080A               	movf	10,w
  1389     0008  00F3               	movwf	??_isr+2
  1390     0009  120A  118A  2877   	ljmp	_isr
  1391                           
  1392                           	psect	text7
  1393     015C                     __ptext7:	
  1394 ;; *************** function _spiWrite *****************
  1395 ;; Defined at:
  1396 ;;		line 34 in file "SPI.c"
  1397 ;; Parameters:    Size  Location     Type
  1398 ;;  dat             1    wreg     unsigned char 
  1399 ;; Auto vars:     Size  Location     Type
  1400 ;;  dat             1    0[COMMON] unsigned char 
  1401 ;; Return value:  Size  Location     Type
  1402 ;;                  1    wreg      void 
  1403 ;; Registers used:
  1404 ;;		wreg
  1405 ;; Tracked objects:
  1406 ;;		On entry : 0/0
  1407 ;;		On exit  : 0/0
  1408 ;;		Unchanged: 0/0
  1409 ;; Data sizes:     COMMON   BANK0   BANK1   BANK3   BANK2
  1410 ;;      Params:         0       0       0       0       0
  1411 ;;      Locals:         1       0       0       0       0
  1412 ;;      Temps:          0       0       0       0       0
  1413 ;;      Totals:         1       0       0       0       0
  1414 ;;Total ram usage:        1 bytes
  1415 ;; Hardware stack levels used: 1
  1416 ;; This function calls:
  1417 ;;		Nothing
  1418 ;; This function is called by:
  1419 ;;		_isr
  1420 ;; This function uses a non-reentrant model
  1421 ;;
  1422                           
  1423     015C                     _spiWrite:	
  1424                           ;psect for function _spiWrite
  1425                           
  1426                           
  1427                           ;incstack = 0
  1428                           ; Regs used in _spiWrite: [wreg]
  1429                           ;spiWrite@dat stored from wreg
  1430     015C  00F0               	movwf	spiWrite@dat
  1431     015D                     i1l784:
  1432                           
  1433                           ;SPI.c: 34: void spiWrite(char dat);SPI.c: 35: {;SPI.c: 36:     SSPBUF = dat;
  1434     015D  0870               	movf	spiWrite@dat,w
  1435     015E  1283               	bcf	3,5	;RP0=0, select bank0
  1436     015F  1303               	bcf	3,6	;RP1=0, select bank0
  1437     0160  0093               	movwf	19	;volatile
  1438     0161                     i1l38:
  1439     0161  0008               	return
  1440     0162                     __end_of_spiWrite:
  1441                           
  1442                           	psect	text8
  1443     014C                     __ptext8:	
  1444 ;; *************** function _spiRead *****************
  1445 ;; Defined at:
  1446 ;;		line 47 in file "SPI.c"
  1447 ;; Parameters:    Size  Location     Type
  1448 ;;		None
  1449 ;; Auto vars:     Size  Location     Type
  1450 ;;		None
  1451 ;; Return value:  Size  Location     Type
  1452 ;;                  1    wreg      unsigned char 
  1453 ;; Registers used:
  1454 ;;		wreg, status,2, status,0, pclath, cstack
  1455 ;; Tracked objects:
  1456 ;;		On entry : 0/0
  1457 ;;		On exit  : 0/0
  1458 ;;		Unchanged: 0/0
  1459 ;; Data sizes:     COMMON   BANK0   BANK1   BANK3   BANK2
  1460 ;;      Params:         0       0       0       0       0
  1461 ;;      Locals:         0       0       0       0       0
  1462 ;;      Temps:          0       0       0       0       0
  1463 ;;      Totals:         0       0       0       0       0
  1464 ;;Total ram usage:        0 bytes
  1465 ;; Hardware stack levels used: 1
  1466 ;; Hardware stack levels required when called: 1
  1467 ;; This function calls:
  1468 ;;		_spiReceiveWait
  1469 ;; This function is called by:
  1470 ;;		_isr
  1471 ;; This function uses a non-reentrant model
  1472 ;;
  1473                           
  1474     014C                     _spiRead:	
  1475                           ;psect for function _spiRead
  1476                           
  1477     014C                     i1l786:	
  1478                           ;incstack = 0
  1479                           ; Regs used in _spiRead: [wreg+status,2+status,0+pclath+cstack]
  1480                           
  1481                           
  1482                           ;SPI.c: 49:     spiReceiveWait();
  1483     014C  120A  118A  2155  120A  118A  	fcall	_spiReceiveWait
  1484     0151                     i1l788:
  1485                           
  1486                           ;SPI.c: 50:     return(SSPBUF);
  1487     0151  1283               	bcf	3,5	;RP0=0, select bank0
  1488     0152  1303               	bcf	3,6	;RP1=0, select bank0
  1489     0153  0813               	movf	19,w	;volatile
  1490     0154                     i1l46:
  1491     0154  0008               	return
  1492     0155                     __end_of_spiRead:
  1493                           
  1494                           	psect	text9
  1495     0155                     __ptext9:	
  1496 ;; *************** function _spiReceiveWait *****************
  1497 ;; Defined at:
  1498 ;;		line 29 in file "SPI.c"
  1499 ;; Parameters:    Size  Location     Type
  1500 ;;		None
  1501 ;; Auto vars:     Size  Location     Type
  1502 ;;		None
  1503 ;; Return value:  Size  Location     Type
  1504 ;;                  1    wreg      void 
  1505 ;; Registers used:
  1506 ;;		None
  1507 ;; Tracked objects:
  1508 ;;		On entry : 0/0
  1509 ;;		On exit  : 0/0
  1510 ;;		Unchanged: 0/0
  1511 ;; Data sizes:     COMMON   BANK0   BANK1   BANK3   BANK2
  1512 ;;      Params:         0       0       0       0       0
  1513 ;;      Locals:         0       0       0       0       0
  1514 ;;      Temps:          0       0       0       0       0
  1515 ;;      Totals:         0       0       0       0       0
  1516 ;;Total ram usage:        0 bytes
  1517 ;; Hardware stack levels used: 1
  1518 ;; This function calls:
  1519 ;;		Nothing
  1520 ;; This function is called by:
  1521 ;;		_spiRead
  1522 ;; This function uses a non-reentrant model
  1523 ;;
  1524                           
  1525     0155                     _spiReceiveWait:	
  1526                           ;psect for function _spiReceiveWait
  1527                           
  1528     0155                     i1l760:	
  1529                           ;incstack = 0
  1530                           ; Regs used in _spiReceiveWait: []
  1531                           
  1532     0155                     i1l32:	
  1533                           ;SPI.c: 31:     while ( !SSPSTATbits.BF );
  1534                           
  1535     0155  1683               	bsf	3,5	;RP0=1, select bank1
  1536     0156  1303               	bcf	3,6	;RP1=0, select bank1
  1537     0157  1C14               	btfss	20,0	;volatile
  1538     0158  295A               	goto	u9_21
  1539     0159  295B               	goto	u9_20
  1540     015A                     u9_21:
  1541     015A  2955               	goto	i1l32
  1542     015B                     u9_20:
  1543     015B                     i1l35:
  1544     015B  0008               	return
  1545     015C                     __end_of_spiReceiveWait:
  1546                           
  1547                           	psect	text10
  1548     0162                     __ptext10:	
  1549 ;; *************** function _adcRead *****************
  1550 ;; Defined at:
  1551 ;;		line 32 in file "adc_c.c"
  1552 ;; Parameters:    Size  Location     Type
  1553 ;;		None
  1554 ;; Auto vars:     Size  Location     Type
  1555 ;;		None
  1556 ;; Return value:  Size  Location     Type
  1557 ;;                  1    wreg      unsigned char 
  1558 ;; Registers used:
  1559 ;;		wreg
  1560 ;; Tracked objects:
  1561 ;;		On entry : 0/0
  1562 ;;		On exit  : 0/0
  1563 ;;		Unchanged: 0/0
  1564 ;; Data sizes:     COMMON   BANK0   BANK1   BANK3   BANK2
  1565 ;;      Params:         0       0       0       0       0
  1566 ;;      Locals:         0       0       0       0       0
  1567 ;;      Temps:          0       0       0       0       0
  1568 ;;      Totals:         0       0       0       0       0
  1569 ;;Total ram usage:        0 bytes
  1570 ;; Hardware stack levels used: 1
  1571 ;; This function calls:
  1572 ;;		Nothing
  1573 ;; This function is called by:
  1574 ;;		_isr
  1575 ;; This function uses a non-reentrant model
  1576 ;;
  1577                           
  1578     0162                     _adcRead:	
  1579                           ;psect for function _adcRead
  1580                           
  1581     0162                     i1l792:	
  1582                           ;incstack = 0
  1583                           ; Regs used in _adcRead: [wreg]
  1584                           
  1585                           
  1586                           ;adc_c.c: 33:     return ADRESH;
  1587     0162  1283               	bcf	3,5	;RP0=0, select bank0
  1588     0163  1303               	bcf	3,6	;RP1=0, select bank0
  1589     0164  081E               	movf	30,w	;volatile
  1590     0165                     i1l67:
  1591     0165  0008               	return
  1592     0166                     __end_of_adcRead:
  1593     007E                     btemp	set	126	;btemp
  1594     007E                     wtemp0	set	126
  1595                           
  1596                           	psect	idloc
  1597                           
  1598                           ;Config register IDLOC0 @ 0x2000
  1599                           ;	unspecified, using default values
  1600     2000                     	org	8192
  1601     2000  3FFF               	dw	16383
  1602                           
  1603                           ;Config register IDLOC1 @ 0x2001
  1604                           ;	unspecified, using default values
  1605     2001                     	org	8193
  1606     2001  3FFF               	dw	16383
  1607                           
  1608                           ;Config register IDLOC2 @ 0x2002
  1609                           ;	unspecified, using default values
  1610     2002                     	org	8194
  1611     2002  3FFF               	dw	16383
  1612                           
  1613                           ;Config register IDLOC3 @ 0x2003
  1614                           ;	unspecified, using default values
  1615     2003                     	org	8195
  1616     2003  3FFF               	dw	16383
  1617                           
  1618                           	psect	config
  1619                           
  1620                           ;Config register CONFIG1 @ 0x2007
  1621                           ;	Oscillator Selection bits
  1622                           ;	FOSC = INTRC_NOCLKOUT, INTOSCIO oscillator: I/O function on RA6/OSC2/CLKOUT pin, I/O f
      +                          unction on RA7/OSC1/CLKIN
  1623                           ;	Watchdog Timer Enable bit
  1624                           ;	WDTE = OFF, WDT disabled and can be enabled by SWDTEN bit of the WDTCON register
  1625                           ;	Power-up Timer Enable bit
  1626                           ;	PWRTE = OFF, PWRT disabled
  1627                           ;	RE3/MCLR pin function select bit
  1628                           ;	MCLRE = OFF, RE3/MCLR pin function is digital input, MCLR internally tied to VDD
  1629                           ;	Code Protection bit
  1630                           ;	CP = OFF, Program memory code protection is disabled
  1631                           ;	Data Code Protection bit
  1632                           ;	CPD = OFF, Data memory code protection is disabled
  1633                           ;	Brown Out Reset Selection bits
  1634                           ;	BOREN = OFF, BOR disabled
  1635                           ;	Internal External Switchover bit
  1636                           ;	IESO = OFF, Internal/External Switchover mode is disabled
  1637                           ;	Fail-Safe Clock Monitor Enabled bit
  1638                           ;	FCMEN = OFF, Fail-Safe Clock Monitor is disabled
  1639                           ;	Low Voltage Programming Enable bit
  1640                           ;	LVP = OFF, RB3 pin has digital I/O, HV on MCLR must be used for programming
  1641                           ;	In-Circuit Debugger Mode bit
  1642                           ;	DEBUG = 0x1, unprogramme  1643     2007                     	org	8199
  1644     2007  20D4               	dw	8404
  1645                           
  1646                           ;Config register CONFIG2 @ 0x2008
  1647                           ;	Brown-out Reset Selection bit
  1648                           ;	BOR4V = BOR40V, Brown-out Reset set to 4.0V
  1649                           ;	Flash Program Memory Self Write Enable bits
  1650                           ;	WRT = OFF, Write protection off
  1651     2008                     	org	8200
  1652     2008  3FFF               	dw	16383

Data Sizes:
    Strings     0
    Constant    0
    Data        1
    BSS         2
    Persistent  0
    Stack       0

Auto Spaces:
    Space          Size  Autos    Used
    COMMON           14      7      10
    BANK0            80      3       3
    BANK1            80      0       0
    BANK3            96      0       0
    BANK2            96      0       0

Pointer List with Targets:

    None.

Critical Paths under _main in COMMON

    _setup->_spiInit
    _adcConfig->_adcChannel

Critical Paths under _isr in COMMON

    _isr->_spiWrite

Critical Paths under _main in BANK0

    _main->_setup
    _setup->_spiInit

Critical Paths under _isr in BANK0

    None.

Critical Paths under _main in BANK1

    None.

Critical Paths under _isr in BANK1

    None.

Critical Paths under _main in BANK3

    None.

Critical Paths under _isr in BANK3

    None.

Critical Paths under _main in BANK2

    None.

Critical Paths under _isr in BANK2

    None.

Call Graph Tables:

 ---------------------------------------------------------------------------------
 (Depth) Function   	        Calls       Base Space   Used Autos Params    Refs
 ---------------------------------------------------------------------------------
 (0) _main                                                 1     1      0     716
                                              2 BANK0      1     1      0
                         _adcChannel
                              _setup
 ---------------------------------------------------------------------------------
 (1) _setup                                                1     1      0     701
                                              1 BANK0      1     1      0
                          _adcConfig
                          _configOsc
                            _spiInit
 ---------------------------------------------------------------------------------
 (2) _spiInit                                              4     1      3     456
                                              4 COMMON     3     0      3
                                              0 BANK0      1     1      0
 ---------------------------------------------------------------------------------
 (2) _configOsc                                            2     0      2     230
                                              4 COMMON     2     0      2
 ---------------------------------------------------------------------------------
 (2) _adcConfig                                            0     0      0      15
                         _adcChannel
 ---------------------------------------------------------------------------------
 (3) _adcChannel                                           2     2      0      15
                                              4 COMMON     2     2      0
 ---------------------------------------------------------------------------------
 Estimated maximum stack depth 3
 ---------------------------------------------------------------------------------
 (Depth) Function   	        Calls       Base Space   Used Autos Params    Refs
 ---------------------------------------------------------------------------------
 (4) _isr                                                  3     3      0      15
                                              1 COMMON     3     3      0
                            _adcRead
                            _spiRead
                           _spiWrite
 ---------------------------------------------------------------------------------
 (5) _spiWrite                                             1     1      0      15
                                              0 COMMON     1     1      0
 ---------------------------------------------------------------------------------
 (5) _spiRead                                              0     0      0       0
                     _spiReceiveWait
 ---------------------------------------------------------------------------------
 (6) _spiReceiveWait                                       0     0      0       0
 ---------------------------------------------------------------------------------
 (5) _adcRead                                              0     0      0       0
 ---------------------------------------------------------------------------------
 Estimated maximum stack depth 6
 ---------------------------------------------------------------------------------

 Call Graph Graphs:

 _main (ROOT)
   _adcChannel
   _setup
     _adcConfig
       _adcChannel
     _configOsc
     _spiInit

 _isr (ROOT)
   _adcRead
   _spiRead
     _spiReceiveWait
   _spiWrite

 Address spaces:
Name               Size   Autos  Total    Cost      Usage
BANK3               60      0       0       9        0.0%
BITBANK3            60      0       0       8        0.0%
SFR3                 0      0       0       4        0.0%
BITSFR3              0      0       0       4        0.0%
BANK2               60      0       0      11        0.0%
BITBANK2            60      0       0      10        0.0%
SFR2                 0      0       0       5        0.0%
BITSFR2              0      0       0       5        0.0%
BANK1               50      0       0       7        0.0%
BITBANK1            50      0       0       6        0.0%
SFR1                 0      0       0       2        0.0%
BITSFR1              0      0       0       2        0.0%
BANK0               50      3       3       5        3.8%
BITBANK0            50      0       0       4        0.0%
SFR0                 0      0       0       1        0.0%
BITSFR0              0      0       0       1        0.0%
COMMON               E      7       A       1       71.4%
BITCOMMON            E      0       0       0        0.0%
CODE                 0      0       0       0        0.0%
DATA                 0      0       D      12        0.0%
ABS                  0      0       D       3        0.0%
NULL                 0      0       0       0        0.0%
STACK                0      0       0       2        0.0%
EEDATA             100      0       0       0        0.0%


Microchip Technology PIC Macro Assembler V2.41 build 20230208172133 
Symbol Table                                                                                   Wed Aug 02 19:22:51 2023

                      l5 0026                        l6 0033                        l7 003F  
                      l8 004E                        l9 005B              _SSPSTATbits 0094  
                     l10 0068                       l12 0076                       l28 0121  
                     l61 013E                       l29 0126                       l64 014B  
                    l136 00E2                      l728 0140                      l920 010C  
                    l770 0130                      l762 0127                      l922 0115  
                    l930 00B0                      l780 0135                      l772 0131  
                    l764 012B                      l860 002D                      l924 0119  
                    l940 00C2                      l932 00B9                      l782 0138  
                    l774 0132                      l766 012C                      l870 006F  
                    l862 0039                      l926 011B                      l950 00D8  
                    l942 00C5                      l934 00BC                      l776 0133  
                    l768 012D                      l872 0073                      l864 0048  
                    l856 001B                      l928 0120                      l952 00D9  
                    l944 00C6                      l936 00BD                      l960 00F9  
                    l778 0134                      l866 0055                      l858 0022  
                    l946 00D2                      l938 00C1                      l962 0100  
                    l954 00E3                      l868 0062                      l948 00D5  
                    l964 0103                      l956 00E8                      l958 00F3  
                    u200 0062                      u201 0061                      u210 006F  
                    u211 006E                      u150 0022                      u151 0021  
                    u160 002D                      u240 0115                      u161 002C  
                    u241 0114                      u170 0039                      u250 00F3  
                    u171 0038                      u251 00F2                      u180 0048  
                    u181 0047                      u190 0055                      u191 0054  
                    u267 00FD                      u277 00CF                      _isr 0077  
                   _ADIF 0066                     ?_isr 0070                     i1l32 0155  
                   i1l35 015B                     i1l46 0154                     i1l38 0161  
                   i1l67 0165                     u9_20 015B                     u9_21 015A  
                   _main 00E3                     btemp 007E                     start 000C  
                  ??_isr 0071            configOsc@frec 0074                    ?_main 0070  
        __end_of_adcRead 0166                    i1l124 00A9                    i1l830 0083  
                  i1l760 0155                    i1l840 00A0                    i1l832 0088  
                  i1l842 00A6                    i1l834 0090                    i1l826 0077  
                  i1l828 007D                    i1l836 0093                    i1l838 0097  
                  i1l792 0162                    i1l784 015D                    i1l786 014C  
                  i1l788 0151                    u10_20 007D                    u10_21 007C  
                  u11_20 0088                    u11_21 0087                    u12_20 0097  
                  u12_21 0096                    u13_20 00A0                    u13_21 009F  
                  _PORTA 0005                    _PORTB 0006                    _TRISA 0085  
                  _TRISB 0086                    _SSPIF 0063                    _setup 00B0  
                  pclath 000A          __end_of_spiInit 0127          __end_of_spiRead 0155  
                  status 0003                    wtemp0 007E          __initialization 000F  
           __end_of_main 0109                   ??_main 0022                   _ADRESH 001E  
                 ?_setup 0070                   _ANSELH 0189        adcChannel@channel 0075  
                 _TRISC3 043B                   _TRISC5 043D                   _SSPCON 0014  
                 _SSPBUF 0013                ??_adcRead 0070             __pdataCOMMON 0079  
                 saved_w 007E         __end_of_spiWrite 0162                ??_spiInit 0077  
              ??_spiRead 0070               _adcChannel 013F  __end_of__initialization 0017  
         __pcstackCOMMON 0070            __end_of_setup 00E3                  ??_setup 0021  
             __pmaintext 00E3               __pintentry 0004        __end_of_adcConfig 013F  
            ?_adcChannel 0070                  _SSPSTAT 0094        __end_of_configOsc 0077  
              ?_spiWrite 0070                  _adcRead 0162                _ANSELbits 0188  
                __ptext1 00B0                  __ptext2 0109                  __ptext3 001B  
                __ptext4 0127                  __ptext5 013F                  __ptext6 0077  
                __ptext7 015C                  __ptext8 014C                  __ptext9 0155  
                _spiInit 0109                  _spiRead 014C     end_of_initialization 0017  
             ??_spiWrite 0070                _TRISAbits 0085              spiWrite@dat 0070  
         _spiReceiveWait 0155            __pidataCOMMON 0166      start_initialization 000F  
            __end_of_isr 00B0   __end_of_spiReceiveWait 015C                _adcConfig 0127  
            __pbssCOMMON 0077                ___latbits 0002            __pcstackBANK0 0020  
           ??_adcChannel 0074          ?_spiReceiveWait 0070                 ?_adcRead 0070  
              _configOsc 001B       __end_of_adcChannel 014C               ?_adcConfig 0070  
               ?_spiInit 0074                 ?_spiRead 0070     spiInit@sTransmitEdge 0076  
      interrupt_function 0004                 _PIE1bits 008C       spiInit@sDataSample 0074  
               _PIR1bits 000C               ?_configOsc 0074               _ADCON0bits 001F  
             _ADCON1bits 009F                 _adcValue 0079              ??_adcConfig 0076  
               __ptext10 0162                 _temporal 0078                 _spiWrite 015C  
           spiInit@sType 0020              ??_configOsc 0076        spiInit@sClockIdle 0075  
             _INTCONbits 000B                 intlevel1 0000         ??_spiReceiveWait 0070  
             _OSCCONbits 008F              _slaveSelect 0077  
