

Microchip MPLAB XC8 Assembler V2.41 build 20230208172133 
                                                                                               Wed Aug 02 23:14:04 2023

Microchip MPLAB XC8 C Compiler v2.41 (Free license) build 20230208172133 Og1 
     1                           	processor	16F887
     2                           	pagewidth 120
     3                           	opt	flic
     4                           	psect	idataCOMMON,global,class=CODE,delta=2,noexec
     5                           	psect	cinit,global,class=CODE,merge=1,delta=2
     6                           	psect	bssCOMMON,global,class=COMMON,space=1,delta=1,noexec
     7                           	psect	dataCOMMON,global,class=COMMON,space=1,delta=1,noexec
     8                           	psect	cstackCOMMON,global,class=COMMON,space=1,delta=1,noexec
     9                           	psect	cstackBANK0,global,class=BANK0,space=1,delta=1,noexec
    10                           	psect	maintext,global,class=CODE,split=1,delta=2
    11                           	psect	text1,local,class=CODE,merge=1,delta=2
    12                           	psect	text2,local,class=CODE,merge=1,delta=2
    13                           	psect	text3,local,class=CODE,merge=1,delta=2
    14                           	psect	text4,local,class=CODE,merge=1,delta=2
    15                           	psect	text5,local,class=CODE,merge=1,delta=2
    16                           	psect	text6,local,class=CODE,merge=1,delta=2
    17                           	psect	intentry,global,class=CODE,delta=2
    18                           	psect	text7,local,class=CODE,merge=1,delta=2
    19                           	psect	idloc,global,abs,ovrld,class=IDLOC,space=5,delta=2,noexec
    20                           	psect	config,global,abs,ovrld,class=CONFIG,space=4,delta=2,noexec
    21                           	dabs	1,0x7E,2
    22     0000                     
    23                           ; Version 2.40
    24                           ; Generated 17/11/2021 GMT
    25                           ; 
    26                           ; Copyright © 2021, Microchip Technology Inc. and its subsidiaries ("Microchip")
    27                           ; All rights reserved.
    28                           ; 
    29                           ; This software is developed by Microchip Technology Inc. and its subsidiaries ("Microch
      +                          ip").
    30                           ; 
    31                           ; Redistribution and use in source and binary forms, with or without modification, are
    32                           ; permitted provided that the following conditions are met:
    33                           ; 
    34                           ;     1. Redistributions of source code must retain the above copyright notice, this lis
      +                          t of
    35                           ;        conditions and the following disclaimer.
    36                           ; 
    37                           ;     2. Redistributions in binary form must reproduce the above copyright notice, this 
      +                          list
    38                           ;        of conditions and the following disclaimer in the documentation and/or other
    39                           ;        materials provided with the distribution. Publication is not required when
    40                           ;        this file is used in an embedded application.
    41                           ; 
    42                           ;     3. Microchip's name may not be used to endorse or promote products derived from th
      +                          is
    43                           ;        software without specific prior written permission.
    44                           ; 
    45                           ; THIS SOFTWARE IS PROVIDED BY MICROCHIP "AS IS" AND ANY EXPRESS OR IMPLIED WARRANTIES,
    46                           ; INCLUDING, BUT NOT LIMITED TO, THE IMPLIED WARRANTIES OF MERCHANTABILITY AND FITNESS F
      +                          OR
    47                           ; PURPOSE ARE DISCLAIMED.  IN NO EVENT SHALL MICROCHIP BE LIABLE FOR ANY DIRECT, INDIREC
      +                          T,
    48                           ; INCIDENTAL, SPECIAL, EXEMPLARY, OR CONSEQUENTIAL DAMAGES (INCLUDING BUT NOT LIMITED TO
    49                           ; PROCUREMENT OF SUBSTITUTE GOODS OR SERVICES; LOSS OF USE, DATA OR PROFITS; OR BUSINESS
    50                           ; INTERRUPTION) HOWSOEVER CAUSED AND ON ANY THEORY OF LIABILITY, WHETHER IN CONTRACT, ST
      +                          RICT
    51                           ; LIABILITY, OR TORT (INCLUDING NEGLIGENCE OR OTHERWISE) ARISING IN ANY WAY OUT OF THE U
      +                          SE OF
    52                           ; THIS SOFTWARE, EVEN IF ADVISED OF THE POSSIBILITY OF SUCH DAMAGE.
    53                           ; 
    54                           ; 
    55                           ; Code-generator required, PIC16F887 Definitions
    56                           ; 
    57                           ; SFR Addresses
    58     0000                     	;# 
    59     0001                     	;# 
    60     0002                     	;# 
    61     0003                     	;# 
    62     0004                     	;# 
    63     0005                     	;# 
    64     0006                     	;# 
    65     0007                     	;# 
    66     0008                     	;# 
    67     0009                     	;# 
    68     000A                     	;# 
    69     000B                     	;# 
    70     000C                     	;# 
    71     000D                     	;# 
    72     000E                     	;# 
    73     000E                     	;# 
    74     000F                     	;# 
    75     0010                     	;# 
    76     0011                     	;# 
    77     0012                     	;# 
    78     0013                     	;# 
    79     0014                     	;# 
    80     0015                     	;# 
    81     0015                     	;# 
    82     0016                     	;# 
    83     0017                     	;# 
    84     0018                     	;# 
    85     0019                     	;# 
    86     001A                     	;# 
    87     001B                     	;# 
    88     001B                     	;# 
    89     001C                     	;# 
    90     001D                     	;# 
    91     001E                     	;# 
    92     001F                     	;# 
    93     0081                     	;# 
    94     0085                     	;# 
    95     0086                     	;# 
    96     0087                     	;# 
    97     0088                     	;# 
    98     0089                     	;# 
    99     008C                     	;# 
   100     008D                     	;# 
   101     008E                     	;# 
   102     008F                     	;# 
   103     0090                     	;# 
   104     0091                     	;# 
   105     0092                     	;# 
   106     0093                     	;# 
   107     0093                     	;# 
   108     0093                     	;# 
   109     0094                     	;# 
   110     0095                     	;# 
   111     0096                     	;# 
   112     0097                     	;# 
   113     0098                     	;# 
   114     0099                     	;# 
   115     009A                     	;# 
   116     009B                     	;# 
   117     009C                     	;# 
   118     009D                     	;# 
   119     009E                     	;# 
   120     009F                     	;# 
   121     0105                     	;# 
   122     0107                     	;# 
   123     0108                     	;# 
   124     0109                     	;# 
   125     010C                     	;# 
   126     010C                     	;# 
   127     010D                     	;# 
   128     010E                     	;# 
   129     010F                     	;# 
   130     0185                     	;# 
   131     0187                     	;# 
   132     0188                     	;# 
   133     0189                     	;# 
   134     018C                     	;# 
   135     018D                     	;# 
   136     0000                     	;# 
   137     0001                     	;# 
   138     0002                     	;# 
   139     0003                     	;# 
   140     0004                     	;# 
   141     0005                     	;# 
   142     0006                     	;# 
   143     0007                     	;# 
   144     0008                     	;# 
   145     0009                     	;# 
   146     000A                     	;# 
   147     000B                     	;# 
   148     000C                     	;# 
   149     000D                     	;# 
   150     000E                     	;# 
   151     000E                     	;# 
   152     000F                     	;# 
   153     0010                     	;# 
   154     0011                     	;# 
   155     0012                     	;# 
   156     0013                     	;# 
   157     0014                     	;# 
   158     0015                     	;# 
   159     0015                     	;# 
   160     0016                     	;# 
   161     0017                     	;# 
   162     0018                     	;# 
   163     0019                     	;# 
   164     001A                     	;# 
   165     001B                     	;# 
   166     001B                     	;# 
   167     001C                     	;# 
   168     001D                     	;# 
   169     001E                     	;# 
   170     001F                     	;# 
   171     0081                     	;# 
   172     0085                     	;# 
   173     0086                     	;# 
   174     0087                     	;# 
   175     0088                     	;# 
   176     0089                     	;# 
   177     008C                     	;# 
   178     008D                     	;# 
   179     008E                     	;# 
   180     008F                     	;# 
   181     0090                     	;# 
   182     0091                     	;# 
   183     0092                     	;# 
   184     0093                     	;# 
   185     0093                     	;# 
   186     0093                     	;# 
   187     0094                     	;# 
   188     0095                     	;# 
   189     0096                     	;# 
   190     0097                     	;# 
   191     0098                     	;# 
   192     0099                     	;# 
   193     009A                     	;# 
   194     009B                     	;# 
   195     009C                     	;# 
   196     009D                     	;# 
   197     009E                     	;# 
   198     009F                     	;# 
   199     0105                     	;# 
   200     0107                     	;# 
   201     0108                     	;# 
   202     0109                     	;# 
   203     010C                     	;# 
   204     010C                     	;# 
   205     010D                     	;# 
   206     010E                     	;# 
   207     010F                     	;# 
   208     0185                     	;# 
   209     0187                     	;# 
   210     0188                     	;# 
   211     0189                     	;# 
   212     018C                     	;# 
   213     018D                     	;# 
   214     0000                     	;# 
   215     0001                     	;# 
   216     0002                     	;# 
   217     0003                     	;# 
   218     0004                     	;# 
   219     0005                     	;# 
   220     0006                     	;# 
   221     0007                     	;# 
   222     0008                     	;# 
   223     0009                     	;# 
   224     000A                     	;# 
   225     000B                     	;# 
   226     000C                     	;# 
   227     000D                     	;# 
   228     000E                     	;# 
   229     000E                     	;# 
   230     000F                     	;# 
   231     0010                     	;# 
   232     0011                     	;# 
   233     0012                     	;# 
   234     0013                     	;# 
   235     0014                     	;# 
   236     0015                     	;# 
   237     0015                     	;# 
   238     0016                     	;# 
   239     0017                     	;# 
   240     0018                     	;# 
   241     0019                     	;# 
   242     001A                     	;# 
   243     001B                     	;# 
   244     001B                     	;# 
   245     001C                     	;# 
   246     001D                     	;# 
   247     001E                     	;# 
   248     001F                     	;# 
   249     0081                     	;# 
   250     0085                     	;# 
   251     0086                     	;# 
   252     0087                     	;# 
   253     0088                     	;# 
   254     0089                     	;# 
   255     008C                     	;# 
   256     008D                     	;# 
   257     008E                     	;# 
   258     008F                     	;# 
   259     0090                     	;# 
   260     0091                     	;# 
   261     0092                     	;# 
   262     0093                     	;# 
   263     0093                     	;# 
   264     0093                     	;# 
   265     0094                     	;# 
   266     0095                     	;# 
   267     0096                     	;# 
   268     0097                     	;# 
   269     0098                     	;# 
   270     0099                     	;# 
   271     009A                     	;# 
   272     009B                     	;# 
   273     009C                     	;# 
   274     009D                     	;# 
   275     009E                     	;# 
   276     009F                     	;# 
   277     0105                     	;# 
   278     0107                     	;# 
   279     0108                     	;# 
   280     0109                     	;# 
   281     010C                     	;# 
   282     010C                     	;# 
   283     010D                     	;# 
   284     010E                     	;# 
   285     010F                     	;# 
   286     0185                     	;# 
   287     0187                     	;# 
   288     0188                     	;# 
   289     0189                     	;# 
   290     018C                     	;# 
   291     018D                     	;# 
   292     0000                     	;# 
   293     0001                     	;# 
   294     0002                     	;# 
   295     0003                     	;# 
   296     0004                     	;# 
   297     0005                     	;# 
   298     0006                     	;# 
   299     0007                     	;# 
   300     0008                     	;# 
   301     0009                     	;# 
   302     000A                     	;# 
   303     000B                     	;# 
   304     000C                     	;# 
   305     000D                     	;# 
   306     000E                     	;# 
   307     000E                     	;# 
   308     000F                     	;# 
   309     0010                     	;# 
   310     0011                     	;# 
   311     0012                     	;# 
   312     0013                     	;# 
   313     0014                     	;# 
   314     0015                     	;# 
   315     0015                     	;# 
   316     0016                     	;# 
   317     0017                     	;# 
   318     0018                     	;# 
   319     0019                     	;# 
   320     001A                     	;# 
   321     001B                     	;# 
   322     001B                     	;# 
   323     001C                     	;# 
   324     001D                     	;# 
   325     001E                     	;# 
   326     001F                     	;# 
   327     0081                     	;# 
   328     0085                     	;# 
   329     0086                     	;# 
   330     0087                     	;# 
   331     0088                     	;# 
   332     0089                     	;# 
   333     008C                     	;# 
   334     008D                     	;# 
   335     008E                     	;# 
   336     008F                     	;# 
   337     0090                     	;# 
   338     0091                     	;# 
   339     0092                     	;# 
   340     0093                     	;# 
   341     0093                     	;# 
   342     0093                     	;# 
   343     0094                     	;# 
   344     0095                     	;# 
   345     0096                     	;# 
   346     0097                     	;# 
   347     0098                     	;# 
   348     0099                     	;# 
   349     009A                     	;# 
   350     009B                     	;# 
   351     009C                     	;# 
   352     009D                     	;# 
   353     009E                     	;# 
   354     009F                     	;# 
   355     0105                     	;# 
   356     0107                     	;# 
   357     0108                     	;# 
   358     0109                     	;# 
   359     010C                     	;# 
   360     010C                     	;# 
   361     010D                     	;# 
   362     010E                     	;# 
   363     010F                     	;# 
   364     0185                     	;# 
   365     0187                     	;# 
   366     0188                     	;# 
   367     0189                     	;# 
   368     018C                     	;# 
   369     018D                     	;# 
   370     0000                     	;# 
   371     0001                     	;# 
   372     0002                     	;# 
   373     0003                     	;# 
   374     0004                     	;# 
   375     0005                     	;# 
   376     0006                     	;# 
   377     0007                     	;# 
   378     0008                     	;# 
   379     0009                     	;# 
   380     000A                     	;# 
   381     000B                     	;# 
   382     000C                     	;# 
   383     000D                     	;# 
   384     000E                     	;# 
   385     000E                     	;# 
   386     000F                     	;# 
   387     0010                     	;# 
   388     0011                     	;# 
   389     0012                     	;# 
   390     0013                     	;# 
   391     0014                     	;# 
   392     0015                     	;# 
   393     0015                     	;# 
   394     0016                     	;# 
   395     0017                     	;# 
   396     0018                     	;# 
   397     0019                     	;# 
   398     001A                     	;# 
   399     001B                     	;# 
   400     001B                     	;# 
   401     001C                     	;# 
   402     001D                     	;# 
   403     001E                     	;# 
   404     001F                     	;# 
   405     0081                     	;# 
   406     0085                     	;# 
   407     0086                     	;# 
   408     0087                     	;# 
   409     0088                     	;# 
   410     0089                     	;# 
   411     008C                     	;# 
   412     008D                     	;# 
   413     008E                     	;# 
   414     008F                     	;# 
   415     0090                     	;# 
   416     0091                     	;# 
   417     0092                     	;# 
   418     0093                     	;# 
   419     0093                     	;# 
   420     0093                     	;# 
   421     0094                     	;# 
   422     0095                     	;# 
   423     0096                     	;# 
   424     0097                     	;# 
   425     0098                     	;# 
   426     0099                     	;# 
   427     009A                     	;# 
   428     009B                     	;# 
   429     009C                     	;# 
   430     009D                     	;# 
   431     009E                     	;# 
   432     009F                     	;# 
   433     0105                     	;# 
   434     0107                     	;# 
   435     0108                     	;# 
   436     0109                     	;# 
   437     010C                     	;# 
   438     010C                     	;# 
   439     010D                     	;# 
   440     010E                     	;# 
   441     010F                     	;# 
   442     0185                     	;# 
   443     0187                     	;# 
   444     0188                     	;# 
   445     0189                     	;# 
   446     018C                     	;# 
   447     018D                     	;# 
   448                           
   449                           	psect	idataCOMMON
   450     0133                     __pidataCOMMON:
   451                           
   452                           ;initializer for _adcValue
   453     0133  3403               	retlw	3
   454     0006                     _PORTB	set	6
   455     0005                     _PORTA	set	5
   456     0008                     _PORTD	set	8
   457     000C                     _PIR1bits	set	12
   458     001E                     _ADRESH	set	30
   459     000B                     _INTCONbits	set	11
   460     001F                     _ADCON0bits	set	31
   461     0013                     _SSPBUF	set	19
   462     0014                     _SSPCON	set	20
   463     0066                     _ADIF	set	102
   464     0063                     _SSPIF	set	99
   465     0085                     _TRISAbits	set	133
   466     0088                     _TRISD	set	136
   467     0086                     _TRISB	set	134
   468     0085                     _TRISA	set	133
   469     008C                     _PIE1bits	set	140
   470     009F                     _ADCON1bits	set	159
   471     0094                     _SSPSTATbits	set	148
   472     0094                     _SSPSTAT	set	148
   473     008F                     _OSCCONbits	set	143
   474     043B                     _TRISC3	set	1083
   475     043D                     _TRISC5	set	1085
   476     0188                     _ANSELbits	set	392
   477     0189                     _ANSELH	set	393
   478                           
   479                           	psect	cinit
   480     000F                     start_initialization:	
   481                           ; #config settings
   482                           
   483     000F                     __initialization:
   484                           
   485                           ; Initialize objects allocated to COMMON
   486     000F  120A  118A  2133  120A  118A  	fcall	__pidataCOMMON	;fetch initializer
   487     0014  00FA               	movwf	__pdataCOMMON& (0+127)
   488                           
   489                           ; Clear objects allocated to COMMON
   490     0015  01F8               	clrf	__pbssCOMMON& (0+127)
   491     0016  01F9               	clrf	(__pbssCOMMON+1)& (0+127)
   492     0017                     end_of_initialization:	
   493                           ;End of C runtime variable initialization code
   494                           
   495     0017                     __end_of__initialization:
   496     0017  0183               	clrf	3
   497     0018  120A  118A  28AA   	ljmp	_main	;jump to C main() function
   498                           
   499                           	psect	bssCOMMON
   500     0078                     __pbssCOMMON:
   501     0078                     _slaveSelect:
   502     0078                     	ds	1
   503     0079                     _temporal:
   504     0079                     	ds	1
   505                           
   506                           	psect	dataCOMMON
   507     007A                     __pdataCOMMON:
   508     007A                     _adcValue:
   509     007A                     	ds	1
   510                           
   511                           	psect	cstackCOMMON
   512     0070                     __pcstackCOMMON:
   513     0070                     ?_adcChannel:
   514     0070                     ?_setup:	
   515                           ; 1 bytes @ 0x0
   516                           
   517     0070                     ?_adcConfig:	
   518                           ; 1 bytes @ 0x0
   519                           
   520     0070                     ?_adcRead:	
   521                           ; 1 bytes @ 0x0
   522                           
   523     0070                     ??_adcRead:	
   524                           ; 1 bytes @ 0x0
   525                           
   526     0070                     ?_isr:	
   527                           ; 1 bytes @ 0x0
   528                           
   529     0070                     ??_isr:	
   530                           ; 1 bytes @ 0x0
   531                           
   532     0070                     ?_main:	
   533                           ; 1 bytes @ 0x0
   534                           
   535                           
   536                           ; 1 bytes @ 0x0
   537     0070                     	ds	3
   538     0073                     ??_adcChannel:
   539     0073                     ?_configOsc:	
   540                           ; 1 bytes @ 0x3
   541                           
   542     0073                     ?_spiInit:	
   543                           ; 1 bytes @ 0x3
   544                           
   545     0073                     spiInit@sDataSample:	
   546                           ; 1 bytes @ 0x3
   547                           
   548     0073                     configOsc@frec:	
   549                           ; 1 bytes @ 0x3
   550                           
   551                           
   552                           ; 2 bytes @ 0x3
   553     0073                     	ds	1
   554     0074                     spiInit@sClockIdle:
   555     0074                     adcChannel@channel:	
   556                           ; 1 bytes @ 0x4
   557                           
   558                           
   559                           ; 1 bytes @ 0x4
   560     0074                     	ds	1
   561     0075                     ??_configOsc:
   562     0075                     ??_adcConfig:	
   563                           ; 1 bytes @ 0x5
   564                           
   565     0075                     spiInit@sTransmitEdge:	
   566                           ; 1 bytes @ 0x5
   567                           
   568                           
   569                           ; 1 bytes @ 0x5
   570     0075                     	ds	1
   571     0076                     ??_spiInit:
   572     0076                     spiInit@sType:	
   573                           ; 1 bytes @ 0x6
   574                           
   575                           
   576                           ; 1 bytes @ 0x6
   577     0076                     	ds	1
   578     0077                     ??_setup:
   579                           
   580                           ; 1 bytes @ 0x7
   581     0077                     	ds	1
   582                           
   583                           	psect	cstackBANK0
   584     0020                     __pcstackBANK0:
   585     0020                     ??_main:
   586                           
   587                           ; 1 bytes @ 0x0
   588     0020                     	ds	1
   589                           
   590                           	psect	maintext
   591     00AA                     __pmaintext:	
   592 ;;
   593 ;;Main: autosize = 0, tempsize = 1, incstack = 0, save=0
   594 ;;
   595 ;; *************** function _main *****************
   596 ;; Defined at:
   597 ;;		line 75 in file "E:/Universidad/Semestre2_2023/Digital-2/Lab3/Lab3_Slave_2.X/Lab3Slave2.c"
   598 ;; Parameters:    Size  Location     Type
   599 ;;		None
   600 ;; Auto vars:     Size  Location     Type
   601 ;;		None
   602 ;; Return value:  Size  Location     Type
   603 ;;                  1    wreg      void 
   604 ;; Registers used:
   605 ;;		wreg, status,2, status,0, pclath, cstack
   606 ;; Tracked objects:
   607 ;;		On entry : B00/0
   608 ;;		On exit  : 0/0
   609 ;;		Unchanged: 0/0
   610 ;; Data sizes:     COMMON   BANK0   BANK1   BANK3   BANK2
   611 ;;      Params:         0       0       0       0       0
   612 ;;      Locals:         0       0       0       0       0
   613 ;;      Temps:          0       1       0       0       0
   614 ;;      Totals:         0       1       0       0       0
   615 ;;Total ram usage:        1 bytes
   616 ;; Hardware stack levels required when called: 5
   617 ;; This function calls:
   618 ;;		_adcChannel
   619 ;;		_setup
   620 ;; This function is called by:
   621 ;;		Startup code after reset
   622 ;; This function uses a non-reentrant model
   623 ;;
   624                           
   625     00AA                     _main:	
   626                           ;psect for function _main
   627                           
   628     00AA                     l919:	
   629                           ;incstack = 0
   630                           ; Regs used in _main: [wreg+status,2+status,0+pclath+cstack]
   631                           
   632                           
   633                           ;E:/Universidad/Semestre2_2023/Digital-2/Lab3/Lab3_Slave_2.X/Lab3Slave2.c: 76:     setup
      +                          ();
   634     00AA  120A  118A  2077  120A  118A  	fcall	_setup
   635     00AF                     l921:
   636                           
   637                           ;E:/Universidad/Semestre2_2023/Digital-2/Lab3/Lab3_Slave_2.X/Lab3Slave2.c: 81:        if
      +                           (ADCON0bits.CHS == 0){
   638     00AF  1283               	bcf	3,5	;RP0=0, select bank0
   639     00B0  1303               	bcf	3,6	;RP1=0, select bank0
   640     00B1  0C1F               	rrf	31,w	;volatile
   641     00B2  00A0               	movwf	??_main
   642     00B3  0C20               	rrf	??_main,w
   643     00B4  390F               	andlw	15
   644     00B5  3A00               	xorlw	0
   645     00B6  1D03               	skipz
   646     00B7  28B9               	goto	u231
   647     00B8  28BA               	goto	u230
   648     00B9                     u231:
   649     00B9  28CA               	goto	l929
   650     00BA                     u230:
   651     00BA                     l923:
   652                           
   653                           ;E:/Universidad/Semestre2_2023/Digital-2/Lab3/Lab3_Slave_2.X/Lab3Slave2.c: 82:        ad
      +                          cChannel(0);
   654     00BA  3000               	movlw	0
   655     00BB  120A  118A  2122  120A  118A  	fcall	_adcChannel
   656     00C0                     l925:
   657                           
   658                           ;E:/Universidad/Semestre2_2023/Digital-2/Lab3/Lab3_Slave_2.X/Lab3Slave2.c: 83:         _
      +                          delay((unsigned long)((20)*(8000000/4000000.0)));
   659     00C0  300C               	movlw	12
   660     00C1  1283               	bcf	3,5	;RP0=0, select bank0
   661     00C2  1303               	bcf	3,6	;RP1=0, select bank0
   662     00C3  00A0               	movwf	??_main
   663     00C4                     u247:
   664     00C4  0BA0               	decfsz	??_main,f
   665     00C5  28C4               	goto	u247
   666     00C6  0000               	nop
   667     00C7                     l927:
   668                           
   669                           ;E:/Universidad/Semestre2_2023/Digital-2/Lab3/Lab3_Slave_2.X/Lab3Slave2.c: 84:         A
      +                          DCON0bits.GO = 1;
   670     00C7  1283               	bcf	3,5	;RP0=0, select bank0
   671     00C8  1303               	bcf	3,6	;RP1=0, select bank0
   672     00C9  149F               	bsf	31,1	;volatile
   673     00CA                     l929:
   674                           
   675                           ;E:/Universidad/Semestre2_2023/Digital-2/Lab3/Lab3_Slave_2.X/Lab3Slave2.c: 86:         P
      +                          ORTD = adcValue;
   676     00CA  087A               	movf	_adcValue,w
   677     00CB  0088               	movwf	8	;volatile
   678     00CC  28AF               	goto	l921
   679     00CD  120A  118A  280C   	ljmp	start
   680     00D0                     __end_of_main:
   681                           
   682                           	psect	text1
   683     0077                     __ptext1:	
   684 ;; *************** function _setup *****************
   685 ;; Defined at:
   686 ;;		line 93 in file "E:/Universidad/Semestre2_2023/Digital-2/Lab3/Lab3_Slave_2.X/Lab3Slave2.c"
   687 ;; Parameters:    Size  Location     Type
   688 ;;		None
   689 ;; Auto vars:     Size  Location     Type
   690 ;;		None
   691 ;; Return value:  Size  Location     Type
   692 ;;                  1    wreg      void 
   693 ;; Registers used:
   694 ;;		wreg, status,2, status,0, pclath, cstack
   695 ;; Tracked objects:
   696 ;;		On entry : 0/0
   697 ;;		On exit  : 0/0
   698 ;;		Unchanged: 0/0
   699 ;; Data sizes:     COMMON   BANK0   BANK1   BANK3   BANK2
   700 ;;      Params:         0       0       0       0       0
   701 ;;      Locals:         0       0       0       0       0
   702 ;;      Temps:          1       0       0       0       0
   703 ;;      Totals:         1       0       0       0       0
   704 ;;Total ram usage:        1 bytes
   705 ;; Hardware stack levels used: 1
   706 ;; Hardware stack levels required when called: 4
   707 ;; This function calls:
   708 ;;		_adcConfig
   709 ;;		_configOsc
   710 ;;		_spiInit
   711 ;; This function is called by:
   712 ;;		_main
   713 ;; This function uses a non-reentrant model
   714 ;;
   715                           
   716     0077                     _setup:	
   717                           ;psect for function _setup
   718                           
   719     0077                     l879:	
   720                           ;incstack = 0
   721                           ; Regs used in _setup: [wreg+status,2+status,0+pclath+cstack]
   722                           
   723                           
   724                           ;E:/Universidad/Semestre2_2023/Digital-2/Lab3/Lab3_Slave_2.X/Lab3Slave2.c: 94:     confi
      +                          gOsc(8);
   725     0077  3008               	movlw	8
   726     0078  00F3               	movwf	configOsc@frec
   727     0079  3000               	movlw	0
   728     007A  00F4               	movwf	configOsc@frec+1
   729     007B  120A  118A  201B  120A  118A  	fcall	_configOsc
   730     0080                     l881:
   731                           
   732                           ;E:/Universidad/Semestre2_2023/Digital-2/Lab3/Lab3_Slave_2.X/Lab3Slave2.c: 96:     ANSEL
      +                          H = 0;
   733     0080  1683               	bsf	3,5	;RP0=1, select bank3
   734     0081  1703               	bsf	3,6	;RP1=1, select bank3
   735     0082  0189               	clrf	9	;volatile
   736     0083                     l883:
   737                           
   738                           ;E:/Universidad/Semestre2_2023/Digital-2/Lab3/Lab3_Slave_2.X/Lab3Slave2.c: 97:     ANSEL
      +                          bits.ANS0 = 1;
   739     0083  1408               	bsf	8,0	;volatile
   740     0084                     l885:
   741                           
   742                           ;E:/Universidad/Semestre2_2023/Digital-2/Lab3/Lab3_Slave_2.X/Lab3Slave2.c: 99:     TRISA
      +                           = 0b00000001;
   743     0084  3001               	movlw	1
   744     0085  1683               	bsf	3,5	;RP0=1, select bank1
   745     0086  1303               	bcf	3,6	;RP1=0, select bank1
   746     0087  0085               	movwf	5	;volatile
   747     0088                     l887:
   748                           
   749                           ;E:/Universidad/Semestre2_2023/Digital-2/Lab3/Lab3_Slave_2.X/Lab3Slave2.c: 100:     TRIS
      +                          B = 0;
   750     0088  0186               	clrf	6	;volatile
   751     0089                     l889:
   752                           
   753                           ;E:/Universidad/Semestre2_2023/Digital-2/Lab3/Lab3_Slave_2.X/Lab3Slave2.c: 101:     TRIS
      +                          D = 0;
   754     0089  0188               	clrf	8	;volatile
   755     008A                     l891:
   756                           
   757                           ;E:/Universidad/Semestre2_2023/Digital-2/Lab3/Lab3_Slave_2.X/Lab3Slave2.c: 103:     PORT
      +                          A = 0;
   758     008A  1283               	bcf	3,5	;RP0=0, select bank0
   759     008B  1303               	bcf	3,6	;RP1=0, select bank0
   760     008C  0185               	clrf	5	;volatile
   761     008D                     l893:
   762                           
   763                           ;E:/Universidad/Semestre2_2023/Digital-2/Lab3/Lab3_Slave_2.X/Lab3Slave2.c: 104:     PORT
      +                          B = 0;
   764     008D  0186               	clrf	6	;volatile
   765     008E                     l895:
   766                           
   767                           ;E:/Universidad/Semestre2_2023/Digital-2/Lab3/Lab3_Slave_2.X/Lab3Slave2.c: 105:     PORT
      +                          D = 0;
   768     008E  0188               	clrf	8	;volatile
   769     008F                     l897:
   770                           
   771                           ;E:/Universidad/Semestre2_2023/Digital-2/Lab3/Lab3_Slave_2.X/Lab3Slave2.c: 107:     adcC
      +                          onfig();
   772     008F  120A  118A  20F4  120A  118A  	fcall	_adcConfig
   773                           
   774                           ;E:/Universidad/Semestre2_2023/Digital-2/Lab3/Lab3_Slave_2.X/Lab3Slave2.c: 108:     _del
      +                          ay((unsigned long)((40)*(8000000/4000000.0)));
   775     0094  301A               	movlw	26
   776     0095  00F7               	movwf	??_setup
   777     0096                     u257:
   778     0096  0BF7               	decfsz	??_setup,f
   779     0097  2896               	goto	u257
   780     0098  0000               	nop
   781     0099                     l899:
   782                           
   783                           ;E:/Universidad/Semestre2_2023/Digital-2/Lab3/Lab3_Slave_2.X/Lab3Slave2.c: 109:     PIR1
      +                          bits.SSPIF = 0;
   784     0099  1283               	bcf	3,5	;RP0=0, select bank0
   785     009A  1303               	bcf	3,6	;RP1=0, select bank0
   786     009B  118C               	bcf	12,3	;volatile
   787     009C                     l901:
   788                           
   789                           ;E:/Universidad/Semestre2_2023/Digital-2/Lab3/Lab3_Slave_2.X/Lab3Slave2.c: 110:     PIE1
      +                          bits.SSPIE = 1;
   790     009C  1683               	bsf	3,5	;RP0=1, select bank1
   791     009D  1303               	bcf	3,6	;RP1=0, select bank1
   792     009E  158C               	bsf	12,3	;volatile
   793     009F                     l903:
   794                           
   795                           ;E:/Universidad/Semestre2_2023/Digital-2/Lab3/Lab3_Slave_2.X/Lab3Slave2.c: 111:     TRIS
      +                          Abits.TRISA5 = 1;
   796     009F  1685               	bsf	5,5	;volatile
   797     00A0                     l905:
   798                           
   799                           ;E:/Universidad/Semestre2_2023/Digital-2/Lab3/Lab3_Slave_2.X/Lab3Slave2.c: 112:     spiI
      +                          nit(SPI_SLAVE_SS_EN, SPI_DATA_SAMPLE_MIDDLE, SPI_CLOCK_IDLE_LOW, SPI_IDLE_2_ACTIVE);
   800     00A0  01F3               	clrf	spiInit@sDataSample
   801     00A1  01F4               	clrf	spiInit@sClockIdle
   802     00A2  01F5               	clrf	spiInit@sTransmitEdge
   803     00A3  3024               	movlw	36
   804     00A4  120A  118A  210C  120A  118A  	fcall	_spiInit
   805     00A9                     l135:
   806     00A9  0008               	return
   807     00AA                     __end_of_setup:
   808                           
   809                           	psect	text2
   810     010C                     __ptext2:	
   811 ;; *************** function _spiInit *****************
   812 ;; Defined at:
   813 ;;		line 12 in file "SPI.c"
   814 ;; Parameters:    Size  Location     Type
   815 ;;  sType           1    wreg     enum E1292
   816 ;;  sDataSample     1    3[COMMON] enum E1300
   817 ;;  sClockIdle      1    4[COMMON] enum E1304
   818 ;;  sTransmitEdg    1    5[COMMON] enum E1308
   819 ;; Auto vars:     Size  Location     Type
   820 ;;  sType           1    6[COMMON] enum E1292
   821 ;; Return value:  Size  Location     Type
   822 ;;                  1    wreg      void 
   823 ;; Registers used:
   824 ;;		wreg, status,2, status,0
   825 ;; Tracked objects:
   826 ;;		On entry : 0/0
   827 ;;		On exit  : 0/0
   828 ;;		Unchanged: 0/0
   829 ;; Data sizes:     COMMON   BANK0   BANK1   BANK3   BANK2
   830 ;;      Params:         3       0       0       0       0
   831 ;;      Locals:         1       0       0       0       0
   832 ;;      Temps:          0       0       0       0       0
   833 ;;      Totals:         4       0       0       0       0
   834 ;;Total ram usage:        4 bytes
   835 ;; Hardware stack levels used: 1
   836 ;; Hardware stack levels required when called: 2
   837 ;; This function calls:
   838 ;;		Nothing
   839 ;; This function is called by:
   840 ;;		_setup
   841 ;; This function uses a non-reentrant model
   842 ;;
   843                           
   844     010C                     _spiInit:	
   845                           ;psect for function _spiInit
   846                           
   847                           
   848                           ;incstack = 0
   849                           ; Regs used in _spiInit: [wreg+status,2+status,0]
   850                           ;spiInit@sType stored from wreg
   851     010C  00F6               	movwf	spiInit@sType
   852     010D                     l869:
   853                           
   854                           ;SPI.c: 12: void spiInit(Spi_Type sType, Spi_Data_Sample sDataSample, Spi_Clock_Idle sCl
      +                          ockIdle, Spi_Transmit_Edge sTransmitEdge);SPI.c: 13: {;SPI.c: 14:     TRISC5 = 0;
   855     010D  1683               	bsf	3,5	;RP0=1, select bank1
   856     010E  1303               	bcf	3,6	;RP1=0, select bank1
   857     010F  1287               	bcf	7,5	;volatile
   858                           
   859                           ;SPI.c: 15:     if(sType & 0b00000100)
   860     0110  1D76               	btfss	spiInit@sType,2
   861     0111  2913               	goto	u211
   862     0112  2914               	goto	u210
   863     0113                     u211:
   864     0113  2918               	goto	l875
   865     0114                     u210:
   866     0114                     l871:
   867                           
   868                           ;SPI.c: 16:     {;SPI.c: 17:         SSPSTAT = sTransmitEdge;
   869     0114  0875               	movf	spiInit@sTransmitEdge,w
   870     0115  0094               	movwf	20	;volatile
   871     0116                     l873:
   872                           
   873                           ;SPI.c: 18:         TRISC3 = 1;
   874     0116  1587               	bsf	7,3	;volatile
   875                           
   876                           ;SPI.c: 19:     }
   877     0117  291C               	goto	l28
   878     0118                     l875:
   879                           
   880                           ;SPI.c: 21:     {;SPI.c: 22:         SSPSTAT = sDataSample | sTransmitEdge;
   881     0118  0873               	movf	spiInit@sDataSample,w
   882     0119  0475               	iorwf	spiInit@sTransmitEdge,w
   883     011A  0094               	movwf	20	;volatile
   884     011B                     l877:
   885                           
   886                           ;SPI.c: 23:         TRISC3 = 0;
   887     011B  1187               	bcf	7,3	;volatile
   888     011C                     l28:	
   889                           ;SPI.c: 24:     }
   890                           
   891                           
   892                           ;SPI.c: 26:     SSPCON = sType | sClockIdle;
   893     011C  0876               	movf	spiInit@sType,w
   894     011D  0474               	iorwf	spiInit@sClockIdle,w
   895     011E  1283               	bcf	3,5	;RP0=0, select bank0
   896     011F  1303               	bcf	3,6	;RP1=0, select bank0
   897     0120  0094               	movwf	20	;volatile
   898     0121                     l29:
   899     0121  0008               	return
   900     0122                     __end_of_spiInit:
   901                           
   902                           	psect	text3
   903     001B                     __ptext3:	
   904 ;; *************** function _configOsc *****************
   905 ;; Defined at:
   906 ;;		line 4 in file "oscilador.c"
   907 ;; Parameters:    Size  Location     Type
   908 ;;  frec            2    3[COMMON] unsigned int 
   909 ;; Auto vars:     Size  Location     Type
   910 ;;		None
   911 ;; Return value:  Size  Location     Type
   912 ;;                  1    wreg      void 
   913 ;; Registers used:
   914 ;;		wreg, status,2, status,0
   915 ;; Tracked objects:
   916 ;;		On entry : 0/0
   917 ;;		On exit  : 0/0
   918 ;;		Unchanged: 0/0
   919 ;; Data sizes:     COMMON   BANK0   BANK1   BANK3   BANK2
   920 ;;      Params:         2       0       0       0       0
   921 ;;      Locals:         0       0       0       0       0
   922 ;;      Temps:          0       0       0       0       0
   923 ;;      Totals:         2       0       0       0       0
   924 ;;Total ram usage:        2 bytes
   925 ;; Hardware stack levels used: 1
   926 ;; Hardware stack levels required when called: 2
   927 ;; This function calls:
   928 ;;		Nothing
   929 ;; This function is called by:
   930 ;;		_setup
   931 ;; This function uses a non-reentrant model
   932 ;;
   933                           
   934     001B                     _configOsc:	
   935                           ;psect for function _configOsc
   936                           
   937     001B                     l851:	
   938                           ;incstack = 0
   939                           ; Regs used in _configOsc: [wreg+status,2+status,0]
   940                           
   941                           
   942                           ;oscilador.c: 5:         if (frec == 8) OSCCONbits.IRCF = 0b111;
   943     001B  3008               	movlw	8
   944     001C  0673               	xorwf	configOsc@frec,w
   945     001D  0474               	iorwf	configOsc@frec+1,w
   946     001E  1D03               	btfss	3,2
   947     001F  2821               	goto	u141
   948     0020  2822               	goto	u140
   949     0021                     u141:
   950     0021  2826               	goto	l5
   951     0022                     u140:
   952     0022                     l853:
   953     0022  3070               	movlw	112
   954     0023  1683               	bsf	3,5	;RP0=1, select bank1
   955     0024  1303               	bcf	3,6	;RP1=0, select bank1
   956     0025  048F               	iorwf	15,f	;volatile
   957     0026                     l5:
   958                           
   959                           ;oscilador.c: 6:         if (frec == 4) OSCCONbits.IRCF = 0b110;
   960     0026  3004               	movlw	4
   961     0027  0673               	xorwf	configOsc@frec,w
   962     0028  0474               	iorwf	configOsc@frec+1,w
   963     0029  1D03               	btfss	3,2
   964     002A  282C               	goto	u151
   965     002B  282D               	goto	u150
   966     002C                     u151:
   967     002C  2833               	goto	l6
   968     002D                     u150:
   969     002D                     l855:
   970     002D  1683               	bsf	3,5	;RP0=1, select bank1
   971     002E  1303               	bcf	3,6	;RP1=0, select bank1
   972     002F  080F               	movf	15,w	;volatile
   973     0030  398F               	andlw	-113
   974     0031  3860               	iorlw	96
   975     0032  008F               	movwf	15	;volatile
   976     0033                     l6:
   977                           
   978                           ;oscilador.c: 7:         if (frec == 1) OSCCONbits.IRCF = 0b100;
   979     0033  0373               	decf	configOsc@frec,w
   980     0034  0474               	iorwf	configOsc@frec+1,w
   981     0035  1D03               	btfss	3,2
   982     0036  2838               	goto	u161
   983     0037  2839               	goto	u160
   984     0038                     u161:
   985     0038  283F               	goto	l7
   986     0039                     u160:
   987     0039                     l857:
   988     0039  1683               	bsf	3,5	;RP0=1, select bank1
   989     003A  1303               	bcf	3,6	;RP1=0, select bank1
   990     003B  080F               	movf	15,w	;volatile
   991     003C  398F               	andlw	-113
   992     003D  3840               	iorlw	64
   993     003E  008F               	movwf	15	;volatile
   994     003F                     l7:
   995                           
   996                           ;oscilador.c: 8:         if (frec == 500) OSCCONbits.IRCF = 0b011;
   997     003F  30F4               	movlw	244
   998     0040  0673               	xorwf	configOsc@frec,w
   999     0041  1D03               	skipz
  1000     0042  2847               	goto	u171
  1001     0043  0374               	decf	configOsc@frec+1,w
  1002     0044  1D03               	btfss	3,2
  1003     0045  2847               	goto	u171
  1004     0046  2848               	goto	u170
  1005     0047                     u171:
  1006     0047  284E               	goto	l8
  1007     0048                     u170:
  1008     0048                     l859:
  1009     0048  1683               	bsf	3,5	;RP0=1, select bank1
  1010     0049  1303               	bcf	3,6	;RP1=0, select bank1
  1011     004A  080F               	movf	15,w	;volatile
  1012     004B  398F               	andlw	-113
  1013     004C  3830               	iorlw	48
  1014     004D  008F               	movwf	15	;volatile
  1015     004E                     l8:
  1016                           
  1017                           ;oscilador.c: 9:         if (frec == 250) OSCCONbits.IRCF = 0b101;
  1018     004E  30FA               	movlw	250
  1019     004F  0673               	xorwf	configOsc@frec,w
  1020     0050  0474               	iorwf	configOsc@frec+1,w
  1021     0051  1D03               	btfss	3,2
  1022     0052  2854               	goto	u181
  1023     0053  2855               	goto	u180
  1024     0054                     u181:
  1025     0054  285B               	goto	l9
  1026     0055                     u180:
  1027     0055                     l861:
  1028     0055  1683               	bsf	3,5	;RP0=1, select bank1
  1029     0056  1303               	bcf	3,6	;RP1=0, select bank1
  1030     0057  080F               	movf	15,w	;volatile
  1031     0058  398F               	andlw	-113
  1032     0059  3850               	iorlw	80
  1033     005A  008F               	movwf	15	;volatile
  1034     005B                     l9:
  1035                           
  1036                           ;oscilador.c: 10:         if (frec == 125) OSCCONbits.IRCF = 0b001;
  1037     005B  307D               	movlw	125
  1038     005C  0673               	xorwf	configOsc@frec,w
  1039     005D  0474               	iorwf	configOsc@frec+1,w
  1040     005E  1D03               	btfss	3,2
  1041     005F  2861               	goto	u191
  1042     0060  2862               	goto	u190
  1043     0061                     u191:
  1044     0061  2868               	goto	l10
  1045     0062                     u190:
  1046     0062                     l863:
  1047     0062  1683               	bsf	3,5	;RP0=1, select bank1
  1048     0063  1303               	bcf	3,6	;RP1=0, select bank1
  1049     0064  080F               	movf	15,w	;volatile
  1050     0065  398F               	andlw	-113
  1051     0066  3810               	iorlw	16
  1052     0067  008F               	movwf	15	;volatile
  1053     0068                     l10:
  1054                           
  1055                           ;oscilador.c: 11:         if (frec == 31) OSCCONbits.IRCF = 0b000;
  1056     0068  301F               	movlw	31
  1057     0069  0673               	xorwf	configOsc@frec,w
  1058     006A  0474               	iorwf	configOsc@frec+1,w
  1059     006B  1D03               	btfss	3,2
  1060     006C  286E               	goto	u201
  1061     006D  286F               	goto	u200
  1062     006E                     u201:
  1063     006E  2873               	goto	l867
  1064     006F                     u200:
  1065     006F                     l865:
  1066     006F  308F               	movlw	-113
  1067     0070  1683               	bsf	3,5	;RP0=1, select bank1
  1068     0071  1303               	bcf	3,6	;RP1=0, select bank1
  1069     0072  058F               	andwf	15,f	;volatile
  1070     0073                     l867:
  1071                           
  1072                           ;oscilador.c: 12:         OSCCONbits.SCS = 1;
  1073     0073  1683               	bsf	3,5	;RP0=1, select bank1
  1074     0074  1303               	bcf	3,6	;RP1=0, select bank1
  1075     0075  140F               	bsf	15,0	;volatile
  1076     0076                     l12:
  1077     0076  0008               	return
  1078     0077                     __end_of_configOsc:
  1079                           
  1080                           	psect	text4
  1081     00F4                     __ptext4:	
  1082 ;; *************** function _adcConfig *****************
  1083 ;; Defined at:
  1084 ;;		line 11 in file "adc_c.c"
  1085 ;; Parameters:    Size  Location     Type
  1086 ;;		None
  1087 ;; Auto vars:     Size  Location     Type
  1088 ;;		None
  1089 ;; Return value:  Size  Location     Type
  1090 ;;                  1    wreg      void 
  1091 ;; Registers used:
  1092 ;;		wreg, status,2, status,0, pclath, cstack
  1093 ;; Tracked objects:
  1094 ;;		On entry : 0/0
  1095 ;;		On exit  : 0/0
  1096 ;;		Unchanged: 0/0
  1097 ;; Data sizes:     COMMON   BANK0   BANK1   BANK3   BANK2
  1098 ;;      Params:         0       0       0       0       0
  1099 ;;      Locals:         0       0       0       0       0
  1100 ;;      Temps:          0       0       0       0       0
  1101 ;;      Totals:         0       0       0       0       0
  1102 ;;Total ram usage:        0 bytes
  1103 ;; Hardware stack levels used: 1
  1104 ;; Hardware stack levels required when called: 3
  1105 ;; This function calls:
  1106 ;;		_adcChannel
  1107 ;; This function is called by:
  1108 ;;		_setup
  1109 ;; This function uses a non-reentrant model
  1110 ;;
  1111                           
  1112     00F4                     _adcConfig:	
  1113                           ;psect for function _adcConfig
  1114                           
  1115     00F4                     l759:	
  1116                           ;incstack = 0
  1117                           ; Regs used in _adcConfig: [wreg+status,2+status,0+pclath+cstack]
  1118                           
  1119                           
  1120                           ;adc_c.c: 12:     ADCON0bits.ADCS = 0;
  1121     00F4  303F               	movlw	-193
  1122     00F5  1283               	bcf	3,5	;RP0=0, select bank0
  1123     00F6  1303               	bcf	3,6	;RP1=0, select bank0
  1124     00F7  059F               	andwf	31,f	;volatile
  1125     00F8                     l761:
  1126                           
  1127                           ;adc_c.c: 13:     ADCON0bits.CHS0 = 0;
  1128     00F8  111F               	bcf	31,2	;volatile
  1129     00F9                     l763:
  1130                           
  1131                           ;adc_c.c: 14:     ADCON0bits.ADON = 1;
  1132     00F9  141F               	bsf	31,0	;volatile
  1133     00FA                     l765:
  1134                           
  1135                           ;adc_c.c: 15:     ADCON1bits.VCFG1 = 0;
  1136     00FA  1683               	bsf	3,5	;RP0=1, select bank1
  1137     00FB  1303               	bcf	3,6	;RP1=0, select bank1
  1138     00FC  129F               	bcf	31,5	;volatile
  1139     00FD                     l767:
  1140                           
  1141                           ;adc_c.c: 16:     ADCON1bits.VCFG0 = 0;
  1142     00FD  121F               	bcf	31,4	;volatile
  1143     00FE                     l769:
  1144                           
  1145                           ;adc_c.c: 17:     ADCON1bits.ADFM = 0;
  1146     00FE  139F               	bcf	31,7	;volatile
  1147     00FF                     l771:
  1148                           
  1149                           ;adc_c.c: 19:     INTCONbits.GIE = 1;
  1150     00FF  178B               	bsf	11,7	;volatile
  1151     0100                     l773:
  1152                           
  1153                           ;adc_c.c: 20:     INTCONbits.PEIE = 1;
  1154     0100  170B               	bsf	11,6	;volatile
  1155     0101                     l775:
  1156                           
  1157                           ;adc_c.c: 21:     PIE1bits.ADIE = 1;
  1158     0101  170C               	bsf	12,6	;volatile
  1159     0102                     l777:
  1160                           
  1161                           ;adc_c.c: 22:     ADCON0bits.GO = 1;
  1162     0102  1283               	bcf	3,5	;RP0=0, select bank0
  1163     0103  1303               	bcf	3,6	;RP1=0, select bank0
  1164     0104  149F               	bsf	31,1	;volatile
  1165     0105                     l779:
  1166                           
  1167                           ;adc_c.c: 23:     adcChannel(0);
  1168     0105  3000               	movlw	0
  1169     0106  120A  118A  2122  120A  118A  	fcall	_adcChannel
  1170     010B                     l61:
  1171     010B  0008               	return
  1172     010C                     __end_of_adcConfig:
  1173                           
  1174                           	psect	text5
  1175     0122                     __ptext5:	
  1176 ;; *************** function _adcChannel *****************
  1177 ;; Defined at:
  1178 ;;		line 27 in file "adc_c.c"
  1179 ;; Parameters:    Size  Location     Type
  1180 ;;  channel         1    wreg     unsigned char 
  1181 ;; Auto vars:     Size  Location     Type
  1182 ;;  channel         1    4[COMMON] unsigned char 
  1183 ;; Return value:  Size  Location     Type
  1184 ;;                  1    wreg      void 
  1185 ;; Registers used:
  1186 ;;		wreg, status,2, status,0
  1187 ;; Tracked objects:
  1188 ;;		On entry : 0/0
  1189 ;;		On exit  : 0/0
  1190 ;;		Unchanged: 0/0
  1191 ;; Data sizes:     COMMON   BANK0   BANK1   BANK3   BANK2
  1192 ;;      Params:         0       0       0       0       0
  1193 ;;      Locals:         1       0       0       0       0
  1194 ;;      Temps:          1       0       0       0       0
  1195 ;;      Totals:         2       0       0       0       0
  1196 ;;Total ram usage:        2 bytes
  1197 ;; Hardware stack levels used: 1
  1198 ;; Hardware stack levels required when called: 2
  1199 ;; This function calls:
  1200 ;;		Nothing
  1201 ;; This function is called by:
  1202 ;;		_adcConfig
  1203 ;;		_main
  1204 ;; This function uses a non-reentrant model
  1205 ;;
  1206                           
  1207     0122                     _adcChannel:	
  1208                           ;psect for function _adcChannel
  1209                           
  1210                           
  1211                           ;incstack = 0
  1212                           ; Regs used in _adcChannel: [wreg+status,2+status,0]
  1213                           ;adcChannel@channel stored from wreg
  1214     0122  00F4               	movwf	adcChannel@channel
  1215     0123                     l727:
  1216                           
  1217                           ;adc_c.c: 28:     ADCON0bits.CHS = channel;
  1218     0123  0874               	movf	adcChannel@channel,w
  1219     0124  00F3               	movwf	??_adcChannel
  1220     0125  0DF3               	rlf	??_adcChannel,f
  1221     0126  0DF3               	rlf	??_adcChannel,f
  1222     0127  1283               	bcf	3,5	;RP0=0, select bank0
  1223     0128  1303               	bcf	3,6	;RP1=0, select bank0
  1224     0129  081F               	movf	31,w	;volatile
  1225     012A  0673               	xorwf	??_adcChannel,w
  1226     012B  39C3               	andlw	-61
  1227     012C  0673               	xorwf	??_adcChannel,w
  1228     012D  009F               	movwf	31	;volatile
  1229     012E                     l64:
  1230     012E  0008               	return
  1231     012F                     __end_of_adcChannel:
  1232                           
  1233                           	psect	text6
  1234     00D0                     __ptext6:	
  1235 ;; *************** function _isr *****************
  1236 ;; Defined at:
  1237 ;;		line 54 in file "E:/Universidad/Semestre2_2023/Digital-2/Lab3/Lab3_Slave_2.X/Lab3Slave2.c"
  1238 ;; Parameters:    Size  Location     Type
  1239 ;;		None
  1240 ;; Auto vars:     Size  Location     Type
  1241 ;;		None
  1242 ;; Return value:  Size  Location     Type
  1243 ;;                  1    wreg      void 
  1244 ;; Registers used:
  1245 ;;		wreg, status,2, status,0, pclath, cstack
  1246 ;; Tracked objects:
  1247 ;;		On entry : 0/0
  1248 ;;		On exit  : 0/0
  1249 ;;		Unchanged: 0/0
  1250 ;; Data sizes:     COMMON   BANK0   BANK1   BANK3   BANK2
  1251 ;;      Params:         0       0       0       0       0
  1252 ;;      Locals:         0       0       0       0       0
  1253 ;;      Temps:          3       0       0       0       0
  1254 ;;      Totals:         3       0       0       0       0
  1255 ;;Total ram usage:        3 bytes
  1256 ;; Hardware stack levels used: 1
  1257 ;; Hardware stack levels required when called: 1
  1258 ;; This function calls:
  1259 ;;		_adcRead
  1260 ;; This function is called by:
  1261 ;;		Interrupt level 1
  1262 ;; This function uses a non-reentrant model
  1263 ;;
  1264                           
  1265     00D0                     _isr:	
  1266                           ;psect for function _isr
  1267                           
  1268     00D0                     i1l829:
  1269                           
  1270                           ;E:/Universidad/Semestre2_2023/Digital-2/Lab3/Lab3_Slave_2.X/Lab3Slave2.c: 55:     if (S
      +                          SPIF == 1) {
  1271     00D0  1283               	bcf	3,5	;RP0=0, select bank0
  1272     00D1  1303               	bcf	3,6	;RP1=0, select bank0
  1273     00D2  1D8C               	btfss	12,3	;volatile
  1274     00D3  28D5               	goto	u10_21
  1275     00D4  28D6               	goto	u10_20
  1276     00D5                     u10_21:
  1277     00D5  28D7               	goto	i1l120
  1278     00D6                     u10_20:
  1279     00D6                     i1l831:
  1280                           
  1281                           ;E:/Universidad/Semestre2_2023/Digital-2/Lab3/Lab3_Slave_2.X/Lab3Slave2.c: 60:         S
      +                          SPIF = 0;
  1282     00D6  118C               	bcf	12,3	;volatile
  1283     00D7                     i1l120:	
  1284                           ;E:/Universidad/Semestre2_2023/Digital-2/Lab3/Lab3_Slave_2.X/Lab3Slave2.c: 61:     }
  1285                           
  1286                           
  1287                           ;E:/Universidad/Semestre2_2023/Digital-2/Lab3/Lab3_Slave_2.X/Lab3Slave2.c: 63:     if (A
      +                          DIF == 1) {
  1288     00D7  1F0C               	btfss	12,6	;volatile
  1289     00D8  28DA               	goto	u11_21
  1290     00D9  28DB               	goto	u11_20
  1291     00DA                     u11_21:
  1292     00DA  28ED               	goto	i1l123
  1293     00DB                     u11_20:
  1294     00DB                     i1l833:
  1295                           
  1296                           ;E:/Universidad/Semestre2_2023/Digital-2/Lab3/Lab3_Slave_2.X/Lab3Slave2.c: 64:         i
      +                          f (ADCON0bits.CHS == 0) {
  1297     00DB  0C1F               	rrf	31,w	;volatile
  1298     00DC  00F0               	movwf	??_isr
  1299     00DD  0C70               	rrf	??_isr,w
  1300     00DE  390F               	andlw	15
  1301     00DF  3A00               	xorlw	0
  1302     00E0  1D03               	skipz
  1303     00E1  28E3               	goto	u12_21
  1304     00E2  28E4               	goto	u12_20
  1305     00E3                     u12_21:
  1306     00E3  28ED               	goto	i1l123
  1307     00E4                     u12_20:
  1308     00E4                     i1l835:
  1309                           
  1310                           ;E:/Universidad/Semestre2_2023/Digital-2/Lab3/Lab3_Slave_2.X/Lab3Slave2.c: 65:          
      +                             adcValue = adcRead();
  1311     00E4  120A  118A  212F  120A  118A  	fcall	_adcRead
  1312     00E9  00FA               	movwf	_adcValue
  1313     00EA                     i1l837:
  1314                           
  1315                           ;E:/Universidad/Semestre2_2023/Digital-2/Lab3/Lab3_Slave_2.X/Lab3Slave2.c: 66:          
      +                             PIR1bits.ADIF = 0;
  1316     00EA  1283               	bcf	3,5	;RP0=0, select bank0
  1317     00EB  1303               	bcf	3,6	;RP1=0, select bank0
  1318     00EC  130C               	bcf	12,6	;volatile
  1319     00ED                     i1l123:
  1320     00ED  0872               	movf	??_isr+2,w
  1321     00EE  008A               	movwf	10
  1322     00EF  0E71               	swapf	??_isr+1,w
  1323     00F0  0083               	movwf	3
  1324     00F1  0EFE               	swapf	btemp,f
  1325     00F2  0E7E               	swapf	btemp,w
  1326     00F3  0009               	retfie
  1327     00F4                     __end_of_isr:
  1328                           
  1329                           	psect	intentry
  1330     0004                     __pintentry:	
  1331                           ;incstack = 0
  1332                           ; Regs used in _isr: [wreg+status,2+status,0+pclath+cstack]
  1333                           
  1334     0004                     interrupt_function:
  1335     007E                     saved_w	set	btemp
  1336     0004  00FE               	movwf	btemp
  1337     0005  0E03               	swapf	3,w
  1338     0006  00F1               	movwf	??_isr+1
  1339     0007  080A               	movf	10,w
  1340     0008  00F2               	movwf	??_isr+2
  1341     0009  120A  118A  28D0   	ljmp	_isr
  1342                           
  1343                           	psect	text7
  1344     012F                     __ptext7:	
  1345 ;; *************** function _adcRead *****************
  1346 ;; Defined at:
  1347 ;;		line 32 in file "adc_c.c"
  1348 ;; Parameters:    Size  Location     Type
  1349 ;;		None
  1350 ;; Auto vars:     Size  Location     Type
  1351 ;;		None
  1352 ;; Return value:  Size  Location     Type
  1353 ;;                  1    wreg      unsigned char 
  1354 ;; Registers used:
  1355 ;;		wreg
  1356 ;; Tracked objects:
  1357 ;;		On entry : 0/0
  1358 ;;		On exit  : 0/0
  1359 ;;		Unchanged: 0/0
  1360 ;; Data sizes:     COMMON   BANK0   BANK1   BANK3   BANK2
  1361 ;;      Params:         0       0       0       0       0
  1362 ;;      Locals:         0       0       0       0       0
  1363 ;;      Temps:          0       0       0       0       0
  1364 ;;      Totals:         0       0       0       0       0
  1365 ;;Total ram usage:        0 bytes
  1366 ;; Hardware stack levels used: 1
  1367 ;; This function calls:
  1368 ;;		Nothing
  1369 ;; This function is called by:
  1370 ;;		_isr
  1371 ;; This function uses a non-reentrant model
  1372 ;;
  1373                           
  1374     012F                     _adcRead:	
  1375                           ;psect for function _adcRead
  1376                           
  1377     012F                     i1l783:	
  1378                           ;incstack = 0
  1379                           ; Regs used in _adcRead: [wreg]
  1380                           
  1381                           
  1382                           ;adc_c.c: 33:     return ADRESH;
  1383     012F  1283               	bcf	3,5	;RP0=0, select bank0
  1384     0130  1303               	bcf	3,6	;RP1=0, select bank0
  1385     0131  081E               	movf	30,w	;volatile
  1386     0132                     i1l67:
  1387     0132  0008               	return
  1388     0133                     __end_of_adcRead:
  1389     007E                     btemp	set	126	;btemp
  1390     007E                     wtemp0	set	126
  1391                           
  1392                           	psect	idloc
  1393                           
  1394                           ;Config register IDLOC0 @ 0x2000
  1395                           ;	unspecified, using default values
  1396     2000                     	org	8192
  1397     2000  3FFF               	dw	16383
  1398                           
  1399                           ;Config register IDLOC1 @ 0x2001
  1400                           ;	unspecified, using default values
  1401     2001                     	org	8193
  1402     2001  3FFF               	dw	16383
  1403                           
  1404                           ;Config register IDLOC2 @ 0x2002
  1405                           ;	unspecified, using default values
  1406     2002                     	org	8194
  1407     2002  3FFF               	dw	16383
  1408                           
  1409                           ;Config register IDLOC3 @ 0x2003
  1410                           ;	unspecified, using default values
  1411     2003                     	org	8195
  1412     2003  3FFF               	dw	16383
  1413                           
  1414                           	psect	config
  1415                           
  1416                           ;Config register CONFIG1 @ 0x2007
  1417                           ;	Oscillator Selection bits
  1418                           ;	FOSC = INTRC_NOCLKOUT, INTOSCIO oscillator: I/O function on RA6/OSC2/CLKOUT pin, I/O f
      +                          unction on RA7/OSC1/CLKIN
  1419                           ;	Watchdog Timer Enable bit
  1420                           ;	WDTE = OFF, WDT disabled and can be enabled by SWDTEN bit of the WDTCON register
  1421                           ;	Power-up Timer Enable bit
  1422                           ;	PWRTE = OFF, PWRT disabled
  1423                           ;	RE3/MCLR pin function select bit
  1424                           ;	MCLRE = OFF, RE3/MCLR pin function is digital input, MCLR internally tied to VDD
  1425                           ;	Code Protection bit
  1426                           ;	CP = OFF, Program memory code protection is disabled
  1427                           ;	Data Code Protection bit
  1428                           ;	CPD = OFF, Data memory code protection is disabled
  1429                           ;	Brown Out Reset Selection bits
  1430                           ;	BOREN = OFF, BOR disabled
  1431                           ;	Internal External Switchover bit
  1432                           ;	IESO = OFF, Internal/External Switchover mode is disabled
  1433                           ;	Fail-Safe Clock Monitor Enabled bit
  1434                           ;	FCMEN = OFF, Fail-Safe Clock Monitor is disabled
  1435                           ;	Low Voltage Programming Enable bit
  1436                           ;	LVP = OFF, RB3 pin has digital I/O, HV on MCLR must be used for programming
  1437                           ;	In-Circuit Debugger Mode bit
  1438                           ;	DEBUG = 0x1, unprogramme  1439     2007                     	org	8199
  1440     2007  20D4               	dw	8404
  1441                           
  1442                           ;Config register CONFIG2 @ 0x2008
  1443                           ;	Brown-out Reset Selection bit
  1444                           ;	BOR4V = BOR40V, Brown-out Reset set to 4.0V
  1445                           ;	Flash Program Memory Self Write Enable bits
  1446                           ;	WRT = OFF, Write protection off
  1447     2008                     	org	8200
  1448     2008  3FFF               	dw	16383

Data Sizes:
    Strings     0
    Constant    0
    Data        1
    BSS         2
    Persistent  0
    Stack       0

Auto Spaces:
    Space          Size  Autos    Used
    COMMON           14      8      11
    BANK0            80      1       1
    BANK1            80      0       0
    BANK3            96      0       0
    BANK2            96      0       0

Pointer List with Targets:

    None.

Critical Paths under _main in COMMON

    _main->_setup
    _setup->_spiInit
    _adcConfig->_adcChannel

Critical Paths under _isr in COMMON

    None.

Critical Paths under _main in BANK0

    None.

Critical Paths under _isr in BANK0

    None.

Critical Paths under _main in BANK1

    None.

Critical Paths under _isr in BANK1

    None.

Critical Paths under _main in BANK3

    None.

Critical Paths under _isr in BANK3

    None.

Critical Paths under _main in BANK2

    None.

Critical Paths under _isr in BANK2

    None.

Call Graph Tables:

 ---------------------------------------------------------------------------------
 (Depth) Function   	        Calls       Base Space   Used Autos Params    Refs
 ---------------------------------------------------------------------------------
 (0) _main                                                 1     1      0     620
                                              0 BANK0      1     1      0
                         _adcChannel
                              _setup
 ---------------------------------------------------------------------------------
 (1) _setup                                                1     1      0     605
                                              7 COMMON     1     1      0
                          _adcConfig
                          _configOsc
                            _spiInit
 ---------------------------------------------------------------------------------
 (2) _spiInit                                              4     1      3     360
                                              3 COMMON     4     1      3
 ---------------------------------------------------------------------------------
 (2) _configOsc                                            2     0      2     230
                                              3 COMMON     2     0      2
 ---------------------------------------------------------------------------------
 (2) _adcConfig                                            0     0      0      15
                         _adcChannel
 ---------------------------------------------------------------------------------
 (3) _adcChannel                                           2     2      0      15
                                              3 COMMON     2     2      0
 ---------------------------------------------------------------------------------
 Estimated maximum stack depth 3
 ---------------------------------------------------------------------------------
 (Depth) Function   	        Calls       Base Space   Used Autos Params    Refs
 ---------------------------------------------------------------------------------
 (4) _isr                                                  3     3      0       0
                                              0 COMMON     3     3      0
                            _adcRead
 ---------------------------------------------------------------------------------
 (5) _adcRead                                              0     0      0       0
 ---------------------------------------------------------------------------------
 Estimated maximum stack depth 5
 ---------------------------------------------------------------------------------

 Call Graph Graphs:

 _main (ROOT)
   _adcChannel
   _setup
     _adcConfig
       _adcChannel
     _configOsc
     _spiInit

 _isr (ROOT)
   _adcRead

 Address spaces:
Name               Size   Autos  Total    Cost      Usage
BANK3               60      0       0       9        0.0%
BITBANK3            60      0       0       8        0.0%
SFR3                 0      0       0       4        0.0%
BITSFR3              0      0       0       4        0.0%
BANK2               60      0       0      11        0.0%
BITBANK2            60      0       0      10        0.0%
SFR2                 0      0       0       5        0.0%
BITSFR2              0      0       0       5        0.0%
BANK1               50      0       0       7        0.0%
BITBANK1            50      0       0       6        0.0%
SFR1                 0      0       0       2        0.0%
BITSFR1              0      0       0       2        0.0%
BANK0               50      1       1       5        1.2%
BITBANK0            50      0       0       4        0.0%
SFR0                 0      0       0       1        0.0%
BITSFR0              0      0       0       1        0.0%
COMMON               E      8       B       1       78.6%
BITCOMMON            E      0       0       0        0.0%
CODE                 0      0       0       0        0.0%
DATA                 0      0       C      12        0.0%
ABS                  0      0       C       3        0.0%
NULL                 0      0       0       0        0.0%
STACK                0      0       0       2        0.0%
EEDATA             100      0       0       0        0.0%


Microchip Technology PIC Macro Assembler V2.41 build 20230208172133 
Symbol Table                                                                                   Wed Aug 02 23:14:04 2023

                      l5 0026                        l6 0033                        l7 003F  
                      l8 004E                        l9 005B              _SSPSTATbits 0094  
                     l10 0068                       l12 0076                       l28 011C  
                     l61 010B                       l29 0121                       l64 012E  
                    l135 00A9                      l901 009C                      l727 0123  
                    l903 009F                      l761 00F8                      l905 00A0  
                    l921 00AF                      l771 00FF                      l763 00F9  
                    l851 001B                      l923 00BA                      l773 0100  
                    l765 00FA                      l861 0055                      l853 0022  
                    l925 00C0                      l775 0101                      l767 00FD  
                    l759 00F4                      l863 0062                      l855 002D  
                    l871 0114                      l927 00C7                      l919 00AA  
                    l777 0102                      l769 00FE                      l865 006F  
                    l857 0039                      l873 0116                      l881 0080  
                    l929 00CA                      l779 0105                      l867 0073  
                    l859 0048                      l875 0118                      l891 008A  
                    l883 0083                      l877 011B                      l869 010D  
                    l893 008D                      l885 0084                      l895 008E  
                    l887 0088                      l879 0077                      l897 008F  
                    l889 0089                      l899 0099                      u200 006F  
                    u201 006E                      u210 0114                      u211 0113  
                    u140 0022                      u141 0021                      u150 002D  
                    u230 00BA                      u151 002C                      u231 00B9  
                    u160 0039                      u161 0038                      u170 0048  
                    u171 0047                      u180 0055                      u181 0054  
                    u190 0062                      u191 0061                      u247 00C4  
                    u257 0096                      _isr 00D0                     _ADIF 0066  
                   ?_isr 0070                     i1l67 0132                     _main 00AA  
                   btemp 007E                     start 000C                    ??_isr 0070  
          configOsc@frec 0073                    ?_main 0070          __end_of_adcRead 0133  
                  i1l120 00D7                    i1l123 00ED                    i1l831 00D6  
                  i1l833 00DB                    i1l835 00E4                    i1l837 00EA  
                  i1l829 00D0                    i1l783 012F                    u10_20 00D6  
                  u10_21 00D5                    u11_20 00DB                    u11_21 00DA  
                  u12_20 00E4                    u12_21 00E3                    _PORTA 0005  
                  _PORTB 0006                    _PORTD 0008                    _TRISA 0085  
                  _TRISB 0086                    _TRISD 0088                    _SSPIF 0063  
                  _setup 0077                    pclath 000A          __end_of_spiInit 0122  
                  status 0003                    wtemp0 007E          __initialization 000F  
           __end_of_main 00D0                   ??_main 0020                   _ADRESH 001E  
                 ?_setup 0070                   _ANSELH 0189        adcChannel@channel 0074  
                 _TRISC3 043B                   _TRISC5 043D                   _SSPCON 0014  
                 _SSPBUF 0013                ??_adcRead 0070             __pdataCOMMON 007A  
                 saved_w 007E                ??_spiInit 0076               _adcChannel 0122  
__end_of__initialization 0017           __pcstackCOMMON 0070            __end_of_setup 00AA  
                ??_setup 0077               __pmaintext 00AA               __pintentry 0004  
      __end_of_adcConfig 010C              ?_adcChannel 0070                  _SSPSTAT 0094  
      __end_of_configOsc 0077                  _adcRead 012F                _ANSELbits 0188  
                __ptext1 0077                  __ptext2 010C                  __ptext3 001B  
                __ptext4 00F4                  __ptext5 0122                  __ptext6 00D0  
                __ptext7 012F                  _spiInit 010C     end_of_initialization 0017  
              _TRISAbits 0085            __pidataCOMMON 0133      start_initialization 000F  
            __end_of_isr 00F4                _adcConfig 00F4              __pbssCOMMON 0078  
              ___latbits 0002            __pcstackBANK0 0020             ??_adcChannel 0073  
               ?_adcRead 0070                _configOsc 001B       __end_of_adcChannel 012F  
             ?_adcConfig 0070                 ?_spiInit 0073     spiInit@sTransmitEdge 0075  
      interrupt_function 0004                 _PIE1bits 008C       spiInit@sDataSample 0073  
               _PIR1bits 000C               ?_configOsc 0073               _ADCON0bits 001F  
             _ADCON1bits 009F                 _adcValue 007A              ??_adcConfig 0075  
               _temporal 0079             spiInit@sType 0076              ??_configOsc 0075  
      spiInit@sClockIdle 0074               _INTCONbits 000B                 intlevel1 0000  
             _OSCCONbits 008F              _slaveSelect 0078  
