

Microchip MPLAB XC8 Assembler V2.41 build 20230208172133 
                                                                                               Thu Aug 17 17:51:32 2023

Microchip MPLAB XC8 C Compiler v2.41 (Free license) build 20230208172133 Og1 
     1                           	processor	16F887
     2                           	pagewidth 120
     3                           	opt	flic
     4                           	psect	cinit,global,class=CODE,merge=1,delta=2
     5                           	psect	bssCOMMON,global,class=COMMON,space=1,delta=1,noexec
     6                           	psect	cstackCOMMON,global,class=COMMON,space=1,delta=1,noexec
     7                           	psect	maintext,global,class=CODE,split=1,delta=2
     8                           	psect	text1,local,class=CODE,merge=1,delta=2
     9                           	psect	text2,local,class=CODE,merge=1,delta=2
    10                           	psect	text3,local,class=CODE,merge=1,delta=2
    11                           	psect	text4,local,class=CODE,merge=1,delta=2
    12                           	psect	intentry,global,class=CODE,delta=2
    13                           	psect	idloc,global,abs,ovrld,class=IDLOC,space=5,delta=2,noexec
    14                           	psect	config,global,abs,ovrld,class=CONFIG,space=4,delta=2,noexec
    15                           	dabs	1,0x7E,2
    16     0000                     
    17                           ; Version 2.40
    18                           ; Generated 17/11/2021 GMT
    19                           ; 
    20                           ; Copyright © 2021, Microchip Technology Inc. and its subsidiaries ("Microchip")
    21                           ; All rights reserved.
    22                           ; 
    23                           ; This software is developed by Microchip Technology Inc. and its subsidiaries ("Microch
      +                          ip").
    24                           ; 
    25                           ; Redistribution and use in source and binary forms, with or without modification, are
    26                           ; permitted provided that the following conditions are met:
    27                           ; 
    28                           ;     1. Redistributions of source code must retain the above copyright notice, this lis
      +                          t of
    29                           ;        conditions and the following disclaimer.
    30                           ; 
    31                           ;     2. Redistributions in binary form must reproduce the above copyright notice, this 
      +                          list
    32                           ;        of conditions and the following disclaimer in the documentation and/or other
    33                           ;        materials provided with the distribution. Publication is not required when
    34                           ;        this file is used in an embedded application.
    35                           ; 
    36                           ;     3. Microchip's name may not be used to endorse or promote products derived from th
      +                          is
    37                           ;        software without specific prior written permission.
    38                           ; 
    39                           ; THIS SOFTWARE IS PROVIDED BY MICROCHIP "AS IS" AND ANY EXPRESS OR IMPLIED WARRANTIES,
    40                           ; INCLUDING, BUT NOT LIMITED TO, THE IMPLIED WARRANTIES OF MERCHANTABILITY AND FITNESS F
      +                          OR
    41                           ; PURPOSE ARE DISCLAIMED.  IN NO EVENT SHALL MICROCHIP BE LIABLE FOR ANY DIRECT, INDIREC
      +                          T,
    42                           ; INCIDENTAL, SPECIAL, EXEMPLARY, OR CONSEQUENTIAL DAMAGES (INCLUDING BUT NOT LIMITED TO
    43                           ; PROCUREMENT OF SUBSTITUTE GOODS OR SERVICES; LOSS OF USE, DATA OR PROFITS; OR BUSINESS
    44                           ; INTERRUPTION) HOWSOEVER CAUSED AND ON ANY THEORY OF LIABILITY, WHETHER IN CONTRACT, ST
      +                          RICT
    45                           ; LIABILITY, OR TORT (INCLUDING NEGLIGENCE OR OTHERWISE) ARISING IN ANY WAY OUT OF THE U
      +                          SE OF
    46                           ; THIS SOFTWARE, EVEN IF ADVISED OF THE POSSIBILITY OF SUCH DAMAGE.
    47                           ; 
    48                           ; 
    49                           ; Code-generator required, PIC16F887 Definitions
    50                           ; 
    51                           ; SFR Addresses
    52     0000                     	;# 
    53     0001                     	;# 
    54     0002                     	;# 
    55     0003                     	;# 
    56     0004                     	;# 
    57     0005                     	;# 
    58     0006                     	;# 
    59     0007                     	;# 
    60     0008                     	;# 
    61     0009                     	;# 
    62     000A                     	;# 
    63     000B                     	;# 
    64     000C                     	;# 
    65     000D                     	;# 
    66     000E                     	;# 
    67     000E                     	;# 
    68     000F                     	;# 
    69     0010                     	;# 
    70     0011                     	;# 
    71     0012                     	;# 
    72     0013                     	;# 
    73     0014                     	;# 
    74     0015                     	;# 
    75     0015                     	;# 
    76     0016                     	;# 
    77     0017                     	;# 
    78     0018                     	;# 
    79     0019                     	;# 
    80     001A                     	;# 
    81     001B                     	;# 
    82     001B                     	;# 
    83     001C                     	;# 
    84     001D                     	;# 
    85     001E                     	;# 
    86     001F                     	;# 
    87     0081                     	;# 
    88     0085                     	;# 
    89     0086                     	;# 
    90     0087                     	;# 
    91     0088                     	;# 
    92     0089                     	;# 
    93     008C                     	;# 
    94     008D                     	;# 
    95     008E                     	;# 
    96     008F                     	;# 
    97     0090                     	;# 
    98     0091                     	;# 
    99     0092                     	;# 
   100     0093                     	;# 
   101     0093                     	;# 
   102     0093                     	;# 
   103     0094                     	;# 
   104     0095                     	;# 
   105     0096                     	;# 
   106     0097                     	;# 
   107     0098                     	;# 
   108     0099                     	;# 
   109     009A                     	;# 
   110     009B                     	;# 
   111     009C                     	;# 
   112     009D                     	;# 
   113     009E                     	;# 
   114     009F                     	;# 
   115     0105                     	;# 
   116     0107                     	;# 
   117     0108                     	;# 
   118     0109                     	;# 
   119     010C                     	;# 
   120     010C                     	;# 
   121     010D                     	;# 
   122     010E                     	;# 
   123     010F                     	;# 
   124     0185                     	;# 
   125     0187                     	;# 
   126     0188                     	;# 
   127     0189                     	;# 
   128     018C                     	;# 
   129     018D                     	;# 
   130     0000                     	;# 
   131     0001                     	;# 
   132     0002                     	;# 
   133     0003                     	;# 
   134     0004                     	;# 
   135     0005                     	;# 
   136     0006                     	;# 
   137     0007                     	;# 
   138     0008                     	;# 
   139     0009                     	;# 
   140     000A                     	;# 
   141     000B                     	;# 
   142     000C                     	;# 
   143     000D                     	;# 
   144     000E                     	;# 
   145     000E                     	;# 
   146     000F                     	;# 
   147     0010                     	;# 
   148     0011                     	;# 
   149     0012                     	;# 
   150     0013                     	;# 
   151     0014                     	;# 
   152     0015                     	;# 
   153     0015                     	;# 
   154     0016                     	;# 
   155     0017                     	;# 
   156     0018                     	;# 
   157     0019                     	;# 
   158     001A                     	;# 
   159     001B                     	;# 
   160     001B                     	;# 
   161     001C                     	;# 
   162     001D                     	;# 
   163     001E                     	;# 
   164     001F                     	;# 
   165     0081                     	;# 
   166     0085                     	;# 
   167     0086                     	;# 
   168     0087                     	;# 
   169     0088                     	;# 
   170     0089                     	;# 
   171     008C                     	;# 
   172     008D                     	;# 
   173     008E                     	;# 
   174     008F                     	;# 
   175     0090                     	;# 
   176     0091                     	;# 
   177     0092                     	;# 
   178     0093                     	;# 
   179     0093                     	;# 
   180     0093                     	;# 
   181     0094                     	;# 
   182     0095                     	;# 
   183     0096                     	;# 
   184     0097                     	;# 
   185     0098                     	;# 
   186     0099                     	;# 
   187     009A                     	;# 
   188     009B                     	;# 
   189     009C                     	;# 
   190     009D                     	;# 
   191     009E                     	;# 
   192     009F                     	;# 
   193     0105                     	;# 
   194     0107                     	;# 
   195     0108                     	;# 
   196     0109                     	;# 
   197     010C                     	;# 
   198     010C                     	;# 
   199     010D                     	;# 
   200     010E                     	;# 
   201     010F                     	;# 
   202     0185                     	;# 
   203     0187                     	;# 
   204     0188                     	;# 
   205     0189                     	;# 
   206     018C                     	;# 
   207     018D                     	;# 
   208     0000                     	;# 
   209     0001                     	;# 
   210     0002                     	;# 
   211     0003                     	;# 
   212     0004                     	;# 
   213     0005                     	;# 
   214     0006                     	;# 
   215     0007                     	;# 
   216     0008                     	;# 
   217     0009                     	;# 
   218     000A                     	;# 
   219     000B                     	;# 
   220     000C                     	;# 
   221     000D                     	;# 
   222     000E                     	;# 
   223     000E                     	;# 
   224     000F                     	;# 
   225     0010                     	;# 
   226     0011                     	;# 
   227     0012                     	;# 
   228     0013                     	;# 
   229     0014                     	;# 
   230     0015                     	;# 
   231     0015                     	;# 
   232     0016                     	;# 
   233     0017                     	;# 
   234     0018                     	;# 
   235     0019                     	;# 
   236     001A                     	;# 
   237     001B                     	;# 
   238     001B                     	;# 
   239     001C                     	;# 
   240     001D                     	;# 
   241     001E                     	;# 
   242     001F                     	;# 
   243     0081                     	;# 
   244     0085                     	;# 
   245     0086                     	;# 
   246     0087                     	;# 
   247     0088                     	;# 
   248     0089                     	;# 
   249     008C                     	;# 
   250     008D                     	;# 
   251     008E                     	;# 
   252     008F                     	;# 
   253     0090                     	;# 
   254     0091                     	;# 
   255     0092                     	;# 
   256     0093                     	;# 
   257     0093                     	;# 
   258     0093                     	;# 
   259     0094                     	;# 
   260     0095                     	;# 
   261     0096                     	;# 
   262     0097                     	;# 
   263     0098                     	;# 
   264     0099                     	;# 
   265     009A                     	;# 
   266     009B                     	;# 
   267     009C                     	;# 
   268     009D                     	;# 
   269     009E                     	;# 
   270     009F                     	;# 
   271     0105                     	;# 
   272     0107                     	;# 
   273     0108                     	;# 
   274     0109                     	;# 
   275     010C                     	;# 
   276     010C                     	;# 
   277     010D                     	;# 
   278     010E                     	;# 
   279     010F                     	;# 
   280     0185                     	;# 
   281     0187                     	;# 
   282     0188                     	;# 
   283     0189                     	;# 
   284     018C                     	;# 
   285     018D                     	;# 
   286     0000                     	;# 
   287     0001                     	;# 
   288     0002                     	;# 
   289     0003                     	;# 
   290     0004                     	;# 
   291     0005                     	;# 
   292     0006                     	;# 
   293     0007                     	;# 
   294     0008                     	;# 
   295     0009                     	;# 
   296     000A                     	;# 
   297     000B                     	;# 
   298     000C                     	;# 
   299     000D                     	;# 
   300     000E                     	;# 
   301     000E                     	;# 
   302     000F                     	;# 
   303     0010                     	;# 
   304     0011                     	;# 
   305     0012                     	;# 
   306     0013                     	;# 
   307     0014                     	;# 
   308     0015                     	;# 
   309     0015                     	;# 
   310     0016                     	;# 
   311     0017                     	;# 
   312     0018                     	;# 
   313     0019                     	;# 
   314     001A                     	;# 
   315     001B                     	;# 
   316     001B                     	;# 
   317     001C                     	;# 
   318     001D                     	;# 
   319     001E                     	;# 
   320     001F                     	;# 
   321     0081                     	;# 
   322     0085                     	;# 
   323     0086                     	;# 
   324     0087                     	;# 
   325     0088                     	;# 
   326     0089                     	;# 
   327     008C                     	;# 
   328     008D                     	;# 
   329     008E                     	;# 
   330     008F                     	;# 
   331     0090                     	;# 
   332     0091                     	;# 
   333     0092                     	;# 
   334     0093                     	;# 
   335     0093                     	;# 
   336     0093                     	;# 
   337     0094                     	;# 
   338     0095                     	;# 
   339     0096                     	;# 
   340     0097                     	;# 
   341     0098                     	;# 
   342     0099                     	;# 
   343     009A                     	;# 
   344     009B                     	;# 
   345     009C                     	;# 
   346     009D                     	;# 
   347     009E                     	;# 
   348     009F                     	;# 
   349     0105                     	;# 
   350     0107                     	;# 
   351     0108                     	;# 
   352     0109                     	;# 
   353     010C                     	;# 
   354     010C                     	;# 
   355     010D                     	;# 
   356     010E                     	;# 
   357     010F                     	;# 
   358     0185                     	;# 
   359     0187                     	;# 
   360     0188                     	;# 
   361     0189                     	;# 
   362     018C                     	;# 
   363     018D                     	;# 
   364     0000                     	;# 
   365     0001                     	;# 
   366     0002                     	;# 
   367     0003                     	;# 
   368     0004                     	;# 
   369     0005                     	;# 
   370     0006                     	;# 
   371     0007                     	;# 
   372     0008                     	;# 
   373     0009                     	;# 
   374     000A                     	;# 
   375     000B                     	;# 
   376     000C                     	;# 
   377     000D                     	;# 
   378     000E                     	;# 
   379     000E                     	;# 
   380     000F                     	;# 
   381     0010                     	;# 
   382     0011                     	;# 
   383     0012                     	;# 
   384     0013                     	;# 
   385     0014                     	;# 
   386     0015                     	;# 
   387     0015                     	;# 
   388     0016                     	;# 
   389     0017                     	;# 
   390     0018                     	;# 
   391     0019                     	;# 
   392     001A                     	;# 
   393     001B                     	;# 
   394     001B                     	;# 
   395     001C                     	;# 
   396     001D                     	;# 
   397     001E                     	;# 
   398     001F                     	;# 
   399     0081                     	;# 
   400     0085                     	;# 
   401     0086                     	;# 
   402     0087                     	;# 
   403     0088                     	;# 
   404     0089                     	;# 
   405     008C                     	;# 
   406     008D                     	;# 
   407     008E                     	;# 
   408     008F                     	;# 
   409     0090                     	;# 
   410     0091                     	;# 
   411     0092                     	;# 
   412     0093                     	;# 
   413     0093                     	;# 
   414     0093                     	;# 
   415     0094                     	;# 
   416     0095                     	;# 
   417     0096                     	;# 
   418     0097                     	;# 
   419     0098                     	;# 
   420     0099                     	;# 
   421     009A                     	;# 
   422     009B                     	;# 
   423     009C                     	;# 
   424     009D                     	;# 
   425     009E                     	;# 
   426     009F                     	;# 
   427     0105                     	;# 
   428     0107                     	;# 
   429     0108                     	;# 
   430     0109                     	;# 
   431     010C                     	;# 
   432     010C                     	;# 
   433     010D                     	;# 
   434     010E                     	;# 
   435     010F                     	;# 
   436     0185                     	;# 
   437     0187                     	;# 
   438     0188                     	;# 
   439     0189                     	;# 
   440     018C                     	;# 
   441     018D                     	;# 
   442     0005                     _PORTA	set	5
   443     0006                     _PORTB	set	6
   444     0008                     _PORTD	set	8
   445     0014                     _SSPCONbits	set	20
   446     000C                     _PIR1bits	set	12
   447     001E                     _ADRESH	set	30
   448     000B                     _INTCONbits	set	11
   449     001F                     _ADCON0bits	set	31
   450     0013                     _SSPBUF	set	19
   451     0014                     _SSPCON	set	20
   452     0063                     _SSPIF	set	99
   453     005E                     _PEIE	set	94
   454     005F                     _GIE	set	95
   455     0088                     _TRISD	set	136
   456     0086                     _TRISB	set	134
   457     0094                     _SSPSTATbits	set	148
   458     008F                     _OSCCONbits	set	143
   459     008C                     _PIE1bits	set	140
   460     009F                     _ADCON1bits	set	159
   461     0091                     _SSPCON2bits	set	145
   462     0087                     _TRISCbits	set	135
   463     0094                     _SSPSTAT	set	148
   464     0093                     _SSPADD	set	147
   465     0091                     _SSPCON2	set	145
   466     04A0                     _BF	set	1184
   467     0463                     _SSPIE	set	1123
   468     043C                     _TRISC4	set	1084
   469     043B                     _TRISC3	set	1083
   470                           
   471                           	psect	cinit
   472     000F                     start_initialization:	
   473                           ; #config settings
   474                           
   475     000F                     __initialization:
   476                           
   477                           ; Clear objects allocated to COMMON
   478     000F  01F8               	clrf	__pbssCOMMON& (0+127)
   479     0010  01F9               	clrf	(__pbssCOMMON+1)& (0+127)
   480     0011  01FA               	clrf	(__pbssCOMMON+2)& (0+127)
   481     0012                     end_of_initialization:	
   482                           ;End of C runtime variable initialization code
   483                           
   484     0012                     __end_of__initialization:
   485     0012  0183               	clrf	3
   486     0013  120A  118A  28CF   	ljmp	_main	;jump to C main() function
   487                           
   488                           	psect	bssCOMMON
   489     0078                     __pbssCOMMON:
   490     0078                     _adcValue:
   491     0078                     	ds	1
   492     0079                     _dato:
   493     0079                     	ds	1
   494     007A                     _z:
   495     007A                     	ds	1
   496                           
   497                           	psect	cstackCOMMON
   498     0070                     __pcstackCOMMON:
   499     0070                     ?_setup:
   500     0070                     ?_I2C_Slave_Init:	
   501                           ; 1 bytes @ 0x0
   502                           
   503     0070                     ?_isr:	
   504                           ; 1 bytes @ 0x0
   505                           
   506     0070                     ??_isr:	
   507                           ; 1 bytes @ 0x0
   508                           
   509     0070                     ?_main:	
   510                           ; 1 bytes @ 0x0
   511                           
   512                           
   513                           ; 1 bytes @ 0x0
   514     0070                     	ds	3
   515     0073                     ??_I2C_Slave_Init:
   516     0073                     ?_configOsc:	
   517                           ; 1 bytes @ 0x3
   518                           
   519     0073                     I2C_Slave_Init@address:	
   520                           ; 1 bytes @ 0x3
   521                           
   522     0073                     configOsc@frec:	
   523                           ; 1 bytes @ 0x3
   524                           
   525                           
   526                           ; 2 bytes @ 0x3
   527     0073                     	ds	2
   528     0075                     ??_setup:
   529     0075                     ??_configOsc:	
   530                           ; 1 bytes @ 0x5
   531                           
   532     0075                     ??_main:	
   533                           ; 1 bytes @ 0x5
   534                           
   535                           
   536                           ; 1 bytes @ 0x5
   537     0075                     	ds	3
   538                           
   539                           	psect	maintext
   540     00CF                     __pmaintext:	
   541 ;;
   542 ;;Main: autosize = 0, tempsize = 3, incstack = 0, save=0
   543 ;;
   544 ;; *************** function _main *****************
   545 ;; Defined at:
   546 ;;		line 95 in file "D:/Universidad/Semestre2_2023/Digital-2/Proyecto1/Slave1/ProyectoSlave1.X/Project1_Slave1.c"
   547 ;; Parameters:    Size  Location     Type
   548 ;;		None
   549 ;; Auto vars:     Size  Location     Type
   550 ;;		None
   551 ;; Return value:  Size  Location     Type
   552 ;;                  1    wreg      void 
   553 ;; Registers used:
   554 ;;		wreg, status,2, status,0, btemp+1, pclath, cstack
   555 ;; Tracked objects:
   556 ;;		On entry : B00/0
   557 ;;		On exit  : 0/0
   558 ;;		Unchanged: 0/0
   559 ;; Data sizes:     COMMON   BANK0   BANK1   BANK3   BANK2
   560 ;;      Params:         0       0       0       0       0
   561 ;;      Locals:         0       0       0       0       0
   562 ;;      Temps:          3       0       0       0       0
   563 ;;      Totals:         3       0       0       0       0
   564 ;;Total ram usage:        3 bytes
   565 ;; Hardware stack levels required when called: 3
   566 ;; This function calls:
   567 ;;		_configOsc
   568 ;;		_setup
   569 ;; This function is called by:
   570 ;;		Startup code after reset
   571 ;; This function uses a non-reentrant model
   572 ;;
   573                           
   574     00CF                     _main:	
   575                           ;psect for function _main
   576                           
   577     00CF                     l947:	
   578                           ;incstack = 0
   579                           ; Regs used in _main: [wreg+status,2+status,0+btemp+1+pclath+cstack]
   580                           
   581                           
   582                           ;D:/Universidad/Semestre2_2023/Digital-2/Proyecto1/Slave1/ProyectoSlave1.X/Project1_Slav
      +                          e1.c: 97:     configOsc(8);
   583     00CF  3008               	movlw	8
   584     00D0  00F3               	movwf	configOsc@frec
   585     00D1  3000               	movlw	0
   586     00D2  00F4               	movwf	configOsc@frec+1
   587     00D3  120A  118A  2073  120A  118A  	fcall	_configOsc
   588                           
   589                           ;D:/Universidad/Semestre2_2023/Digital-2/Proyecto1/Slave1/ProyectoSlave1.X/Project1_Slav
      +                          e1.c: 98:     setup();
   590     00D8  120A  118A  20F6  120A  118A  	fcall	_setup
   591     00DD                     l949:
   592     00DD  3001               	movlw	1
   593     00DE  00FF               	movwf	btemp+1
   594     00DF  087F               	movf	btemp+1,w
   595     00E0  07F8               	addwf	_adcValue,f
   596     00E1                     l951:
   597                           
   598                           ;D:/Universidad/Semestre2_2023/Digital-2/Proyecto1/Slave1/ProyectoSlave1.X/Project1_Slav
      +                          e1.c: 107:        PORTB = adcValue;
   599     00E1  0878               	movf	_adcValue,w
   600     00E2  1283               	bcf	3,5	;RP0=0, select bank0
   601     00E3  1303               	bcf	3,6	;RP1=0, select bank0
   602     00E4  0086               	movwf	6	;volatile
   603     00E5                     l953:
   604                           
   605                           ;D:/Universidad/Semestre2_2023/Digital-2/Proyecto1/Slave1/ProyectoSlave1.X/Project1_Slav
      +                          e1.c: 108:        _delay((unsigned long)((1000)*(8000000/4000.0)));
   606     00E5  300B               	movlw	11
   607     00E6  00F7               	movwf	??_main+2
   608     00E7  3026               	movlw	38
   609     00E8  00F6               	movwf	??_main+1
   610     00E9  305D               	movlw	93
   611     00EA  00F5               	movwf	??_main
   612     00EB                     u287:
   613     00EB  0BF5               	decfsz	??_main,f
   614     00EC  28EB               	goto	u287
   615     00ED  0BF6               	decfsz	??_main+1,f
   616     00EE  28EB               	goto	u287
   617     00EF  0BF7               	decfsz	??_main+2,f
   618     00F0  28EB               	goto	u287
   619     00F1  28F2               	nop2
   620     00F2  28DD               	goto	l949
   621     00F3  120A  118A  280C   	ljmp	start
   622     00F6                     __end_of_main:
   623                           
   624                           	psect	text1
   625     00F6                     __ptext1:	
   626 ;; *************** function _setup *****************
   627 ;; Defined at:
   628 ;;		line 117 in file "D:/Universidad/Semestre2_2023/Digital-2/Proyecto1/Slave1/ProyectoSlave1.X/Project1_Slave1.c"
   629 ;; Parameters:    Size  Location     Type
   630 ;;		None
   631 ;; Auto vars:     Size  Location     Type
   632 ;;		None
   633 ;; Return value:  Size  Location     Type
   634 ;;                  1    wreg      void 
   635 ;; Registers used:
   636 ;;		wreg, status,2, status,0, pclath, cstack
   637 ;; Tracked objects:
   638 ;;		On entry : 0/0
   639 ;;		On exit  : 0/0
   640 ;;		Unchanged: 0/0
   641 ;; Data sizes:     COMMON   BANK0   BANK1   BANK3   BANK2
   642 ;;      Params:         0       0       0       0       0
   643 ;;      Locals:         0       0       0       0       0
   644 ;;      Temps:          0       0       0       0       0
   645 ;;      Totals:         0       0       0       0       0
   646 ;;Total ram usage:        0 bytes
   647 ;; Hardware stack levels used: 1
   648 ;; Hardware stack levels required when called: 2
   649 ;; This function calls:
   650 ;;		_I2C_Slave_Init
   651 ;;		_configOsc
   652 ;; This function is called by:
   653 ;;		_main
   654 ;; This function uses a non-reentrant model
   655 ;;
   656                           
   657     00F6                     _setup:	
   658                           ;psect for function _setup
   659                           
   660     00F6                     l929:	
   661                           ;incstack = 0
   662                           ; Regs used in _setup: [wreg+status,2+status,0+pclath+cstack]
   663                           
   664                           
   665                           ;D:/Universidad/Semestre2_2023/Digital-2/Proyecto1/Slave1/ProyectoSlave1.X/Project1_Slav
      +                          e1.c: 118:     configOsc(8);
   666     00F6  3008               	movlw	8
   667     00F7  00F3               	movwf	configOsc@frec
   668     00F8  3000               	movlw	0
   669     00F9  00F4               	movwf	configOsc@frec+1
   670     00FA  120A  118A  2073  120A  118A  	fcall	_configOsc
   671     00FF                     l931:
   672                           
   673                           ;D:/Universidad/Semestre2_2023/Digital-2/Proyecto1/Slave1/ProyectoSlave1.X/Project1_Slav
      +                          e1.c: 121:     INTCONbits.GIE = 1;
   674     00FF  178B               	bsf	11,7	;volatile
   675     0100                     l933:
   676                           
   677                           ;D:/Universidad/Semestre2_2023/Digital-2/Proyecto1/Slave1/ProyectoSlave1.X/Project1_Slav
      +                          e1.c: 122:     INTCONbits.PEIE = 1;
   678     0100  170B               	bsf	11,6	;volatile
   679     0101                     l935:
   680                           
   681                           ;D:/Universidad/Semestre2_2023/Digital-2/Proyecto1/Slave1/ProyectoSlave1.X/Project1_Slav
      +                          e1.c: 125:     TRISB = 0;
   682     0101  1683               	bsf	3,5	;RP0=1, select bank1
   683     0102  1303               	bcf	3,6	;RP1=0, select bank1
   684     0103  0186               	clrf	6	;volatile
   685     0104                     l937:
   686                           
   687                           ;D:/Universidad/Semestre2_2023/Digital-2/Proyecto1/Slave1/ProyectoSlave1.X/Project1_Slav
      +                          e1.c: 126:     TRISD = 0;
   688     0104  0188               	clrf	8	;volatile
   689     0105                     l939:
   690                           
   691                           ;D:/Universidad/Semestre2_2023/Digital-2/Proyecto1/Slave1/ProyectoSlave1.X/Project1_Slav
      +                          e1.c: 128:     PORTA = 0;
   692     0105  1283               	bcf	3,5	;RP0=0, select bank0
   693     0106  1303               	bcf	3,6	;RP1=0, select bank0
   694     0107  0185               	clrf	5	;volatile
   695     0108                     l941:
   696                           
   697                           ;D:/Universidad/Semestre2_2023/Digital-2/Proyecto1/Slave1/ProyectoSlave1.X/Project1_Slav
      +                          e1.c: 129:     PORTB = 0;
   698     0108  0186               	clrf	6	;volatile
   699     0109                     l943:
   700                           
   701                           ;D:/Universidad/Semestre2_2023/Digital-2/Proyecto1/Slave1/ProyectoSlave1.X/Project1_Slav
      +                          e1.c: 130:     PORTD = 0;
   702     0109  0188               	clrf	8	;volatile
   703     010A                     l945:
   704                           
   705                           ;D:/Universidad/Semestre2_2023/Digital-2/Proyecto1/Slave1/ProyectoSlave1.X/Project1_Slav
      +                          e1.c: 131:     I2C_Slave_Init(0x50);
   706     010A  3050               	movlw	80
   707     010B  120A  118A  2111  120A  118A  	fcall	_I2C_Slave_Init
   708     0110                     l153:
   709     0110  0008               	return
   710     0111                     __end_of_setup:
   711                           
   712                           	psect	text2
   713     0073                     __ptext2:	
   714 ;; *************** function _configOsc *****************
   715 ;; Defined at:
   716 ;;		line 4 in file "oscillator.c"
   717 ;; Parameters:    Size  Location     Type
   718 ;;  frec            2    3[COMMON] unsigned int 
   719 ;; Auto vars:     Size  Location     Type
   720 ;;		None
   721 ;; Return value:  Size  Location     Type
   722 ;;                  1    wreg      void 
   723 ;; Registers used:
   724 ;;		wreg, status,2, status,0
   725 ;; Tracked objects:
   726 ;;		On entry : 0/0
   727 ;;		On exit  : 0/0
   728 ;;		Unchanged: 0/0
   729 ;; Data sizes:     COMMON   BANK0   BANK1   BANK3   BANK2
   730 ;;      Params:         2       0       0       0       0
   731 ;;      Locals:         0       0       0       0       0
   732 ;;      Temps:          0       0       0       0       0
   733 ;;      Totals:         2       0       0       0       0
   734 ;;Total ram usage:        2 bytes
   735 ;; Hardware stack levels used: 1
   736 ;; Hardware stack levels required when called: 1
   737 ;; This function calls:
   738 ;;		Nothing
   739 ;; This function is called by:
   740 ;;		_main
   741 ;;		_setup
   742 ;; This function uses a non-reentrant model
   743 ;;
   744                           
   745     0073                     _configOsc:	
   746                           ;psect for function _configOsc
   747                           
   748     0073                     l911:	
   749                           ;incstack = 0
   750                           ; Regs used in _configOsc: [wreg+status,2+status,0]
   751                           
   752                           
   753                           ;oscillator.c: 5:         if (frec == 8) OSCCONbits.IRCF = 0b111;
   754     0073  3008               	movlw	8
   755     0074  0673               	xorwf	configOsc@frec,w
   756     0075  0474               	iorwf	configOsc@frec+1,w
   757     0076  1D03               	btfss	3,2
   758     0077  2879               	goto	u211
   759     0078  287A               	goto	u210
   760     0079                     u211:
   761     0079  287E               	goto	l81
   762     007A                     u210:
   763     007A                     l913:
   764     007A  3070               	movlw	112
   765     007B  1683               	bsf	3,5	;RP0=1, select bank1
   766     007C  1303               	bcf	3,6	;RP1=0, select bank1
   767     007D  048F               	iorwf	15,f	;volatile
   768     007E                     l81:
   769                           
   770                           ;oscillator.c: 6:         if (frec == 4) OSCCONbits.IRCF = 0b110;
   771     007E  3004               	movlw	4
   772     007F  0673               	xorwf	configOsc@frec,w
   773     0080  0474               	iorwf	configOsc@frec+1,w
   774     0081  1D03               	btfss	3,2
   775     0082  2884               	goto	u221
   776     0083  2885               	goto	u220
   777     0084                     u221:
   778     0084  288B               	goto	l82
   779     0085                     u220:
   780     0085                     l915:
   781     0085  1683               	bsf	3,5	;RP0=1, select bank1
   782     0086  1303               	bcf	3,6	;RP1=0, select bank1
   783     0087  080F               	movf	15,w	;volatile
   784     0088  398F               	andlw	-113
   785     0089  3860               	iorlw	96
   786     008A  008F               	movwf	15	;volatile
   787     008B                     l82:
   788                           
   789                           ;oscillator.c: 7:         if (frec == 1) OSCCONbits.IRCF = 0b100;
   790     008B  0373               	decf	configOsc@frec,w
   791     008C  0474               	iorwf	configOsc@frec+1,w
   792     008D  1D03               	btfss	3,2
   793     008E  2890               	goto	u231
   794     008F  2891               	goto	u230
   795     0090                     u231:
   796     0090  2897               	goto	l83
   797     0091                     u230:
   798     0091                     l917:
   799     0091  1683               	bsf	3,5	;RP0=1, select bank1
   800     0092  1303               	bcf	3,6	;RP1=0, select bank1
   801     0093  080F               	movf	15,w	;volatile
   802     0094  398F               	andlw	-113
   803     0095  3840               	iorlw	64
   804     0096  008F               	movwf	15	;volatile
   805     0097                     l83:
   806                           
   807                           ;oscillator.c: 8:         if (frec == 500) OSCCONbits.IRCF = 0b011;
   808     0097  30F4               	movlw	244
   809     0098  0673               	xorwf	configOsc@frec,w
   810     0099  1D03               	skipz
   811     009A  289F               	goto	u241
   812     009B  0374               	decf	configOsc@frec+1,w
   813     009C  1D03               	btfss	3,2
   814     009D  289F               	goto	u241
   815     009E  28A0               	goto	u240
   816     009F                     u241:
   817     009F  28A6               	goto	l84
   818     00A0                     u240:
   819     00A0                     l919:
   820     00A0  1683               	bsf	3,5	;RP0=1, select bank1
   821     00A1  1303               	bcf	3,6	;RP1=0, select bank1
   822     00A2  080F               	movf	15,w	;volatile
   823     00A3  398F               	andlw	-113
   824     00A4  3830               	iorlw	48
   825     00A5  008F               	movwf	15	;volatile
   826     00A6                     l84:
   827                           
   828                           ;oscillator.c: 9:         if (frec == 250) OSCCONbits.IRCF = 0b101;
   829     00A6  30FA               	movlw	250
   830     00A7  0673               	xorwf	configOsc@frec,w
   831     00A8  0474               	iorwf	configOsc@frec+1,w
   832     00A9  1D03               	btfss	3,2
   833     00AA  28AC               	goto	u251
   834     00AB  28AD               	goto	u250
   835     00AC                     u251:
   836     00AC  28B3               	goto	l85
   837     00AD                     u250:
   838     00AD                     l921:
   839     00AD  1683               	bsf	3,5	;RP0=1, select bank1
   840     00AE  1303               	bcf	3,6	;RP1=0, select bank1
   841     00AF  080F               	movf	15,w	;volatile
   842     00B0  398F               	andlw	-113
   843     00B1  3850               	iorlw	80
   844     00B2  008F               	movwf	15	;volatile
   845     00B3                     l85:
   846                           
   847                           ;oscillator.c: 10:         if (frec == 125) OSCCONbits.IRCF = 0b001;
   848     00B3  307D               	movlw	125
   849     00B4  0673               	xorwf	configOsc@frec,w
   850     00B5  0474               	iorwf	configOsc@frec+1,w
   851     00B6  1D03               	btfss	3,2
   852     00B7  28B9               	goto	u261
   853     00B8  28BA               	goto	u260
   854     00B9                     u261:
   855     00B9  28C0               	goto	l86
   856     00BA                     u260:
   857     00BA                     l923:
   858     00BA  1683               	bsf	3,5	;RP0=1, select bank1
   859     00BB  1303               	bcf	3,6	;RP1=0, select bank1
   860     00BC  080F               	movf	15,w	;volatile
   861     00BD  398F               	andlw	-113
   862     00BE  3810               	iorlw	16
   863     00BF  008F               	movwf	15	;volatile
   864     00C0                     l86:
   865                           
   866                           ;oscillator.c: 11:         if (frec == 31) OSCCONbits.IRCF = 0b000;
   867     00C0  301F               	movlw	31
   868     00C1  0673               	xorwf	configOsc@frec,w
   869     00C2  0474               	iorwf	configOsc@frec+1,w
   870     00C3  1D03               	btfss	3,2
   871     00C4  28C6               	goto	u271
   872     00C5  28C7               	goto	u270
   873     00C6                     u271:
   874     00C6  28CB               	goto	l927
   875     00C7                     u270:
   876     00C7                     l925:
   877     00C7  308F               	movlw	-113
   878     00C8  1683               	bsf	3,5	;RP0=1, select bank1
   879     00C9  1303               	bcf	3,6	;RP1=0, select bank1
   880     00CA  058F               	andwf	15,f	;volatile
   881     00CB                     l927:
   882                           
   883                           ;oscillator.c: 12:         OSCCONbits.SCS = 1;
   884     00CB  1683               	bsf	3,5	;RP0=1, select bank1
   885     00CC  1303               	bcf	3,6	;RP1=0, select bank1
   886     00CD  140F               	bsf	15,0	;volatile
   887     00CE                     l88:
   888     00CE  0008               	return
   889     00CF                     __end_of_configOsc:
   890                           
   891                           	psect	text3
   892     0111                     __ptext3:	
   893 ;; *************** function _I2C_Slave_Init *****************
   894 ;; Defined at:
   895 ;;		line 93 in file "I2C.c"
   896 ;; Parameters:    Size  Location     Type
   897 ;;  address         1    wreg     unsigned char 
   898 ;; Auto vars:     Size  Location     Type
   899 ;;  address         1    3[COMMON] unsigned char 
   900 ;; Return value:  Size  Location     Type
   901 ;;                  1    wreg      void 
   902 ;; Registers used:
   903 ;;		wreg
   904 ;; Tracked objects:
   905 ;;		On entry : 0/0
   906 ;;		On exit  : 0/0
   907 ;;		Unchanged: 0/0
   908 ;; Data sizes:     COMMON   BANK0   BANK1   BANK3   BANK2
   909 ;;      Params:         0       0       0       0       0
   910 ;;      Locals:         1       0       0       0       0
   911 ;;      Temps:          0       0       0       0       0
   912 ;;      Totals:         1       0       0       0       0
   913 ;;Total ram usage:        1 bytes
   914 ;; Hardware stack levels used: 1
   915 ;; Hardware stack levels required when called: 1
   916 ;; This function calls:
   917 ;;		Nothing
   918 ;; This function is called by:
   919 ;;		_setup
   920 ;; This function uses a non-reentrant model
   921 ;;
   922                           
   923     0111                     _I2C_Slave_Init:	
   924                           ;psect for function _I2C_Slave_Init
   925                           
   926                           
   927                           ;incstack = 0
   928                           ; Regs used in _I2C_Slave_Init: [wreg]
   929                           ;I2C_Slave_Init@address stored from wreg
   930     0111  00F3               	movwf	I2C_Slave_Init@address
   931     0112                     l745:
   932                           
   933                           ;I2C.c: 93: void I2C_Slave_Init(uint8_t address);I2C.c: 94: {;I2C.c: 95:     SSPADD = ad
      +                          dress;
   934     0112  0873               	movf	I2C_Slave_Init@address,w
   935     0113  1683               	bsf	3,5	;RP0=1, select bank1
   936     0114  1303               	bcf	3,6	;RP1=0, select bank1
   937     0115  0093               	movwf	19	;volatile
   938                           
   939                           ;I2C.c: 96:     SSPCON = 0x36;
   940     0116  3036               	movlw	54
   941     0117  1283               	bcf	3,5	;RP0=0, select bank0
   942     0118  1303               	bcf	3,6	;RP1=0, select bank0
   943     0119  0094               	movwf	20	;volatile
   944                           
   945                           ;I2C.c: 97:     SSPSTAT = 0x80;
   946     011A  3080               	movlw	128
   947     011B  1683               	bsf	3,5	;RP0=1, select bank1
   948     011C  1303               	bcf	3,6	;RP1=0, select bank1
   949     011D  0094               	movwf	20	;volatile
   950                           
   951                           ;I2C.c: 98:     SSPCON2 = 0x01;
   952     011E  3001               	movlw	1
   953     011F  0091               	movwf	17	;volatile
   954     0120                     l747:
   955                           
   956                           ;I2C.c: 99:     TRISC3 = 1;
   957     0120  1587               	bsf	7,3	;volatile
   958     0121                     l749:
   959                           
   960                           ;I2C.c: 100:     TRISC4 = 1;
   961     0121  1607               	bsf	7,4	;volatile
   962     0122                     l751:
   963                           
   964                           ;I2C.c: 101:     GIE = 1;
   965     0122  178B               	bsf	11,7	;volatile
   966     0123                     l753:
   967                           
   968                           ;I2C.c: 102:     PEIE = 1;
   969     0123  170B               	bsf	11,6	;volatile
   970     0124                     l755:
   971                           
   972                           ;I2C.c: 103:     SSPIF = 0;
   973     0124  1283               	bcf	3,5	;RP0=0, select bank0
   974     0125  1303               	bcf	3,6	;RP1=0, select bank0
   975     0126  118C               	bcf	12,3	;volatile
   976     0127                     l757:
   977                           
   978                           ;I2C.c: 104:     SSPIE = 1;
   979     0127  1683               	bsf	3,5	;RP0=1, select bank1
   980     0128  1303               	bcf	3,6	;RP1=0, select bank1
   981     0129  158C               	bsf	12,3	;volatile
   982     012A                     l55:
   983     012A  0008               	return
   984     012B                     __end_of_I2C_Slave_Init:
   985                           
   986                           	psect	text4
   987     0016                     __ptext4:	
   988 ;; *************** function _isr *****************
   989 ;; Defined at:
   990 ;;		line 60 in file "D:/Universidad/Semestre2_2023/Digital-2/Proyecto1/Slave1/ProyectoSlave1.X/Project1_Slave1.c"
   991 ;; Parameters:    Size  Location     Type
   992 ;;		None
   993 ;; Auto vars:     Size  Location     Type
   994 ;;		None
   995 ;; Return value:  Size  Location     Type
   996 ;;                  1    wreg      void 
   997 ;; Registers used:
   998 ;;		wreg
   999 ;; Tracked objects:
  1000 ;;		On entry : 0/0
  1001 ;;		On exit  : 0/0
  1002 ;;		Unchanged: 0/0
  1003 ;; Data sizes:     COMMON   BANK0   BANK1   BANK3   BANK2
  1004 ;;      Params:         0       0       0       0       0
  1005 ;;      Locals:         0       0       0       0       0
  1006 ;;      Temps:          3       0       0       0       0
  1007 ;;      Totals:         3       0       0       0       0
  1008 ;;Total ram usage:        3 bytes
  1009 ;; Hardware stack levels used: 1
  1010 ;; This function calls:
  1011 ;;		Nothing
  1012 ;; This function is called by:
  1013 ;;		Interrupt level 1
  1014 ;; This function uses a non-reentrant model
  1015 ;;
  1016                           
  1017     0016                     _isr:	
  1018                           ;psect for function _isr
  1019                           
  1020     0016                     i1l869:
  1021                           
  1022                           ;D:/Universidad/Semestre2_2023/Digital-2/Proyecto1/Slave1/ProyectoSlave1.X/Project1_Slav
      +                          e1.c: 61:    if(PIR1bits.SSPIF == 1){
  1023     0016  1283               	bcf	3,5	;RP0=0, select bank0
  1024     0017  1303               	bcf	3,6	;RP1=0, select bank0
  1025     0018  1D8C               	btfss	12,3	;volatile
  1026     0019  281B               	goto	u12_21
  1027     001A  281C               	goto	u12_20
  1028     001B                     u12_21:
  1029     001B  286C               	goto	i1l142
  1030     001C                     u12_20:
  1031     001C                     i1l871:
  1032                           
  1033                           ;D:/Universidad/Semestre2_2023/Digital-2/Proyecto1/Slave1/ProyectoSlave1.X/Project1_Slav
      +                          e1.c: 63:         SSPCONbits.CKP = 0;
  1034     001C  1214               	bcf	20,4	;volatile
  1035                           
  1036                           ;D:/Universidad/Semestre2_2023/Digital-2/Proyecto1/Slave1/ProyectoSlave1.X/Project1_Slav
      +                          e1.c: 65:         if ((SSPCONbits.SSPOV) || (SSPCONbits.WCOL)){
  1037     001D  1B14               	btfsc	20,6	;volatile
  1038     001E  2820               	goto	u13_21
  1039     001F  2821               	goto	u13_20
  1040     0020                     u13_21:
  1041     0020  2825               	goto	i1l875
  1042     0021                     u13_20:
  1043     0021                     i1l873:
  1044     0021  1F94               	btfss	20,7	;volatile
  1045     0022  2824               	goto	u14_21
  1046     0023  2825               	goto	u14_20
  1047     0024                     u14_21:
  1048     0024  282A               	goto	i1l883
  1049     0025                     u14_20:
  1050     0025                     i1l875:
  1051                           
  1052                           ;D:/Universidad/Semestre2_2023/Digital-2/Proyecto1/Slave1/ProyectoSlave1.X/Project1_Slav
      +                          e1.c: 66:             z = SSPBUF;
  1053     0025  0813               	movf	19,w	;volatile
  1054     0026  00FA               	movwf	_z
  1055     0027                     i1l877:
  1056                           
  1057                           ;D:/Universidad/Semestre2_2023/Digital-2/Proyecto1/Slave1/ProyectoSlave1.X/Project1_Slav
      +                          e1.c: 67:             SSPCONbits.SSPOV = 0;
  1058     0027  1314               	bcf	20,6	;volatile
  1059     0028                     i1l879:
  1060                           
  1061                           ;D:/Universidad/Semestre2_2023/Digital-2/Proyecto1/Slave1/ProyectoSlave1.X/Project1_Slav
      +                          e1.c: 68:             SSPCONbits.WCOL = 0;
  1062     0028  1394               	bcf	20,7	;volatile
  1063     0029                     i1l881:
  1064                           
  1065                           ;D:/Universidad/Semestre2_2023/Digital-2/Proyecto1/Slave1/ProyectoSlave1.X/Project1_Slav
      +                          e1.c: 69:             SSPCONbits.CKP = 1;
  1066     0029  1614               	bsf	20,4	;volatile
  1067     002A                     i1l883:
  1068                           
  1069                           ;D:/Universidad/Semestre2_2023/Digital-2/Proyecto1/Slave1/ProyectoSlave1.X/Project1_Slav
      +                          e1.c: 72:         if(!SSPSTATbits.D_nA && !SSPSTATbits.R_nW) {
  1070     002A  1683               	bsf	3,5	;RP0=1, select bank1
  1071     002B  1303               	bcf	3,6	;RP1=0, select bank1
  1072     002C  1A94               	btfsc	20,5	;volatile
  1073     002D  282F               	goto	u15_21
  1074     002E  2830               	goto	u15_20
  1075     002F                     u15_21:
  1076     002F  284A               	goto	i1l133
  1077     0030                     u15_20:
  1078     0030                     i1l885:
  1079     0030  1914               	btfsc	20,2	;volatile
  1080     0031  2833               	goto	u16_21
  1081     0032  2834               	goto	u16_20
  1082     0033                     u16_21:
  1083     0033  284A               	goto	i1l133
  1084     0034                     u16_20:
  1085     0034                     i1l887:
  1086                           
  1087                           ;D:/Universidad/Semestre2_2023/Digital-2/Proyecto1/Slave1/ProyectoSlave1.X/Project1_Slav
      +                          e1.c: 74:             z = SSPBUF;
  1088     0034  1283               	bcf	3,5	;RP0=0, select bank0
  1089     0035  1303               	bcf	3,6	;RP1=0, select bank0
  1090     0036  0813               	movf	19,w	;volatile
  1091     0037  00FA               	movwf	_z
  1092     0038                     i1l889:
  1093                           
  1094                           ;D:/Universidad/Semestre2_2023/Digital-2/Proyecto1/Slave1/ProyectoSlave1.X/Project1_Slav
      +                          e1.c: 76:             PIR1bits.SSPIF = 0;
  1095     0038  118C               	bcf	12,3	;volatile
  1096     0039                     i1l891:
  1097                           
  1098                           ;D:/Universidad/Semestre2_2023/Digital-2/Proyecto1/Slave1/ProyectoSlave1.X/Project1_Slav
      +                          e1.c: 77:             SSPCONbits.CKP = 1;
  1099     0039  1614               	bsf	20,4	;volatile
  1100     003A                     i1l134:	
  1101                           ;D:/Universidad/Semestre2_2023/Digital-2/Proyecto1/Slave1/ProyectoSlave1.X/Project1_Slav
      +                          e1.c: 78:             while(!SSPSTATbits.BF);
  1102                           
  1103     003A  1683               	bsf	3,5	;RP0=1, select bank1
  1104     003B  1303               	bcf	3,6	;RP1=0, select bank1
  1105     003C  1C14               	btfss	20,0	;volatile
  1106     003D  283F               	goto	u17_21
  1107     003E  2840               	goto	u17_20
  1108     003F                     u17_21:
  1109     003F  283A               	goto	i1l134
  1110     0040                     u17_20:
  1111     0040                     i1l893:
  1112                           
  1113                           ;D:/Universidad/Semestre2_2023/Digital-2/Proyecto1/Slave1/ProyectoSlave1.X/Project1_Slav
      +                          e1.c: 79:             PORTD = SSPBUF;
  1114     0040  1283               	bcf	3,5	;RP0=0, select bank0
  1115     0041  1303               	bcf	3,6	;RP1=0, select bank0
  1116     0042  0813               	movf	19,w	;volatile
  1117     0043  0088               	movwf	8	;volatile
  1118                           
  1119                           ;D:/Universidad/Semestre2_2023/Digital-2/Proyecto1/Slave1/ProyectoSlave1.X/Project1_Slav
      +                          e1.c: 80:             _delay((unsigned long)((250)*(8000000/4000000.0)));
  1120     0044  30A6               	movlw	166
  1121     0045  00F0               	movwf	??_isr
  1122     0046                     u29_27:
  1123     0046  0BF0               	decfsz	??_isr,f
  1124     0047  2846               	goto	u29_27
  1125     0048  0000               	nop
  1126                           
  1127                           ;D:/Universidad/Semestre2_2023/Digital-2/Proyecto1/Slave1/ProyectoSlave1.X/Project1_Slav
      +                          e1.c: 82:         }else if(!SSPSTATbits.D_nA && SSPSTATbits.R_nW){
  1128     0049  2869               	goto	i1l137
  1129     004A                     i1l133:
  1130     004A  1A94               	btfsc	20,5	;volatile
  1131     004B  284D               	goto	u18_21
  1132     004C  284E               	goto	u18_20
  1133     004D                     u18_21:
  1134     004D  2869               	goto	i1l137
  1135     004E                     u18_20:
  1136     004E                     i1l895:
  1137     004E  1D14               	btfss	20,2	;volatile
  1138     004F  2851               	goto	u19_21
  1139     0050  2852               	goto	u19_20
  1140     0051                     u19_21:
  1141     0051  2869               	goto	i1l137
  1142     0052                     u19_20:
  1143     0052                     i1l897:
  1144                           
  1145                           ;D:/Universidad/Semestre2_2023/Digital-2/Proyecto1/Slave1/ProyectoSlave1.X/Project1_Slav
      +                          e1.c: 83:             z = SSPBUF;
  1146     0052  1283               	bcf	3,5	;RP0=0, select bank0
  1147     0053  1303               	bcf	3,6	;RP1=0, select bank0
  1148     0054  0813               	movf	19,w	;volatile
  1149     0055  00FA               	movwf	_z
  1150     0056                     i1l899:
  1151                           
  1152                           ;D:/Universidad/Semestre2_2023/Digital-2/Proyecto1/Slave1/ProyectoSlave1.X/Project1_Slav
      +                          e1.c: 84:             BF = 0;
  1153     0056  1683               	bsf	3,5	;RP0=1, select bank1
  1154     0057  1303               	bcf	3,6	;RP1=0, select bank1
  1155     0058  1014               	bcf	20,0	;volatile
  1156                           
  1157                           ;D:/Universidad/Semestre2_2023/Digital-2/Proyecto1/Slave1/ProyectoSlave1.X/Project1_Slav
      +                          e1.c: 85:             SSPBUF = adcValue;
  1158     0059  0878               	movf	_adcValue,w
  1159     005A  1283               	bcf	3,5	;RP0=0, select bank0
  1160     005B  1303               	bcf	3,6	;RP1=0, select bank0
  1161     005C  0093               	movwf	19	;volatile
  1162     005D                     i1l901:
  1163                           
  1164                           ;D:/Universidad/Semestre2_2023/Digital-2/Proyecto1/Slave1/ProyectoSlave1.X/Project1_Slav
      +                          e1.c: 86:             SSPCONbits.CKP = 1;
  1165     005D  1614               	bsf	20,4	;volatile
  1166                           
  1167                           ;D:/Universidad/Semestre2_2023/Digital-2/Proyecto1/Slave1/ProyectoSlave1.X/Project1_Slav
      +                          e1.c: 87:             _delay((unsigned long)((250)*(8000000/4000000.0)));
  1168     005E  30A6               	movlw	166
  1169     005F  00F0               	movwf	??_isr
  1170     0060                     u30_27:
  1171     0060  0BF0               	decfsz	??_isr,f
  1172     0061  2860               	goto	u30_27
  1173     0062  0000               	nop
  1174     0063                     i1l139:	
  1175                           ;D:/Universidad/Semestre2_2023/Digital-2/Proyecto1/Slave1/ProyectoSlave1.X/Project1_Slav
      +                          e1.c: 88:             while(SSPSTATbits.BF);
  1176                           
  1177     0063  1683               	bsf	3,5	;RP0=1, select bank1
  1178     0064  1303               	bcf	3,6	;RP1=0, select bank1
  1179     0065  1814               	btfsc	20,0	;volatile
  1180     0066  2868               	goto	u20_21
  1181     0067  2869               	goto	u20_20
  1182     0068                     u20_21:
  1183     0068  2863               	goto	i1l139
  1184     0069                     u20_20:
  1185     0069                     i1l137:
  1186                           
  1187                           ;D:/Universidad/Semestre2_2023/Digital-2/Proyecto1/Slave1/ProyectoSlave1.X/Project1_Slav
      +                          e1.c: 91:         PIR1bits.SSPIF = 0;
  1188     0069  1283               	bcf	3,5	;RP0=0, select bank0
  1189     006A  1303               	bcf	3,6	;RP1=0, select bank0
  1190     006B  118C               	bcf	12,3	;volatile
  1191     006C                     i1l142:
  1192     006C  0872               	movf	??_isr+2,w
  1193     006D  008A               	movwf	10
  1194     006E  0E71               	swapf	??_isr+1,w
  1195     006F  0083               	movwf	3
  1196     0070  0EFE               	swapf	btemp,f
  1197     0071  0E7E               	swapf	btemp,w
  1198     0072  0009               	retfie
  1199     0073                     __end_of_isr:
  1200     007E                     btemp	set	126	;btemp
  1201     007E                     wtemp0	set	126
  1202                           
  1203                           	psect	intentry
  1204     0004                     __pintentry:	
  1205                           ;incstack = 0
  1206                           ; Regs used in _isr: [wreg]
  1207                           
  1208     0004                     interrupt_function:
  1209     007E                     saved_w	set	btemp
  1210     0004  00FE               	movwf	btemp
  1211     0005  0E03               	swapf	3,w
  1212     0006  00F1               	movwf	??_isr+1
  1213     0007  080A               	movf	10,w
  1214     0008  00F2               	movwf	??_isr+2
  1215     0009  120A  118A  2816   	ljmp	_isr
  1216                           
  1217                           	psect	idloc
  1218                           
  1219                           ;Config register IDLOC0 @ 0x2000
  1220                           ;	unspecified, using default values
  1221     2000                     	org	8192
  1222     2000  3FFF               	dw	16383
  1223                           
  1224                           ;Config register IDLOC1 @ 0x2001
  1225                           ;	unspecified, using default values
  1226     2001                     	org	8193
  1227     2001  3FFF               	dw	16383
  1228                           
  1229                           ;Config register IDLOC2 @ 0x2002
  1230                           ;	unspecified, using default values
  1231     2002                     	org	8194
  1232     2002  3FFF               	dw	16383
  1233                           
  1234                           ;Config register IDLOC3 @ 0x2003
  1235                           ;	unspecified, using default values
  1236     2003                     	org	8195
  1237     2003  3FFF               	dw	16383
  1238                           
  1239                           	psect	config
  1240                           
  1241                           ;Config register CONFIG1 @ 0x2007
  1242                           ;	Oscillator Selection bits
  1243                           ;	FOSC = INTRC_NOCLKOUT, INTOSCIO oscillator: I/O function on RA6/OSC2/CLKOUT pin, I/O f
      +                          unction on RA7/OSC1/CLKIN
  1244                           ;	Watchdog Timer Enable bit
  1245                           ;	WDTE = OFF, WDT disabled and can be enabled by SWDTEN bit of the WDTCON register
  1246                           ;	Power-up Timer Enable bit
  1247                           ;	PWRTE = OFF, PWRT disabled
  1248                           ;	RE3/MCLR pin function select bit
  1249                           ;	MCLRE = OFF, RE3/MCLR pin function is digital input, MCLR internally tied to VDD
  1250                           ;	Code Protection bit
  1251                           ;	CP = OFF, Program memory code protection is disabled
  1252                           ;	Data Code Protection bit
  1253                           ;	CPD = OFF, Data memory code protection is disabled
  1254                           ;	Brown Out Reset Selection bits
  1255                           ;	BOREN = OFF, BOR disabled
  1256                           ;	Internal External Switchover bit
  1257                           ;	IESO = OFF, Internal/External Switchover mode is disabled
  1258                           ;	Fail-Safe Clock Monitor Enabled bit
  1259                           ;	FCMEN = OFF, Fail-Safe Clock Monitor is disabled
  1260                           ;	Low Voltage Programming Enable bit
  1261                           ;	LVP = OFF, RB3 pin has digital I/O, HV on MCLR must be used for programming
  1262                           ;	In-Circuit Debugger Mode bit
  1263                           ;	DEBUG = 0x1, unprogramme  1264     2007                     	org	8199
  1265     2007  20D4               	dw	8404
  1266                           
  1267                           ;Config register CONFIG2 @ 0x2008
  1268                           ;	Brown-out Reset Selection bit
  1269                           ;	BOR4V = BOR40V, Brown-out Reset set to 4.0V
  1270                           ;	Flash Program Memory Self Write Enable bits
  1271                           ;	WRT = OFF, Write protection off
  1272     2008                     	org	8200
  1273     2008  3FFF               	dw	16383

Data Sizes:
    Strings     0
    Constant    0
    Data        0
    BSS         3
    Persistent  0
    Stack       0

Auto Spaces:
    Space          Size  Autos    Used
    COMMON           14      8      11
    BANK0            80      0       0
    BANK1            80      0       0
    BANK3            96      0       0
    BANK2            96      0       0

Pointer List with Targets:

    None.

Critical Paths under _main in COMMON

    _main->_configOsc
    _setup->_configOsc

Critical Paths under _isr in COMMON

    None.

Critical Paths under _main in BANK0

    None.

Critical Paths under _isr in BANK0

    None.

Critical Paths under _main in BANK1

    None.

Critical Paths under _isr in BANK1

    None.

Critical Paths under _main in BANK3

    None.

Critical Paths under _isr in BANK3

    None.

Critical Paths under _main in BANK2

    None.

Critical Paths under _isr in BANK2

    None.

Call Graph Tables:

 ---------------------------------------------------------------------------------
 (Depth) Function   	        Calls       Base Space   Used Autos Params    Refs
 ---------------------------------------------------------------------------------
 (0) _main                                                 3     3      0     627
                                              5 COMMON     3     3      0
                          _configOsc
                              _setup
 ---------------------------------------------------------------------------------
 (1) _setup                                                0     0      0     321
                     _I2C_Slave_Init
                          _configOsc
 ---------------------------------------------------------------------------------
 (2) _configOsc                                            2     0      2     306
                                              3 COMMON     2     0      2
 ---------------------------------------------------------------------------------
 (2) _I2C_Slave_Init                                       1     1      0      15
                                              3 COMMON     1     1      0
 ---------------------------------------------------------------------------------
 Estimated maximum stack depth 2
 ---------------------------------------------------------------------------------
 (Depth) Function   	        Calls       Base Space   Used Autos Params    Refs
 ---------------------------------------------------------------------------------
 (3) _isr                                                  3     3      0       0
                                              0 COMMON     3     3      0
 ---------------------------------------------------------------------------------
 Estimated maximum stack depth 3
 ---------------------------------------------------------------------------------

 Call Graph Graphs:

 _main (ROOT)
   _configOsc
   _setup
     _I2C_Slave_Init
     _configOsc

 _isr (ROOT)

 Address spaces:
Name               Size   Autos  Total    Cost      Usage
BITCOMMON            E      0       0       0        0.0%
EEDATA             100      0       0       0        0.0%
NULL                 0      0       0       0        0.0%
CODE                 0      0       0       0        0.0%
COMMON               E      8       B       1       78.6%
BITSFR0              0      0       0       1        0.0%
SFR0                 0      0       0       1        0.0%
BITSFR1              0      0       0       2        0.0%
SFR1                 0      0       0       2        0.0%
STACK                0      0       0       2        0.0%
ABS                  0      0       B       3        0.0%
BITBANK0            50      0       0       4        0.0%
BITSFR3              0      0       0       4        0.0%
SFR3                 0      0       0       4        0.0%
BANK0               50      0       0       5        0.0%
BITSFR2              0      0       0       5        0.0%
SFR2                 0      0       0       5        0.0%
BITBANK1            50      0       0       6        0.0%
BANK1               50      0       0       7        0.0%
BITBANK3            60      0       0       8        0.0%
BANK3               60      0       0       9        0.0%
BITBANK2            60      0       0      10        0.0%
BANK2               60      0       0      11        0.0%
DATA                 0      0       B      12        0.0%


Microchip Technology PIC Macro Assembler V2.41 build 20230208172133 
Symbol Table                                                                                   Thu Aug 17 17:51:32 2023

                      _z 007A              _SSPSTATbits 0094                       _BF 04A0  
                     l55 012A                       l81 007E                       l82 008B  
                     l83 0097                       l84 00A6                       l85 00B3  
                     l86 00C0                       l88 00CE                      l153 0110  
                    l751 0122                      l911 0073                      l753 0123  
                    l745 0112                      l921 00AD                      l913 007A  
                    l755 0124                      l747 0120                      l923 00BA  
                    l915 0085                      l931 00FF                      l757 0127  
                    l749 0121                      l925 00C7                      l917 0091  
                    l941 0108                      l933 0100                      l927 00CB  
                    l919 00A0                      l943 0109                      l935 0101  
                    l951 00E1                      l945 010A                      l937 0104  
                    l929 00F6                      l953 00E5                      l939 0105  
                    l947 00CF                      l949 00DD                      _GIE 005F  
                    u210 007A                      u211 0079                      u220 0085  
                    u221 0084                      u230 0091                      u231 0090  
                    u240 00A0                      u241 009F                      u250 00AD  
                    u251 00AC                      u260 00BA                      u261 00B9  
                    u270 00C7                      u271 00C6                      u287 00EB  
                    _isr 0016                     ?_isr 0070                     _PEIE 005E  
                   _dato 0079                     _main 00CF                     btemp 007E  
                   start 000C                    ??_isr 0070            configOsc@frec 0073  
                  ?_main 0070                    i1l133 004A                    i1l134 003A  
                  i1l142 006C                    i1l137 0069                    i1l139 0063  
                  i1l901 005D                    i1l871 001C                    i1l881 0029  
                  i1l873 0021                    i1l891 0039                    i1l883 002A  
                  i1l875 0025                    i1l893 0040                    i1l885 0030  
                  i1l877 0027                    i1l869 0016                    i1l895 004E  
                  i1l887 0034                    i1l879 0028                    i1l897 0052  
                  i1l889 0038                    i1l899 0056                    u20_20 0069  
                  u12_20 001C                    u20_21 0068                    u12_21 001B  
                  u13_20 0021                    u13_21 0020                    u14_20 0025  
                  u14_21 0024                    u30_27 0060                    u15_20 0030  
                  u15_21 002F                    u16_20 0034                    u16_21 0033  
                  u17_20 0040                    u17_21 003F                    u18_20 004E  
                  u18_21 004D                    u19_20 0052                    u19_21 0051  
                  _PORTA 0005                    _PORTB 0006                    _PORTD 0008  
                  u29_27 0046                    _TRISB 0086                    _TRISD 0088  
                  _SSPIE 0463                    _SSPIF 0063                    _setup 00F6  
                  pclath 000A                    status 0003                    wtemp0 007E  
        __initialization 000F             __end_of_main 00F6                   ??_main 0075  
                 _ADRESH 001E                   ?_setup 0070                   _SSPADD 0093  
                 _TRISC3 043B                   _TRISC4 043C                   _SSPCON 0014  
                 _SSPBUF 0013                   saved_w 007E  __end_of__initialization 0012  
         __pcstackCOMMON 0070            __end_of_setup 0111                  ??_setup 0075  
  I2C_Slave_Init@address 0073               __pmaintext 00CF               __pintentry 0004  
                _SSPCON2 0091                  _SSPSTAT 0094        __end_of_configOsc 00CF  
                __ptext1 00F6                  __ptext2 0073                  __ptext3 0111  
                __ptext4 0016     end_of_initialization 0012           _I2C_Slave_Init 0111  
              _TRISCbits 0087   __end_of_I2C_Slave_Init 012B      start_initialization 000F  
            __end_of_isr 0073          ?_I2C_Slave_Init 0070              __pbssCOMMON 0078  
              ___latbits 0002                _configOsc 0073        interrupt_function 0004  
               _PIE1bits 008C                 _PIR1bits 000C               ?_configOsc 0073  
             _ADCON0bits 001F               _ADCON1bits 009F                 _adcValue 0078  
       ??_I2C_Slave_Init 0073              ??_configOsc 0075               _INTCONbits 000B  
               intlevel1 0000               _OSCCONbits 008F              _SSPCON2bits 0091  
             _SSPCONbits 0014  
