

Microchip MPLAB XC8 Assembler V2.41 build 20230208172133 
                                                                                               Thu Aug 03 13:21:27 2023

Microchip MPLAB XC8 C Compiler v2.41 (Free license) build 20230208172133 Og1 
     1                           	processor	16F887
     2                           	pagewidth 120
     3                           	opt	flic
     4                           	psect	cinit,global,class=CODE,merge=1,delta=2
     5                           	psect	bssBANK0,global,class=BANK0,space=1,delta=1,noexec
     6                           	psect	cstackCOMMON,global,class=COMMON,space=1,delta=1,noexec
     7                           	psect	cstackBANK0,global,class=BANK0,space=1,delta=1,noexec
     8                           	psect	maintext,global,class=CODE,split=1,delta=2
     9                           	psect	text1,local,class=CODE,merge=1,delta=2
    10                           	psect	text2,local,class=CODE,merge=1,delta=2
    11                           	psect	text3,local,class=CODE,merge=1,delta=2,group=1
    12                           	psect	text4,local,class=CODE,merge=1,delta=2
    13                           	psect	text5,local,class=CODE,merge=1,delta=2
    14                           	psect	text6,local,class=CODE,merge=1,delta=2
    15                           	psect	text7,local,class=CODE,merge=1,delta=2
    16                           	psect	text8,local,class=CODE,merge=1,delta=2
    17                           	psect	idloc,global,abs,ovrld,class=IDLOC,space=5,delta=2,noexec
    18                           	psect	config,global,abs,ovrld,class=CONFIG,space=4,delta=2,noexec
    19                           	dabs	1,0x7E,2
    20     0000                     
    21                           ; Version 2.40
    22                           ; Generated 17/11/2021 GMT
    23                           ; 
    24                           ; Copyright © 2021, Microchip Technology Inc. and its subsidiaries ("Microchip")
    25                           ; All rights reserved.
    26                           ; 
    27                           ; This software is developed by Microchip Technology Inc. and its subsidiaries ("Microch
      +                          ip").
    28                           ; 
    29                           ; Redistribution and use in source and binary forms, with or without modification, are
    30                           ; permitted provided that the following conditions are met:
    31                           ; 
    32                           ;     1. Redistributions of source code must retain the above copyright notice, this lis
      +                          t of
    33                           ;        conditions and the following disclaimer.
    34                           ; 
    35                           ;     2. Redistributions in binary form must reproduce the above copyright notice, this 
      +                          list
    36                           ;        of conditions and the following disclaimer in the documentation and/or other
    37                           ;        materials provided with the distribution. Publication is not required when
    38                           ;        this file is used in an embedded application.
    39                           ; 
    40                           ;     3. Microchip's name may not be used to endorse or promote products derived from th
      +                          is
    41                           ;        software without specific prior written permission.
    42                           ; 
    43                           ; THIS SOFTWARE IS PROVIDED BY MICROCHIP "AS IS" AND ANY EXPRESS OR IMPLIED WARRANTIES,
    44                           ; INCLUDING, BUT NOT LIMITED TO, THE IMPLIED WARRANTIES OF MERCHANTABILITY AND FITNESS F
      +                          OR
    45                           ; PURPOSE ARE DISCLAIMED.  IN NO EVENT SHALL MICROCHIP BE LIABLE FOR ANY DIRECT, INDIREC
      +                          T,
    46                           ; INCIDENTAL, SPECIAL, EXEMPLARY, OR CONSEQUENTIAL DAMAGES (INCLUDING BUT NOT LIMITED TO
    47                           ; PROCUREMENT OF SUBSTITUTE GOODS OR SERVICES; LOSS OF USE, DATA OR PROFITS; OR BUSINESS
    48                           ; INTERRUPTION) HOWSOEVER CAUSED AND ON ANY THEORY OF LIABILITY, WHETHER IN CONTRACT, ST
      +                          RICT
    49                           ; LIABILITY, OR TORT (INCLUDING NEGLIGENCE OR OTHERWISE) ARISING IN ANY WAY OUT OF THE U
      +                          SE OF
    50                           ; THIS SOFTWARE, EVEN IF ADVISED OF THE POSSIBILITY OF SUCH DAMAGE.
    51                           ; 
    52                           ; 
    53                           ; Code-generator required, PIC16F887 Definitions
    54                           ; 
    55                           ; SFR Addresses
    56     0000                     	;# 
    57     0001                     	;# 
    58     0002                     	;# 
    59     0003                     	;# 
    60     0004                     	;# 
    61     0005                     	;# 
    62     0006                     	;# 
    63     0007                     	;# 
    64     0008                     	;# 
    65     0009                     	;# 
    66     000A                     	;# 
    67     000B                     	;# 
    68     000C                     	;# 
    69     000D                     	;# 
    70     000E                     	;# 
    71     000E                     	;# 
    72     000F                     	;# 
    73     0010                     	;# 
    74     0011                     	;# 
    75     0012                     	;# 
    76     0013                     	;# 
    77     0014                     	;# 
    78     0015                     	;# 
    79     0015                     	;# 
    80     0016                     	;# 
    81     0017                     	;# 
    82     0018                     	;# 
    83     0019                     	;# 
    84     001A                     	;# 
    85     001B                     	;# 
    86     001B                     	;# 
    87     001C                     	;# 
    88     001D                     	;# 
    89     001E                     	;# 
    90     001F                     	;# 
    91     0081                     	;# 
    92     0085                     	;# 
    93     0086                     	;# 
    94     0087                     	;# 
    95     0088                     	;# 
    96     0089                     	;# 
    97     008C                     	;# 
    98     008D                     	;# 
    99     008E                     	;# 
   100     008F                     	;# 
   101     0090                     	;# 
   102     0091                     	;# 
   103     0092                     	;# 
   104     0093                     	;# 
   105     0093                     	;# 
   106     0093                     	;# 
   107     0094                     	;# 
   108     0095                     	;# 
   109     0096                     	;# 
   110     0097                     	;# 
   111     0098                     	;# 
   112     0099                     	;# 
   113     009A                     	;# 
   114     009B                     	;# 
   115     009C                     	;# 
   116     009D                     	;# 
   117     009E                     	;# 
   118     009F                     	;# 
   119     0105                     	;# 
   120     0107                     	;# 
   121     0108                     	;# 
   122     0109                     	;# 
   123     010C                     	;# 
   124     010C                     	;# 
   125     010D                     	;# 
   126     010E                     	;# 
   127     010F                     	;# 
   128     0185                     	;# 
   129     0187                     	;# 
   130     0188                     	;# 
   131     0189                     	;# 
   132     018C                     	;# 
   133     018D                     	;# 
   134     0000                     	;# 
   135     0001                     	;# 
   136     0002                     	;# 
   137     0003                     	;# 
   138     0004                     	;# 
   139     0005                     	;# 
   140     0006                     	;# 
   141     0007                     	;# 
   142     0008                     	;# 
   143     0009                     	;# 
   144     000A                     	;# 
   145     000B                     	;# 
   146     000C                     	;# 
   147     000D                     	;# 
   148     000E                     	;# 
   149     000E                     	;# 
   150     000F                     	;# 
   151     0010                     	;# 
   152     0011                     	;# 
   153     0012                     	;# 
   154     0013                     	;# 
   155     0014                     	;# 
   156     0015                     	;# 
   157     0015                     	;# 
   158     0016                     	;# 
   159     0017                     	;# 
   160     0018                     	;# 
   161     0019                     	;# 
   162     001A                     	;# 
   163     001B                     	;# 
   164     001B                     	;# 
   165     001C                     	;# 
   166     001D                     	;# 
   167     001E                     	;# 
   168     001F                     	;# 
   169     0081                     	;# 
   170     0085                     	;# 
   171     0086                     	;# 
   172     0087                     	;# 
   173     0088                     	;# 
   174     0089                     	;# 
   175     008C                     	;# 
   176     008D                     	;# 
   177     008E                     	;# 
   178     008F                     	;# 
   179     0090                     	;# 
   180     0091                     	;# 
   181     0092                     	;# 
   182     0093                     	;# 
   183     0093                     	;# 
   184     0093                     	;# 
   185     0094                     	;# 
   186     0095                     	;# 
   187     0096                     	;# 
   188     0097                     	;# 
   189     0098                     	;# 
   190     0099                     	;# 
   191     009A                     	;# 
   192     009B                     	;# 
   193     009C                     	;# 
   194     009D                     	;# 
   195     009E                     	;# 
   196     009F                     	;# 
   197     0105                     	;# 
   198     0107                     	;# 
   199     0108                     	;# 
   200     0109                     	;# 
   201     010C                     	;# 
   202     010C                     	;# 
   203     010D                     	;# 
   204     010E                     	;# 
   205     010F                     	;# 
   206     0185                     	;# 
   207     0187                     	;# 
   208     0188                     	;# 
   209     0189                     	;# 
   210     018C                     	;# 
   211     018D                     	;# 
   212     0000                     	;# 
   213     0001                     	;# 
   214     0002                     	;# 
   215     0003                     	;# 
   216     0004                     	;# 
   217     0005                     	;# 
   218     0006                     	;# 
   219     0007                     	;# 
   220     0008                     	;# 
   221     0009                     	;# 
   222     000A                     	;# 
   223     000B                     	;# 
   224     000C                     	;# 
   225     000D                     	;# 
   226     000E                     	;# 
   227     000E                     	;# 
   228     000F                     	;# 
   229     0010                     	;# 
   230     0011                     	;# 
   231     0012                     	;# 
   232     0013                     	;# 
   233     0014                     	;# 
   234     0015                     	;# 
   235     0015                     	;# 
   236     0016                     	;# 
   237     0017                     	;# 
   238     0018                     	;# 
   239     0019                     	;# 
   240     001A                     	;# 
   241     001B                     	;# 
   242     001B                     	;# 
   243     001C                     	;# 
   244     001D                     	;# 
   245     001E                     	;# 
   246     001F                     	;# 
   247     0081                     	;# 
   248     0085                     	;# 
   249     0086                     	;# 
   250     0087                     	;# 
   251     0088                     	;# 
   252     0089                     	;# 
   253     008C                     	;# 
   254     008D                     	;# 
   255     008E                     	;# 
   256     008F                     	;# 
   257     0090                     	;# 
   258     0091                     	;# 
   259     0092                     	;# 
   260     0093                     	;# 
   261     0093                     	;# 
   262     0093                     	;# 
   263     0094                     	;# 
   264     0095                     	;# 
   265     0096                     	;# 
   266     0097                     	;# 
   267     0098                     	;# 
   268     0099                     	;# 
   269     009A                     	;# 
   270     009B                     	;# 
   271     009C                     	;# 
   272     009D                     	;# 
   273     009E                     	;# 
   274     009F                     	;# 
   275     0105                     	;# 
   276     0107                     	;# 
   277     0108                     	;# 
   278     0109                     	;# 
   279     010C                     	;# 
   280     010C                     	;# 
   281     010D                     	;# 
   282     010E                     	;# 
   283     010F                     	;# 
   284     0185                     	;# 
   285     0187                     	;# 
   286     0188                     	;# 
   287     0189                     	;# 
   288     018C                     	;# 
   289     018D                     	;# 
   290     0000                     	;# 
   291     0001                     	;# 
   292     0002                     	;# 
   293     0003                     	;# 
   294     0004                     	;# 
   295     0005                     	;# 
   296     0006                     	;# 
   297     0007                     	;# 
   298     0008                     	;# 
   299     0009                     	;# 
   300     000A                     	;# 
   301     000B                     	;# 
   302     000C                     	;# 
   303     000D                     	;# 
   304     000E                     	;# 
   305     000E                     	;# 
   306     000F                     	;# 
   307     0010                     	;# 
   308     0011                     	;# 
   309     0012                     	;# 
   310     0013                     	;# 
   311     0014                     	;# 
   312     0015                     	;# 
   313     0015                     	;# 
   314     0016                     	;# 
   315     0017                     	;# 
   316     0018                     	;# 
   317     0019                     	;# 
   318     001A                     	;# 
   319     001B                     	;# 
   320     001B                     	;# 
   321     001C                     	;# 
   322     001D                     	;# 
   323     001E                     	;# 
   324     001F                     	;# 
   325     0081                     	;# 
   326     0085                     	;# 
   327     0086                     	;# 
   328     0087                     	;# 
   329     0088                     	;# 
   330     0089                     	;# 
   331     008C                     	;# 
   332     008D                     	;# 
   333     008E                     	;# 
   334     008F                     	;# 
   335     0090                     	;# 
   336     0091                     	;# 
   337     0092                     	;# 
   338     0093                     	;# 
   339     0093                     	;# 
   340     0093                     	;# 
   341     0094                     	;# 
   342     0095                     	;# 
   343     0096                     	;# 
   344     0097                     	;# 
   345     0098                     	;# 
   346     0099                     	;# 
   347     009A                     	;# 
   348     009B                     	;# 
   349     009C                     	;# 
   350     009D                     	;# 
   351     009E                     	;# 
   352     009F                     	;# 
   353     0105                     	;# 
   354     0107                     	;# 
   355     0108                     	;# 
   356     0109                     	;# 
   357     010C                     	;# 
   358     010C                     	;# 
   359     010D                     	;# 
   360     010E                     	;# 
   361     010F                     	;# 
   362     0185                     	;# 
   363     0187                     	;# 
   364     0188                     	;# 
   365     0189                     	;# 
   366     018C                     	;# 
   367     018D                     	;# 
   368     0000                     	;# 
   369     0001                     	;# 
   370     0002                     	;# 
   371     0003                     	;# 
   372     0004                     	;# 
   373     0005                     	;# 
   374     0006                     	;# 
   375     0007                     	;# 
   376     0008                     	;# 
   377     0009                     	;# 
   378     000A                     	;# 
   379     000B                     	;# 
   380     000C                     	;# 
   381     000D                     	;# 
   382     000E                     	;# 
   383     000E                     	;# 
   384     000F                     	;# 
   385     0010                     	;# 
   386     0011                     	;# 
   387     0012                     	;# 
   388     0013                     	;# 
   389     0014                     	;# 
   390     0015                     	;# 
   391     0015                     	;# 
   392     0016                     	;# 
   393     0017                     	;# 
   394     0018                     	;# 
   395     0019                     	;# 
   396     001A                     	;# 
   397     001B                     	;# 
   398     001B                     	;# 
   399     001C                     	;# 
   400     001D                     	;# 
   401     001E                     	;# 
   402     001F                     	;# 
   403     0081                     	;# 
   404     0085                     	;# 
   405     0086                     	;# 
   406     0087                     	;# 
   407     0088                     	;# 
   408     0089                     	;# 
   409     008C                     	;# 
   410     008D                     	;# 
   411     008E                     	;# 
   412     008F                     	;# 
   413     0090                     	;# 
   414     0091                     	;# 
   415     0092                     	;# 
   416     0093                     	;# 
   417     0093                     	;# 
   418     0093                     	;# 
   419     0094                     	;# 
   420     0095                     	;# 
   421     0096                     	;# 
   422     0097                     	;# 
   423     0098                     	;# 
   424     0099                     	;# 
   425     009A                     	;# 
   426     009B                     	;# 
   427     009C                     	;# 
   428     009D                     	;# 
   429     009E                     	;# 
   430     009F                     	;# 
   431     0105                     	;# 
   432     0107                     	;# 
   433     0108                     	;# 
   434     0109                     	;# 
   435     010C                     	;# 
   436     010C                     	;# 
   437     010D                     	;# 
   438     010E                     	;# 
   439     010F                     	;# 
   440     0185                     	;# 
   441     0187                     	;# 
   442     0188                     	;# 
   443     0189                     	;# 
   444     018C                     	;# 
   445     018D                     	;# 
   446     0008                     _PORTD	set	8
   447     0006                     _PORTB	set	6
   448     0013                     _SSPBUF	set	19
   449     0014                     _SSPCON	set	20
   450     0063                     _SSPIF	set	99
   451     005E                     _PEIE	set	94
   452     005F                     _GIE	set	95
   453     0039                     _RC1	set	57
   454     0038                     _RC0	set	56
   455     0047                     _RD7	set	71
   456     0046                     _RD6	set	70
   457     0045                     _RD5	set	69
   458     0044                     _RD4	set	68
   459     0043                     _RD3	set	67
   460     0042                     _RD2	set	66
   461     0041                     _RD1	set	65
   462     0040                     _RD0	set	64
   463     0088                     _TRISD	set	136
   464     0086                     _TRISB	set	134
   465     0091                     _SSPCON2bits	set	145
   466     0087                     _TRISCbits	set	135
   467     0094                     _SSPSTAT	set	148
   468     0093                     _SSPADD	set	147
   469     0091                     _SSPCON2	set	145
   470     008F                     _OSCCONbits	set	143
   471     0463                     _SSPIE	set	1123
   472     043C                     _TRISC4	set	1084
   473     043B                     _TRISC3	set	1083
   474     0189                     _ANSELH	set	393
   475     0188                     _ANSEL	set	392
   476                           
   477                           	psect	cinit
   478     07F9                     start_initialization:	
   479                           ; #config settings
   480                           
   481     07F9                     __initialization:
   482                           
   483                           ; Clear objects allocated to BANK0
   484     07F9  1283               	bcf	3,5	;RP0=0, select bank0
   485     07FA  1303               	bcf	3,6	;RP1=0, select bank0
   486     07FB  01AB               	clrf	__pbssBANK0& (0+127)
   487     07FC                     end_of_initialization:	
   488                           ;End of C runtime variable initialization code
   489                           
   490     07FC                     __end_of__initialization:
   491     07FC  0183               	clrf	3
   492     07FD  120A  118A  2F8C   	ljmp	_main	;jump to C main() function
   493                           
   494                           	psect	bssBANK0
   495     002B                     __pbssBANK0:
   496     002B                     _a:
   497     002B                     	ds	1
   498                           
   499                           	psect	cstackCOMMON
   500     0070                     __pcstackCOMMON:
   501     0070                     ?_setup:
   502     0070                     ?_I2C_Master_Wait:	
   503                           ; 1 bytes @ 0x0
   504                           
   505     0070                     ??_I2C_Master_Wait:	
   506                           ; 1 bytes @ 0x0
   507                           
   508     0070                     ?_I2C_Master_Start:	
   509                           ; 1 bytes @ 0x0
   510                           
   511     0070                     ??_I2C_Master_Start:	
   512                           ; 1 bytes @ 0x0
   513                           
   514     0070                     ?_I2C_Master_Stop:	
   515                           ; 1 bytes @ 0x0
   516                           
   517     0070                     ??_I2C_Master_Stop:	
   518                           ; 1 bytes @ 0x0
   519                           
   520     0070                     ?_I2C_Master_Write:	
   521                           ; 1 bytes @ 0x0
   522                           
   523     0070                     ?_main:	
   524                           ; 1 bytes @ 0x0
   525                           
   526     0070                     ?_I2C_Master_Read:	
   527                           ; 1 bytes @ 0x0
   528                           
   529     0070                     ?___lldiv:	
   530                           ; 2 bytes @ 0x0
   531                           
   532     0070                     I2C_Master_Write@d:	
   533                           ; 4 bytes @ 0x0
   534                           
   535     0070                     I2C_Master_Read@a:	
   536                           ; 2 bytes @ 0x0
   537                           
   538     0070                     ___lldiv@divisor:	
   539                           ; 2 bytes @ 0x0
   540                           
   541                           
   542                           ; 4 bytes @ 0x0
   543     0070                     	ds	2
   544     0072                     ??_I2C_Master_Write:
   545     0072                     ??_I2C_Master_Read:	
   546                           ; 1 bytes @ 0x2
   547                           
   548                           
   549                           ; 1 bytes @ 0x2
   550     0072                     	ds	2
   551     0074                     I2C_Master_Read@temp:
   552     0074                     ___lldiv@dividend:	
   553                           ; 2 bytes @ 0x4
   554                           
   555                           
   556                           ; 4 bytes @ 0x4
   557     0074                     	ds	4
   558     0078                     ??___lldiv:
   559                           
   560                           ; 1 bytes @ 0x8
   561     0078                     	ds	1
   562     0079                     ___lldiv@quotient:
   563                           
   564                           ; 4 bytes @ 0x9
   565     0079                     	ds	4
   566     007D                     ___lldiv@counter:
   567                           
   568                           ; 1 bytes @ 0xD
   569     007D                     	ds	1
   570     007E                     ??_setup:
   571                           
   572                           	psect	cstackBANK0
   573     0020                     __pcstackBANK0:	
   574                           ; 1 bytes @ 0xE
   575                           
   576     0020                     ?_I2C_Master_Init:
   577     0020                     I2C_Master_Init@c:	
   578                           ; 1 bytes @ 0x0
   579                           
   580                           
   581                           ; 4 bytes @ 0x0
   582     0020                     	ds	4
   583     0024                     ??_I2C_Master_Init:
   584                           
   585                           ; 1 bytes @ 0x4
   586     0024                     	ds	4
   587     0028                     ??_main:
   588                           
   589                           ; 1 bytes @ 0x8
   590     0028                     	ds	3
   591                           
   592                           	psect	maintext
   593     078C                     __pmaintext:	
   594 ;;
   595 ;;Main: autosize = 0, tempsize = 3, incstack = 0, save=0
   596 ;;
   597 ;; *************** function _main *****************
   598 ;; Defined at:
   599 ;;		line 52 in file "E:/Universidad/Semestre2_2023/Digital-2/Lab4/Lab4_Master.X/Lab4_Master.c"
   600 ;; Parameters:    Size  Location     Type
   601 ;;		None
   602 ;; Auto vars:     Size  Location     Type
   603 ;;		None
   604 ;; Return value:  Size  Location     Type
   605 ;;                  1    wreg      void 
   606 ;; Registers used:
   607 ;;		wreg, status,2, status,0, btemp+1, pclath, cstack
   608 ;; Tracked objects:
   609 ;;		On entry : B00/0
   610 ;;		On exit  : 0/0
   611 ;;		Unchanged: 0/0
   612 ;; Data sizes:     COMMON   BANK0   BANK1   BANK3   BANK2
   613 ;;      Params:         0       0       0       0       0
   614 ;;      Locals:         0       0       0       0       0
   615 ;;      Temps:          0       3       0       0       0
   616 ;;      Totals:         0       3       0       0       0
   617 ;;Total ram usage:        3 bytes
   618 ;; Hardware stack levels required when called: 3
   619 ;; This function calls:
   620 ;;		_I2C_Master_Read
   621 ;;		_I2C_Master_Start
   622 ;;		_I2C_Master_Stop
   623 ;;		_I2C_Master_Write
   624 ;;		_setup
   625 ;; This function is called by:
   626 ;;		Startup code after reset
   627 ;; This function uses a non-reentrant model
   628 ;;
   629                           
   630     078C                     _main:	
   631                           ;psect for function _main
   632                           
   633     078C                     l1039:	
   634                           ;incstack = 0
   635                           ; Regs used in _main: [wreg+status,2+status,0+btemp+1+pclath+cstack]
   636                           
   637                           
   638                           ;E:/Universidad/Semestre2_2023/Digital-2/Lab4/Lab4_Master.X/Lab4_Master.c: 53:     setup
      +                          ();
   639     078C  120A  118A  26A6  120A  118A  	fcall	_setup
   640     0791                     l1041:
   641                           
   642                           ;E:/Universidad/Semestre2_2023/Digital-2/Lab4/Lab4_Master.X/Lab4_Master.c: 55:         I
      +                          2C_Master_Start();
   643     0791  120A  118A  267D  120A  118A  	fcall	_I2C_Master_Start
   644     0796                     l1043:
   645                           
   646                           ;E:/Universidad/Semestre2_2023/Digital-2/Lab4/Lab4_Master.X/Lab4_Master.c: 56:         I
      +                          2C_Master_Write(0x50);
   647     0796  3050               	movlw	80
   648     0797  00F0               	movwf	I2C_Master_Write@d
   649     0798  3000               	movlw	0
   650     0799  00F1               	movwf	I2C_Master_Write@d+1
   651     079A  120A  118A  268F  120A  118A  	fcall	_I2C_Master_Write
   652     079F                     l1045:
   653                           
   654                           ;E:/Universidad/Semestre2_2023/Digital-2/Lab4/Lab4_Master.X/Lab4_Master.c: 57:         I
      +                          2C_Master_Write(PORTB);
   655     079F  1283               	bcf	3,5	;RP0=0, select bank0
   656     07A0  1303               	bcf	3,6	;RP1=0, select bank0
   657     07A1  0806               	movf	6,w	;volatile
   658     07A2  00A8               	movwf	??_main
   659     07A3  01A9               	clrf	??_main+1
   660     07A4  0828               	movf	??_main,w
   661     07A5  00F0               	movwf	I2C_Master_Write@d
   662     07A6  0829               	movf	??_main+1,w
   663     07A7  00F1               	movwf	I2C_Master_Write@d+1
   664     07A8  120A  118A  268F  120A  118A  	fcall	_I2C_Master_Write
   665     07AD                     l1047:
   666                           
   667                           ;E:/Universidad/Semestre2_2023/Digital-2/Lab4/Lab4_Master.X/Lab4_Master.c: 58:         I
      +                          2C_Master_Stop();
   668     07AD  120A  118A  2686  120A  118A  	fcall	_I2C_Master_Stop
   669     07B2                     l1049:
   670                           
   671                           ;E:/Universidad/Semestre2_2023/Digital-2/Lab4/Lab4_Master.X/Lab4_Master.c: 59:         _
      +                          delay((unsigned long)((200)*(8000000/4000.0)));
   672     07B2  3003               	movlw	3
   673     07B3  1283               	bcf	3,5	;RP0=0, select bank0
   674     07B4  1303               	bcf	3,6	;RP1=0, select bank0
   675     07B5  00AA               	movwf	??_main+2
   676     07B6  3008               	movlw	8
   677     07B7  00A9               	movwf	??_main+1
   678     07B8  3076               	movlw	118
   679     07B9  00A8               	movwf	??_main
   680     07BA                     u397:
   681     07BA  0BA8               	decfsz	??_main,f
   682     07BB  2FBA               	goto	u397
   683     07BC  0BA9               	decfsz	??_main+1,f
   684     07BD  2FBA               	goto	u397
   685     07BE  0BAA               	decfsz	??_main+2,f
   686     07BF  2FBA               	goto	u397
   687     07C0  0000               	nop
   688     07C1                     l1051:
   689                           
   690                           ;E:/Universidad/Semestre2_2023/Digital-2/Lab4/Lab4_Master.X/Lab4_Master.c: 61:         I
      +                          2C_Master_Start();
   691     07C1  120A  118A  267D  120A  118A  	fcall	_I2C_Master_Start
   692     07C6                     l1053:
   693                           
   694                           ;E:/Universidad/Semestre2_2023/Digital-2/Lab4/Lab4_Master.X/Lab4_Master.c: 62:         I
      +                          2C_Master_Write(0x51);
   695     07C6  3051               	movlw	81
   696     07C7  00F0               	movwf	I2C_Master_Write@d
   697     07C8  3000               	movlw	0
   698     07C9  00F1               	movwf	I2C_Master_Write@d+1
   699     07CA  120A  118A  268F  120A  118A  	fcall	_I2C_Master_Write
   700     07CF                     l1055:
   701                           
   702                           ;E:/Universidad/Semestre2_2023/Digital-2/Lab4/Lab4_Master.X/Lab4_Master.c: 63:         P
      +                          ORTD = I2C_Master_Read(0);
   703     07CF  3000               	movlw	0
   704     07D0  00F0               	movwf	I2C_Master_Read@a
   705     07D1  00F1               	movwf	I2C_Master_Read@a+1
   706     07D2  120A  118A  26C0  120A  118A  	fcall	_I2C_Master_Read
   707     07D7  0870               	movf	?_I2C_Master_Read,w
   708     07D8  1283               	bcf	3,5	;RP0=0, select bank0
   709     07D9  1303               	bcf	3,6	;RP1=0, select bank0
   710     07DA  0088               	movwf	8	;volatile
   711     07DB                     l1057:
   712                           
   713                           ;E:/Universidad/Semestre2_2023/Digital-2/Lab4/Lab4_Master.X/Lab4_Master.c: 64:         I
      +                          2C_Master_Stop();
   714     07DB  120A  118A  2686  120A  118A  	fcall	_I2C_Master_Stop
   715     07E0                     l1059:
   716                           
   717                           ;E:/Universidad/Semestre2_2023/Digital-2/Lab4/Lab4_Master.X/Lab4_Master.c: 65:         _
      +                          delay((unsigned long)((200)*(8000000/4000.0)));
   718     07E0  3003               	movlw	3
   719     07E1  1283               	bcf	3,5	;RP0=0, select bank0
   720     07E2  1303               	bcf	3,6	;RP1=0, select bank0
   721     07E3  00AA               	movwf	??_main+2
   722     07E4  3008               	movlw	8
   723     07E5  00A9               	movwf	??_main+1
   724     07E6  3076               	movlw	118
   725     07E7  00A8               	movwf	??_main
   726     07E8                     u407:
   727     07E8  0BA8               	decfsz	??_main,f
   728     07E9  2FE8               	goto	u407
   729     07EA  0BA9               	decfsz	??_main+1,f
   730     07EB  2FE8               	goto	u407
   731     07EC  0BAA               	decfsz	??_main+2,f
   732     07ED  2FE8               	goto	u407
   733     07EE  0000               	nop
   734     07EF                     l1061:
   735                           
   736                           ;E:/Universidad/Semestre2_2023/Digital-2/Lab4/Lab4_Master.X/Lab4_Master.c: 66:         P
      +                          ORTB++;
   737     07EF  3001               	movlw	1
   738     07F0  00FF               	movwf	btemp+1
   739     07F1  087F               	movf	btemp+1,w
   740     07F2  1283               	bcf	3,5	;RP0=0, select bank0
   741     07F3  1303               	bcf	3,6	;RP1=0, select bank0
   742     07F4  0786               	addwf	6,f	;volatile
   743     07F5  2F91               	goto	l1041
   744     07F6  120A  118A  2800   	ljmp	start
   745     07F9                     __end_of_main:
   746                           
   747                           	psect	text1
   748     06A6                     __ptext1:	
   749 ;; *************** function _setup *****************
   750 ;; Defined at:
   751 ;;		line 75 in file "E:/Universidad/Semestre2_2023/Digital-2/Lab4/Lab4_Master.X/Lab4_Master.c"
   752 ;; Parameters:    Size  Location     Type
   753 ;;		None
   754 ;; Auto vars:     Size  Location     Type
   755 ;;		None
   756 ;; Return value:  Size  Location     Type
   757 ;;                  1    wreg      void 
   758 ;; Registers used:
   759 ;;		wreg, status,2, status,0, btemp+1, pclath, cstack
   760 ;; Tracked objects:
   761 ;;		On entry : 0/0
   762 ;;		On exit  : 0/0
   763 ;;		Unchanged: 0/0
   764 ;; Data sizes:     COMMON   BANK0   BANK1   BANK3   BANK2
   765 ;;      Params:         0       0       0       0       0
   766 ;;      Locals:         0       0       0       0       0
   767 ;;      Temps:          0       0       0       0       0
   768 ;;      Totals:         0       0       0       0       0
   769 ;;Total ram usage:        0 bytes
   770 ;; Hardware stack levels used: 1
   771 ;; Hardware stack levels required when called: 2
   772 ;; This function calls:
   773 ;;		_I2C_Master_Init
   774 ;; This function is called by:
   775 ;;		_main
   776 ;; This function uses a non-reentrant model
   777 ;;
   778                           
   779     06A6                     _setup:	
   780                           ;psect for function _setup
   781                           
   782     06A6                     l1035:	
   783                           ;incstack = 0
   784                           ; Regs used in _setup: [wreg+status,2+status,0+btemp+1+pclath+cstack]
   785                           
   786                           
   787                           ;E:/Universidad/Semestre2_2023/Digital-2/Lab4/Lab4_Master.X/Lab4_Master.c: 76:     ANSEL
      +                           = 0;
   788     06A6  1683               	bsf	3,5	;RP0=1, select bank3
   789     06A7  1703               	bsf	3,6	;RP1=1, select bank3
   790     06A8  0188               	clrf	8	;volatile
   791                           
   792                           ;E:/Universidad/Semestre2_2023/Digital-2/Lab4/Lab4_Master.X/Lab4_Master.c: 77:     ANSEL
      +                          H = 0;
   793     06A9  0189               	clrf	9	;volatile
   794                           
   795                           ;E:/Universidad/Semestre2_2023/Digital-2/Lab4/Lab4_Master.X/Lab4_Master.c: 78:     TRISB
      +                           = 0;
   796     06AA  1683               	bsf	3,5	;RP0=1, select bank1
   797     06AB  1303               	bcf	3,6	;RP1=0, select bank1
   798     06AC  0186               	clrf	6	;volatile
   799                           
   800                           ;E:/Universidad/Semestre2_2023/Digital-2/Lab4/Lab4_Master.X/Lab4_Master.c: 79:     TRISD
      +                           = 0;
   801     06AD  0188               	clrf	8	;volatile
   802                           
   803                           ;E:/Universidad/Semestre2_2023/Digital-2/Lab4/Lab4_Master.X/Lab4_Master.c: 80:     PORTB
      +                           = 0;
   804     06AE  1283               	bcf	3,5	;RP0=0, select bank0
   805     06AF  1303               	bcf	3,6	;RP1=0, select bank0
   806     06B0  0186               	clrf	6	;volatile
   807                           
   808                           ;E:/Universidad/Semestre2_2023/Digital-2/Lab4/Lab4_Master.X/Lab4_Master.c: 81:     PORTD
      +                           = 0;
   809     06B1  0188               	clrf	8	;volatile
   810     06B2                     l1037:
   811                           
   812                           ;E:/Universidad/Semestre2_2023/Digital-2/Lab4/Lab4_Master.X/Lab4_Master.c: 82:     I2C_M
      +                          aster_Init(100000);
   813     06B2  3000               	movlw	0
   814     06B3  00A3               	movwf	I2C_Master_Init@c+3
   815     06B4  3001               	movlw	1
   816     06B5  00A2               	movwf	I2C_Master_Init@c+2
   817     06B6  3086               	movlw	134
   818     06B7  00A1               	movwf	I2C_Master_Init@c+1
   819     06B8  30A0               	movlw	160
   820     06B9  00A0               	movwf	I2C_Master_Init@c
   821     06BA  120A  118A  26EE  120A  118A  	fcall	_I2C_Master_Init
   822     06BF                     l177:
   823     06BF  0008               	return
   824     06C0                     __end_of_setup:
   825                           
   826                           	psect	text2
   827     06EE                     __ptext2:	
   828 ;; *************** function _I2C_Master_Init *****************
   829 ;; Defined at:
   830 ;;		line 16 in file "I2C.c"
   831 ;; Parameters:    Size  Location     Type
   832 ;;  c               4    0[BANK0 ] const unsigned long 
   833 ;; Auto vars:     Size  Location     Type
   834 ;;		None
   835 ;; Return value:  Size  Location     Type
   836 ;;                  1    wreg      void 
   837 ;; Registers used:
   838 ;;		wreg, status,2, status,0, btemp+1, pclath, cstack
   839 ;; Tracked objects:
   840 ;;		On entry : 0/0
   841 ;;		On exit  : 0/0
   842 ;;		Unchanged: 0/0
   843 ;; Data sizes:     COMMON   BANK0   BANK1   BANK3   BANK2
   844 ;;      Params:         0       4       0       0       0
   845 ;;      Locals:         0       0       0       0       0
   846 ;;      Temps:          0       4       0       0       0
   847 ;;      Totals:         0       8       0       0       0
   848 ;;Total ram usage:        8 bytes
   849 ;; Hardware stack levels used: 1
   850 ;; Hardware stack levels required when called: 1
   851 ;; This function calls:
   852 ;;		___lldiv
   853 ;; This function is called by:
   854 ;;		_setup
   855 ;; This function uses a non-reentrant model
   856 ;;
   857                           
   858     06EE                     _I2C_Master_Init:	
   859                           ;psect for function _I2C_Master_Init
   860                           
   861     06EE                     l1003:	
   862                           ;incstack = 0
   863                           ; Regs used in _I2C_Master_Init: [wreg+status,2+status,0+btemp+1+pclath+cstack]
   864                           
   865                           
   866                           ;I2C.c: 16: void I2C_Master_Init(const unsigned long c);I2C.c: 17: {;I2C.c: 18:     SSPC
      +                          ON = 0b00101000;
   867     06EE  3028               	movlw	40
   868     06EF  1283               	bcf	3,5	;RP0=0, select bank0
   869     06F0  1303               	bcf	3,6	;RP1=0, select bank0
   870     06F1  0094               	movwf	20	;volatile
   871     06F2                     l1005:
   872                           
   873                           ;I2C.c: 19:     SSPCON2 = 0;
   874     06F2  1683               	bsf	3,5	;RP0=1, select bank1
   875     06F3  1303               	bcf	3,6	;RP1=0, select bank1
   876     06F4  0191               	clrf	17	;volatile
   877     06F5                     l1007:
   878                           
   879                           ;I2C.c: 20:     SSPADD = (8000000/(4*c))-1;
   880     06F5  1283               	bcf	3,5	;RP0=0, select bank0
   881     06F6  1303               	bcf	3,6	;RP1=0, select bank0
   882     06F7  0820               	movf	I2C_Master_Init@c,w
   883     06F8  00A4               	movwf	??_I2C_Master_Init
   884     06F9  0821               	movf	I2C_Master_Init@c+1,w
   885     06FA  00A5               	movwf	??_I2C_Master_Init+1
   886     06FB  0822               	movf	I2C_Master_Init@c+2,w
   887     06FC  00A6               	movwf	??_I2C_Master_Init+2
   888     06FD  0823               	movf	I2C_Master_Init@c+3,w
   889     06FE  00A7               	movwf	??_I2C_Master_Init+3
   890     06FF  3002               	movlw	2
   891     0700                     u375:
   892     0700  1003               	clrc
   893     0701  0DA4               	rlf	??_I2C_Master_Init,f
   894     0702  0DA5               	rlf	??_I2C_Master_Init+1,f
   895     0703  0DA6               	rlf	??_I2C_Master_Init+2,f
   896     0704  0DA7               	rlf	??_I2C_Master_Init+3,f
   897     0705                     u370:
   898     0705  3EFF               	addlw	-1
   899     0706  1D03               	skipz
   900     0707  2F00               	goto	u375
   901     0708  0827               	movf	??_I2C_Master_Init+3,w
   902     0709  00F3               	movwf	___lldiv@divisor+3
   903     070A  0826               	movf	??_I2C_Master_Init+2,w
   904     070B  00F2               	movwf	___lldiv@divisor+2
   905     070C  0825               	movf	??_I2C_Master_Init+1,w
   906     070D  00F1               	movwf	___lldiv@divisor+1
   907     070E  0824               	movf	??_I2C_Master_Init,w
   908     070F  00F0               	movwf	___lldiv@divisor
   909     0710  3000               	movlw	0
   910     0711  00F7               	movwf	___lldiv@dividend+3
   911     0712  307A               	movlw	122
   912     0713  00F6               	movwf	___lldiv@dividend+2
   913     0714  3012               	movlw	18
   914     0715  00F5               	movwf	___lldiv@dividend+1
   915     0716  3000               	movlw	0
   916     0717  00F4               	movwf	___lldiv@dividend
   917     0718  120A  118A  2726  120A  118A  	fcall	___lldiv
   918     071D  0870               	movf	?___lldiv,w
   919     071E  3EFF               	addlw	255
   920     071F  1683               	bsf	3,5	;RP0=1, select bank1
   921     0720  1303               	bcf	3,6	;RP1=0, select bank1
   922     0721  0093               	movwf	19	;volatile
   923     0722                     l1009:
   924                           
   925                           ;I2C.c: 21:     SSPSTAT = 0;
   926     0722  0194               	clrf	20	;volatile
   927     0723                     l1011:
   928                           
   929                           ;I2C.c: 22:     TRISCbits.TRISC3 = 1;
   930     0723  1587               	bsf	7,3	;volatile
   931     0724                     l1013:
   932                           
   933                           ;I2C.c: 23:     TRISCbits.TRISC4 = 1;
   934     0724  1607               	bsf	7,4	;volatile
   935     0725                     l114:
   936     0725  0008               	return
   937     0726                     __end_of_I2C_Master_Init:
   938                           
   939                           	psect	text3
   940     0726                     __ptext3:	
   941 ;; *************** function ___lldiv *****************
   942 ;; Defined at:
   943 ;;		line 5 in file "C:\Program Files\Microchip\xc8\v2.41\pic\sources\c90\common\__lldiv.c"
   944 ;; Parameters:    Size  Location     Type
   945 ;;  divisor         4    0[COMMON] unsigned long 
   946 ;;  dividend        4    4[COMMON] unsigned long 
   947 ;; Auto vars:     Size  Location     Type
   948 ;;  quotient        4    9[COMMON] unsigned long 
   949 ;;  counter         1   13[COMMON] unsigned char 
   950 ;; Return value:  Size  Location     Type
   951 ;;                  4    0[COMMON] unsigned long 
   952 ;; Registers used:
   953 ;;		wreg, status,2, status,0, btemp+1
   954 ;; Tracked objects:
   955 ;;		On entry : 0/0
   956 ;;		On exit  : 0/0
   957 ;;		Unchanged: 0/0
   958 ;; Data sizes:     COMMON   BANK0   BANK1   BANK3   BANK2
   959 ;;      Params:         8       0       0       0       0
   960 ;;      Locals:         5       0       0       0       0
   961 ;;      Temps:          1       0       0       0       0
   962 ;;      Totals:        14       0       0       0       0
   963 ;;Total ram usage:       14 bytes
   964 ;; Hardware stack levels used: 1
   965 ;; This function calls:
   966 ;;		Nothing
   967 ;; This function is called by:
   968 ;;		_I2C_Master_Init
   969 ;; This function uses a non-reentrant model
   970 ;;
   971                           
   972     0726                     ___lldiv:	
   973                           ;psect for function ___lldiv
   974                           
   975     0726                     l977:	
   976                           ;incstack = 0
   977                           ; Regs used in ___lldiv: [wreg+status,2+status,0+btemp+1]
   978                           
   979     0726  3000               	movlw	0
   980     0727  00FC               	movwf	___lldiv@quotient+3
   981     0728  3000               	movlw	0
   982     0729  00FB               	movwf	___lldiv@quotient+2
   983     072A  3000               	movlw	0
   984     072B  00FA               	movwf	___lldiv@quotient+1
   985     072C  3000               	movlw	0
   986     072D  00F9               	movwf	___lldiv@quotient
   987     072E  0873               	movf	___lldiv@divisor+3,w
   988     072F  0472               	iorwf	___lldiv@divisor+2,w
   989     0730  0471               	iorwf	___lldiv@divisor+1,w
   990     0731  0470               	iorwf	___lldiv@divisor,w
   991     0732  1903               	skipnz
   992     0733  2F35               	goto	u301
   993     0734  2F36               	goto	u300
   994     0735                     u301:
   995     0735  2F83               	goto	l999
   996     0736                     u300:
   997     0736                     l979:
   998     0736  01FD               	clrf	___lldiv@counter
   999     0737  0AFD               	incf	___lldiv@counter,f
  1000     0738  2F46               	goto	l985
  1001     0739                     l981:
  1002     0739  3001               	movlw	1
  1003     073A  00F8               	movwf	??___lldiv
  1004     073B                     u315:
  1005     073B  1003               	clrc
  1006     073C  0DF0               	rlf	___lldiv@divisor,f
  1007     073D  0DF1               	rlf	___lldiv@divisor+1,f
  1008     073E  0DF2               	rlf	___lldiv@divisor+2,f
  1009     073F  0DF3               	rlf	___lldiv@divisor+3,f
  1010     0740  0BF8               	decfsz	??___lldiv,f
  1011     0741  2F3B               	goto	u315
  1012     0742                     l983:
  1013     0742  3001               	movlw	1
  1014     0743  00FF               	movwf	btemp+1
  1015     0744  087F               	movf	btemp+1,w
  1016     0745  07FD               	addwf	___lldiv@counter,f
  1017     0746                     l985:
  1018     0746  1FF3               	btfss	___lldiv@divisor+3,7
  1019     0747  2F49               	goto	u321
  1020     0748  2F4A               	goto	u320
  1021     0749                     u321:
  1022     0749  2F39               	goto	l981
  1023     074A                     u320:
  1024     074A                     l987:
  1025     074A  3001               	movlw	1
  1026     074B  00F8               	movwf	??___lldiv
  1027     074C                     u335:
  1028     074C  1003               	clrc
  1029     074D  0DF9               	rlf	___lldiv@quotient,f
  1030     074E  0DFA               	rlf	___lldiv@quotient+1,f
  1031     074F  0DFB               	rlf	___lldiv@quotient+2,f
  1032     0750  0DFC               	rlf	___lldiv@quotient+3,f
  1033     0751  0BF8               	decfsz	??___lldiv,f
  1034     0752  2F4C               	goto	u335
  1035     0753                     l989:
  1036     0753  0873               	movf	___lldiv@divisor+3,w
  1037     0754  0277               	subwf	___lldiv@dividend+3,w
  1038     0755  1D03               	skipz
  1039     0756  2F61               	goto	u345
  1040     0757  0872               	movf	___lldiv@divisor+2,w
  1041     0758  0276               	subwf	___lldiv@dividend+2,w
  1042     0759  1D03               	skipz
  1043     075A  2F61               	goto	u345
  1044     075B  0871               	movf	___lldiv@divisor+1,w
  1045     075C  0275               	subwf	___lldiv@dividend+1,w
  1046     075D  1D03               	skipz
  1047     075E  2F61               	goto	u345
  1048     075F  0870               	movf	___lldiv@divisor,w
  1049     0760  0274               	subwf	___lldiv@dividend,w
  1050     0761                     u345:
  1051     0761  1C03               	skipc
  1052     0762  2F64               	goto	u341
  1053     0763  2F65               	goto	u340
  1054     0764                     u341:
  1055     0764  2F74               	goto	l995
  1056     0765                     u340:
  1057     0765                     l991:
  1058     0765  0870               	movf	___lldiv@divisor,w
  1059     0766  02F4               	subwf	___lldiv@dividend,f
  1060     0767  0871               	movf	___lldiv@divisor+1,w
  1061     0768  1C03               	skipc
  1062     0769  0F71               	incfsz	___lldiv@divisor+1,w
  1063     076A  02F5               	subwf	___lldiv@dividend+1,f
  1064     076B  0872               	movf	___lldiv@divisor+2,w
  1065     076C  1C03               	skipc
  1066     076D  0F72               	incfsz	___lldiv@divisor+2,w
  1067     076E  02F6               	subwf	___lldiv@dividend+2,f
  1068     076F  0873               	movf	___lldiv@divisor+3,w
  1069     0770  1C03               	skipc
  1070     0771  0F73               	incfsz	___lldiv@divisor+3,w
  1071     0772  02F7               	subwf	___lldiv@dividend+3,f
  1072     0773                     l993:
  1073     0773  1479               	bsf	___lldiv@quotient,0
  1074     0774                     l995:
  1075     0774  3001               	movlw	1
  1076     0775                     u355:
  1077     0775  1003               	clrc
  1078     0776  0CF3               	rrf	___lldiv@divisor+3,f
  1079     0777  0CF2               	rrf	___lldiv@divisor+2,f
  1080     0778  0CF1               	rrf	___lldiv@divisor+1,f
  1081     0779  0CF0               	rrf	___lldiv@divisor,f
  1082     077A  3EFF               	addlw	-1
  1083     077B  1D03               	skipz
  1084     077C  2F75               	goto	u355
  1085     077D                     l997:
  1086     077D  3001               	movlw	1
  1087     077E  02FD               	subwf	___lldiv@counter,f
  1088     077F  1D03               	btfss	3,2
  1089     0780  2F82               	goto	u361
  1090     0781  2F83               	goto	u360
  1091     0782                     u361:
  1092     0782  2F4A               	goto	l987
  1093     0783                     u360:
  1094     0783                     l999:
  1095     0783  087C               	movf	___lldiv@quotient+3,w
  1096     0784  00F3               	movwf	?___lldiv+3
  1097     0785  087B               	movf	___lldiv@quotient+2,w
  1098     0786  00F2               	movwf	?___lldiv+2
  1099     0787  087A               	movf	___lldiv@quotient+1,w
  1100     0788  00F1               	movwf	?___lldiv+1
  1101     0789  0879               	movf	___lldiv@quotient,w
  1102     078A  00F0               	movwf	?___lldiv
  1103     078B                     l299:
  1104     078B  0008               	return
  1105     078C                     __end_of___lldiv:
  1106                           
  1107                           	psect	text4
  1108     068F                     __ptext4:	
  1109 ;; *************** function _I2C_Master_Write *****************
  1110 ;; Defined at:
  1111 ;;		line 65 in file "I2C.c"
  1112 ;; Parameters:    Size  Location     Type
  1113 ;;  d               2    0[COMMON] unsigned int 
  1114 ;; Auto vars:     Size  Location     Type
  1115 ;;		None
  1116 ;; Return value:  Size  Location     Type
  1117 ;;                  1    wreg      void 
  1118 ;; Registers used:
  1119 ;;		wreg, status,2, status,0, pclath, cstack
  1120 ;; Tracked objects:
  1121 ;;		On entry : 0/0
  1122 ;;		On exit  : 0/0
  1123 ;;		Unchanged: 0/0
  1124 ;; Data sizes:     COMMON   BANK0   BANK1   BANK3   BANK2
  1125 ;;      Params:         2       0       0       0       0
  1126 ;;      Locals:         0       0       0       0       0
  1127 ;;      Temps:          0       0       0       0       0
  1128 ;;      Totals:         2       0       0       0       0
  1129 ;;Total ram usage:        2 bytes
  1130 ;; Hardware stack levels used: 1
  1131 ;; Hardware stack levels required when called: 1
  1132 ;; This function calls:
  1133 ;;		_I2C_Master_Wait
  1134 ;; This function is called by:
  1135 ;;		_main
  1136 ;; This function uses a non-reentrant model
  1137 ;;
  1138                           
  1139     068F                     _I2C_Master_Write:	
  1140                           ;psect for function _I2C_Master_Write
  1141                           
  1142     068F                     l1015:	
  1143                           ;incstack = 0
  1144                           ; Regs used in _I2C_Master_Write: [wreg+status,2+status,0+pclath+cstack]
  1145                           
  1146                           
  1147                           ;I2C.c: 65: void I2C_Master_Write(unsigned d);I2C.c: 66: {;I2C.c: 67:     I2C_Master_Wai
      +                          t();
  1148     068F  120A  118A  2699  120A  118A  	fcall	_I2C_Master_Wait
  1149     0694                     l1017:
  1150                           
  1151                           ;I2C.c: 68:     SSPBUF = d;
  1152     0694  0870               	movf	I2C_Master_Write@d,w
  1153     0695  1283               	bcf	3,5	;RP0=0, select bank0
  1154     0696  1303               	bcf	3,6	;RP1=0, select bank0
  1155     0697  0093               	movwf	19	;volatile
  1156     0698                     l132:
  1157     0698  0008               	return
  1158     0699                     __end_of_I2C_Master_Write:
  1159                           
  1160                           	psect	text5
  1161     0686                     __ptext5:	
  1162 ;; *************** function _I2C_Master_Stop *****************
  1163 ;; Defined at:
  1164 ;;		line 55 in file "I2C.c"
  1165 ;; Parameters:    Size  Location     Type
  1166 ;;		None
  1167 ;; Auto vars:     Size  Location     Type
  1168 ;;		None
  1169 ;; Return value:  Size  Location     Type
  1170 ;;                  1    wreg      void 
  1171 ;; Registers used:
  1172 ;;		wreg, status,2, status,0, pclath, cstack
  1173 ;; Tracked objects:
  1174 ;;		On entry : 0/0
  1175 ;;		On exit  : 0/0
  1176 ;;		Unchanged: 0/0
  1177 ;; Data sizes:     COMMON   BANK0   BANK1   BANK3   BANK2
  1178 ;;      Params:         0       0       0       0       0
  1179 ;;      Locals:         0       0       0       0       0
  1180 ;;      Temps:          0       0       0       0       0
  1181 ;;      Totals:         0       0       0       0       0
  1182 ;;Total ram usage:        0 bytes
  1183 ;; Hardware stack levels used: 1
  1184 ;; Hardware stack levels required when called: 1
  1185 ;; This function calls:
  1186 ;;		_I2C_Master_Wait
  1187 ;; This function is called by:
  1188 ;;		_main
  1189 ;; This function uses a non-reentrant model
  1190 ;;
  1191                           
  1192     0686                     _I2C_Master_Stop:	
  1193                           ;psect for function _I2C_Master_Stop
  1194                           
  1195     0686                     l853:	
  1196                           ;incstack = 0
  1197                           ; Regs used in _I2C_Master_Stop: [wreg+status,2+status,0+pclath+cstack]
  1198                           
  1199                           
  1200                           ;I2C.c: 57:     I2C_Master_Wait();
  1201     0686  120A  118A  2699  120A  118A  	fcall	_I2C_Master_Wait
  1202     068B                     l855:
  1203                           
  1204                           ;I2C.c: 58:     SSPCON2bits.PEN = 1;
  1205     068B  1683               	bsf	3,5	;RP0=1, select bank1
  1206     068C  1303               	bcf	3,6	;RP1=0, select bank1
  1207     068D  1511               	bsf	17,2	;volatile
  1208     068E                     l129:
  1209     068E  0008               	return
  1210     068F                     __end_of_I2C_Master_Stop:
  1211                           
  1212                           	psect	text6
  1213     067D                     __ptext6:	
  1214 ;; *************** function _I2C_Master_Start *****************
  1215 ;; Defined at:
  1216 ;;		line 39 in file "I2C.c"
  1217 ;; Parameters:    Size  Location     Type
  1218 ;;		None
  1219 ;; Auto vars:     Size  Location     Type
  1220 ;;		None
  1221 ;; Return value:  Size  Location     Type
  1222 ;;                  1    wreg      void 
  1223 ;; Registers used:
  1224 ;;		wreg, status,2, status,0, pclath, cstack
  1225 ;; Tracked objects:
  1226 ;;		On entry : 0/0
  1227 ;;		On exit  : 0/0
  1228 ;;		Unchanged: 0/0
  1229 ;; Data sizes:     COMMON   BANK0   BANK1   BANK3   BANK2
  1230 ;;      Params:         0       0       0       0       0
  1231 ;;      Locals:         0       0       0       0       0
  1232 ;;      Temps:          0       0       0       0       0
  1233 ;;      Totals:         0       0       0       0       0
  1234 ;;Total ram usage:        0 bytes
  1235 ;; Hardware stack levels used: 1
  1236 ;; Hardware stack levels required when called: 1
  1237 ;; This function calls:
  1238 ;;		_I2C_Master_Wait
  1239 ;; This function is called by:
  1240 ;;		_main
  1241 ;; This function uses a non-reentrant model
  1242 ;;
  1243                           
  1244     067D                     _I2C_Master_Start:	
  1245                           ;psect for function _I2C_Master_Start
  1246                           
  1247     067D                     l849:	
  1248                           ;incstack = 0
  1249                           ; Regs used in _I2C_Master_Start: [wreg+status,2+status,0+pclath+cstack]
  1250                           
  1251                           
  1252                           ;I2C.c: 41:     I2C_Master_Wait();
  1253     067D  120A  118A  2699  120A  118A  	fcall	_I2C_Master_Wait
  1254     0682                     l851:
  1255                           
  1256                           ;I2C.c: 42:     SSPCON2bits.SEN = 1;
  1257     0682  1683               	bsf	3,5	;RP0=1, select bank1
  1258     0683  1303               	bcf	3,6	;RP1=0, select bank1
  1259     0684  1411               	bsf	17,0	;volatile
  1260     0685                     l123:
  1261     0685  0008               	return
  1262     0686                     __end_of_I2C_Master_Start:
  1263                           
  1264                           	psect	text7
  1265     06C0                     __ptext7:	
  1266 ;; *************** function _I2C_Master_Read *****************
  1267 ;; Defined at:
  1268 ;;		line 74 in file "I2C.c"
  1269 ;; Parameters:    Size  Location     Type
  1270 ;;  a               2    0[COMMON] unsigned short 
  1271 ;; Auto vars:     Size  Location     Type
  1272 ;;  temp            2    4[COMMON] unsigned short 
  1273 ;; Return value:  Size  Location     Type
  1274 ;;                  2    0[COMMON] unsigned short 
  1275 ;; Registers used:
  1276 ;;		wreg, status,2, status,0, pclath, cstack
  1277 ;; Tracked objects:
  1278 ;;		On entry : 0/0
  1279 ;;		On exit  : 0/0
  1280 ;;		Unchanged: 0/0
  1281 ;; Data sizes:     COMMON   BANK0   BANK1   BANK3   BANK2
  1282 ;;      Params:         2       0       0       0       0
  1283 ;;      Locals:         2       0       0       0       0
  1284 ;;      Temps:          2       0       0       0       0
  1285 ;;      Totals:         6       0       0       0       0
  1286 ;;Total ram usage:        6 bytes
  1287 ;; Hardware stack levels used: 1
  1288 ;; Hardware stack levels required when called: 1
  1289 ;; This function calls:
  1290 ;;		_I2C_Master_Wait
  1291 ;; This function is called by:
  1292 ;;		_main
  1293 ;; This function uses a non-reentrant model
  1294 ;;
  1295                           
  1296     06C0                     _I2C_Master_Read:	
  1297                           ;psect for function _I2C_Master_Read
  1298                           
  1299     06C0                     l1019:	
  1300                           ;incstack = 0
  1301                           ; Regs used in _I2C_Master_Read: [wreg+status,2+status,0+pclath+cstack]
  1302                           
  1303                           
  1304                           ;I2C.c: 74: unsigned short I2C_Master_Read(unsigned short a);I2C.c: 75: {;I2C.c: 76:    
      +                           unsigned short temp;;I2C.c: 77:     I2C_Master_Wait();
  1305     06C0  120A  118A  2699  120A  118A  	fcall	_I2C_Master_Wait
  1306     06C5                     l1021:
  1307                           
  1308                           ;I2C.c: 78:     SSPCON2bits.RCEN = 1;
  1309     06C5  1683               	bsf	3,5	;RP0=1, select bank1
  1310     06C6  1303               	bcf	3,6	;RP1=0, select bank1
  1311     06C7  1591               	bsf	17,3	;volatile
  1312                           
  1313                           ;I2C.c: 79:     I2C_Master_Wait();
  1314     06C8  120A  118A  2699  120A  118A  	fcall	_I2C_Master_Wait
  1315     06CD                     l1023:
  1316                           
  1317                           ;I2C.c: 80:     temp = SSPBUF;
  1318     06CD  1283               	bcf	3,5	;RP0=0, select bank0
  1319     06CE  1303               	bcf	3,6	;RP1=0, select bank0
  1320     06CF  0813               	movf	19,w	;volatile
  1321     06D0  00F2               	movwf	??_I2C_Master_Read
  1322     06D1  01F3               	clrf	??_I2C_Master_Read+1
  1323     06D2  0872               	movf	??_I2C_Master_Read,w
  1324     06D3  00F4               	movwf	I2C_Master_Read@temp
  1325     06D4  0873               	movf	??_I2C_Master_Read+1,w
  1326     06D5  00F5               	movwf	I2C_Master_Read@temp+1
  1327     06D6                     l1025:
  1328                           
  1329                           ;I2C.c: 81:     I2C_Master_Wait();
  1330     06D6  120A  118A  2699  120A  118A  	fcall	_I2C_Master_Wait
  1331     06DB                     l1027:
  1332                           
  1333                           ;I2C.c: 82:     if(a == 1){
  1334     06DB  0370               	decf	I2C_Master_Read@a,w
  1335     06DC  0471               	iorwf	I2C_Master_Read@a+1,w
  1336     06DD  1D03               	btfss	3,2
  1337     06DE  2EE0               	goto	u381
  1338     06DF  2EE1               	goto	u380
  1339     06E0                     u381:
  1340     06E0  2EE5               	goto	l135
  1341     06E1                     u380:
  1342     06E1                     l1029:
  1343                           
  1344                           ;I2C.c: 83:         SSPCON2bits.ACKDT = 0;
  1345     06E1  1683               	bsf	3,5	;RP0=1, select bank1
  1346     06E2  1303               	bcf	3,6	;RP1=0, select bank1
  1347     06E3  1291               	bcf	17,5	;volatile
  1348                           
  1349                           ;I2C.c: 84:     }else{
  1350     06E4  2EE8               	goto	l136
  1351     06E5                     l135:
  1352                           
  1353                           ;I2C.c: 85:         SSPCON2bits.ACKDT = 1;
  1354     06E5  1683               	bsf	3,5	;RP0=1, select bank1
  1355     06E6  1303               	bcf	3,6	;RP1=0, select bank1
  1356     06E7  1691               	bsf	17,5	;volatile
  1357     06E8                     l136:	
  1358                           ;I2C.c: 86:     }
  1359                           
  1360                           
  1361                           ;I2C.c: 87:     SSPCON2bits.ACKEN = 1;
  1362     06E8  1611               	bsf	17,4	;volatile
  1363     06E9                     l1031:
  1364                           
  1365                           ;I2C.c: 88:     return temp;
  1366     06E9  0875               	movf	I2C_Master_Read@temp+1,w
  1367     06EA  00F1               	movwf	?_I2C_Master_Read+1
  1368     06EB  0874               	movf	I2C_Master_Read@temp,w
  1369     06EC  00F0               	movwf	?_I2C_Master_Read
  1370     06ED                     l137:
  1371     06ED  0008               	return
  1372     06EE                     __end_of_I2C_Master_Read:
  1373                           
  1374                           	psect	text8
  1375     0699                     __ptext8:	
  1376 ;; *************** function _I2C_Master_Wait *****************
  1377 ;; Defined at:
  1378 ;;		line 32 in file "I2C.c"
  1379 ;; Parameters:    Size  Location     Type
  1380 ;;		None
  1381 ;; Auto vars:     Size  Location     Type
  1382 ;;		None
  1383 ;; Return value:  Size  Location     Type
  1384 ;;                  1    wreg      void 
  1385 ;; Registers used:
  1386 ;;		wreg, status,2
  1387 ;; Tracked objects:
  1388 ;;		On entry : 0/0
  1389 ;;		On exit  : 0/0
  1390 ;;		Unchanged: 0/0
  1391 ;; Data sizes:     COMMON   BANK0   BANK1   BANK3   BANK2
  1392 ;;      Params:         0       0       0       0       0
  1393 ;;      Locals:         0       0       0       0       0
  1394 ;;      Temps:          0       0       0       0       0
  1395 ;;      Totals:         0       0       0       0       0
  1396 ;;Total ram usage:        0 bytes
  1397 ;; Hardware stack levels used: 1
  1398 ;; This function calls:
  1399 ;;		Nothing
  1400 ;; This function is called by:
  1401 ;;		_I2C_Master_Start
  1402 ;;		_I2C_Master_Stop
  1403 ;;		_I2C_Master_Write
  1404 ;;		_I2C_Master_Read
  1405 ;;		_I2C_Master_RepeatedStart
  1406 ;; This function uses a non-reentrant model
  1407 ;;
  1408                           
  1409     0699                     _I2C_Master_Wait:	
  1410                           ;psect for function _I2C_Master_Wait
  1411                           
  1412     0699                     l825:	
  1413                           ;incstack = 0
  1414                           ; Regs used in _I2C_Master_Wait: [wreg+status,2]
  1415                           
  1416     0699                     l117:	
  1417                           ;I2C.c: 34:     while ((SSPSTAT & 0x04) || (SSPCON2 & 0x1F));
  1418                           
  1419     0699  1683               	bsf	3,5	;RP0=1, select bank1
  1420     069A  1303               	bcf	3,6	;RP1=0, select bank1
  1421     069B  1914               	btfsc	20,2	;volatile
  1422     069C  2E9E               	goto	u171
  1423     069D  2E9F               	goto	u170
  1424     069E                     u171:
  1425     069E  2E99               	goto	l117
  1426     069F                     u170:
  1427     069F                     l827:
  1428     069F  0811               	movf	17,w	;volatile
  1429     06A0  391F               	andlw	31
  1430     06A1  1D03               	btfss	3,2
  1431     06A2  2EA4               	goto	u181
  1432     06A3  2EA5               	goto	u180
  1433     06A4                     u181:
  1434     06A4  2E99               	goto	l117
  1435     06A5                     u180:
  1436     06A5                     l120:
  1437     06A5  0008               	return
  1438     06A6                     __end_of_I2C_Master_Wait:
  1439     007E                     btemp	set	126	;btemp
  1440     007E                     wtemp0	set	126
  1441                           
  1442                           	psect	idloc
  1443                           
  1444                           ;Config register IDLOC0 @ 0x2000
  1445                           ;	unspecified, using default values
  1446     2000                     	org	8192
  1447     2000  3FFF               	dw	16383
  1448                           
  1449                           ;Config register IDLOC1 @ 0x2001
  1450                           ;	unspecified, using default values
  1451     2001                     	org	8193
  1452     2001  3FFF               	dw	16383
  1453                           
  1454                           ;Config register IDLOC2 @ 0x2002
  1455                           ;	unspecified, using default values
  1456     2002                     	org	8194
  1457     2002  3FFF               	dw	16383
  1458                           
  1459                           ;Config register IDLOC3 @ 0x2003
  1460                           ;	unspecified, using default values
  1461     2003                     	org	8195
  1462     2003  3FFF               	dw	16383
  1463                           
  1464                           	psect	config
  1465                           
  1466                           ;Config register CONFIG1 @ 0x2007
  1467                           ;	Oscillator Selection bits
  1468                           ;	FOSC = INTRC_NOCLKOUT, INTOSCIO oscillator: I/O function on RA6/OSC2/CLKOUT pin, I/O f
      +                          unction on RA7/OSC1/CLKIN
  1469                           ;	Watchdog Timer Enable bit
  1470                           ;	WDTE = OFF, WDT disabled and can be enabled by SWDTEN bit of the WDTCON register
  1471                           ;	Power-up Timer Enable bit
  1472                           ;	PWRTE = OFF, PWRT disabled
  1473                           ;	RE3/MCLR pin function select bit
  1474                           ;	MCLRE = OFF, RE3/MCLR pin function is digital input, MCLR internally tied to VDD
  1475                           ;	Code Protection bit
  1476                           ;	CP = OFF, Program memory code protection is disabled
  1477                           ;	Data Code Protection bit
  1478                           ;	CPD = OFF, Data memory code protection is disabled
  1479                           ;	Brown Out Reset Selection bits
  1480                           ;	BOREN = OFF, BOR disabled
  1481                           ;	Internal External Switchover bit
  1482                           ;	IESO = OFF, Internal/External Switchover mode is disabled
  1483                           ;	Fail-Safe Clock Monitor Enabled bit
  1484                           ;	FCMEN = OFF, Fail-Safe Clock Monitor is disabled
  1485                           ;	Low Voltage Programming Enable bit
  1486                           ;	LVP = OFF, RB3 pin has digital I/O, HV on MCLR must be used for programming
  1487                           ;	In-Circuit Debugger Mode bit
  1488                           ;	DEBUG = 0x1, unprogramme  1489     2007                     	org	8199
  1490     2007  20D4               	dw	8404
  1491                           
  1492                           ;Config register CONFIG2 @ 0x2008
  1493                           ;	Brown-out Reset Selection bit
  1494                           ;	BOR4V = BOR40V, Brown-out Reset set to 4.0V
  1495                           ;	Flash Program Memory Self Write Enable bits
  1496                           ;	WRT = OFF, Write protection off
  1497     2008                     	org	8200
  1498     2008  3FFF               	dw	16383

Data Sizes:
    Strings     0
    Constant    0
    Data        0
    BSS         1
    Persistent  0
    Stack       0

Auto Spaces:
    Space          Size  Autos    Used
    COMMON           14     14      14
    BANK0            80     11      12
    BANK1            80      0       0
    BANK3            96      0       0
    BANK2            96      0       0

Pointer List with Targets:

    None.

Critical Paths under _main in COMMON

    _I2C_Master_Init->___lldiv

Critical Paths under _main in BANK0

    _setup->_I2C_Master_Init

Critical Paths under _main in BANK1

    None.

Critical Paths under _main in BANK3

    None.

Critical Paths under _main in BANK2

    None.

Call Graph Tables:

 ---------------------------------------------------------------------------------
 (Depth) Function   	        Calls       Base Space   Used Autos Params    Refs
 ---------------------------------------------------------------------------------
 (0) _main                                                 3     3      0     783
                                              8 BANK0      3     3      0
                    _I2C_Master_Read
                   _I2C_Master_Start
                    _I2C_Master_Stop
                   _I2C_Master_Write
                              _setup
 ---------------------------------------------------------------------------------
 (1) _setup                                                0     0      0     412
                    _I2C_Master_Init
 ---------------------------------------------------------------------------------
 (2) _I2C_Master_Init                                      8     4      4     412
                                              0 BANK0      8     4      4
                            ___lldiv
 ---------------------------------------------------------------------------------
 (3) ___lldiv                                             14     6      8     314
                                              0 COMMON    14     6      8
 ---------------------------------------------------------------------------------
 (1) _I2C_Master_Write                                     2     0      2     250
                                              0 COMMON     2     0      2
                    _I2C_Master_Wait
 ---------------------------------------------------------------------------------
 (1) _I2C_Master_Stop                                      0     0      0       0
                    _I2C_Master_Wait
 ---------------------------------------------------------------------------------
 (1) _I2C_Master_Start                                     0     0      0       0
                    _I2C_Master_Wait
 ---------------------------------------------------------------------------------
 (1) _I2C_Master_Read                                      6     4      2     121
                                              0 COMMON     6     4      2
                    _I2C_Master_Wait
 ---------------------------------------------------------------------------------
 (2) _I2C_Master_Wait                                      0     0      0       0
 ---------------------------------------------------------------------------------
 Estimated maximum stack depth 3
 ---------------------------------------------------------------------------------

 Call Graph Graphs:

 _main (ROOT)
   _I2C_Master_Read
     _I2C_Master_Wait
   _I2C_Master_Start
     _I2C_Master_Wait
   _I2C_Master_Stop
     _I2C_Master_Wait
   _I2C_Master_Write
     _I2C_Master_Wait
   _setup
     _I2C_Master_Init
       ___lldiv

 Address spaces:
Name               Size   Autos  Total    Cost      Usage
BITCOMMON            E      0       0       0        0.0%
EEDATA             100      0       0       0        0.0%
NULL                 0      0       0       0        0.0%
CODE                 0      0       0       0        0.0%
COMMON               E      E       E       1      100.0%
BITSFR0              0      0       0       1        0.0%
SFR0                 0      0       0       1        0.0%
BITSFR1              0      0       0       2        0.0%
SFR1                 0      0       0       2        0.0%
STACK                0      0       0       2        0.0%
ABS                  0      0      1A       3        0.0%
BITBANK0            50      0       0       4        0.0%
BITSFR3              0      0       0       4        0.0%
SFR3                 0      0       0       4        0.0%
BANK0               50      B       C       5       15.0%
BITSFR2              0      0       0       5        0.0%
SFR2                 0      0       0       5        0.0%
BITBANK1            50      0       0       6        0.0%
BANK1               50      0       0       7        0.0%
BITBANK3            60      0       0       8        0.0%
BANK3               60      0       0       9        0.0%
BITBANK2            60      0       0      10        0.0%
BANK2               60      0       0      11        0.0%
DATA                 0      0      1A      12        0.0%


Microchip Technology PIC Macro Assembler V2.41 build 20230208172133 
Symbol Table                                                                                   Thu Aug 03 13:21:27 2023

                       _a 002B                       l120 06A5                       l114 0725  
                     l123 0685                       l132 0698                       l117 0699  
                     l135 06E5                       l136 06E8                       l137 06ED  
                     l129 068E                       l177 06BF                       l299 078B  
                     l825 0699                       l827 069F                       l851 0682  
                     l853 0686                       l855 068B                       l849 067D  
                     l981 0739                       l991 0765                       l983 0742  
                     l993 0773                       l985 0746                       l977 0726  
                     l995 0774                       l987 074A                       l979 0736  
                     _GIE 005F                       l997 077D                       l989 0753  
                     l999 0783                       _RC0 0038                       _RC1 0039  
                     _RD0 0040                       _RD1 0041                       _RD2 0042  
                     _RD3 0043                       _RD4 0044                       _RD5 0045  
                     _RD6 0046                       _RD7 0047                       u300 0736  
                     u301 0735                       u320 074A                       u321 0749  
                     u170 069F                       u171 069E                       u315 073B  
                     u180 06A5                       u340 0765                       u181 06A4  
                     u341 0764                       u335 074C                       u407 07E8  
                     u360 0783                       u361 0782                       u345 0761  
                     u370 0705                       u355 0775                       u380 06E1  
                     u381 06E0                       u375 0700                       u397 07BA  
                    l1011 0723                      l1003 06EE                      l1021 06C5  
                    l1013 0724                      l1005 06F2                      l1031 06E9  
                    l1023 06CD                      l1015 068F                      l1007 06F5  
                    l1025 06D6                      l1017 0694                      l1009 0722  
                    l1041 0791                      l1027 06DB                      l1019 06C0  
                    l1035 06A6                      l1051 07C1                      l1043 0796  
                    l1029 06E1                      l1037 06B2                      l1061 07EF  
                    l1053 07C6                      l1045 079F                      l1055 07CF  
                    l1047 07AD                      l1039 078C                      l1057 07DB  
                    l1049 07B2                      l1059 07E0                      _PEIE 005E  
                    _main 078C                      btemp 007E                      start 0000  
        ?_I2C_Master_Init 0020          ?_I2C_Master_Read 0070          ?_I2C_Master_Wait 0070  
        ?_I2C_Master_Stop 0070                     ?_main 0070                     _ANSEL 0188  
         __end_of___lldiv 078C                     _PORTB 0006                     _PORTD 0008  
                   _TRISB 0086                     _TRISD 0088                     _SSPIE 0463  
                   _SSPIF 0063                     _setup 06A6                     status 0003  
                   wtemp0 007E           __initialization 07F9              __end_of_main 07F9  
                  ??_main 0028         ?_I2C_Master_Start 0070         ?_I2C_Master_Write 0070  
      ??_I2C_Master_Start 0070        ??_I2C_Master_Write 0072                    ?_setup 0070  
                  _ANSELH 0189                    _SSPADD 0093                    _TRISC3 043B  
                  _TRISC4 043C                    _SSPCON 0014                    _SSPBUF 0013  
               ??___lldiv 0078   __end_of__initialization 07FC            __pcstackCOMMON 0070  
           __end_of_setup 06C0                   ??_setup 007E                __pbssBANK0 002B  
              __pmaintext 078C                   _SSPCON2 0091                   _SSPSTAT 0094  
                 ___lldiv 0726                   __ptext1 06A6                   __ptext2 06EE  
                 __ptext3 0726                   __ptext4 068F                   __ptext5 0686  
                 __ptext6 067D                   __ptext7 06C0                   __ptext8 0699  
    end_of_initialization 07FC           ___lldiv@divisor 0070           ___lldiv@counter 007D  
        I2C_Master_Init@c 0020          I2C_Master_Read@a 0070                 _TRISCbits 0087  
     start_initialization 07F9         ??_I2C_Master_Init 0024         ??_I2C_Master_Read 0072  
       ??_I2C_Master_Wait 0070         ??_I2C_Master_Stop 0070                 ___latbits 0002  
           __pcstackBANK0 0020          _I2C_Master_Start 067D          _I2C_Master_Write 068F  
                ?___lldiv 0070       I2C_Master_Read@temp 0074           _I2C_Master_Init 06EE  
         _I2C_Master_Read 06C0           _I2C_Master_Wait 0699           _I2C_Master_Stop 0686  
__end_of_I2C_Master_Start 0686  __end_of_I2C_Master_Write 0699          ___lldiv@dividend 0074  
              _OSCCONbits 008F   __end_of_I2C_Master_Init 0726   __end_of_I2C_Master_Read 06EE  
 __end_of_I2C_Master_Wait 06A6   __end_of_I2C_Master_Stop 068F          ___lldiv@quotient 0079  
       I2C_Master_Write@d 0070               _SSPCON2bits 0091  
