

Microchip MPLAB XC8 Assembler V2.41 build 20230208172133 
                                                                                               Thu Aug 17 18:37:46 2023

Microchip MPLAB XC8 C Compiler v2.41 (Free license) build 20230208172133 Og1 
     1                           	processor	16F887
     2                           	pagewidth 120
     3                           	opt	flic
     4                           	psect	cinit,global,class=CODE,merge=1,delta=2
     5                           	psect	bssCOMMON,global,class=COMMON,space=1,delta=1,noexec
     6                           	psect	cstackCOMMON,global,class=COMMON,space=1,delta=1,noexec
     7                           	psect	maintext,global,class=CODE,split=1,delta=2
     8                           	psect	text1,local,class=CODE,merge=1,delta=2
     9                           	psect	text2,local,class=CODE,merge=1,delta=2
    10                           	psect	text3,local,class=CODE,merge=1,delta=2
    11                           	psect	text4,local,class=CODE,merge=1,delta=2
    12                           	psect	intentry,global,class=CODE,delta=2
    13                           	psect	idloc,global,abs,ovrld,class=IDLOC,space=5,delta=2,noexec
    14                           	psect	config,global,abs,ovrld,class=CONFIG,space=4,delta=2,noexec
    15                           	dabs	1,0x7E,2
    16     0000                     
    17                           ; Version 2.40
    18                           ; Generated 17/11/2021 GMT
    19                           ; 
    20                           ; Copyright © 2021, Microchip Technology Inc. and its subsidiaries ("Microchip")
    21                           ; All rights reserved.
    22                           ; 
    23                           ; This software is developed by Microchip Technology Inc. and its subsidiaries ("Microch
      +                          ip").
    24                           ; 
    25                           ; Redistribution and use in source and binary forms, with or without modification, are
    26                           ; permitted provided that the following conditions are met:
    27                           ; 
    28                           ;     1. Redistributions of source code must retain the above copyright notice, this lis
      +                          t of
    29                           ;        conditions and the following disclaimer.
    30                           ; 
    31                           ;     2. Redistributions in binary form must reproduce the above copyright notice, this 
      +                          list
    32                           ;        of conditions and the following disclaimer in the documentation and/or other
    33                           ;        materials provided with the distribution. Publication is not required when
    34                           ;        this file is used in an embedded application.
    35                           ; 
    36                           ;     3. Microchip's name may not be used to endorse or promote products derived from th
      +                          is
    37                           ;        software without specific prior written permission.
    38                           ; 
    39                           ; THIS SOFTWARE IS PROVIDED BY MICROCHIP "AS IS" AND ANY EXPRESS OR IMPLIED WARRANTIES,
    40                           ; INCLUDING, BUT NOT LIMITED TO, THE IMPLIED WARRANTIES OF MERCHANTABILITY AND FITNESS F
      +                          OR
    41                           ; PURPOSE ARE DISCLAIMED.  IN NO EVENT SHALL MICROCHIP BE LIABLE FOR ANY DIRECT, INDIREC
      +                          T,
    42                           ; INCIDENTAL, SPECIAL, EXEMPLARY, OR CONSEQUENTIAL DAMAGES (INCLUDING BUT NOT LIMITED TO
    43                           ; PROCUREMENT OF SUBSTITUTE GOODS OR SERVICES; LOSS OF USE, DATA OR PROFITS; OR BUSINESS
    44                           ; INTERRUPTION) HOWSOEVER CAUSED AND ON ANY THEORY OF LIABILITY, WHETHER IN CONTRACT, ST
      +                          RICT
    45                           ; LIABILITY, OR TORT (INCLUDING NEGLIGENCE OR OTHERWISE) ARISING IN ANY WAY OUT OF THE U
      +                          SE OF
    46                           ; THIS SOFTWARE, EVEN IF ADVISED OF THE POSSIBILITY OF SUCH DAMAGE.
    47                           ; 
    48                           ; 
    49                           ; Code-generator required, PIC16F887 Definitions
    50                           ; 
    51                           ; SFR Addresses
    52     0000                     	;# 
    53     0001                     	;# 
    54     0002                     	;# 
    55     0003                     	;# 
    56     0004                     	;# 
    57     0005                     	;# 
    58     0006                     	;# 
    59     0007                     	;# 
    60     0008                     	;# 
    61     0009                     	;# 
    62     000A                     	;# 
    63     000B                     	;# 
    64     000C                     	;# 
    65     000D                     	;# 
    66     000E                     	;# 
    67     000E                     	;# 
    68     000F                     	;# 
    69     0010                     	;# 
    70     0011                     	;# 
    71     0012                     	;# 
    72     0013                     	;# 
    73     0014                     	;# 
    74     0015                     	;# 
    75     0015                     	;# 
    76     0016                     	;# 
    77     0017                     	;# 
    78     0018                     	;# 
    79     0019                     	;# 
    80     001A                     	;# 
    81     001B                     	;# 
    82     001B                     	;# 
    83     001C                     	;# 
    84     001D                     	;# 
    85     001E                     	;# 
    86     001F                     	;# 
    87     0081                     	;# 
    88     0085                     	;# 
    89     0086                     	;# 
    90     0087                     	;# 
    91     0088                     	;# 
    92     0089                     	;# 
    93     008C                     	;# 
    94     008D                     	;# 
    95     008E                     	;# 
    96     008F                     	;# 
    97     0090                     	;# 
    98     0091                     	;# 
    99     0092                     	;# 
   100     0093                     	;# 
   101     0093                     	;# 
   102     0093                     	;# 
   103     0094                     	;# 
   104     0095                     	;# 
   105     0096                     	;# 
   106     0097                     	;# 
   107     0098                     	;# 
   108     0099                     	;# 
   109     009A                     	;# 
   110     009B                     	;# 
   111     009C                     	;# 
   112     009D                     	;# 
   113     009E                     	;# 
   114     009F                     	;# 
   115     0105                     	;# 
   116     0107                     	;# 
   117     0108                     	;# 
   118     0109                     	;# 
   119     010C                     	;# 
   120     010C                     	;# 
   121     010D                     	;# 
   122     010E                     	;# 
   123     010F                     	;# 
   124     0185                     	;# 
   125     0187                     	;# 
   126     0188                     	;# 
   127     0189                     	;# 
   128     018C                     	;# 
   129     018D                     	;# 
   130     0000                     	;# 
   131     0001                     	;# 
   132     0002                     	;# 
   133     0003                     	;# 
   134     0004                     	;# 
   135     0005                     	;# 
   136     0006                     	;# 
   137     0007                     	;# 
   138     0008                     	;# 
   139     0009                     	;# 
   140     000A                     	;# 
   141     000B                     	;# 
   142     000C                     	;# 
   143     000D                     	;# 
   144     000E                     	;# 
   145     000E                     	;# 
   146     000F                     	;# 
   147     0010                     	;# 
   148     0011                     	;# 
   149     0012                     	;# 
   150     0013                     	;# 
   151     0014                     	;# 
   152     0015                     	;# 
   153     0015                     	;# 
   154     0016                     	;# 
   155     0017                     	;# 
   156     0018                     	;# 
   157     0019                     	;# 
   158     001A                     	;# 
   159     001B                     	;# 
   160     001B                     	;# 
   161     001C                     	;# 
   162     001D                     	;# 
   163     001E                     	;# 
   164     001F                     	;# 
   165     0081                     	;# 
   166     0085                     	;# 
   167     0086                     	;# 
   168     0087                     	;# 
   169     0088                     	;# 
   170     0089                     	;# 
   171     008C                     	;# 
   172     008D                     	;# 
   173     008E                     	;# 
   174     008F                     	;# 
   175     0090                     	;# 
   176     0091                     	;# 
   177     0092                     	;# 
   178     0093                     	;# 
   179     0093                     	;# 
   180     0093                     	;# 
   181     0094                     	;# 
   182     0095                     	;# 
   183     0096                     	;# 
   184     0097                     	;# 
   185     0098                     	;# 
   186     0099                     	;# 
   187     009A                     	;# 
   188     009B                     	;# 
   189     009C                     	;# 
   190     009D                     	;# 
   191     009E                     	;# 
   192     009F                     	;# 
   193     0105                     	;# 
   194     0107                     	;# 
   195     0108                     	;# 
   196     0109                     	;# 
   197     010C                     	;# 
   198     010C                     	;# 
   199     010D                     	;# 
   200     010E                     	;# 
   201     010F                     	;# 
   202     0185                     	;# 
   203     0187                     	;# 
   204     0188                     	;# 
   205     0189                     	;# 
   206     018C                     	;# 
   207     018D                     	;# 
   208     0000                     	;# 
   209     0001                     	;# 
   210     0002                     	;# 
   211     0003                     	;# 
   212     0004                     	;# 
   213     0005                     	;# 
   214     0006                     	;# 
   215     0007                     	;# 
   216     0008                     	;# 
   217     0009                     	;# 
   218     000A                     	;# 
   219     000B                     	;# 
   220     000C                     	;# 
   221     000D                     	;# 
   222     000E                     	;# 
   223     000E                     	;# 
   224     000F                     	;# 
   225     0010                     	;# 
   226     0011                     	;# 
   227     0012                     	;# 
   228     0013                     	;# 
   229     0014                     	;# 
   230     0015                     	;# 
   231     0015                     	;# 
   232     0016                     	;# 
   233     0017                     	;# 
   234     0018                     	;# 
   235     0019                     	;# 
   236     001A                     	;# 
   237     001B                     	;# 
   238     001B                     	;# 
   239     001C                     	;# 
   240     001D                     	;# 
   241     001E                     	;# 
   242     001F                     	;# 
   243     0081                     	;# 
   244     0085                     	;# 
   245     0086                     	;# 
   246     0087                     	;# 
   247     0088                     	;# 
   248     0089                     	;# 
   249     008C                     	;# 
   250     008D                     	;# 
   251     008E                     	;# 
   252     008F                     	;# 
   253     0090                     	;# 
   254     0091                     	;# 
   255     0092                     	;# 
   256     0093                     	;# 
   257     0093                     	;# 
   258     0093                     	;# 
   259     0094                     	;# 
   260     0095                     	;# 
   261     0096                     	;# 
   262     0097                     	;# 
   263     0098                     	;# 
   264     0099                     	;# 
   265     009A                     	;# 
   266     009B                     	;# 
   267     009C                     	;# 
   268     009D                     	;# 
   269     009E                     	;# 
   270     009F                     	;# 
   271     0105                     	;# 
   272     0107                     	;# 
   273     0108                     	;# 
   274     0109                     	;# 
   275     010C                     	;# 
   276     010C                     	;# 
   277     010D                     	;# 
   278     010E                     	;# 
   279     010F                     	;# 
   280     0185                     	;# 
   281     0187                     	;# 
   282     0188                     	;# 
   283     0189                     	;# 
   284     018C                     	;# 
   285     018D                     	;# 
   286     0000                     	;# 
   287     0001                     	;# 
   288     0002                     	;# 
   289     0003                     	;# 
   290     0004                     	;# 
   291     0005                     	;# 
   292     0006                     	;# 
   293     0007                     	;# 
   294     0008                     	;# 
   295     0009                     	;# 
   296     000A                     	;# 
   297     000B                     	;# 
   298     000C                     	;# 
   299     000D                     	;# 
   300     000E                     	;# 
   301     000E                     	;# 
   302     000F                     	;# 
   303     0010                     	;# 
   304     0011                     	;# 
   305     0012                     	;# 
   306     0013                     	;# 
   307     0014                     	;# 
   308     0015                     	;# 
   309     0015                     	;# 
   310     0016                     	;# 
   311     0017                     	;# 
   312     0018                     	;# 
   313     0019                     	;# 
   314     001A                     	;# 
   315     001B                     	;# 
   316     001B                     	;# 
   317     001C                     	;# 
   318     001D                     	;# 
   319     001E                     	;# 
   320     001F                     	;# 
   321     0081                     	;# 
   322     0085                     	;# 
   323     0086                     	;# 
   324     0087                     	;# 
   325     0088                     	;# 
   326     0089                     	;# 
   327     008C                     	;# 
   328     008D                     	;# 
   329     008E                     	;# 
   330     008F                     	;# 
   331     0090                     	;# 
   332     0091                     	;# 
   333     0092                     	;# 
   334     0093                     	;# 
   335     0093                     	;# 
   336     0093                     	;# 
   337     0094                     	;# 
   338     0095                     	;# 
   339     0096                     	;# 
   340     0097                     	;# 
   341     0098                     	;# 
   342     0099                     	;# 
   343     009A                     	;# 
   344     009B                     	;# 
   345     009C                     	;# 
   346     009D                     	;# 
   347     009E                     	;# 
   348     009F                     	;# 
   349     0105                     	;# 
   350     0107                     	;# 
   351     0108                     	;# 
   352     0109                     	;# 
   353     010C                     	;# 
   354     010C                     	;# 
   355     010D                     	;# 
   356     010E                     	;# 
   357     010F                     	;# 
   358     0185                     	;# 
   359     0187                     	;# 
   360     0188                     	;# 
   361     0189                     	;# 
   362     018C                     	;# 
   363     018D                     	;# 
   364     0014                     _SSPCON	set	20
   365     0005                     _PORTA	set	5
   366     000B                     _INTCONbits	set	11
   367     0006                     _PORTB	set	6
   368     0008                     _PORTD	set	8
   369     0013                     _SSPBUF	set	19
   370     0014                     _SSPCONbits	set	20
   371     000C                     _PIR1bits	set	12
   372     0063                     _SSPIF	set	99
   373     005E                     _PEIE	set	94
   374     005F                     _GIE	set	95
   375     008F                     _OSCCONbits	set	143
   376     0091                     _SSPCON2bits	set	145
   377     0087                     _TRISCbits	set	135
   378     0094                     _SSPSTAT	set	148
   379     0093                     _SSPADD	set	147
   380     0091                     _SSPCON2	set	145
   381     0088                     _TRISD	set	136
   382     0086                     _TRISB	set	134
   383     0094                     _SSPSTATbits	set	148
   384     0463                     _SSPIE	set	1123
   385     043C                     _TRISC4	set	1084
   386     043B                     _TRISC3	set	1083
   387     04A0                     _BF	set	1184
   388                           
   389                           	psect	cinit
   390     000F                     start_initialization:	
   391                           ; #config settings
   392                           
   393     000F                     __initialization:
   394                           
   395                           ; Clear objects allocated to COMMON
   396     000F  01F8               	clrf	__pbssCOMMON& (0+127)
   397     0010  01F9               	clrf	(__pbssCOMMON+1)& (0+127)
   398     0011  01FA               	clrf	(__pbssCOMMON+2)& (0+127)
   399     0012                     end_of_initialization:	
   400                           ;End of C runtime variable initialization code
   401                           
   402     0012                     __end_of__initialization:
   403     0012  0183               	clrf	3
   404     0013  120A  118A  28CF   	ljmp	_main	;jump to C main() function
   405                           
   406                           	psect	bssCOMMON
   407     0078                     __pbssCOMMON:
   408     0078                     _adcValue:
   409     0078                     	ds	1
   410     0079                     _dato:
   411     0079                     	ds	1
   412     007A                     _z:
   413     007A                     	ds	1
   414                           
   415                           	psect	cstackCOMMON
   416     0070                     __pcstackCOMMON:
   417     0070                     ?_setup:
   418     0070                     ?_I2C_Slave_Init:	
   419                           ; 1 bytes @ 0x0
   420                           
   421     0070                     ?_isr:	
   422                           ; 1 bytes @ 0x0
   423                           
   424     0070                     ??_isr:	
   425                           ; 1 bytes @ 0x0
   426                           
   427     0070                     ?_main:	
   428                           ; 1 bytes @ 0x0
   429                           
   430                           
   431                           ; 1 bytes @ 0x0
   432     0070                     	ds	3
   433     0073                     ?_configOsc:
   434     0073                     ??_I2C_Slave_Init:	
   435                           ; 1 bytes @ 0x3
   436                           
   437     0073                     I2C_Slave_Init@address:	
   438                           ; 1 bytes @ 0x3
   439                           
   440     0073                     configOsc@frec:	
   441                           ; 1 bytes @ 0x3
   442                           
   443                           
   444                           ; 2 bytes @ 0x3
   445     0073                     	ds	2
   446     0075                     ??_configOsc:
   447     0075                     ??_setup:	
   448                           ; 1 bytes @ 0x5
   449                           
   450     0075                     ??_main:	
   451                           ; 1 bytes @ 0x5
   452                           
   453                           
   454                           ; 1 bytes @ 0x5
   455     0075                     	ds	3
   456                           
   457                           	psect	maintext
   458     00CF                     __pmaintext:	
   459 ;;
   460 ;;Main: autosize = 0, tempsize = 3, incstack = 0, save=0
   461 ;;
   462 ;; *************** function _main *****************
   463 ;; Defined at:
   464 ;;		line 94 in file "D:/Universidad/Semestre2_2023/Digital-2/Proyecto1/Slave2/ProyectoSlave2.X/Project1_Slave2.c"
   465 ;; Parameters:    Size  Location     Type
   466 ;;		None
   467 ;; Auto vars:     Size  Location     Type
   468 ;;		None
   469 ;; Return value:  Size  Location     Type
   470 ;;                  1    wreg      void 
   471 ;; Registers used:
   472 ;;		wreg, status,2, status,0, pclath, cstack
   473 ;; Tracked objects:
   474 ;;		On entry : B00/0
   475 ;;		On exit  : 0/0
   476 ;;		Unchanged: 0/0
   477 ;; Data sizes:     COMMON   BANK0   BANK1   BANK3   BANK2
   478 ;;      Params:         0       0       0       0       0
   479 ;;      Locals:         0       0       0       0       0
   480 ;;      Temps:          3       0       0       0       0
   481 ;;      Totals:         3       0       0       0       0
   482 ;;Total ram usage:        3 bytes
   483 ;; Hardware stack levels required when called: 3
   484 ;; This function calls:
   485 ;;		_configOsc
   486 ;;		_setup
   487 ;; This function is called by:
   488 ;;		Startup code after reset
   489 ;; This function uses a non-reentrant model
   490 ;;
   491                           
   492     00CF                     _main:	
   493                           ;psect for function _main
   494                           
   495     00CF                     l896:	
   496                           ;incstack = 0
   497                           ; Regs used in _main: [wreg+status,2+status,0+pclath+cstack]
   498                           
   499                           
   500                           ;D:/Universidad/Semestre2_2023/Digital-2/Proyecto1/Slave2/ProyectoSlave2.X/Project1_Slav
      +                          e2.c: 96:     configOsc(8);
   501     00CF  3008               	movlw	8
   502     00D0  00F3               	movwf	configOsc@frec
   503     00D1  3000               	movlw	0
   504     00D2  00F4               	movwf	configOsc@frec+1
   505     00D3  120A  118A  2073  120A  118A  	fcall	_configOsc
   506                           
   507                           ;D:/Universidad/Semestre2_2023/Digital-2/Proyecto1/Slave2/ProyectoSlave2.X/Project1_Slav
      +                          e2.c: 97:     setup();
   508     00D8  120A  118A  20F4  120A  118A  	fcall	_setup
   509     00DD                     l898:
   510     00DD  3001               	movlw	1
   511     00DE  02F8               	subwf	_adcValue,f
   512     00DF                     l900:
   513                           
   514                           ;D:/Universidad/Semestre2_2023/Digital-2/Proyecto1/Slave2/ProyectoSlave2.X/Project1_Slav
      +                          e2.c: 106:        PORTB = adcValue;
   515     00DF  0878               	movf	_adcValue,w
   516     00E0  1283               	bcf	3,5	;RP0=0, select bank0
   517     00E1  1303               	bcf	3,6	;RP1=0, select bank0
   518     00E2  0086               	movwf	6	;volatile
   519     00E3                     l902:
   520                           
   521                           ;D:/Universidad/Semestre2_2023/Digital-2/Proyecto1/Slave2/ProyectoSlave2.X/Project1_Slav
      +                          e2.c: 107:        _delay((unsigned long)((1000)*(8000000/4000.0)));
   522     00E3  300B               	movlw	11
   523     00E4  00F7               	movwf	??_main+2
   524     00E5  3026               	movlw	38
   525     00E6  00F6               	movwf	??_main+1
   526     00E7  305D               	movlw	93
   527     00E8  00F5               	movwf	??_main
   528     00E9                     u287:
   529     00E9  0BF5               	decfsz	??_main,f
   530     00EA  28E9               	goto	u287
   531     00EB  0BF6               	decfsz	??_main+1,f
   532     00EC  28E9               	goto	u287
   533     00ED  0BF7               	decfsz	??_main+2,f
   534     00EE  28E9               	goto	u287
   535     00EF  28F0               	nop2
   536     00F0  28DD               	goto	l898
   537     00F1  120A  118A  280C   	ljmp	start
   538     00F4                     __end_of_main:
   539                           
   540                           	psect	text1
   541     00F4                     __ptext1:	
   542 ;; *************** function _setup *****************
   543 ;; Defined at:
   544 ;;		line 116 in file "D:/Universidad/Semestre2_2023/Digital-2/Proyecto1/Slave2/ProyectoSlave2.X/Project1_Slave2.c"
   545 ;; Parameters:    Size  Location     Type
   546 ;;		None
   547 ;; Auto vars:     Size  Location     Type
   548 ;;		None
   549 ;; Return value:  Size  Location     Type
   550 ;;                  1    wreg      void 
   551 ;; Registers used:
   552 ;;		wreg, status,2, status,0, pclath, cstack
   553 ;; Tracked objects:
   554 ;;		On entry : 0/0
   555 ;;		On exit  : 0/0
   556 ;;		Unchanged: 0/0
   557 ;; Data sizes:     COMMON   BANK0   BANK1   BANK3   BANK2
   558 ;;      Params:         0       0       0       0       0
   559 ;;      Locals:         0       0       0       0       0
   560 ;;      Temps:          0       0       0       0       0
   561 ;;      Totals:         0       0       0       0       0
   562 ;;Total ram usage:        0 bytes
   563 ;; Hardware stack levels used: 1
   564 ;; Hardware stack levels required when called: 2
   565 ;; This function calls:
   566 ;;		_I2C_Slave_Init
   567 ;;		_configOsc
   568 ;; This function is called by:
   569 ;;		_main
   570 ;; This function uses a non-reentrant model
   571 ;;
   572                           
   573     00F4                     _setup:	
   574                           ;psect for function _setup
   575                           
   576     00F4                     l878:	
   577                           ;incstack = 0
   578                           ; Regs used in _setup: [wreg+status,2+status,0+pclath+cstack]
   579                           
   580                           
   581                           ;D:/Universidad/Semestre2_2023/Digital-2/Proyecto1/Slave2/ProyectoSlave2.X/Project1_Slav
      +                          e2.c: 117:     configOsc(8);
   582     00F4  3008               	movlw	8
   583     00F5  00F3               	movwf	configOsc@frec
   584     00F6  3000               	movlw	0
   585     00F7  00F4               	movwf	configOsc@frec+1
   586     00F8  120A  118A  2073  120A  118A  	fcall	_configOsc
   587     00FD                     l880:
   588                           
   589                           ;D:/Universidad/Semestre2_2023/Digital-2/Proyecto1/Slave2/ProyectoSlave2.X/Project1_Slav
      +                          e2.c: 120:     INTCONbits.GIE = 1;
   590     00FD  178B               	bsf	11,7	;volatile
   591     00FE                     l882:
   592                           
   593                           ;D:/Universidad/Semestre2_2023/Digital-2/Proyecto1/Slave2/ProyectoSlave2.X/Project1_Slav
      +                          e2.c: 121:     INTCONbits.PEIE = 1;
   594     00FE  170B               	bsf	11,6	;volatile
   595     00FF                     l884:
   596                           
   597                           ;D:/Universidad/Semestre2_2023/Digital-2/Proyecto1/Slave2/ProyectoSlave2.X/Project1_Slav
      +                          e2.c: 124:     TRISB = 0;
   598     00FF  1683               	bsf	3,5	;RP0=1, select bank1
   599     0100  1303               	bcf	3,6	;RP1=0, select bank1
   600     0101  0186               	clrf	6	;volatile
   601     0102                     l886:
   602                           
   603                           ;D:/Universidad/Semestre2_2023/Digital-2/Proyecto1/Slave2/ProyectoSlave2.X/Project1_Slav
      +                          e2.c: 125:     TRISD = 0;
   604     0102  0188               	clrf	8	;volatile
   605     0103                     l888:
   606                           
   607                           ;D:/Universidad/Semestre2_2023/Digital-2/Proyecto1/Slave2/ProyectoSlave2.X/Project1_Slav
      +                          e2.c: 127:     PORTA = 0;
   608     0103  1283               	bcf	3,5	;RP0=0, select bank0
   609     0104  1303               	bcf	3,6	;RP1=0, select bank0
   610     0105  0185               	clrf	5	;volatile
   611     0106                     l890:
   612                           
   613                           ;D:/Universidad/Semestre2_2023/Digital-2/Proyecto1/Slave2/ProyectoSlave2.X/Project1_Slav
      +                          e2.c: 128:     PORTB = 0;
   614     0106  0186               	clrf	6	;volatile
   615     0107                     l892:
   616                           
   617                           ;D:/Universidad/Semestre2_2023/Digital-2/Proyecto1/Slave2/ProyectoSlave2.X/Project1_Slav
      +                          e2.c: 129:     PORTD = 0;
   618     0107  0188               	clrf	8	;volatile
   619     0108                     l894:
   620                           
   621                           ;D:/Universidad/Semestre2_2023/Digital-2/Proyecto1/Slave2/ProyectoSlave2.X/Project1_Slav
      +                          e2.c: 130:     I2C_Slave_Init(0x60);
   622     0108  3060               	movlw	96
   623     0109  120A  118A  210F  120A  118A  	fcall	_I2C_Slave_Init
   624     010E                     l65:
   625     010E  0008               	return
   626     010F                     __end_of_setup:
   627                           
   628                           	psect	text2
   629     0073                     __ptext2:	
   630 ;; *************** function _configOsc *****************
   631 ;; Defined at:
   632 ;;		line 4 in file "D:/Universidad/Semestre2_2023/Digital-2/Proyecto1/Slave2/ProyectoSlave2.X/oscillator.c"
   633 ;; Parameters:    Size  Location     Type
   634 ;;  frec            2    3[COMMON] unsigned int 
   635 ;; Auto vars:     Size  Location     Type
   636 ;;		None
   637 ;; Return value:  Size  Location     Type
   638 ;;                  1    wreg      void 
   639 ;; Registers used:
   640 ;;		wreg, status,2, status,0
   641 ;; Tracked objects:
   642 ;;		On entry : 0/0
   643 ;;		On exit  : 0/0
   644 ;;		Unchanged: 0/0
   645 ;; Data sizes:     COMMON   BANK0   BANK1   BANK3   BANK2
   646 ;;      Params:         2       0       0       0       0
   647 ;;      Locals:         0       0       0       0       0
   648 ;;      Temps:          0       0       0       0       0
   649 ;;      Totals:         2       0       0       0       0
   650 ;;Total ram usage:        2 bytes
   651 ;; Hardware stack levels used: 1
   652 ;; Hardware stack levels required when called: 1
   653 ;; This function calls:
   654 ;;		Nothing
   655 ;; This function is called by:
   656 ;;		_main
   657 ;;		_setup
   658 ;; This function uses a non-reentrant model
   659 ;;
   660                           
   661     0073                     _configOsc:	
   662                           ;psect for function _configOsc
   663                           
   664     0073                     l860:	
   665                           ;incstack = 0
   666                           ; Regs used in _configOsc: [wreg+status,2+status,0]
   667                           
   668                           
   669                           ;D:/Universidad/Semestre2_2023/Digital-2/Proyecto1/Slave2/ProyectoSlave2.X/oscillator.c:
      +                           5:         if (frec == 8) OSCCONbits.IRCF = 0b111;
   670     0073  3008               	movlw	8
   671     0074  0673               	xorwf	configOsc@frec,w
   672     0075  0474               	iorwf	configOsc@frec+1,w
   673     0076  1D03               	btfss	3,2
   674     0077  2879               	goto	u211
   675     0078  287A               	goto	u210
   676     0079                     u211:
   677     0079  287E               	goto	l125
   678     007A                     u210:
   679     007A                     l862:
   680     007A  3070               	movlw	112
   681     007B  1683               	bsf	3,5	;RP0=1, select bank1
   682     007C  1303               	bcf	3,6	;RP1=0, select bank1
   683     007D  048F               	iorwf	15,f	;volatile
   684     007E                     l125:
   685                           
   686                           ;D:/Universidad/Semestre2_2023/Digital-2/Proyecto1/Slave2/ProyectoSlave2.X/oscillator.c:
      +                           6:         if (frec == 4) OSCCONbits.IRCF = 0b110;
   687     007E  3004               	movlw	4
   688     007F  0673               	xorwf	configOsc@frec,w
   689     0080  0474               	iorwf	configOsc@frec+1,w
   690     0081  1D03               	btfss	3,2
   691     0082  2884               	goto	u221
   692     0083  2885               	goto	u220
   693     0084                     u221:
   694     0084  288B               	goto	l126
   695     0085                     u220:
   696     0085                     l864:
   697     0085  1683               	bsf	3,5	;RP0=1, select bank1
   698     0086  1303               	bcf	3,6	;RP1=0, select bank1
   699     0087  080F               	movf	15,w	;volatile
   700     0088  398F               	andlw	-113
   701     0089  3860               	iorlw	96
   702     008A  008F               	movwf	15	;volatile
   703     008B                     l126:
   704                           
   705                           ;D:/Universidad/Semestre2_2023/Digital-2/Proyecto1/Slave2/ProyectoSlave2.X/oscillator.c:
      +                           7:         if (frec == 1) OSCCONbits.IRCF = 0b100;
   706     008B  0373               	decf	configOsc@frec,w
   707     008C  0474               	iorwf	configOsc@frec+1,w
   708     008D  1D03               	btfss	3,2
   709     008E  2890               	goto	u231
   710     008F  2891               	goto	u230
   711     0090                     u231:
   712     0090  2897               	goto	l127
   713     0091                     u230:
   714     0091                     l866:
   715     0091  1683               	bsf	3,5	;RP0=1, select bank1
   716     0092  1303               	bcf	3,6	;RP1=0, select bank1
   717     0093  080F               	movf	15,w	;volatile
   718     0094  398F               	andlw	-113
   719     0095  3840               	iorlw	64
   720     0096  008F               	movwf	15	;volatile
   721     0097                     l127:
   722                           
   723                           ;D:/Universidad/Semestre2_2023/Digital-2/Proyecto1/Slave2/ProyectoSlave2.X/oscillator.c:
      +                           8:         if (frec == 500) OSCCONbits.IRCF = 0b011;
   724     0097  30F4               	movlw	244
   725     0098  0673               	xorwf	configOsc@frec,w
   726     0099  1D03               	skipz
   727     009A  289F               	goto	u241
   728     009B  0374               	decf	configOsc@frec+1,w
   729     009C  1D03               	btfss	3,2
   730     009D  289F               	goto	u241
   731     009E  28A0               	goto	u240
   732     009F                     u241:
   733     009F  28A6               	goto	l128
   734     00A0                     u240:
   735     00A0                     l868:
   736     00A0  1683               	bsf	3,5	;RP0=1, select bank1
   737     00A1  1303               	bcf	3,6	;RP1=0, select bank1
   738     00A2  080F               	movf	15,w	;volatile
   739     00A3  398F               	andlw	-113
   740     00A4  3830               	iorlw	48
   741     00A5  008F               	movwf	15	;volatile
   742     00A6                     l128:
   743                           
   744                           ;D:/Universidad/Semestre2_2023/Digital-2/Proyecto1/Slave2/ProyectoSlave2.X/oscillator.c:
      +                           9:         if (frec == 250) OSCCONbits.IRCF = 0b101;
   745     00A6  30FA               	movlw	250
   746     00A7  0673               	xorwf	configOsc@frec,w
   747     00A8  0474               	iorwf	configOsc@frec+1,w
   748     00A9  1D03               	btfss	3,2
   749     00AA  28AC               	goto	u251
   750     00AB  28AD               	goto	u250
   751     00AC                     u251:
   752     00AC  28B3               	goto	l129
   753     00AD                     u250:
   754     00AD                     l870:
   755     00AD  1683               	bsf	3,5	;RP0=1, select bank1
   756     00AE  1303               	bcf	3,6	;RP1=0, select bank1
   757     00AF  080F               	movf	15,w	;volatile
   758     00B0  398F               	andlw	-113
   759     00B1  3850               	iorlw	80
   760     00B2  008F               	movwf	15	;volatile
   761     00B3                     l129:
   762                           
   763                           ;D:/Universidad/Semestre2_2023/Digital-2/Proyecto1/Slave2/ProyectoSlave2.X/oscillator.c:
      +                           10:         if (frec == 125) OSCCONbits.IRCF = 0b001;
   764     00B3  307D               	movlw	125
   765     00B4  0673               	xorwf	configOsc@frec,w
   766     00B5  0474               	iorwf	configOsc@frec+1,w
   767     00B6  1D03               	btfss	3,2
   768     00B7  28B9               	goto	u261
   769     00B8  28BA               	goto	u260
   770     00B9                     u261:
   771     00B9  28C0               	goto	l130
   772     00BA                     u260:
   773     00BA                     l872:
   774     00BA  1683               	bsf	3,5	;RP0=1, select bank1
   775     00BB  1303               	bcf	3,6	;RP1=0, select bank1
   776     00BC  080F               	movf	15,w	;volatile
   777     00BD  398F               	andlw	-113
   778     00BE  3810               	iorlw	16
   779     00BF  008F               	movwf	15	;volatile
   780     00C0                     l130:
   781                           
   782                           ;D:/Universidad/Semestre2_2023/Digital-2/Proyecto1/Slave2/ProyectoSlave2.X/oscillator.c:
      +                           11:         if (frec == 31) OSCCONbits.IRCF = 0b000;
   783     00C0  301F               	movlw	31
   784     00C1  0673               	xorwf	configOsc@frec,w
   785     00C2  0474               	iorwf	configOsc@frec+1,w
   786     00C3  1D03               	btfss	3,2
   787     00C4  28C6               	goto	u271
   788     00C5  28C7               	goto	u270
   789     00C6                     u271:
   790     00C6  28CB               	goto	l876
   791     00C7                     u270:
   792     00C7                     l874:
   793     00C7  308F               	movlw	-113
   794     00C8  1683               	bsf	3,5	;RP0=1, select bank1
   795     00C9  1303               	bcf	3,6	;RP1=0, select bank1
   796     00CA  058F               	andwf	15,f	;volatile
   797     00CB                     l876:
   798                           
   799                           ;D:/Universidad/Semestre2_2023/Digital-2/Proyecto1/Slave2/ProyectoSlave2.X/oscillator.c:
      +                           12:         OSCCONbits.SCS = 1;
   800     00CB  1683               	bsf	3,5	;RP0=1, select bank1
   801     00CC  1303               	bcf	3,6	;RP1=0, select bank1
   802     00CD  140F               	bsf	15,0	;volatile
   803     00CE                     l132:
   804     00CE  0008               	return
   805     00CF                     __end_of_configOsc:
   806                           
   807                           	psect	text3
   808     010F                     __ptext3:	
   809 ;; *************** function _I2C_Slave_Init *****************
   810 ;; Defined at:
   811 ;;		line 93 in file "D:/Universidad/Semestre2_2023/Digital-2/Proyecto1/Slave2/ProyectoSlave2.X/I2C.c"
   812 ;; Parameters:    Size  Location     Type
   813 ;;  address         1    wreg     unsigned char 
   814 ;; Auto vars:     Size  Location     Type
   815 ;;  address         1    3[COMMON] unsigned char 
   816 ;; Return value:  Size  Location     Type
   817 ;;                  1    wreg      void 
   818 ;; Registers used:
   819 ;;		wreg
   820 ;; Tracked objects:
   821 ;;		On entry : 0/0
   822 ;;		On exit  : 0/0
   823 ;;		Unchanged: 0/0
   824 ;; Data sizes:     COMMON   BANK0   BANK1   BANK3   BANK2
   825 ;;      Params:         0       0       0       0       0
   826 ;;      Locals:         1       0       0       0       0
   827 ;;      Temps:          0       0       0       0       0
   828 ;;      Totals:         1       0       0       0       0
   829 ;;Total ram usage:        1 bytes
   830 ;; Hardware stack levels used: 1
   831 ;; Hardware stack levels required when called: 1
   832 ;; This function calls:
   833 ;;		Nothing
   834 ;; This function is called by:
   835 ;;		_setup
   836 ;; This function uses a non-reentrant model
   837 ;;
   838                           
   839     010F                     _I2C_Slave_Init:	
   840                           ;psect for function _I2C_Slave_Init
   841                           
   842                           
   843                           ;incstack = 0
   844                           ; Regs used in _I2C_Slave_Init: [wreg]
   845                           ;I2C_Slave_Init@address stored from wreg
   846     010F  00F3               	movwf	I2C_Slave_Init@address
   847     0110                     l742:
   848                           
   849                           ;D:/Universidad/Semestre2_2023/Digital-2/Proyecto1/Slave2/ProyectoSlave2.X/I2C.c: 93: vo
      +                          id I2C_Slave_Init(uint8_t address);D:/Universidad/Semestre2_2023/Digital-2/Proyecto1/Sla
      +                          ve2/ProyectoSlave2.X/I2C.c: 94: {;D:/Universidad/Semestre2_2023/Digital-2/Proyecto1/Slav
      +                          e2/ProyectoSlave2.X/I2C.c: 95:     SSPADD = address;
   850     0110  0873               	movf	I2C_Slave_Init@address,w
   851     0111  1683               	bsf	3,5	;RP0=1, select bank1
   852     0112  1303               	bcf	3,6	;RP1=0, select bank1
   853     0113  0093               	movwf	19	;volatile
   854                           
   855                           ;D:/Universidad/Semestre2_2023/Digital-2/Proyecto1/Slave2/ProyectoSlave2.X/I2C.c: 96:   
      +                            SSPCON = 0x36;
   856     0114  3036               	movlw	54
   857     0115  1283               	bcf	3,5	;RP0=0, select bank0
   858     0116  1303               	bcf	3,6	;RP1=0, select bank0
   859     0117  0094               	movwf	20	;volatile
   860                           
   861                           ;D:/Universidad/Semestre2_2023/Digital-2/Proyecto1/Slave2/ProyectoSlave2.X/I2C.c: 97:   
      +                            SSPSTAT = 0x80;
   862     0118  3080               	movlw	128
   863     0119  1683               	bsf	3,5	;RP0=1, select bank1
   864     011A  1303               	bcf	3,6	;RP1=0, select bank1
   865     011B  0094               	movwf	20	;volatile
   866                           
   867                           ;D:/Universidad/Semestre2_2023/Digital-2/Proyecto1/Slave2/ProyectoSlave2.X/I2C.c: 98:   
      +                            SSPCON2 = 0x01;
   868     011C  3001               	movlw	1
   869     011D  0091               	movwf	17	;volatile
   870     011E                     l744:
   871                           
   872                           ;D:/Universidad/Semestre2_2023/Digital-2/Proyecto1/Slave2/ProyectoSlave2.X/I2C.c: 99:   
      +                            TRISC3 = 1;
   873     011E  1587               	bsf	7,3	;volatile
   874     011F                     l746:
   875                           
   876                           ;D:/Universidad/Semestre2_2023/Digital-2/Proyecto1/Slave2/ProyectoSlave2.X/I2C.c: 100:  
      +                             TRISC4 = 1;
   877     011F  1607               	bsf	7,4	;volatile
   878     0120                     l748:
   879                           
   880                           ;D:/Universidad/Semestre2_2023/Digital-2/Proyecto1/Slave2/ProyectoSlave2.X/I2C.c: 101:  
      +                             GIE = 1;
   881     0120  178B               	bsf	11,7	;volatile
   882     0121                     l750:
   883                           
   884                           ;D:/Universidad/Semestre2_2023/Digital-2/Proyecto1/Slave2/ProyectoSlave2.X/I2C.c: 102:  
      +                             PEIE = 1;
   885     0121  170B               	bsf	11,6	;volatile
   886     0122                     l752:
   887                           
   888                           ;D:/Universidad/Semestre2_2023/Digital-2/Proyecto1/Slave2/ProyectoSlave2.X/I2C.c: 103:  
      +                             SSPIF = 0;
   889     0122  1283               	bcf	3,5	;RP0=0, select bank0
   890     0123  1303               	bcf	3,6	;RP1=0, select bank0
   891     0124  118C               	bcf	12,3	;volatile
   892     0125                     l754:
   893                           
   894                           ;D:/Universidad/Semestre2_2023/Digital-2/Proyecto1/Slave2/ProyectoSlave2.X/I2C.c: 104:  
      +                             SSPIE = 1;
   895     0125  1683               	bsf	3,5	;RP0=1, select bank1
   896     0126  1303               	bcf	3,6	;RP1=0, select bank1
   897     0127  158C               	bsf	12,3	;volatile
   898     0128                     l120:
   899     0128  0008               	return
   900     0129                     __end_of_I2C_Slave_Init:
   901                           
   902                           	psect	text4
   903     0016                     __ptext4:	
   904 ;; *************** function _isr *****************
   905 ;; Defined at:
   906 ;;		line 59 in file "D:/Universidad/Semestre2_2023/Digital-2/Proyecto1/Slave2/ProyectoSlave2.X/Project1_Slave2.c"
   907 ;; Parameters:    Size  Location     Type
   908 ;;		None
   909 ;; Auto vars:     Size  Location     Type
   910 ;;		None
   911 ;; Return value:  Size  Location     Type
   912 ;;                  1    wreg      void 
   913 ;; Registers used:
   914 ;;		wreg
   915 ;; Tracked objects:
   916 ;;		On entry : 0/0
   917 ;;		On exit  : 0/0
   918 ;;		Unchanged: 0/0
   919 ;; Data sizes:     COMMON   BANK0   BANK1   BANK3   BANK2
   920 ;;      Params:         0       0       0       0       0
   921 ;;      Locals:         0       0       0       0       0
   922 ;;      Temps:          3       0       0       0       0
   923 ;;      Totals:         3       0       0       0       0
   924 ;;Total ram usage:        3 bytes
   925 ;; Hardware stack levels used: 1
   926 ;; This function calls:
   927 ;;		Nothing
   928 ;; This function is called by:
   929 ;;		Interrupt level 1
   930 ;; This function uses a non-reentrant model
   931 ;;
   932                           
   933     0016                     _isr:	
   934                           ;psect for function _isr
   935                           
   936     0016                     i1l778:
   937                           
   938                           ;D:/Universidad/Semestre2_2023/Digital-2/Proyecto1/Slave2/ProyectoSlave2.X/Project1_Slav
      +                          e2.c: 60:    if(PIR1bits.SSPIF == 1){
   939     0016  1283               	bcf	3,5	;RP0=0, select bank0
   940     0017  1303               	bcf	3,6	;RP1=0, select bank0
   941     0018  1D8C               	btfss	12,3	;volatile
   942     0019  281B               	goto	u10_21
   943     001A  281C               	goto	u10_20
   944     001B                     u10_21:
   945     001B  286C               	goto	i1l54
   946     001C                     u10_20:
   947     001C                     i1l780:
   948                           
   949                           ;D:/Universidad/Semestre2_2023/Digital-2/Proyecto1/Slave2/ProyectoSlave2.X/Project1_Slav
      +                          e2.c: 62:         SSPCONbits.CKP = 0;
   950     001C  1214               	bcf	20,4	;volatile
   951                           
   952                           ;D:/Universidad/Semestre2_2023/Digital-2/Proyecto1/Slave2/ProyectoSlave2.X/Project1_Slav
      +                          e2.c: 64:         if ((SSPCONbits.SSPOV) || (SSPCONbits.WCOL)){
   953     001D  1B14               	btfsc	20,6	;volatile
   954     001E  2820               	goto	u11_21
   955     001F  2821               	goto	u11_20
   956     0020                     u11_21:
   957     0020  2825               	goto	i1l784
   958     0021                     u11_20:
   959     0021                     i1l782:
   960     0021  1F94               	btfss	20,7	;volatile
   961     0022  2824               	goto	u12_21
   962     0023  2825               	goto	u12_20
   963     0024                     u12_21:
   964     0024  282A               	goto	i1l792
   965     0025                     u12_20:
   966     0025                     i1l784:
   967                           
   968                           ;D:/Universidad/Semestre2_2023/Digital-2/Proyecto1/Slave2/ProyectoSlave2.X/Project1_Slav
      +                          e2.c: 65:             z = SSPBUF;
   969     0025  0813               	movf	19,w	;volatile
   970     0026  00FA               	movwf	_z
   971     0027                     i1l786:
   972                           
   973                           ;D:/Universidad/Semestre2_2023/Digital-2/Proyecto1/Slave2/ProyectoSlave2.X/Project1_Slav
      +                          e2.c: 66:             SSPCONbits.SSPOV = 0;
   974     0027  1314               	bcf	20,6	;volatile
   975     0028                     i1l788:
   976                           
   977                           ;D:/Universidad/Semestre2_2023/Digital-2/Proyecto1/Slave2/ProyectoSlave2.X/Project1_Slav
      +                          e2.c: 67:             SSPCONbits.WCOL = 0;
   978     0028  1394               	bcf	20,7	;volatile
   979     0029                     i1l790:
   980                           
   981                           ;D:/Universidad/Semestre2_2023/Digital-2/Proyecto1/Slave2/ProyectoSlave2.X/Project1_Slav
      +                          e2.c: 68:             SSPCONbits.CKP = 1;
   982     0029  1614               	bsf	20,4	;volatile
   983     002A                     i1l792:
   984                           
   985                           ;D:/Universidad/Semestre2_2023/Digital-2/Proyecto1/Slave2/ProyectoSlave2.X/Project1_Slav
      +                          e2.c: 71:         if(!SSPSTATbits.D_nA && !SSPSTATbits.R_nW) {
   986     002A  1683               	bsf	3,5	;RP0=1, select bank1
   987     002B  1303               	bcf	3,6	;RP1=0, select bank1
   988     002C  1A94               	btfsc	20,5	;volatile
   989     002D  282F               	goto	u13_21
   990     002E  2830               	goto	u13_20
   991     002F                     u13_21:
   992     002F  284A               	goto	i1l45
   993     0030                     u13_20:
   994     0030                     i1l794:
   995     0030  1914               	btfsc	20,2	;volatile
   996     0031  2833               	goto	u14_21
   997     0032  2834               	goto	u14_20
   998     0033                     u14_21:
   999     0033  284A               	goto	i1l45
  1000     0034                     u14_20:
  1001     0034                     i1l796:
  1002                           
  1003                           ;D:/Universidad/Semestre2_2023/Digital-2/Proyecto1/Slave2/ProyectoSlave2.X/Project1_Slav
      +                          e2.c: 73:             z = SSPBUF;
  1004     0034  1283               	bcf	3,5	;RP0=0, select bank0
  1005     0035  1303               	bcf	3,6	;RP1=0, select bank0
  1006     0036  0813               	movf	19,w	;volatile
  1007     0037  00FA               	movwf	_z
  1008     0038                     i1l798:
  1009                           
  1010                           ;D:/Universidad/Semestre2_2023/Digital-2/Proyecto1/Slave2/ProyectoSlave2.X/Project1_Slav
      +                          e2.c: 75:             PIR1bits.SSPIF = 0;
  1011     0038  118C               	bcf	12,3	;volatile
  1012     0039                     i1l800:
  1013                           
  1014                           ;D:/Universidad/Semestre2_2023/Digital-2/Proyecto1/Slave2/ProyectoSlave2.X/Project1_Slav
      +                          e2.c: 76:             SSPCONbits.CKP = 1;
  1015     0039  1614               	bsf	20,4	;volatile
  1016     003A                     i1l46:	
  1017                           ;D:/Universidad/Semestre2_2023/Digital-2/Proyecto1/Slave2/ProyectoSlave2.X/Project1_Slav
      +                          e2.c: 77:             while(!SSPSTATbits.BF);
  1018                           
  1019     003A  1683               	bsf	3,5	;RP0=1, select bank1
  1020     003B  1303               	bcf	3,6	;RP1=0, select bank1
  1021     003C  1C14               	btfss	20,0	;volatile
  1022     003D  283F               	goto	u15_21
  1023     003E  2840               	goto	u15_20
  1024     003F                     u15_21:
  1025     003F  283A               	goto	i1l46
  1026     0040                     u15_20:
  1027     0040                     i1l802:
  1028                           
  1029                           ;D:/Universidad/Semestre2_2023/Digital-2/Proyecto1/Slave2/ProyectoSlave2.X/Project1_Slav
      +                          e2.c: 78:             PORTD = SSPBUF;
  1030     0040  1283               	bcf	3,5	;RP0=0, select bank0
  1031     0041  1303               	bcf	3,6	;RP1=0, select bank0
  1032     0042  0813               	movf	19,w	;volatile
  1033     0043  0088               	movwf	8	;volatile
  1034                           
  1035                           ;D:/Universidad/Semestre2_2023/Digital-2/Proyecto1/Slave2/ProyectoSlave2.X/Project1_Slav
      +                          e2.c: 79:             _delay((unsigned long)((250)*(8000000/4000000.0)));
  1036     0044  30A6               	movlw	166
  1037     0045  00F0               	movwf	??_isr
  1038     0046                     u29_27:
  1039     0046  0BF0               	decfsz	??_isr,f
  1040     0047  2846               	goto	u29_27
  1041     0048  0000               	nop
  1042                           
  1043                           ;D:/Universidad/Semestre2_2023/Digital-2/Proyecto1/Slave2/ProyectoSlave2.X/Project1_Slav
      +                          e2.c: 81:         }else if(!SSPSTATbits.D_nA && SSPSTATbits.R_nW){
  1044     0049  2869               	goto	i1l49
  1045     004A                     i1l45:
  1046     004A  1A94               	btfsc	20,5	;volatile
  1047     004B  284D               	goto	u16_21
  1048     004C  284E               	goto	u16_20
  1049     004D                     u16_21:
  1050     004D  2869               	goto	i1l49
  1051     004E                     u16_20:
  1052     004E                     i1l804:
  1053     004E  1D14               	btfss	20,2	;volatile
  1054     004F  2851               	goto	u17_21
  1055     0050  2852               	goto	u17_20
  1056     0051                     u17_21:
  1057     0051  2869               	goto	i1l49
  1058     0052                     u17_20:
  1059     0052                     i1l806:
  1060                           
  1061                           ;D:/Universidad/Semestre2_2023/Digital-2/Proyecto1/Slave2/ProyectoSlave2.X/Project1_Slav
      +                          e2.c: 82:             z = SSPBUF;
  1062     0052  1283               	bcf	3,5	;RP0=0, select bank0
  1063     0053  1303               	bcf	3,6	;RP1=0, select bank0
  1064     0054  0813               	movf	19,w	;volatile
  1065     0055  00FA               	movwf	_z
  1066     0056                     i1l808:
  1067                           
  1068                           ;D:/Universidad/Semestre2_2023/Digital-2/Proyecto1/Slave2/ProyectoSlave2.X/Project1_Slav
      +                          e2.c: 83:             BF = 0;
  1069     0056  1683               	bsf	3,5	;RP0=1, select bank1
  1070     0057  1303               	bcf	3,6	;RP1=0, select bank1
  1071     0058  1014               	bcf	20,0	;volatile
  1072                           
  1073                           ;D:/Universidad/Semestre2_2023/Digital-2/Proyecto1/Slave2/ProyectoSlave2.X/Project1_Slav
      +                          e2.c: 84:             SSPBUF = adcValue;
  1074     0059  0878               	movf	_adcValue,w
  1075     005A  1283               	bcf	3,5	;RP0=0, select bank0
  1076     005B  1303               	bcf	3,6	;RP1=0, select bank0
  1077     005C  0093               	movwf	19	;volatile
  1078     005D                     i1l810:
  1079                           
  1080                           ;D:/Universidad/Semestre2_2023/Digital-2/Proyecto1/Slave2/ProyectoSlave2.X/Project1_Slav
      +                          e2.c: 85:             SSPCONbits.CKP = 1;
  1081     005D  1614               	bsf	20,4	;volatile
  1082                           
  1083                           ;D:/Universidad/Semestre2_2023/Digital-2/Proyecto1/Slave2/ProyectoSlave2.X/Project1_Slav
      +                          e2.c: 86:             _delay((unsigned long)((250)*(8000000/4000000.0)));
  1084     005E  30A6               	movlw	166
  1085     005F  00F0               	movwf	??_isr
  1086     0060                     u30_27:
  1087     0060  0BF0               	decfsz	??_isr,f
  1088     0061  2860               	goto	u30_27
  1089     0062  0000               	nop
  1090     0063                     i1l51:	
  1091                           ;D:/Universidad/Semestre2_2023/Digital-2/Proyecto1/Slave2/ProyectoSlave2.X/Project1_Slav
      +                          e2.c: 87:             while(SSPSTATbits.BF);
  1092                           
  1093     0063  1683               	bsf	3,5	;RP0=1, select bank1
  1094     0064  1303               	bcf	3,6	;RP1=0, select bank1
  1095     0065  1814               	btfsc	20,0	;volatile
  1096     0066  2868               	goto	u18_21
  1097     0067  2869               	goto	u18_20
  1098     0068                     u18_21:
  1099     0068  2863               	goto	i1l51
  1100     0069                     u18_20:
  1101     0069                     i1l49:
  1102                           
  1103                           ;D:/Universidad/Semestre2_2023/Digital-2/Proyecto1/Slave2/ProyectoSlave2.X/Project1_Slav
      +                          e2.c: 90:         PIR1bits.SSPIF = 0;
  1104     0069  1283               	bcf	3,5	;RP0=0, select bank0
  1105     006A  1303               	bcf	3,6	;RP1=0, select bank0
  1106     006B  118C               	bcf	12,3	;volatile
  1107     006C                     i1l54:
  1108     006C  0872               	movf	??_isr+2,w
  1109     006D  008A               	movwf	10
  1110     006E  0E71               	swapf	??_isr+1,w
  1111     006F  0083               	movwf	3
  1112     0070  0EFE               	swapf	btemp,f
  1113     0071  0E7E               	swapf	btemp,w
  1114     0072  0009               	retfie
  1115     0073                     __end_of_isr:
  1116     007E                     btemp	set	126	;btemp
  1117     007E                     wtemp0	set	126
  1118                           
  1119                           	psect	intentry
  1120     0004                     __pintentry:	
  1121                           ;incstack = 0
  1122                           ; Regs used in _isr: [wreg]
  1123                           
  1124     0004                     interrupt_function:
  1125     007E                     saved_w	set	btemp
  1126     0004  00FE               	movwf	btemp
  1127     0005  0E03               	swapf	3,w
  1128     0006  00F1               	movwf	??_isr+1
  1129     0007  080A               	movf	10,w
  1130     0008  00F2               	movwf	??_isr+2
  1131     0009  120A  118A  2816   	ljmp	_isr
  1132                           
  1133                           	psect	idloc
  1134                           
  1135                           ;Config register IDLOC0 @ 0x2000
  1136                           ;	unspecified, using default values
  1137     2000                     	org	8192
  1138     2000  3FFF               	dw	16383
  1139                           
  1140                           ;Config register IDLOC1 @ 0x2001
  1141                           ;	unspecified, using default values
  1142     2001                     	org	8193
  1143     2001  3FFF               	dw	16383
  1144                           
  1145                           ;Config register IDLOC2 @ 0x2002
  1146                           ;	unspecified, using default values
  1147     2002                     	org	8194
  1148     2002  3FFF               	dw	16383
  1149                           
  1150                           ;Config register IDLOC3 @ 0x2003
  1151                           ;	unspecified, using default values
  1152     2003                     	org	8195
  1153     2003  3FFF               	dw	16383
  1154                           
  1155                           	psect	config
  1156                           
  1157                           ;Config register CONFIG1 @ 0x2007
  1158                           ;	Oscillator Selection bits
  1159                           ;	FOSC = INTRC_NOCLKOUT, INTOSCIO oscillator: I/O function on RA6/OSC2/CLKOUT pin, I/O f
      +                          unction on RA7/OSC1/CLKIN
  1160                           ;	Watchdog Timer Enable bit
  1161                           ;	WDTE = OFF, WDT disabled and can be enabled by SWDTEN bit of the WDTCON register
  1162                           ;	Power-up Timer Enable bit
  1163                           ;	PWRTE = OFF, PWRT disabled
  1164                           ;	RE3/MCLR pin function select bit
  1165                           ;	MCLRE = OFF, RE3/MCLR pin function is digital input, MCLR internally tied to VDD
  1166                           ;	Code Protection bit
  1167                           ;	CP = OFF, Program memory code protection is disabled
  1168                           ;	Data Code Protection bit
  1169                           ;	CPD = OFF, Data memory code protection is disabled
  1170                           ;	Brown Out Reset Selection bits
  1171                           ;	BOREN = OFF, BOR disabled
  1172                           ;	Internal External Switchover bit
  1173                           ;	IESO = OFF, Internal/External Switchover mode is disabled
  1174                           ;	Fail-Safe Clock Monitor Enabled bit
  1175                           ;	FCMEN = OFF, Fail-Safe Clock Monitor is disabled
  1176                           ;	Low Voltage Programming Enable bit
  1177                           ;	LVP = OFF, RB3 pin has digital I/O, HV on MCLR must be used for programming
  1178                           ;	In-Circuit Debugger Mode bit
  1179                           ;	DEBUG = 0x1, unprogramme  1180     2007                     	org	8199
  1181     2007  20D4               	dw	8404
  1182                           
  1183                           ;Config register CONFIG2 @ 0x2008
  1184                           ;	Brown-out Reset Selection bit
  1185                           ;	BOR4V = BOR40V, Brown-out Reset set to 4.0V
  1186                           ;	Flash Program Memory Self Write Enable bits
  1187                           ;	WRT = OFF, Write protection off
  1188     2008                     	org	8200
  1189     2008  3FFF               	dw	16383

Data Sizes:
    Strings     0
    Constant    0
    Data        0
    BSS         3
    Persistent  0
    Stack       0

Auto Spaces:
    Space          Size  Autos    Used
    COMMON           14      8      11
    BANK0            80      0       0
    BANK1            80      0       0
    BANK3            96      0       0
    BANK2            96      0       0

Pointer List with Targets:

    None.

Critical Paths under _main in COMMON

    _main->_configOsc
    _setup->_configOsc

Critical Paths under _isr in COMMON

    None.

Critical Paths under _main in BANK0

    None.

Critical Paths under _isr in BANK0

    None.

Critical Paths under _main in BANK1

    None.

Critical Paths under _isr in BANK1

    None.

Critical Paths under _main in BANK3

    None.

Critical Paths under _isr in BANK3

    None.

Critical Paths under _main in BANK2

    None.

Critical Paths under _isr in BANK2

    None.

Call Graph Tables:

 ---------------------------------------------------------------------------------
 (Depth) Function   	        Calls       Base Space   Used Autos Params    Refs
 ---------------------------------------------------------------------------------
 (0) _main                                                 3     3      0     627
                                              5 COMMON     3     3      0
                          _configOsc
                              _setup
 ---------------------------------------------------------------------------------
 (1) _setup                                                0     0      0     321
                     _I2C_Slave_Init
                          _configOsc
 ---------------------------------------------------------------------------------
 (2) _configOsc                                            2     0      2     306
                                              3 COMMON     2     0      2
 ---------------------------------------------------------------------------------
 (2) _I2C_Slave_Init                                       1     1      0      15
                                              3 COMMON     1     1      0
 ---------------------------------------------------------------------------------
 Estimated maximum stack depth 2
 ---------------------------------------------------------------------------------
 (Depth) Function   	        Calls       Base Space   Used Autos Params    Refs
 ---------------------------------------------------------------------------------
 (3) _isr                                                  3     3      0       0
                                              0 COMMON     3     3      0
 ---------------------------------------------------------------------------------
 Estimated maximum stack depth 3
 ---------------------------------------------------------------------------------

 Call Graph Graphs:

 _main (ROOT)
   _configOsc
   _setup
     _I2C_Slave_Init
     _configOsc

 _isr (ROOT)

 Address spaces:
Name               Size   Autos  Total    Cost      Usage
BITCOMMON            E      0       0       0        0.0%
EEDATA             100      0       0       0        0.0%
NULL                 0      0       0       0        0.0%
CODE                 0      0       0       0        0.0%
COMMON               E      8       B       1       78.6%
BITSFR0              0      0       0       1        0.0%
SFR0                 0      0       0       1        0.0%
BITSFR1              0      0       0       2        0.0%
SFR1                 0      0       0       2        0.0%
STACK                0      0       0       2        0.0%
ABS                  0      0       B       3        0.0%
BITBANK0            50      0       0       4        0.0%
BITSFR3              0      0       0       4        0.0%
SFR3                 0      0       0       4        0.0%
BANK0               50      0       0       5        0.0%
BITSFR2              0      0       0       5        0.0%
SFR2                 0      0       0       5        0.0%
BITBANK1            50      0       0       6        0.0%
BANK1               50      0       0       7        0.0%
BITBANK3            60      0       0       8        0.0%
BANK3               60      0       0       9        0.0%
BITBANK2            60      0       0      10        0.0%
BANK2               60      0       0      11        0.0%
DATA                 0      0       B      12        0.0%


Microchip Technology PIC Macro Assembler V2.41 build 20230208172133 
Symbol Table                                                                                   Thu Aug 17 18:37:46 2023

                      _z 007A              _SSPSTATbits 0094                       _BF 04A0  
                     l65 010E                      l120 0128                      l130 00C0  
                    l132 00CE                      l125 007E                      l126 008B  
                    l127 0097                      l128 00A6                      l129 00B3  
                    l900 00DF                      l750 0121                      l742 0110  
                    l902 00E3                      l752 0122                      l744 011E  
                    l754 0125                      l746 011F                      l748 0120  
                    l860 0073                      l870 00AD                      l862 007A  
                    l872 00BA                      l864 0085                      l880 00FD  
                    l874 00C7                      l866 0091                      l890 0106  
                    l882 00FE                      l876 00CB                      l868 00A0  
                    l892 0107                      l884 00FF                      l894 0108  
                    l886 0102                      l878 00F4                      l888 0103  
                    l896 00CF                      l898 00DD                      _GIE 005F  
                    u210 007A                      u211 0079                      u220 0085  
                    u221 0084                      u230 0091                      u231 0090  
                    u240 00A0                      u241 009F                      u250 00AD  
                    u251 00AC                      u260 00BA                      u261 00B9  
                    u270 00C7                      u271 00C6                      u287 00E9  
                    _isr 0016                     ?_isr 0070                     _PEIE 005E  
                   i1l51 0063                     i1l45 004A                     i1l46 003A  
                   i1l54 006C                     i1l49 0069                     _dato 0079  
                   _main 00CF                     btemp 007E                     start 000C  
                  ??_isr 0070            configOsc@frec 0073                    ?_main 0070  
                  i1l800 0039                    i1l810 005D                    i1l802 0040  
                  i1l804 004E                    i1l806 0052                    i1l808 0056  
                  i1l780 001C                    i1l790 0029                    i1l782 0021  
                  i1l792 002A                    i1l784 0025                    i1l794 0030  
                  i1l786 0027                    i1l778 0016                    i1l796 0034  
                  i1l788 0028                    i1l798 0038                    u10_20 001C  
                  u10_21 001B                    u11_20 0021                    u11_21 0020  
                  u12_20 0025                    u12_21 0024                    u13_20 0030  
                  u13_21 002F                    u14_20 0034                    u14_21 0033  
                  u30_27 0060                    u15_20 0040                    u15_21 003F  
                  u16_20 004E                    u16_21 004D                    u17_20 0052  
                  u17_21 0051                    u18_20 0069                    u18_21 0068  
                  _PORTA 0005                    _PORTB 0006                    _PORTD 0008  
                  u29_27 0046                    _TRISB 0086                    _TRISD 0088  
                  _SSPIE 0463                    _SSPIF 0063                    _setup 00F4  
                  pclath 000A                    status 0003                    wtemp0 007E  
        __initialization 000F             __end_of_main 00F4                   ??_main 0075  
                 ?_setup 0070                   _SSPADD 0093                   _TRISC3 043B  
                 _TRISC4 043C                   _SSPBUF 0013                   _SSPCON 0014  
                 saved_w 007E  __end_of__initialization 0012           __pcstackCOMMON 0070  
          __end_of_setup 010F                  ??_setup 0075    I2C_Slave_Init@address 0073  
             __pmaintext 00CF               __pintentry 0004                  _SSPCON2 0091  
                _SSPSTAT 0094        __end_of_configOsc 00CF                  __ptext1 00F4  
                __ptext2 0073                  __ptext3 010F                  __ptext4 0016  
   end_of_initialization 0012           _I2C_Slave_Init 010F                _TRISCbits 0087  
 __end_of_I2C_Slave_Init 0129      start_initialization 000F              __end_of_isr 0073  
        ?_I2C_Slave_Init 0070              __pbssCOMMON 0078                ___latbits 0002  
              _configOsc 0073        interrupt_function 0004                 _PIR1bits 000C  
             ?_configOsc 0073                 _adcValue 0078         ??_I2C_Slave_Init 0073  
            ??_configOsc 0075               _INTCONbits 000B                 intlevel1 0000  
             _OSCCONbits 008F              _SSPCON2bits 0091               _SSPCONbits 0014  
